[2025-03-31T22:05:47.143+0000] {manager.py:487} INFO - Processing files using up to 2 processes at a time 
[2025-03-31T22:05:47.144+0000] {manager.py:488} INFO - Process each file at most once every 30 seconds
[2025-03-31T22:05:47.144+0000] {manager.py:489} INFO - Checking for new files in /opt/airflow/dags every 300 seconds
[2025-03-31T22:05:47.144+0000] {manager.py:759} INFO - Searching for files in /opt/airflow/dags
[2025-03-31T22:05:47.145+0000] {manager.py:762} INFO - There are 0 files in /opt/airflow/dags
[2025-03-31T22:10:47.686+0000] {manager.py:759} INFO - Searching for files in /opt/airflow/dags
[2025-03-31T22:10:47.688+0000] {manager.py:762} INFO - There are 0 files in /opt/airflow/dags
[2025-03-31T22:15:48.081+0000] {manager.py:759} INFO - Searching for files in /opt/airflow/dags
[2025-03-31T22:15:48.082+0000] {manager.py:762} INFO - There are 0 files in /opt/airflow/dags
[2025-03-31T22:18:07.987+0000] {manager.py:469} INFO - Exiting gracefully upon receiving signal 15
[2025-03-31T22:19:16.195+0000] {manager.py:487} INFO - Processing files using up to 2 processes at a time 
[2025-03-31T22:19:16.196+0000] {manager.py:488} INFO - Process each file at most once every 30 seconds
[2025-03-31T22:19:16.196+0000] {manager.py:489} INFO - Checking for new files in /opt/airflow/dags every 300 seconds
[2025-03-31T22:19:16.196+0000] {manager.py:759} INFO - Searching for files in /opt/airflow/dags
[2025-03-31T22:19:16.197+0000] {manager.py:762} INFO - There are 0 files in /opt/airflow/dags
[2025-03-31T22:24:16.609+0000] {manager.py:759} INFO - Searching for files in /opt/airflow/dags
[2025-03-31T22:24:16.610+0000] {manager.py:762} INFO - There are 0 files in /opt/airflow/dags
[2025-03-31T22:29:16.977+0000] {manager.py:759} INFO - Searching for files in /opt/airflow/dags
[2025-03-31T22:29:16.978+0000] {manager.py:762} INFO - There are 0 files in /opt/airflow/dags
[2025-03-31T22:34:17.073+0000] {manager.py:759} INFO - Searching for files in /opt/airflow/dags
[2025-03-31T22:34:17.074+0000] {manager.py:762} INFO - There are 0 files in /opt/airflow/dags
[2025-03-31T22:39:17.614+0000] {manager.py:759} INFO - Searching for files in /opt/airflow/dags
[2025-03-31T22:39:17.615+0000] {manager.py:762} INFO - There are 0 files in /opt/airflow/dags
[2025-03-31T22:44:18.210+0000] {manager.py:759} INFO - Searching for files in /opt/airflow/dags
[2025-03-31T22:44:18.212+0000] {manager.py:762} INFO - There are 0 files in /opt/airflow/dags
[2025-03-31T23:03:57.654+0000] {manager.py:759} INFO - Searching for files in /opt/airflow/dags
[2025-03-31T23:03:57.655+0000] {manager.py:762} INFO - There are 0 files in /opt/airflow/dags
[2025-03-31T23:08:58.202+0000] {manager.py:759} INFO - Searching for files in /opt/airflow/dags
[2025-03-31T23:08:58.203+0000] {manager.py:762} INFO - There are 0 files in /opt/airflow/dags
[2025-03-31T23:13:58.766+0000] {manager.py:759} INFO - Searching for files in /opt/airflow/dags
[2025-03-31T23:13:58.767+0000] {manager.py:762} INFO - There are 0 files in /opt/airflow/dags
[2025-03-31T23:18:59.281+0000] {manager.py:759} INFO - Searching for files in /opt/airflow/dags
[2025-03-31T23:18:59.283+0000] {manager.py:762} INFO - There are 0 files in /opt/airflow/dags
[2025-03-31T23:23:59.594+0000] {manager.py:759} INFO - Searching for files in /opt/airflow/dags
[2025-03-31T23:23:59.594+0000] {manager.py:762} INFO - There are 0 files in /opt/airflow/dags
[2025-03-31T23:28:59.861+0000] {manager.py:759} INFO - Searching for files in /opt/airflow/dags
[2025-03-31T23:28:59.861+0000] {manager.py:762} INFO - There are 0 files in /opt/airflow/dags
[2025-03-31T23:34:00.043+0000] {manager.py:759} INFO - Searching for files in /opt/airflow/dags
[2025-03-31T23:34:00.044+0000] {manager.py:762} INFO - There are 0 files in /opt/airflow/dags
[2025-03-31T23:39:00.480+0000] {manager.py:759} INFO - Searching for files in /opt/airflow/dags
[2025-03-31T23:39:00.481+0000] {manager.py:762} INFO - There are 0 files in /opt/airflow/dags
[2025-03-31T23:44:00.698+0000] {manager.py:759} INFO - Searching for files in /opt/airflow/dags
[2025-03-31T23:44:00.699+0000] {manager.py:762} INFO - There are 0 files in /opt/airflow/dags
[2025-03-31T23:49:00.871+0000] {manager.py:759} INFO - Searching for files in /opt/airflow/dags
[2025-03-31T23:49:00.879+0000] {manager.py:762} INFO - There are 0 files in /opt/airflow/dags
[2025-03-31T23:53:33.559+0000] {manager.py:469} INFO - Exiting gracefully upon receiving signal 15
[2025-04-01T13:35:49.766+0000] {manager.py:487} INFO - Processing files using up to 2 processes at a time 
[2025-04-01T13:35:49.767+0000] {manager.py:488} INFO - Process each file at most once every 30 seconds
[2025-04-01T13:35:49.767+0000] {manager.py:489} INFO - Checking for new files in /opt/airflow/dags every 300 seconds
[2025-04-01T13:35:49.767+0000] {manager.py:759} INFO - Searching for files in /opt/airflow/dags
[2025-04-01T13:35:49.768+0000] {manager.py:762} INFO - There are 0 files in /opt/airflow/dags
[2025-04-01T13:40:50.140+0000] {manager.py:759} INFO - Searching for files in /opt/airflow/dags
[2025-04-01T13:40:50.142+0000] {manager.py:762} INFO - There are 0 files in /opt/airflow/dags
[2025-04-01T13:45:50.557+0000] {manager.py:759} INFO - Searching for files in /opt/airflow/dags
[2025-04-01T13:45:50.558+0000] {manager.py:762} INFO - There are 0 files in /opt/airflow/dags
[2025-04-01T13:50:50.980+0000] {manager.py:759} INFO - Searching for files in /opt/airflow/dags
[2025-04-01T13:50:50.981+0000] {manager.py:762} INFO - There are 0 files in /opt/airflow/dags
[2025-04-01T13:55:51.345+0000] {manager.py:759} INFO - Searching for files in /opt/airflow/dags
[2025-04-01T13:55:51.354+0000] {manager.py:762} INFO - There are 0 files in /opt/airflow/dags
[2025-04-01T14:00:51.671+0000] {manager.py:759} INFO - Searching for files in /opt/airflow/dags
[2025-04-01T14:00:51.672+0000] {manager.py:762} INFO - There are 0 files in /opt/airflow/dags
[2025-04-01T14:05:51.979+0000] {manager.py:759} INFO - Searching for files in /opt/airflow/dags
[2025-04-01T14:05:51.980+0000] {manager.py:762} INFO - There are 0 files in /opt/airflow/dags
[2025-04-01T14:10:52.277+0000] {manager.py:759} INFO - Searching for files in /opt/airflow/dags
[2025-04-01T14:10:52.278+0000] {manager.py:762} INFO - There are 0 files in /opt/airflow/dags
[2025-04-01T14:15:52.629+0000] {manager.py:759} INFO - Searching for files in /opt/airflow/dags
[2025-04-01T14:15:52.630+0000] {manager.py:762} INFO - There are 0 files in /opt/airflow/dags
[2025-04-01T14:20:52.965+0000] {manager.py:759} INFO - Searching for files in /opt/airflow/dags
[2025-04-01T14:20:52.966+0000] {manager.py:762} INFO - There are 0 files in /opt/airflow/dags
[2025-04-01T14:25:53.256+0000] {manager.py:759} INFO - Searching for files in /opt/airflow/dags
[2025-04-01T14:25:53.257+0000] {manager.py:762} INFO - There are 0 files in /opt/airflow/dags
[2025-04-01T14:30:53.531+0000] {manager.py:759} INFO - Searching for files in /opt/airflow/dags
[2025-04-01T14:30:53.532+0000] {manager.py:762} INFO - There are 0 files in /opt/airflow/dags
[2025-04-01T14:35:53.705+0000] {manager.py:759} INFO - Searching for files in /opt/airflow/dags
[2025-04-01T14:35:53.706+0000] {manager.py:762} INFO - There are 0 files in /opt/airflow/dags
[2025-04-01T14:40:54.655+0000] {manager.py:759} INFO - Searching for files in /opt/airflow/dags
[2025-04-01T14:40:54.665+0000] {manager.py:762} INFO - There are 0 files in /opt/airflow/dags
[2025-04-01T14:45:54.952+0000] {manager.py:759} INFO - Searching for files in /opt/airflow/dags
[2025-04-01T14:45:54.953+0000] {manager.py:762} INFO - There are 0 files in /opt/airflow/dags
[2025-04-01T14:50:55.263+0000] {manager.py:759} INFO - Searching for files in /opt/airflow/dags
[2025-04-01T14:50:55.264+0000] {manager.py:762} INFO - There are 0 files in /opt/airflow/dags
[2025-04-01T14:55:55.623+0000] {manager.py:759} INFO - Searching for files in /opt/airflow/dags
[2025-04-01T14:55:55.624+0000] {manager.py:762} INFO - There are 0 files in /opt/airflow/dags
[2025-04-01T15:00:55.952+0000] {manager.py:759} INFO - Searching for files in /opt/airflow/dags
[2025-04-01T15:00:55.952+0000] {manager.py:762} INFO - There are 0 files in /opt/airflow/dags
[2025-04-01T15:05:56.313+0000] {manager.py:759} INFO - Searching for files in /opt/airflow/dags
[2025-04-01T15:05:56.313+0000] {manager.py:762} INFO - There are 0 files in /opt/airflow/dags
[2025-04-01T15:10:56.743+0000] {manager.py:759} INFO - Searching for files in /opt/airflow/dags
[2025-04-01T15:10:56.744+0000] {manager.py:762} INFO - There are 0 files in /opt/airflow/dags
[2025-04-01T15:15:57.247+0000] {manager.py:759} INFO - Searching for files in /opt/airflow/dags
[2025-04-01T15:15:57.248+0000] {manager.py:762} INFO - There are 0 files in /opt/airflow/dags
[2025-04-01T15:20:57.774+0000] {manager.py:759} INFO - Searching for files in /opt/airflow/dags
[2025-04-01T15:20:57.775+0000] {manager.py:762} INFO - There are 0 files in /opt/airflow/dags
[2025-04-01T15:25:58.236+0000] {manager.py:759} INFO - Searching for files in /opt/airflow/dags
[2025-04-01T15:25:58.237+0000] {manager.py:762} INFO - There are 0 files in /opt/airflow/dags
[2025-04-01T15:30:58.727+0000] {manager.py:759} INFO - Searching for files in /opt/airflow/dags
[2025-04-01T15:30:58.728+0000] {manager.py:762} INFO - There are 0 files in /opt/airflow/dags
[2025-04-01T15:35:59.293+0000] {manager.py:759} INFO - Searching for files in /opt/airflow/dags
[2025-04-01T15:35:59.293+0000] {manager.py:762} INFO - There are 0 files in /opt/airflow/dags
[2025-04-01T15:40:59.774+0000] {manager.py:759} INFO - Searching for files in /opt/airflow/dags
[2025-04-01T15:40:59.775+0000] {manager.py:762} INFO - There are 0 files in /opt/airflow/dags
[2025-04-01T15:46:00.356+0000] {manager.py:759} INFO - Searching for files in /opt/airflow/dags
[2025-04-01T15:46:00.357+0000] {manager.py:762} INFO - There are 0 files in /opt/airflow/dags
[2025-04-01T15:51:00.888+0000] {manager.py:759} INFO - Searching for files in /opt/airflow/dags
[2025-04-01T15:51:00.889+0000] {manager.py:762} INFO - There are 0 files in /opt/airflow/dags
[2025-04-01T15:56:01.452+0000] {manager.py:759} INFO - Searching for files in /opt/airflow/dags
[2025-04-01T15:56:01.453+0000] {manager.py:762} INFO - There are 0 files in /opt/airflow/dags
[2025-04-01T16:01:01.937+0000] {manager.py:759} INFO - Searching for files in /opt/airflow/dags
[2025-04-01T16:01:01.938+0000] {manager.py:762} INFO - There are 0 files in /opt/airflow/dags
[2025-04-01T16:06:02.374+0000] {manager.py:759} INFO - Searching for files in /opt/airflow/dags
[2025-04-01T16:06:02.375+0000] {manager.py:762} INFO - There are 0 files in /opt/airflow/dags
[2025-04-01T16:11:02.822+0000] {manager.py:759} INFO - Searching for files in /opt/airflow/dags
[2025-04-01T16:11:02.823+0000] {manager.py:762} INFO - There are 0 files in /opt/airflow/dags
[2025-04-01T16:42:13.126+0000] {manager.py:759} INFO - Searching for files in /opt/airflow/dags
[2025-04-01T16:42:13.127+0000] {manager.py:762} INFO - There are 0 files in /opt/airflow/dags
[2025-04-01T16:47:13.479+0000] {manager.py:759} INFO - Searching for files in /opt/airflow/dags
[2025-04-01T16:47:13.479+0000] {manager.py:762} INFO - There are 0 files in /opt/airflow/dags
[2025-04-01T16:52:13.701+0000] {manager.py:759} INFO - Searching for files in /opt/airflow/dags
[2025-04-01T16:52:13.701+0000] {manager.py:762} INFO - There are 0 files in /opt/airflow/dags
[2025-04-01T16:57:14.061+0000] {manager.py:759} INFO - Searching for files in /opt/airflow/dags
[2025-04-01T16:57:14.062+0000] {manager.py:762} INFO - There are 0 files in /opt/airflow/dags
[2025-04-01T17:02:14.525+0000] {manager.py:759} INFO - Searching for files in /opt/airflow/dags
[2025-04-01T17:02:14.525+0000] {manager.py:762} INFO - There are 0 files in /opt/airflow/dags
[2025-04-01T17:07:14.940+0000] {manager.py:759} INFO - Searching for files in /opt/airflow/dags
[2025-04-01T17:07:14.941+0000] {manager.py:762} INFO - There are 0 files in /opt/airflow/dags
[2025-04-01T17:12:15.199+0000] {manager.py:759} INFO - Searching for files in /opt/airflow/dags
[2025-04-01T17:12:15.208+0000] {manager.py:762} INFO - There are 0 files in /opt/airflow/dags
[2025-04-01T17:17:15.552+0000] {manager.py:759} INFO - Searching for files in /opt/airflow/dags
[2025-04-01T17:17:15.561+0000] {manager.py:762} INFO - There are 0 files in /opt/airflow/dags
[2025-04-01T17:22:15.850+0000] {manager.py:759} INFO - Searching for files in /opt/airflow/dags
[2025-04-01T17:22:15.850+0000] {manager.py:762} INFO - There are 0 files in /opt/airflow/dags
[2025-04-01T17:24:55.039+0000] {manager.py:469} INFO - Exiting gracefully upon receiving signal 15
[2025-04-01T17:26:12.790+0000] {manager.py:487} INFO - Processing files using up to 2 processes at a time 
[2025-04-01T17:26:12.790+0000] {manager.py:488} INFO - Process each file at most once every 30 seconds
[2025-04-01T17:26:12.791+0000] {manager.py:489} INFO - Checking for new files in /opt/airflow/dags every 300 seconds
[2025-04-01T17:26:12.791+0000] {manager.py:759} INFO - Searching for files in /opt/airflow/dags
[2025-04-01T17:26:12.795+0000] {manager.py:762} INFO - There are 0 files in /opt/airflow/dags
[2025-04-01T17:31:13.289+0000] {manager.py:759} INFO - Searching for files in /opt/airflow/dags
[2025-04-01T17:31:13.293+0000] {manager.py:762} INFO - There are 0 files in /opt/airflow/dags
[2025-04-01T17:36:13.787+0000] {manager.py:759} INFO - Searching for files in /opt/airflow/dags
[2025-04-01T17:36:13.796+0000] {manager.py:762} INFO - There are 0 files in /opt/airflow/dags
[2025-04-01T17:38:36.426+0000] {manager.py:469} INFO - Exiting gracefully upon receiving signal 15
[2025-04-01T17:40:05.035+0000] {manager.py:487} INFO - Processing files using up to 2 processes at a time 
[2025-04-01T17:40:05.036+0000] {manager.py:488} INFO - Process each file at most once every 30 seconds
[2025-04-01T17:40:05.037+0000] {manager.py:489} INFO - Checking for new files in /opt/airflow/dags every 300 seconds
[2025-04-01T17:40:05.037+0000] {manager.py:759} INFO - Searching for files in /opt/airflow/dags
[2025-04-01T17:40:05.039+0000] {manager.py:762} INFO - There are 0 files in /opt/airflow/dags
[2025-04-01T17:40:50.034+0000] {manager.py:469} INFO - Exiting gracefully upon receiving signal 15
[2025-04-01T17:45:03.706+0000] {manager.py:487} INFO - Processing files using up to 2 processes at a time 
[2025-04-01T17:45:03.712+0000] {manager.py:488} INFO - Process each file at most once every 30 seconds
[2025-04-01T17:45:03.713+0000] {manager.py:489} INFO - Checking for new files in /opt/airflow/dags every 300 seconds
[2025-04-01T17:45:03.713+0000] {manager.py:759} INFO - Searching for files in /opt/airflow/dags
[2025-04-01T17:45:03.720+0000] {manager.py:762} INFO - There are 0 files in /opt/airflow/dags
[2025-04-01T17:50:04.486+0000] {manager.py:759} INFO - Searching for files in /opt/airflow/dags
[2025-04-01T17:50:04.487+0000] {manager.py:762} INFO - There are 0 files in /opt/airflow/dags
[2025-04-01T17:53:49.026+0000] {manager.py:469} INFO - Exiting gracefully upon receiving signal 15
[2025-04-01T17:56:25.350+0000] {manager.py:487} INFO - Processing files using up to 2 processes at a time 
[2025-04-01T17:56:25.358+0000] {manager.py:488} INFO - Process each file at most once every 30 seconds
[2025-04-01T17:56:25.358+0000] {manager.py:489} INFO - Checking for new files in /opt/airflow/dags every 300 seconds
[2025-04-01T17:56:25.361+0000] {manager.py:759} INFO - Searching for files in /opt/airflow/dags
[2025-04-01T17:56:25.363+0000] {manager.py:762} INFO - There are 0 files in /opt/airflow/dags
[2025-04-01T18:01:26.003+0000] {manager.py:759} INFO - Searching for files in /opt/airflow/dags
[2025-04-01T18:01:26.003+0000] {manager.py:762} INFO - There are 0 files in /opt/airflow/dags
[2025-04-01T18:06:26.229+0000] {manager.py:759} INFO - Searching for files in /opt/airflow/dags
[2025-04-01T18:06:26.230+0000] {manager.py:762} INFO - There are 0 files in /opt/airflow/dags
[2025-04-01T18:11:26.457+0000] {manager.py:759} INFO - Searching for files in /opt/airflow/dags
[2025-04-01T18:11:26.457+0000] {manager.py:762} INFO - There are 0 files in /opt/airflow/dags
[2025-04-01T18:16:26.536+0000] {manager.py:759} INFO - Searching for files in /opt/airflow/dags
[2025-04-01T18:16:26.537+0000] {manager.py:762} INFO - There are 0 files in /opt/airflow/dags
[2025-04-01T18:21:26.714+0000] {manager.py:759} INFO - Searching for files in /opt/airflow/dags
[2025-04-01T18:21:26.714+0000] {manager.py:762} INFO - There are 0 files in /opt/airflow/dags
[2025-04-01T18:24:47.262+0000] {manager.py:469} INFO - Exiting gracefully upon receiving signal 15
[2025-04-01T18:25:22.560+0000] {manager.py:487} INFO - Processing files using up to 2 processes at a time 
[2025-04-01T18:25:22.560+0000] {manager.py:488} INFO - Process each file at most once every 30 seconds
[2025-04-01T18:25:22.560+0000] {manager.py:489} INFO - Checking for new files in /opt/airflow/dags every 300 seconds
[2025-04-01T18:25:22.561+0000] {manager.py:759} INFO - Searching for files in /opt/airflow/dags
[2025-04-01T18:25:22.562+0000] {manager.py:762} INFO - There are 0 files in /opt/airflow/dags
[2025-04-01T18:26:34.983+0000] {manager.py:469} INFO - Exiting gracefully upon receiving signal 15
[2025-04-01T18:29:44.443+0000] {manager.py:487} INFO - Processing files using up to 2 processes at a time 
[2025-04-01T18:29:44.443+0000] {manager.py:488} INFO - Process each file at most once every 30 seconds
[2025-04-01T18:29:44.443+0000] {manager.py:489} INFO - Checking for new files in /opt/airflow/dags every 300 seconds
[2025-04-01T18:29:44.444+0000] {manager.py:759} INFO - Searching for files in /opt/airflow/dags
[2025-04-01T18:29:44.445+0000] {manager.py:762} INFO - There are 0 files in /opt/airflow/dags
[2025-04-01T18:29:56.413+0000] {manager.py:469} INFO - Exiting gracefully upon receiving signal 15
[2025-04-01T18:31:19.407+0000] {manager.py:487} INFO - Processing files using up to 2 processes at a time 
[2025-04-01T18:31:19.407+0000] {manager.py:488} INFO - Process each file at most once every 30 seconds
[2025-04-01T18:31:19.408+0000] {manager.py:489} INFO - Checking for new files in /opt/airflow/dags every 300 seconds
[2025-04-01T18:31:19.408+0000] {manager.py:759} INFO - Searching for files in /opt/airflow/dags
[2025-04-01T18:31:19.409+0000] {manager.py:762} INFO - There are 0 files in /opt/airflow/dags
[2025-04-01T18:32:34.642+0000] {manager.py:469} INFO - Exiting gracefully upon receiving signal 15
[2025-04-01T18:33:34.195+0000] {manager.py:487} INFO - Processing files using up to 2 processes at a time 
[2025-04-01T18:33:34.195+0000] {manager.py:488} INFO - Process each file at most once every 30 seconds
[2025-04-01T18:33:34.195+0000] {manager.py:489} INFO - Checking for new files in /opt/airflow/dags every 300 seconds
[2025-04-01T18:33:34.196+0000] {manager.py:759} INFO - Searching for files in /opt/airflow/dags
[2025-04-01T18:33:34.196+0000] {manager.py:762} INFO - There are 0 files in /opt/airflow/dags
[2025-04-01T18:38:34.468+0000] {manager.py:759} INFO - Searching for files in /opt/airflow/dags
[2025-04-01T18:38:34.469+0000] {manager.py:762} INFO - There are 0 files in /opt/airflow/dags
[2025-04-01T18:42:26.674+0000] {manager.py:469} INFO - Exiting gracefully upon receiving signal 15
[2025-04-01T18:43:21.898+0000] {manager.py:487} INFO - Processing files using up to 2 processes at a time 
[2025-04-01T18:43:21.899+0000] {manager.py:488} INFO - Process each file at most once every 30 seconds
[2025-04-01T18:43:21.899+0000] {manager.py:489} INFO - Checking for new files in /opt/airflow/dags every 300 seconds
[2025-04-01T18:43:21.899+0000] {manager.py:759} INFO - Searching for files in /opt/airflow/dags
[2025-04-01T18:43:21.900+0000] {manager.py:762} INFO - There are 0 files in /opt/airflow/dags
[2025-04-01T18:48:22.118+0000] {manager.py:759} INFO - Searching for files in /opt/airflow/dags
[2025-04-01T18:48:22.119+0000] {manager.py:762} INFO - There are 0 files in /opt/airflow/dags
[2025-04-01T18:53:22.559+0000] {manager.py:759} INFO - Searching for files in /opt/airflow/dags
[2025-04-01T18:53:22.559+0000] {manager.py:762} INFO - There are 0 files in /opt/airflow/dags
[2025-04-01T18:58:22.977+0000] {manager.py:759} INFO - Searching for files in /opt/airflow/dags
[2025-04-01T18:58:22.978+0000] {manager.py:762} INFO - There are 0 files in /opt/airflow/dags
[2025-04-01T19:03:23.443+0000] {manager.py:759} INFO - Searching for files in /opt/airflow/dags
[2025-04-01T19:03:23.444+0000] {manager.py:762} INFO - There are 0 files in /opt/airflow/dags
[2025-04-01T19:08:23.869+0000] {manager.py:759} INFO - Searching for files in /opt/airflow/dags
[2025-04-01T19:08:23.870+0000] {manager.py:762} INFO - There are 0 files in /opt/airflow/dags
[2025-04-01T19:13:24.298+0000] {manager.py:759} INFO - Searching for files in /opt/airflow/dags
[2025-04-01T19:13:24.299+0000] {manager.py:762} INFO - There are 0 files in /opt/airflow/dags
[2025-04-01T19:18:24.722+0000] {manager.py:759} INFO - Searching for files in /opt/airflow/dags
[2025-04-01T19:18:24.723+0000] {manager.py:762} INFO - There are 0 files in /opt/airflow/dags
[2025-04-01T19:23:25.113+0000] {manager.py:759} INFO - Searching for files in /opt/airflow/dags
[2025-04-01T19:23:25.113+0000] {manager.py:762} INFO - There are 0 files in /opt/airflow/dags
[2025-04-01T19:23:38.262+0000] {manager.py:469} INFO - Exiting gracefully upon receiving signal 15
[2025-04-01T19:24:26.226+0000] {manager.py:487} INFO - Processing files using up to 2 processes at a time 
[2025-04-01T19:24:26.230+0000] {manager.py:488} INFO - Process each file at most once every 30 seconds
[2025-04-01T19:24:26.230+0000] {manager.py:489} INFO - Checking for new files in /opt/airflow/dags every 300 seconds
[2025-04-01T19:24:26.231+0000] {manager.py:759} INFO - Searching for files in /opt/airflow/dags
[2025-04-01T19:24:26.232+0000] {manager.py:762} INFO - There are 0 files in /opt/airflow/dags
[2025-04-01T19:29:26.621+0000] {manager.py:759} INFO - Searching for files in /opt/airflow/dags
[2025-04-01T19:29:26.623+0000] {manager.py:762} INFO - There are 0 files in /opt/airflow/dags
[2025-04-01T19:33:46.115+0000] {manager.py:469} INFO - Exiting gracefully upon receiving signal 15
[2025-04-01T19:35:09.318+0000] {manager.py:487} INFO - Processing files using up to 2 processes at a time 
[2025-04-01T19:35:09.319+0000] {manager.py:488} INFO - Process each file at most once every 30 seconds
[2025-04-01T19:35:09.319+0000] {manager.py:489} INFO - Checking for new files in /opt/airflow/dags every 300 seconds
[2025-04-01T19:35:09.319+0000] {manager.py:759} INFO - Searching for files in /opt/airflow/dags
[2025-04-01T19:35:09.320+0000] {manager.py:762} INFO - There are 0 files in /opt/airflow/dags
[2025-04-01T19:40:09.621+0000] {manager.py:759} INFO - Searching for files in /opt/airflow/dags
[2025-04-01T19:40:09.622+0000] {manager.py:762} INFO - There are 0 files in /opt/airflow/dags
[2025-04-01T19:45:10.004+0000] {manager.py:759} INFO - Searching for files in /opt/airflow/dags
[2025-04-01T19:45:10.005+0000] {manager.py:762} INFO - There are 0 files in /opt/airflow/dags
[2025-04-01T19:45:23.564+0000] {manager.py:469} INFO - Exiting gracefully upon receiving signal 15
[2025-04-01T19:47:07.361+0000] {manager.py:487} INFO - Processing files using up to 2 processes at a time 
[2025-04-01T19:47:07.362+0000] {manager.py:488} INFO - Process each file at most once every 30 seconds
[2025-04-01T19:47:07.362+0000] {manager.py:489} INFO - Checking for new files in /opt/airflow/dags every 300 seconds
[2025-04-01T19:47:07.362+0000] {manager.py:759} INFO - Searching for files in /opt/airflow/dags
[2025-04-01T19:47:07.363+0000] {manager.py:762} INFO - There are 0 files in /opt/airflow/dags
[2025-04-01T19:52:07.709+0000] {manager.py:759} INFO - Searching for files in /opt/airflow/dags
[2025-04-01T19:52:07.709+0000] {manager.py:762} INFO - There are 0 files in /opt/airflow/dags
[2025-04-01T19:57:07.845+0000] {manager.py:759} INFO - Searching for files in /opt/airflow/dags
[2025-04-01T19:57:07.846+0000] {manager.py:762} INFO - There are 0 files in /opt/airflow/dags
[2025-04-01T20:02:08.147+0000] {manager.py:759} INFO - Searching for files in /opt/airflow/dags
[2025-04-01T20:02:08.148+0000] {manager.py:762} INFO - There are 0 files in /opt/airflow/dags
[2025-04-01T20:05:05.760+0000] {manager.py:469} INFO - Exiting gracefully upon receiving signal 15
[2025-04-01T20:05:23.579+0000] {manager.py:487} INFO - Processing files using up to 2 processes at a time 
[2025-04-01T20:05:23.580+0000] {manager.py:488} INFO - Process each file at most once every 30 seconds
[2025-04-01T20:05:23.580+0000] {manager.py:489} INFO - Checking for new files in /opt/airflow/dags every 300 seconds
[2025-04-01T20:05:23.580+0000] {manager.py:759} INFO - Searching for files in /opt/airflow/dags
[2025-04-01T20:05:23.581+0000] {manager.py:762} INFO - There are 1 files in /opt/airflow/dags
[2025-04-01T20:05:23.676+0000] {manager.py:893} INFO - 
================================================================================
DAG File Processing Stats

File Path                   PID  Runtime      # DAGs    # Errors  Last Runtime    Last Run
------------------------  -----  ---------  --------  ----------  --------------  ----------
/opt/airflow/dags/app.py     42  0.03s             0           0
================================================================================
[2025-04-01T20:05:53.783+0000] {manager.py:893} INFO - 
================================================================================
DAG File Processing Stats

File Path                 PID    Runtime      # DAGs    # Errors  Last Runtime    Last Run
------------------------  -----  ---------  --------  ----------  --------------  -------------------
/opt/airflow/dags/app.py                           1           0  0.55s           2025-04-01T20:05:24
================================================================================
[2025-04-01T20:06:24.428+0000] {manager.py:893} INFO - 
================================================================================
DAG File Processing Stats

File Path                 PID    Runtime      # DAGs    # Errors  Last Runtime    Last Run
------------------------  -----  ---------  --------  ----------  --------------  -------------------
/opt/airflow/dags/app.py                           1           0  0.21s           2025-04-01T20:05:54
================================================================================
[2025-04-01T20:06:54.853+0000] {manager.py:893} INFO - 
================================================================================
DAG File Processing Stats

File Path                 PID    Runtime      # DAGs    # Errors  Last Runtime    Last Run
------------------------  -----  ---------  --------  ----------  --------------  -------------------
/opt/airflow/dags/app.py                           1           0  0.14s           2025-04-01T20:06:24
================================================================================
[2025-04-01T20:07:25.108+0000] {manager.py:893} INFO - 
================================================================================
DAG File Processing Stats

File Path                   PID  Runtime      # DAGs    # Errors  Last Runtime    Last Run
------------------------  -----  ---------  --------  ----------  --------------  -------------------
/opt/airflow/dags/app.py     70  0.00s             1           0  0.13s           2025-04-01T20:06:55
================================================================================
[2025-04-01T20:07:55.232+0000] {manager.py:893} INFO - 
================================================================================
DAG File Processing Stats

File Path                   PID  Runtime      # DAGs    # Errors  Last Runtime    Last Run
------------------------  -----  ---------  --------  ----------  --------------  -------------------
/opt/airflow/dags/app.py     79  0.00s             1           0  0.10s           2025-04-01T20:07:25
================================================================================
[2025-04-01T20:08:25.435+0000] {manager.py:893} INFO - 
================================================================================
DAG File Processing Stats

File Path                   PID  Runtime      # DAGs    # Errors  Last Runtime    Last Run
------------------------  -----  ---------  --------  ----------  --------------  -------------------
/opt/airflow/dags/app.py     88  0.01s             1           0  0.13s           2025-04-01T20:07:55
================================================================================
[2025-04-01T20:08:55.622+0000] {manager.py:893} INFO - 
================================================================================
DAG File Processing Stats

File Path                   PID  Runtime      # DAGs    # Errors  Last Runtime    Last Run
------------------------  -----  ---------  --------  ----------  --------------  -------------------
/opt/airflow/dags/app.py     97  0.00s             1           0  0.16s           2025-04-01T20:08:25
================================================================================
[2025-04-01T20:09:25.758+0000] {manager.py:893} INFO - 
================================================================================
DAG File Processing Stats

File Path                   PID  Runtime      # DAGs    # Errors  Last Runtime    Last Run
------------------------  -----  ---------  --------  ----------  --------------  -------------------
/opt/airflow/dags/app.py    106  0.01s             1           0  0.08s           2025-04-01T20:08:55
================================================================================
[2025-04-01T20:09:55.953+0000] {manager.py:893} INFO - 
================================================================================
DAG File Processing Stats

File Path                   PID  Runtime      # DAGs    # Errors  Last Runtime    Last Run
------------------------  -----  ---------  --------  ----------  --------------  -------------------
/opt/airflow/dags/app.py    115  0.01s             1           0  0.10s           2025-04-01T20:09:25
================================================================================
[2025-04-01T20:10:24.068+0000] {manager.py:759} INFO - Searching for files in /opt/airflow/dags
[2025-04-01T20:10:24.070+0000] {manager.py:762} INFO - There are 1 files in /opt/airflow/dags
[2025-04-01T20:10:26.117+0000] {manager.py:893} INFO - 
================================================================================
DAG File Processing Stats

File Path                   PID  Runtime      # DAGs    # Errors  Last Runtime    Last Run
------------------------  -----  ---------  --------  ----------  --------------  -------------------
/opt/airflow/dags/app.py    124  0.01s             1           0  0.08s           2025-04-01T20:09:56
================================================================================
[2025-04-01T20:10:43.271+0000] {manager.py:469} INFO - Exiting gracefully upon receiving signal 15
