[2025-03-23T22:47:48.892+0000] {processor.py:153} INFO - Started process (PID=61) to work on /home/airflow/.local/lib/python3.7/site-packages/airflow/example_dags/example_complex.py
[2025-03-23T22:47:48.893+0000] {processor.py:743} INFO - Processing file /home/airflow/.local/lib/python3.7/site-packages/airflow/example_dags/example_complex.py for tasks to queue
[2025-03-23T22:47:48.893+0000] {logging_mixin.py:137} INFO - [2025-03-23T22:47:48.893+0000] {dagbag.py:538} INFO - Filling up the DagBag from /home/airflow/.local/lib/python3.7/site-packages/airflow/example_dags/example_complex.py
[2025-03-23T22:47:48.913+0000] {logging_mixin.py:137} INFO - [2025-03-23T22:47:48.912+0000] {taskmixin.py:205} WARNING - Dependency <Task(BashOperator): create_entry_group>, delete_entry_group already registered for DAG: example_complex
[2025-03-23T22:47:48.913+0000] {logging_mixin.py:137} INFO - [2025-03-23T22:47:48.913+0000] {taskmixin.py:205} WARNING - Dependency <Task(BashOperator): delete_entry_group>, create_entry_group already registered for DAG: example_complex
[2025-03-23T22:47:48.914+0000] {logging_mixin.py:137} INFO - [2025-03-23T22:47:48.914+0000] {taskmixin.py:205} WARNING - Dependency <Task(BashOperator): create_entry_gcs>, delete_entry already registered for DAG: example_complex
[2025-03-23T22:47:48.914+0000] {logging_mixin.py:137} INFO - [2025-03-23T22:47:48.914+0000] {taskmixin.py:205} WARNING - Dependency <Task(BashOperator): delete_entry>, create_entry_gcs already registered for DAG: example_complex
[2025-03-23T22:47:48.915+0000] {logging_mixin.py:137} INFO - [2025-03-23T22:47:48.915+0000] {taskmixin.py:205} WARNING - Dependency <Task(BashOperator): create_tag>, delete_tag already registered for DAG: example_complex
[2025-03-23T22:47:48.915+0000] {logging_mixin.py:137} INFO - [2025-03-23T22:47:48.915+0000] {taskmixin.py:205} WARNING - Dependency <Task(BashOperator): delete_tag>, create_tag already registered for DAG: example_complex
[2025-03-23T22:47:48.924+0000] {processor.py:753} INFO - DAG(s) dict_keys(['example_complex']) retrieved from /home/airflow/.local/lib/python3.7/site-packages/airflow/example_dags/example_complex.py
[2025-03-23T22:47:49.361+0000] {logging_mixin.py:137} INFO - [2025-03-23T22:47:49.360+0000] {manager.py:504} INFO - Created Permission View: can edit on DAG:example_complex
[2025-03-23T22:47:49.376+0000] {logging_mixin.py:137} INFO - [2025-03-23T22:47:49.376+0000] {manager.py:504} INFO - Created Permission View: can delete on DAG:example_complex
[2025-03-23T22:47:49.387+0000] {logging_mixin.py:137} INFO - [2025-03-23T22:47:49.387+0000] {manager.py:504} INFO - Created Permission View: can read on DAG:example_complex
[2025-03-23T22:47:49.387+0000] {logging_mixin.py:137} INFO - [2025-03-23T22:47:49.387+0000] {dag.py:2676} INFO - Sync 1 DAGs
[2025-03-23T22:47:49.407+0000] {logging_mixin.py:137} INFO - [2025-03-23T22:47:49.407+0000] {dag.py:2697} INFO - Creating ORM DAG for example_complex
[2025-03-23T22:47:49.422+0000] {logging_mixin.py:137} INFO - [2025-03-23T22:47:49.421+0000] {dag.py:3427} INFO - Setting next_dagrun for example_complex to None, run_after=None
[2025-03-23T22:47:49.451+0000] {processor.py:175} INFO - Processing /home/airflow/.local/lib/python3.7/site-packages/airflow/example_dags/example_complex.py took 0.562 seconds
[2025-03-23T22:48:19.541+0000] {processor.py:153} INFO - Started process (PID=131) to work on /home/airflow/.local/lib/python3.7/site-packages/airflow/example_dags/example_complex.py
[2025-03-23T22:48:19.542+0000] {processor.py:743} INFO - Processing file /home/airflow/.local/lib/python3.7/site-packages/airflow/example_dags/example_complex.py for tasks to queue
[2025-03-23T22:48:19.543+0000] {logging_mixin.py:137} INFO - [2025-03-23T22:48:19.543+0000] {dagbag.py:538} INFO - Filling up the DagBag from /home/airflow/.local/lib/python3.7/site-packages/airflow/example_dags/example_complex.py
[2025-03-23T22:48:19.554+0000] {logging_mixin.py:137} INFO - [2025-03-23T22:48:19.554+0000] {taskmixin.py:205} WARNING - Dependency <Task(BashOperator): create_entry_group>, delete_entry_group already registered for DAG: example_complex
[2025-03-23T22:48:19.554+0000] {logging_mixin.py:137} INFO - [2025-03-23T22:48:19.554+0000] {taskmixin.py:205} WARNING - Dependency <Task(BashOperator): delete_entry_group>, create_entry_group already registered for DAG: example_complex
[2025-03-23T22:48:19.554+0000] {logging_mixin.py:137} INFO - [2025-03-23T22:48:19.554+0000] {taskmixin.py:205} WARNING - Dependency <Task(BashOperator): create_entry_gcs>, delete_entry already registered for DAG: example_complex
[2025-03-23T22:48:19.555+0000] {logging_mixin.py:137} INFO - [2025-03-23T22:48:19.554+0000] {taskmixin.py:205} WARNING - Dependency <Task(BashOperator): delete_entry>, create_entry_gcs already registered for DAG: example_complex
[2025-03-23T22:48:19.555+0000] {logging_mixin.py:137} INFO - [2025-03-23T22:48:19.555+0000] {taskmixin.py:205} WARNING - Dependency <Task(BashOperator): create_tag>, delete_tag already registered for DAG: example_complex
[2025-03-23T22:48:19.555+0000] {logging_mixin.py:137} INFO - [2025-03-23T22:48:19.555+0000] {taskmixin.py:205} WARNING - Dependency <Task(BashOperator): delete_tag>, create_tag already registered for DAG: example_complex
[2025-03-23T22:48:19.562+0000] {processor.py:753} INFO - DAG(s) dict_keys(['example_complex']) retrieved from /home/airflow/.local/lib/python3.7/site-packages/airflow/example_dags/example_complex.py
[2025-03-23T22:48:19.609+0000] {logging_mixin.py:137} INFO - [2025-03-23T22:48:19.609+0000] {dag.py:2676} INFO - Sync 1 DAGs
[2025-03-23T22:48:19.640+0000] {logging_mixin.py:137} INFO - [2025-03-23T22:48:19.639+0000] {dag.py:3427} INFO - Setting next_dagrun for example_complex to None, run_after=None
[2025-03-23T22:48:19.684+0000] {processor.py:175} INFO - Processing /home/airflow/.local/lib/python3.7/site-packages/airflow/example_dags/example_complex.py took 0.146 seconds
[2025-03-23T22:48:50.083+0000] {processor.py:153} INFO - Started process (PID=217) to work on /home/airflow/.local/lib/python3.7/site-packages/airflow/example_dags/example_complex.py
[2025-03-23T22:48:50.084+0000] {processor.py:743} INFO - Processing file /home/airflow/.local/lib/python3.7/site-packages/airflow/example_dags/example_complex.py for tasks to queue
[2025-03-23T22:48:50.086+0000] {logging_mixin.py:137} INFO - [2025-03-23T22:48:50.085+0000] {dagbag.py:538} INFO - Filling up the DagBag from /home/airflow/.local/lib/python3.7/site-packages/airflow/example_dags/example_complex.py
[2025-03-23T22:48:50.105+0000] {logging_mixin.py:137} INFO - [2025-03-23T22:48:50.105+0000] {taskmixin.py:205} WARNING - Dependency <Task(BashOperator): create_entry_group>, delete_entry_group already registered for DAG: example_complex
[2025-03-23T22:48:50.105+0000] {logging_mixin.py:137} INFO - [2025-03-23T22:48:50.105+0000] {taskmixin.py:205} WARNING - Dependency <Task(BashOperator): delete_entry_group>, create_entry_group already registered for DAG: example_complex
[2025-03-23T22:48:50.106+0000] {logging_mixin.py:137} INFO - [2025-03-23T22:48:50.106+0000] {taskmixin.py:205} WARNING - Dependency <Task(BashOperator): create_entry_gcs>, delete_entry already registered for DAG: example_complex
[2025-03-23T22:48:50.106+0000] {logging_mixin.py:137} INFO - [2025-03-23T22:48:50.106+0000] {taskmixin.py:205} WARNING - Dependency <Task(BashOperator): delete_entry>, create_entry_gcs already registered for DAG: example_complex
[2025-03-23T22:48:50.107+0000] {logging_mixin.py:137} INFO - [2025-03-23T22:48:50.107+0000] {taskmixin.py:205} WARNING - Dependency <Task(BashOperator): create_tag>, delete_tag already registered for DAG: example_complex
[2025-03-23T22:48:50.107+0000] {logging_mixin.py:137} INFO - [2025-03-23T22:48:50.107+0000] {taskmixin.py:205} WARNING - Dependency <Task(BashOperator): delete_tag>, create_tag already registered for DAG: example_complex
[2025-03-23T22:48:50.118+0000] {processor.py:753} INFO - DAG(s) dict_keys(['example_complex']) retrieved from /home/airflow/.local/lib/python3.7/site-packages/airflow/example_dags/example_complex.py
[2025-03-23T22:48:50.180+0000] {logging_mixin.py:137} INFO - [2025-03-23T22:48:50.179+0000] {dag.py:2676} INFO - Sync 1 DAGs
[2025-03-23T22:48:50.217+0000] {logging_mixin.py:137} INFO - [2025-03-23T22:48:50.217+0000] {dag.py:3427} INFO - Setting next_dagrun for example_complex to None, run_after=None
[2025-03-23T22:48:50.247+0000] {processor.py:175} INFO - Processing /home/airflow/.local/lib/python3.7/site-packages/airflow/example_dags/example_complex.py took 0.168 seconds
[2025-03-23T22:49:20.436+0000] {processor.py:153} INFO - Started process (PID=287) to work on /home/airflow/.local/lib/python3.7/site-packages/airflow/example_dags/example_complex.py
[2025-03-23T22:49:20.437+0000] {processor.py:743} INFO - Processing file /home/airflow/.local/lib/python3.7/site-packages/airflow/example_dags/example_complex.py for tasks to queue
[2025-03-23T22:49:20.438+0000] {logging_mixin.py:137} INFO - [2025-03-23T22:49:20.438+0000] {dagbag.py:538} INFO - Filling up the DagBag from /home/airflow/.local/lib/python3.7/site-packages/airflow/example_dags/example_complex.py
[2025-03-23T22:49:20.464+0000] {logging_mixin.py:137} INFO - [2025-03-23T22:49:20.463+0000] {taskmixin.py:205} WARNING - Dependency <Task(BashOperator): create_entry_group>, delete_entry_group already registered for DAG: example_complex
[2025-03-23T22:49:20.464+0000] {logging_mixin.py:137} INFO - [2025-03-23T22:49:20.464+0000] {taskmixin.py:205} WARNING - Dependency <Task(BashOperator): delete_entry_group>, create_entry_group already registered for DAG: example_complex
[2025-03-23T22:49:20.465+0000] {logging_mixin.py:137} INFO - [2025-03-23T22:49:20.465+0000] {taskmixin.py:205} WARNING - Dependency <Task(BashOperator): create_entry_gcs>, delete_entry already registered for DAG: example_complex
[2025-03-23T22:49:20.465+0000] {logging_mixin.py:137} INFO - [2025-03-23T22:49:20.465+0000] {taskmixin.py:205} WARNING - Dependency <Task(BashOperator): delete_entry>, create_entry_gcs already registered for DAG: example_complex
[2025-03-23T22:49:20.466+0000] {logging_mixin.py:137} INFO - [2025-03-23T22:49:20.466+0000] {taskmixin.py:205} WARNING - Dependency <Task(BashOperator): create_tag>, delete_tag already registered for DAG: example_complex
[2025-03-23T22:49:20.466+0000] {logging_mixin.py:137} INFO - [2025-03-23T22:49:20.466+0000] {taskmixin.py:205} WARNING - Dependency <Task(BashOperator): delete_tag>, create_tag already registered for DAG: example_complex
[2025-03-23T22:49:20.482+0000] {processor.py:753} INFO - DAG(s) dict_keys(['example_complex']) retrieved from /home/airflow/.local/lib/python3.7/site-packages/airflow/example_dags/example_complex.py
[2025-03-23T22:49:20.554+0000] {logging_mixin.py:137} INFO - [2025-03-23T22:49:20.554+0000] {dag.py:2676} INFO - Sync 1 DAGs
[2025-03-23T22:49:20.580+0000] {logging_mixin.py:137} INFO - [2025-03-23T22:49:20.580+0000] {dag.py:3427} INFO - Setting next_dagrun for example_complex to None, run_after=None
[2025-03-23T22:49:20.605+0000] {processor.py:175} INFO - Processing /home/airflow/.local/lib/python3.7/site-packages/airflow/example_dags/example_complex.py took 0.174 seconds
[2025-03-23T22:49:50.951+0000] {processor.py:153} INFO - Started process (PID=357) to work on /home/airflow/.local/lib/python3.7/site-packages/airflow/example_dags/example_complex.py
[2025-03-23T22:49:50.952+0000] {processor.py:743} INFO - Processing file /home/airflow/.local/lib/python3.7/site-packages/airflow/example_dags/example_complex.py for tasks to queue
[2025-03-23T22:49:50.953+0000] {logging_mixin.py:137} INFO - [2025-03-23T22:49:50.953+0000] {dagbag.py:538} INFO - Filling up the DagBag from /home/airflow/.local/lib/python3.7/site-packages/airflow/example_dags/example_complex.py
[2025-03-23T22:49:50.974+0000] {logging_mixin.py:137} INFO - [2025-03-23T22:49:50.974+0000] {taskmixin.py:205} WARNING - Dependency <Task(BashOperator): create_entry_group>, delete_entry_group already registered for DAG: example_complex
[2025-03-23T22:49:50.974+0000] {logging_mixin.py:137} INFO - [2025-03-23T22:49:50.974+0000] {taskmixin.py:205} WARNING - Dependency <Task(BashOperator): delete_entry_group>, create_entry_group already registered for DAG: example_complex
[2025-03-23T22:49:50.975+0000] {logging_mixin.py:137} INFO - [2025-03-23T22:49:50.974+0000] {taskmixin.py:205} WARNING - Dependency <Task(BashOperator): create_entry_gcs>, delete_entry already registered for DAG: example_complex
[2025-03-23T22:49:50.975+0000] {logging_mixin.py:137} INFO - [2025-03-23T22:49:50.975+0000] {taskmixin.py:205} WARNING - Dependency <Task(BashOperator): delete_entry>, create_entry_gcs already registered for DAG: example_complex
[2025-03-23T22:49:50.975+0000] {logging_mixin.py:137} INFO - [2025-03-23T22:49:50.975+0000] {taskmixin.py:205} WARNING - Dependency <Task(BashOperator): create_tag>, delete_tag already registered for DAG: example_complex
[2025-03-23T22:49:50.975+0000] {logging_mixin.py:137} INFO - [2025-03-23T22:49:50.975+0000] {taskmixin.py:205} WARNING - Dependency <Task(BashOperator): delete_tag>, create_tag already registered for DAG: example_complex
[2025-03-23T22:49:50.989+0000] {processor.py:753} INFO - DAG(s) dict_keys(['example_complex']) retrieved from /home/airflow/.local/lib/python3.7/site-packages/airflow/example_dags/example_complex.py
[2025-03-23T22:49:51.055+0000] {logging_mixin.py:137} INFO - [2025-03-23T22:49:51.055+0000] {dag.py:2676} INFO - Sync 1 DAGs
[2025-03-23T22:49:51.089+0000] {logging_mixin.py:137} INFO - [2025-03-23T22:49:51.089+0000] {dag.py:3427} INFO - Setting next_dagrun for example_complex to None, run_after=None
[2025-03-23T22:49:51.111+0000] {processor.py:175} INFO - Processing /home/airflow/.local/lib/python3.7/site-packages/airflow/example_dags/example_complex.py took 0.165 seconds
[2025-03-23T22:59:18.481+0000] {processor.py:153} INFO - Started process (PID=61) to work on /home/airflow/.local/lib/python3.7/site-packages/airflow/example_dags/example_complex.py
[2025-03-23T22:59:18.482+0000] {processor.py:743} INFO - Processing file /home/airflow/.local/lib/python3.7/site-packages/airflow/example_dags/example_complex.py for tasks to queue
[2025-03-23T22:59:18.483+0000] {logging_mixin.py:137} INFO - [2025-03-23T22:59:18.483+0000] {dagbag.py:538} INFO - Filling up the DagBag from /home/airflow/.local/lib/python3.7/site-packages/airflow/example_dags/example_complex.py
[2025-03-23T22:59:18.503+0000] {logging_mixin.py:137} INFO - [2025-03-23T22:59:18.503+0000] {taskmixin.py:205} WARNING - Dependency <Task(BashOperator): create_entry_group>, delete_entry_group already registered for DAG: example_complex
[2025-03-23T22:59:18.504+0000] {logging_mixin.py:137} INFO - [2025-03-23T22:59:18.504+0000] {taskmixin.py:205} WARNING - Dependency <Task(BashOperator): delete_entry_group>, create_entry_group already registered for DAG: example_complex
[2025-03-23T22:59:18.504+0000] {logging_mixin.py:137} INFO - [2025-03-23T22:59:18.504+0000] {taskmixin.py:205} WARNING - Dependency <Task(BashOperator): create_entry_gcs>, delete_entry already registered for DAG: example_complex
[2025-03-23T22:59:18.504+0000] {logging_mixin.py:137} INFO - [2025-03-23T22:59:18.504+0000] {taskmixin.py:205} WARNING - Dependency <Task(BashOperator): delete_entry>, create_entry_gcs already registered for DAG: example_complex
[2025-03-23T22:59:18.505+0000] {logging_mixin.py:137} INFO - [2025-03-23T22:59:18.505+0000] {taskmixin.py:205} WARNING - Dependency <Task(BashOperator): create_tag>, delete_tag already registered for DAG: example_complex
[2025-03-23T22:59:18.505+0000] {logging_mixin.py:137} INFO - [2025-03-23T22:59:18.505+0000] {taskmixin.py:205} WARNING - Dependency <Task(BashOperator): delete_tag>, create_tag already registered for DAG: example_complex
[2025-03-23T22:59:18.518+0000] {processor.py:753} INFO - DAG(s) dict_keys(['example_complex']) retrieved from /home/airflow/.local/lib/python3.7/site-packages/airflow/example_dags/example_complex.py
[2025-03-23T22:59:18.700+0000] {logging_mixin.py:137} INFO - [2025-03-23T22:59:18.700+0000] {manager.py:504} INFO - Created Permission View: can read on DAG:example_complex
[2025-03-23T22:59:18.712+0000] {logging_mixin.py:137} INFO - [2025-03-23T22:59:18.712+0000] {manager.py:504} INFO - Created Permission View: can delete on DAG:example_complex
[2025-03-23T22:59:18.721+0000] {logging_mixin.py:137} INFO - [2025-03-23T22:59:18.720+0000] {manager.py:504} INFO - Created Permission View: can edit on DAG:example_complex
[2025-03-23T22:59:18.721+0000] {logging_mixin.py:137} INFO - [2025-03-23T22:59:18.721+0000] {dag.py:2676} INFO - Sync 1 DAGs
[2025-03-23T22:59:18.738+0000] {logging_mixin.py:137} INFO - [2025-03-23T22:59:18.738+0000] {dag.py:2697} INFO - Creating ORM DAG for example_complex
[2025-03-23T22:59:18.751+0000] {logging_mixin.py:137} INFO - [2025-03-23T22:59:18.751+0000] {dag.py:3427} INFO - Setting next_dagrun for example_complex to None, run_after=None
[2025-03-23T22:59:18.788+0000] {processor.py:175} INFO - Processing /home/airflow/.local/lib/python3.7/site-packages/airflow/example_dags/example_complex.py took 0.313 seconds
[2025-03-23T22:59:49.700+0000] {processor.py:153} INFO - Started process (PID=131) to work on /home/airflow/.local/lib/python3.7/site-packages/airflow/example_dags/example_complex.py
[2025-03-23T22:59:49.702+0000] {processor.py:743} INFO - Processing file /home/airflow/.local/lib/python3.7/site-packages/airflow/example_dags/example_complex.py for tasks to queue
[2025-03-23T22:59:49.703+0000] {logging_mixin.py:137} INFO - [2025-03-23T22:59:49.703+0000] {dagbag.py:538} INFO - Filling up the DagBag from /home/airflow/.local/lib/python3.7/site-packages/airflow/example_dags/example_complex.py
[2025-03-23T22:59:49.730+0000] {logging_mixin.py:137} INFO - [2025-03-23T22:59:49.730+0000] {taskmixin.py:205} WARNING - Dependency <Task(BashOperator): create_entry_group>, delete_entry_group already registered for DAG: example_complex
[2025-03-23T22:59:49.731+0000] {logging_mixin.py:137} INFO - [2025-03-23T22:59:49.731+0000] {taskmixin.py:205} WARNING - Dependency <Task(BashOperator): delete_entry_group>, create_entry_group already registered for DAG: example_complex
[2025-03-23T22:59:49.731+0000] {logging_mixin.py:137} INFO - [2025-03-23T22:59:49.731+0000] {taskmixin.py:205} WARNING - Dependency <Task(BashOperator): create_entry_gcs>, delete_entry already registered for DAG: example_complex
[2025-03-23T22:59:49.732+0000] {logging_mixin.py:137} INFO - [2025-03-23T22:59:49.732+0000] {taskmixin.py:205} WARNING - Dependency <Task(BashOperator): delete_entry>, create_entry_gcs already registered for DAG: example_complex
[2025-03-23T22:59:49.733+0000] {logging_mixin.py:137} INFO - [2025-03-23T22:59:49.732+0000] {taskmixin.py:205} WARNING - Dependency <Task(BashOperator): create_tag>, delete_tag already registered for DAG: example_complex
[2025-03-23T22:59:49.733+0000] {logging_mixin.py:137} INFO - [2025-03-23T22:59:49.733+0000] {taskmixin.py:205} WARNING - Dependency <Task(BashOperator): delete_tag>, create_tag already registered for DAG: example_complex
[2025-03-23T22:59:49.748+0000] {processor.py:753} INFO - DAG(s) dict_keys(['example_complex']) retrieved from /home/airflow/.local/lib/python3.7/site-packages/airflow/example_dags/example_complex.py
[2025-03-23T22:59:49.792+0000] {logging_mixin.py:137} INFO - [2025-03-23T22:59:49.792+0000] {dag.py:2676} INFO - Sync 1 DAGs
[2025-03-23T22:59:49.817+0000] {logging_mixin.py:137} INFO - [2025-03-23T22:59:49.817+0000] {dag.py:3427} INFO - Setting next_dagrun for example_complex to None, run_after=None
[2025-03-23T22:59:49.840+0000] {processor.py:175} INFO - Processing /home/airflow/.local/lib/python3.7/site-packages/airflow/example_dags/example_complex.py took 0.145 seconds
[2025-03-23T23:00:20.577+0000] {processor.py:153} INFO - Started process (PID=218) to work on /home/airflow/.local/lib/python3.7/site-packages/airflow/example_dags/example_complex.py
[2025-03-23T23:00:20.578+0000] {processor.py:743} INFO - Processing file /home/airflow/.local/lib/python3.7/site-packages/airflow/example_dags/example_complex.py for tasks to queue
[2025-03-23T23:00:20.579+0000] {logging_mixin.py:137} INFO - [2025-03-23T23:00:20.579+0000] {dagbag.py:538} INFO - Filling up the DagBag from /home/airflow/.local/lib/python3.7/site-packages/airflow/example_dags/example_complex.py
[2025-03-23T23:00:20.599+0000] {logging_mixin.py:137} INFO - [2025-03-23T23:00:20.598+0000] {taskmixin.py:205} WARNING - Dependency <Task(BashOperator): create_entry_group>, delete_entry_group already registered for DAG: example_complex
[2025-03-23T23:00:20.599+0000] {logging_mixin.py:137} INFO - [2025-03-23T23:00:20.599+0000] {taskmixin.py:205} WARNING - Dependency <Task(BashOperator): delete_entry_group>, create_entry_group already registered for DAG: example_complex
[2025-03-23T23:00:20.600+0000] {logging_mixin.py:137} INFO - [2025-03-23T23:00:20.600+0000] {taskmixin.py:205} WARNING - Dependency <Task(BashOperator): create_entry_gcs>, delete_entry already registered for DAG: example_complex
[2025-03-23T23:00:20.600+0000] {logging_mixin.py:137} INFO - [2025-03-23T23:00:20.600+0000] {taskmixin.py:205} WARNING - Dependency <Task(BashOperator): delete_entry>, create_entry_gcs already registered for DAG: example_complex
[2025-03-23T23:00:20.601+0000] {logging_mixin.py:137} INFO - [2025-03-23T23:00:20.601+0000] {taskmixin.py:205} WARNING - Dependency <Task(BashOperator): create_tag>, delete_tag already registered for DAG: example_complex
[2025-03-23T23:00:20.601+0000] {logging_mixin.py:137} INFO - [2025-03-23T23:00:20.601+0000] {taskmixin.py:205} WARNING - Dependency <Task(BashOperator): delete_tag>, create_tag already registered for DAG: example_complex
[2025-03-23T23:00:20.617+0000] {processor.py:753} INFO - DAG(s) dict_keys(['example_complex']) retrieved from /home/airflow/.local/lib/python3.7/site-packages/airflow/example_dags/example_complex.py
[2025-03-23T23:00:20.693+0000] {logging_mixin.py:137} INFO - [2025-03-23T23:00:20.693+0000] {dag.py:2676} INFO - Sync 1 DAGs
[2025-03-23T23:00:20.752+0000] {logging_mixin.py:137} INFO - [2025-03-23T23:00:20.751+0000] {dag.py:3427} INFO - Setting next_dagrun for example_complex to None, run_after=None
[2025-03-23T23:00:20.786+0000] {processor.py:175} INFO - Processing /home/airflow/.local/lib/python3.7/site-packages/airflow/example_dags/example_complex.py took 0.212 seconds
[2025-03-23T23:00:51.137+0000] {processor.py:153} INFO - Started process (PID=288) to work on /home/airflow/.local/lib/python3.7/site-packages/airflow/example_dags/example_complex.py
[2025-03-23T23:00:51.138+0000] {processor.py:743} INFO - Processing file /home/airflow/.local/lib/python3.7/site-packages/airflow/example_dags/example_complex.py for tasks to queue
[2025-03-23T23:00:51.139+0000] {logging_mixin.py:137} INFO - [2025-03-23T23:00:51.139+0000] {dagbag.py:538} INFO - Filling up the DagBag from /home/airflow/.local/lib/python3.7/site-packages/airflow/example_dags/example_complex.py
[2025-03-23T23:00:51.165+0000] {logging_mixin.py:137} INFO - [2025-03-23T23:00:51.165+0000] {taskmixin.py:205} WARNING - Dependency <Task(BashOperator): create_entry_group>, delete_entry_group already registered for DAG: example_complex
[2025-03-23T23:00:51.166+0000] {logging_mixin.py:137} INFO - [2025-03-23T23:00:51.165+0000] {taskmixin.py:205} WARNING - Dependency <Task(BashOperator): delete_entry_group>, create_entry_group already registered for DAG: example_complex
[2025-03-23T23:00:51.166+0000] {logging_mixin.py:137} INFO - [2025-03-23T23:00:51.166+0000] {taskmixin.py:205} WARNING - Dependency <Task(BashOperator): create_entry_gcs>, delete_entry already registered for DAG: example_complex
[2025-03-23T23:00:51.166+0000] {logging_mixin.py:137} INFO - [2025-03-23T23:00:51.166+0000] {taskmixin.py:205} WARNING - Dependency <Task(BashOperator): delete_entry>, create_entry_gcs already registered for DAG: example_complex
[2025-03-23T23:00:51.167+0000] {logging_mixin.py:137} INFO - [2025-03-23T23:00:51.167+0000] {taskmixin.py:205} WARNING - Dependency <Task(BashOperator): create_tag>, delete_tag already registered for DAG: example_complex
[2025-03-23T23:00:51.167+0000] {logging_mixin.py:137} INFO - [2025-03-23T23:00:51.167+0000] {taskmixin.py:205} WARNING - Dependency <Task(BashOperator): delete_tag>, create_tag already registered for DAG: example_complex
[2025-03-23T23:00:51.180+0000] {processor.py:753} INFO - DAG(s) dict_keys(['example_complex']) retrieved from /home/airflow/.local/lib/python3.7/site-packages/airflow/example_dags/example_complex.py
[2025-03-23T23:00:51.249+0000] {logging_mixin.py:137} INFO - [2025-03-23T23:00:51.249+0000] {dag.py:2676} INFO - Sync 1 DAGs
[2025-03-23T23:00:51.301+0000] {logging_mixin.py:137} INFO - [2025-03-23T23:00:51.301+0000] {dag.py:3427} INFO - Setting next_dagrun for example_complex to None, run_after=None
[2025-03-23T23:00:51.342+0000] {processor.py:175} INFO - Processing /home/airflow/.local/lib/python3.7/site-packages/airflow/example_dags/example_complex.py took 0.211 seconds
