[2025-03-23T22:47:51.298+0000] {processor.py:153} INFO - Started process (PID=73) to work on /home/airflow/.local/lib/python3.7/site-packages/airflow/example_dags/example_xcom.py
[2025-03-23T22:47:51.300+0000] {processor.py:743} INFO - Processing file /home/airflow/.local/lib/python3.7/site-packages/airflow/example_dags/example_xcom.py for tasks to queue
[2025-03-23T22:47:51.302+0000] {logging_mixin.py:137} INFO - [2025-03-23T22:47:51.301+0000] {dagbag.py:538} INFO - Filling up the DagBag from /home/airflow/.local/lib/python3.7/site-packages/airflow/example_dags/example_xcom.py
[2025-03-23T22:47:51.341+0000] {processor.py:753} INFO - DAG(s) dict_keys(['example_xcom']) retrieved from /home/airflow/.local/lib/python3.7/site-packages/airflow/example_dags/example_xcom.py
[2025-03-23T22:47:51.501+0000] {logging_mixin.py:137} INFO - [2025-03-23T22:47:51.501+0000] {manager.py:504} INFO - Created Permission View: can edit on DAG:example_xcom
[2025-03-23T22:47:51.513+0000] {logging_mixin.py:137} INFO - [2025-03-23T22:47:51.513+0000] {manager.py:504} INFO - Created Permission View: can delete on DAG:example_xcom
[2025-03-23T22:47:51.521+0000] {logging_mixin.py:137} INFO - [2025-03-23T22:47:51.521+0000] {manager.py:504} INFO - Created Permission View: can read on DAG:example_xcom
[2025-03-23T22:47:51.521+0000] {logging_mixin.py:137} INFO - [2025-03-23T22:47:51.521+0000] {dag.py:2676} INFO - Sync 1 DAGs
[2025-03-23T22:47:51.541+0000] {logging_mixin.py:137} INFO - [2025-03-23T22:47:51.541+0000] {dag.py:2697} INFO - Creating ORM DAG for example_xcom
[2025-03-23T22:47:51.568+0000] {logging_mixin.py:137} INFO - [2025-03-23T22:47:51.568+0000] {dag.py:3427} INFO - Setting next_dagrun for example_xcom to 2021-01-01T00:00:00+00:00, run_after=2021-01-01T00:00:00+00:00
[2025-03-23T22:47:51.592+0000] {processor.py:175} INFO - Processing /home/airflow/.local/lib/python3.7/site-packages/airflow/example_dags/example_xcom.py took 0.300 seconds
[2025-03-23T22:48:21.780+0000] {processor.py:153} INFO - Started process (PID=143) to work on /home/airflow/.local/lib/python3.7/site-packages/airflow/example_dags/example_xcom.py
[2025-03-23T22:48:21.781+0000] {processor.py:743} INFO - Processing file /home/airflow/.local/lib/python3.7/site-packages/airflow/example_dags/example_xcom.py for tasks to queue
[2025-03-23T22:48:21.782+0000] {logging_mixin.py:137} INFO - [2025-03-23T22:48:21.782+0000] {dagbag.py:538} INFO - Filling up the DagBag from /home/airflow/.local/lib/python3.7/site-packages/airflow/example_dags/example_xcom.py
[2025-03-23T22:48:21.817+0000] {processor.py:753} INFO - DAG(s) dict_keys(['example_xcom']) retrieved from /home/airflow/.local/lib/python3.7/site-packages/airflow/example_dags/example_xcom.py
[2025-03-23T22:48:21.876+0000] {logging_mixin.py:137} INFO - [2025-03-23T22:48:21.876+0000] {dag.py:2676} INFO - Sync 1 DAGs
[2025-03-23T22:48:21.917+0000] {logging_mixin.py:137} INFO - [2025-03-23T22:48:21.916+0000] {dag.py:3427} INFO - Setting next_dagrun for example_xcom to 2021-01-01T00:00:00+00:00, run_after=2021-01-01T00:00:00+00:00
[2025-03-23T22:48:21.946+0000] {processor.py:175} INFO - Processing /home/airflow/.local/lib/python3.7/site-packages/airflow/example_dags/example_xcom.py took 0.170 seconds
[2025-03-23T22:48:52.524+0000] {processor.py:153} INFO - Started process (PID=229) to work on /home/airflow/.local/lib/python3.7/site-packages/airflow/example_dags/example_xcom.py
[2025-03-23T22:48:52.525+0000] {processor.py:743} INFO - Processing file /home/airflow/.local/lib/python3.7/site-packages/airflow/example_dags/example_xcom.py for tasks to queue
[2025-03-23T22:48:52.526+0000] {logging_mixin.py:137} INFO - [2025-03-23T22:48:52.526+0000] {dagbag.py:538} INFO - Filling up the DagBag from /home/airflow/.local/lib/python3.7/site-packages/airflow/example_dags/example_xcom.py
[2025-03-23T22:48:52.561+0000] {processor.py:753} INFO - DAG(s) dict_keys(['example_xcom']) retrieved from /home/airflow/.local/lib/python3.7/site-packages/airflow/example_dags/example_xcom.py
[2025-03-23T22:48:52.616+0000] {logging_mixin.py:137} INFO - [2025-03-23T22:48:52.615+0000] {dag.py:2676} INFO - Sync 1 DAGs
[2025-03-23T22:48:52.658+0000] {logging_mixin.py:137} INFO - [2025-03-23T22:48:52.658+0000] {dag.py:3427} INFO - Setting next_dagrun for example_xcom to 2021-01-01T00:00:00+00:00, run_after=2021-01-01T00:00:00+00:00
[2025-03-23T22:48:52.694+0000] {processor.py:175} INFO - Processing /home/airflow/.local/lib/python3.7/site-packages/airflow/example_dags/example_xcom.py took 0.174 seconds
[2025-03-23T22:49:22.926+0000] {processor.py:153} INFO - Started process (PID=299) to work on /home/airflow/.local/lib/python3.7/site-packages/airflow/example_dags/example_xcom.py
[2025-03-23T22:49:22.927+0000] {processor.py:743} INFO - Processing file /home/airflow/.local/lib/python3.7/site-packages/airflow/example_dags/example_xcom.py for tasks to queue
[2025-03-23T22:49:22.929+0000] {logging_mixin.py:137} INFO - [2025-03-23T22:49:22.928+0000] {dagbag.py:538} INFO - Filling up the DagBag from /home/airflow/.local/lib/python3.7/site-packages/airflow/example_dags/example_xcom.py
[2025-03-23T22:49:22.959+0000] {processor.py:753} INFO - DAG(s) dict_keys(['example_xcom']) retrieved from /home/airflow/.local/lib/python3.7/site-packages/airflow/example_dags/example_xcom.py
[2025-03-23T22:49:23.011+0000] {logging_mixin.py:137} INFO - [2025-03-23T22:49:23.010+0000] {dag.py:2676} INFO - Sync 1 DAGs
[2025-03-23T22:49:23.037+0000] {logging_mixin.py:137} INFO - [2025-03-23T22:49:23.037+0000] {dag.py:3427} INFO - Setting next_dagrun for example_xcom to 2021-01-01T00:00:00+00:00, run_after=2021-01-01T00:00:00+00:00
[2025-03-23T22:49:23.076+0000] {processor.py:175} INFO - Processing /home/airflow/.local/lib/python3.7/site-packages/airflow/example_dags/example_xcom.py took 0.159 seconds
[2025-03-23T22:49:53.274+0000] {processor.py:153} INFO - Started process (PID=378) to work on /home/airflow/.local/lib/python3.7/site-packages/airflow/example_dags/example_xcom.py
[2025-03-23T22:49:53.275+0000] {processor.py:743} INFO - Processing file /home/airflow/.local/lib/python3.7/site-packages/airflow/example_dags/example_xcom.py for tasks to queue
[2025-03-23T22:49:53.276+0000] {logging_mixin.py:137} INFO - [2025-03-23T22:49:53.275+0000] {dagbag.py:538} INFO - Filling up the DagBag from /home/airflow/.local/lib/python3.7/site-packages/airflow/example_dags/example_xcom.py
[2025-03-23T22:49:53.318+0000] {processor.py:753} INFO - DAG(s) dict_keys(['example_xcom']) retrieved from /home/airflow/.local/lib/python3.7/site-packages/airflow/example_dags/example_xcom.py
[2025-03-23T22:49:53.384+0000] {logging_mixin.py:137} INFO - [2025-03-23T22:49:53.384+0000] {dag.py:2676} INFO - Sync 1 DAGs
[2025-03-23T22:49:53.417+0000] {logging_mixin.py:137} INFO - [2025-03-23T22:49:53.417+0000] {dag.py:3427} INFO - Setting next_dagrun for example_xcom to 2021-01-01T00:00:00+00:00, run_after=2021-01-01T00:00:00+00:00
[2025-03-23T22:49:53.439+0000] {processor.py:175} INFO - Processing /home/airflow/.local/lib/python3.7/site-packages/airflow/example_dags/example_xcom.py took 0.170 seconds
[2025-03-23T22:59:20.679+0000] {processor.py:153} INFO - Started process (PID=73) to work on /home/airflow/.local/lib/python3.7/site-packages/airflow/example_dags/example_xcom.py
[2025-03-23T22:59:20.680+0000] {processor.py:743} INFO - Processing file /home/airflow/.local/lib/python3.7/site-packages/airflow/example_dags/example_xcom.py for tasks to queue
[2025-03-23T22:59:20.681+0000] {logging_mixin.py:137} INFO - [2025-03-23T22:59:20.681+0000] {dagbag.py:538} INFO - Filling up the DagBag from /home/airflow/.local/lib/python3.7/site-packages/airflow/example_dags/example_xcom.py
[2025-03-23T22:59:20.717+0000] {processor.py:753} INFO - DAG(s) dict_keys(['example_xcom']) retrieved from /home/airflow/.local/lib/python3.7/site-packages/airflow/example_dags/example_xcom.py
[2025-03-23T22:59:20.909+0000] {logging_mixin.py:137} INFO - [2025-03-23T22:59:20.908+0000] {manager.py:504} INFO - Created Permission View: can read on DAG:example_xcom
[2025-03-23T22:59:20.927+0000] {logging_mixin.py:137} INFO - [2025-03-23T22:59:20.927+0000] {manager.py:504} INFO - Created Permission View: can delete on DAG:example_xcom
[2025-03-23T22:59:20.935+0000] {logging_mixin.py:137} INFO - [2025-03-23T22:59:20.935+0000] {manager.py:504} INFO - Created Permission View: can edit on DAG:example_xcom
[2025-03-23T22:59:20.936+0000] {logging_mixin.py:137} INFO - [2025-03-23T22:59:20.936+0000] {dag.py:2676} INFO - Sync 1 DAGs
[2025-03-23T22:59:20.956+0000] {logging_mixin.py:137} INFO - [2025-03-23T22:59:20.956+0000] {dag.py:2697} INFO - Creating ORM DAG for example_xcom
[2025-03-23T22:59:20.977+0000] {logging_mixin.py:137} INFO - [2025-03-23T22:59:20.977+0000] {dag.py:3427} INFO - Setting next_dagrun for example_xcom to 2021-01-01T00:00:00+00:00, run_after=2021-01-01T00:00:00+00:00
[2025-03-23T22:59:21.001+0000] {processor.py:175} INFO - Processing /home/airflow/.local/lib/python3.7/site-packages/airflow/example_dags/example_xcom.py took 0.325 seconds
[2025-03-23T22:59:51.388+0000] {processor.py:153} INFO - Started process (PID=143) to work on /home/airflow/.local/lib/python3.7/site-packages/airflow/example_dags/example_xcom.py
[2025-03-23T22:59:51.389+0000] {processor.py:743} INFO - Processing file /home/airflow/.local/lib/python3.7/site-packages/airflow/example_dags/example_xcom.py for tasks to queue
[2025-03-23T22:59:51.390+0000] {logging_mixin.py:137} INFO - [2025-03-23T22:59:51.390+0000] {dagbag.py:538} INFO - Filling up the DagBag from /home/airflow/.local/lib/python3.7/site-packages/airflow/example_dags/example_xcom.py
[2025-03-23T22:59:51.439+0000] {processor.py:753} INFO - DAG(s) dict_keys(['example_xcom']) retrieved from /home/airflow/.local/lib/python3.7/site-packages/airflow/example_dags/example_xcom.py
[2025-03-23T22:59:51.488+0000] {logging_mixin.py:137} INFO - [2025-03-23T22:59:51.487+0000] {dag.py:2676} INFO - Sync 1 DAGs
[2025-03-23T22:59:51.519+0000] {logging_mixin.py:137} INFO - [2025-03-23T22:59:51.519+0000] {dag.py:3427} INFO - Setting next_dagrun for example_xcom to 2021-01-01T00:00:00+00:00, run_after=2021-01-01T00:00:00+00:00
[2025-03-23T22:59:51.542+0000] {processor.py:175} INFO - Processing /home/airflow/.local/lib/python3.7/site-packages/airflow/example_dags/example_xcom.py took 0.160 seconds
[2025-03-23T23:00:21.797+0000] {processor.py:153} INFO - Started process (PID=230) to work on /home/airflow/.local/lib/python3.7/site-packages/airflow/example_dags/example_xcom.py
[2025-03-23T23:00:21.798+0000] {processor.py:743} INFO - Processing file /home/airflow/.local/lib/python3.7/site-packages/airflow/example_dags/example_xcom.py for tasks to queue
[2025-03-23T23:00:21.799+0000] {logging_mixin.py:137} INFO - [2025-03-23T23:00:21.799+0000] {dagbag.py:538} INFO - Filling up the DagBag from /home/airflow/.local/lib/python3.7/site-packages/airflow/example_dags/example_xcom.py
[2025-03-23T23:00:21.826+0000] {processor.py:753} INFO - DAG(s) dict_keys(['example_xcom']) retrieved from /home/airflow/.local/lib/python3.7/site-packages/airflow/example_dags/example_xcom.py
[2025-03-23T23:00:21.883+0000] {logging_mixin.py:137} INFO - [2025-03-23T23:00:21.882+0000] {dag.py:2676} INFO - Sync 1 DAGs
[2025-03-23T23:00:21.936+0000] {logging_mixin.py:137} INFO - [2025-03-23T23:00:21.936+0000] {dag.py:3427} INFO - Setting next_dagrun for example_xcom to 2021-01-01T00:00:00+00:00, run_after=2021-01-01T00:00:00+00:00
[2025-03-23T23:00:21.970+0000] {processor.py:175} INFO - Processing /home/airflow/.local/lib/python3.7/site-packages/airflow/example_dags/example_xcom.py took 0.176 seconds
[2025-03-23T23:00:52.511+0000] {processor.py:153} INFO - Started process (PID=300) to work on /home/airflow/.local/lib/python3.7/site-packages/airflow/example_dags/example_xcom.py
[2025-03-23T23:00:52.511+0000] {processor.py:743} INFO - Processing file /home/airflow/.local/lib/python3.7/site-packages/airflow/example_dags/example_xcom.py for tasks to queue
[2025-03-23T23:00:52.512+0000] {logging_mixin.py:137} INFO - [2025-03-23T23:00:52.512+0000] {dagbag.py:538} INFO - Filling up the DagBag from /home/airflow/.local/lib/python3.7/site-packages/airflow/example_dags/example_xcom.py
[2025-03-23T23:00:52.537+0000] {processor.py:753} INFO - DAG(s) dict_keys(['example_xcom']) retrieved from /home/airflow/.local/lib/python3.7/site-packages/airflow/example_dags/example_xcom.py
[2025-03-23T23:00:52.579+0000] {logging_mixin.py:137} INFO - [2025-03-23T23:00:52.579+0000] {dag.py:2676} INFO - Sync 1 DAGs
[2025-03-23T23:00:52.629+0000] {logging_mixin.py:137} INFO - [2025-03-23T23:00:52.629+0000] {dag.py:3427} INFO - Setting next_dagrun for example_xcom to 2021-01-01T00:00:00+00:00, run_after=2021-01-01T00:00:00+00:00
[2025-03-23T23:00:52.662+0000] {processor.py:175} INFO - Processing /home/airflow/.local/lib/python3.7/site-packages/airflow/example_dags/example_xcom.py took 0.154 seconds
