[2025-03-23T22:47:47.182+0000] {processor.py:153} INFO - Started process (PID=53) to work on /home/airflow/.local/lib/python3.7/site-packages/airflow/example_dags/example_sensor_decorator.py
[2025-03-23T22:47:47.184+0000] {processor.py:743} INFO - Processing file /home/airflow/.local/lib/python3.7/site-packages/airflow/example_dags/example_sensor_decorator.py for tasks to queue
[2025-03-23T22:47:47.186+0000] {logging_mixin.py:137} INFO - [2025-03-23T22:47:47.186+0000] {dagbag.py:538} INFO - Filling up the DagBag from /home/airflow/.local/lib/python3.7/site-packages/airflow/example_dags/example_sensor_decorator.py
[2025-03-23T22:47:47.248+0000] {logging_mixin.py:137} WARNING - /home/airflow/.local/lib/python3.7/site-packages/airflow/models/dag.py:3524 RemovedInAirflow3Warning: Param `schedule_interval` is deprecated and will be removed in a future release. Please use `schedule` instead.
[2025-03-23T22:47:47.292+0000] {processor.py:753} INFO - DAG(s) dict_keys(['example_sensor_decorator']) retrieved from /home/airflow/.local/lib/python3.7/site-packages/airflow/example_dags/example_sensor_decorator.py
[2025-03-23T22:47:47.590+0000] {logging_mixin.py:137} INFO - [2025-03-23T22:47:47.589+0000] {manager.py:504} INFO - Created Permission View: can edit on DAG:example_sensor_decorator
[2025-03-23T22:47:47.604+0000] {logging_mixin.py:137} INFO - [2025-03-23T22:47:47.604+0000] {manager.py:504} INFO - Created Permission View: can delete on DAG:example_sensor_decorator
[2025-03-23T22:47:47.615+0000] {logging_mixin.py:137} INFO - [2025-03-23T22:47:47.615+0000] {manager.py:504} INFO - Created Permission View: can read on DAG:example_sensor_decorator
[2025-03-23T22:47:47.615+0000] {logging_mixin.py:137} INFO - [2025-03-23T22:47:47.615+0000] {dag.py:2676} INFO - Sync 1 DAGs
[2025-03-23T22:47:47.633+0000] {logging_mixin.py:137} INFO - [2025-03-23T22:47:47.632+0000] {dag.py:2697} INFO - Creating ORM DAG for example_sensor_decorator
[2025-03-23T22:47:47.653+0000] {logging_mixin.py:137} INFO - [2025-03-23T22:47:47.653+0000] {dag.py:3427} INFO - Setting next_dagrun for example_sensor_decorator to None, run_after=None
[2025-03-23T22:47:47.688+0000] {processor.py:175} INFO - Processing /home/airflow/.local/lib/python3.7/site-packages/airflow/example_dags/example_sensor_decorator.py took 0.510 seconds
[2025-03-23T22:48:18.604+0000] {processor.py:153} INFO - Started process (PID=123) to work on /home/airflow/.local/lib/python3.7/site-packages/airflow/example_dags/example_sensor_decorator.py
[2025-03-23T22:48:18.606+0000] {processor.py:743} INFO - Processing file /home/airflow/.local/lib/python3.7/site-packages/airflow/example_dags/example_sensor_decorator.py for tasks to queue
[2025-03-23T22:48:18.608+0000] {logging_mixin.py:137} INFO - [2025-03-23T22:48:18.607+0000] {dagbag.py:538} INFO - Filling up the DagBag from /home/airflow/.local/lib/python3.7/site-packages/airflow/example_dags/example_sensor_decorator.py
[2025-03-23T22:48:18.672+0000] {logging_mixin.py:137} WARNING - /home/airflow/.local/lib/python3.7/site-packages/airflow/models/dag.py:3524 RemovedInAirflow3Warning: Param `schedule_interval` is deprecated and will be removed in a future release. Please use `schedule` instead.
[2025-03-23T22:48:18.694+0000] {processor.py:753} INFO - DAG(s) dict_keys(['example_sensor_decorator']) retrieved from /home/airflow/.local/lib/python3.7/site-packages/airflow/example_dags/example_sensor_decorator.py
[2025-03-23T22:48:18.732+0000] {logging_mixin.py:137} INFO - [2025-03-23T22:48:18.732+0000] {dag.py:2676} INFO - Sync 1 DAGs
[2025-03-23T22:48:18.783+0000] {logging_mixin.py:137} INFO - [2025-03-23T22:48:18.782+0000] {dag.py:3427} INFO - Setting next_dagrun for example_sensor_decorator to None, run_after=None
[2025-03-23T22:48:18.827+0000] {processor.py:175} INFO - Processing /home/airflow/.local/lib/python3.7/site-packages/airflow/example_dags/example_sensor_decorator.py took 0.230 seconds
[2025-03-23T22:48:48.979+0000] {processor.py:153} INFO - Started process (PID=202) to work on /home/airflow/.local/lib/python3.7/site-packages/airflow/example_dags/example_sensor_decorator.py
[2025-03-23T22:48:48.987+0000] {processor.py:743} INFO - Processing file /home/airflow/.local/lib/python3.7/site-packages/airflow/example_dags/example_sensor_decorator.py for tasks to queue
[2025-03-23T22:48:48.989+0000] {logging_mixin.py:137} INFO - [2025-03-23T22:48:48.988+0000] {dagbag.py:538} INFO - Filling up the DagBag from /home/airflow/.local/lib/python3.7/site-packages/airflow/example_dags/example_sensor_decorator.py
[2025-03-23T22:48:49.021+0000] {logging_mixin.py:137} WARNING - /home/airflow/.local/lib/python3.7/site-packages/airflow/models/dag.py:3524 RemovedInAirflow3Warning: Param `schedule_interval` is deprecated and will be removed in a future release. Please use `schedule` instead.
[2025-03-23T22:48:49.033+0000] {processor.py:753} INFO - DAG(s) dict_keys(['example_sensor_decorator']) retrieved from /home/airflow/.local/lib/python3.7/site-packages/airflow/example_dags/example_sensor_decorator.py
[2025-03-23T22:48:49.083+0000] {logging_mixin.py:137} INFO - [2025-03-23T22:48:49.083+0000] {dag.py:2676} INFO - Sync 1 DAGs
[2025-03-23T22:48:49.153+0000] {logging_mixin.py:137} INFO - [2025-03-23T22:48:49.153+0000] {dag.py:3427} INFO - Setting next_dagrun for example_sensor_decorator to None, run_after=None
[2025-03-23T22:48:49.198+0000] {processor.py:175} INFO - Processing /home/airflow/.local/lib/python3.7/site-packages/airflow/example_dags/example_sensor_decorator.py took 0.222 seconds
[2025-03-23T22:49:19.447+0000] {processor.py:153} INFO - Started process (PID=279) to work on /home/airflow/.local/lib/python3.7/site-packages/airflow/example_dags/example_sensor_decorator.py
[2025-03-23T22:49:19.457+0000] {processor.py:743} INFO - Processing file /home/airflow/.local/lib/python3.7/site-packages/airflow/example_dags/example_sensor_decorator.py for tasks to queue
[2025-03-23T22:49:19.458+0000] {logging_mixin.py:137} INFO - [2025-03-23T22:49:19.458+0000] {dagbag.py:538} INFO - Filling up the DagBag from /home/airflow/.local/lib/python3.7/site-packages/airflow/example_dags/example_sensor_decorator.py
[2025-03-23T22:49:19.508+0000] {logging_mixin.py:137} WARNING - /home/airflow/.local/lib/python3.7/site-packages/airflow/models/dag.py:3524 RemovedInAirflow3Warning: Param `schedule_interval` is deprecated and will be removed in a future release. Please use `schedule` instead.
[2025-03-23T22:49:19.522+0000] {processor.py:753} INFO - DAG(s) dict_keys(['example_sensor_decorator']) retrieved from /home/airflow/.local/lib/python3.7/site-packages/airflow/example_dags/example_sensor_decorator.py
[2025-03-23T22:49:19.573+0000] {logging_mixin.py:137} INFO - [2025-03-23T22:49:19.573+0000] {dag.py:2676} INFO - Sync 1 DAGs
[2025-03-23T22:49:19.611+0000] {logging_mixin.py:137} INFO - [2025-03-23T22:49:19.610+0000] {dag.py:3427} INFO - Setting next_dagrun for example_sensor_decorator to None, run_after=None
[2025-03-23T22:49:19.650+0000] {processor.py:175} INFO - Processing /home/airflow/.local/lib/python3.7/site-packages/airflow/example_dags/example_sensor_decorator.py took 0.208 seconds
[2025-03-23T22:49:49.880+0000] {processor.py:153} INFO - Started process (PID=349) to work on /home/airflow/.local/lib/python3.7/site-packages/airflow/example_dags/example_sensor_decorator.py
[2025-03-23T22:49:49.881+0000] {processor.py:743} INFO - Processing file /home/airflow/.local/lib/python3.7/site-packages/airflow/example_dags/example_sensor_decorator.py for tasks to queue
[2025-03-23T22:49:49.882+0000] {logging_mixin.py:137} INFO - [2025-03-23T22:49:49.882+0000] {dagbag.py:538} INFO - Filling up the DagBag from /home/airflow/.local/lib/python3.7/site-packages/airflow/example_dags/example_sensor_decorator.py
[2025-03-23T22:49:49.910+0000] {logging_mixin.py:137} WARNING - /home/airflow/.local/lib/python3.7/site-packages/airflow/models/dag.py:3524 RemovedInAirflow3Warning: Param `schedule_interval` is deprecated and will be removed in a future release. Please use `schedule` instead.
[2025-03-23T22:49:49.921+0000] {processor.py:753} INFO - DAG(s) dict_keys(['example_sensor_decorator']) retrieved from /home/airflow/.local/lib/python3.7/site-packages/airflow/example_dags/example_sensor_decorator.py
[2025-03-23T22:49:49.969+0000] {logging_mixin.py:137} INFO - [2025-03-23T22:49:49.968+0000] {dag.py:2676} INFO - Sync 1 DAGs
[2025-03-23T22:49:50.003+0000] {logging_mixin.py:137} INFO - [2025-03-23T22:49:50.003+0000] {dag.py:3427} INFO - Setting next_dagrun for example_sensor_decorator to None, run_after=None
[2025-03-23T22:49:50.038+0000] {processor.py:175} INFO - Processing /home/airflow/.local/lib/python3.7/site-packages/airflow/example_dags/example_sensor_decorator.py took 0.162 seconds
[2025-03-23T22:59:16.808+0000] {processor.py:153} INFO - Started process (PID=53) to work on /home/airflow/.local/lib/python3.7/site-packages/airflow/example_dags/example_sensor_decorator.py
[2025-03-23T22:59:16.809+0000] {processor.py:743} INFO - Processing file /home/airflow/.local/lib/python3.7/site-packages/airflow/example_dags/example_sensor_decorator.py for tasks to queue
[2025-03-23T22:59:16.811+0000] {logging_mixin.py:137} INFO - [2025-03-23T22:59:16.810+0000] {dagbag.py:538} INFO - Filling up the DagBag from /home/airflow/.local/lib/python3.7/site-packages/airflow/example_dags/example_sensor_decorator.py
[2025-03-23T22:59:16.903+0000] {logging_mixin.py:137} WARNING - /home/airflow/.local/lib/python3.7/site-packages/airflow/models/dag.py:3524 RemovedInAirflow3Warning: Param `schedule_interval` is deprecated and will be removed in a future release. Please use `schedule` instead.
[2025-03-23T22:59:16.947+0000] {processor.py:753} INFO - DAG(s) dict_keys(['example_sensor_decorator']) retrieved from /home/airflow/.local/lib/python3.7/site-packages/airflow/example_dags/example_sensor_decorator.py
[2025-03-23T22:59:17.207+0000] {logging_mixin.py:137} INFO - [2025-03-23T22:59:17.207+0000] {manager.py:504} INFO - Created Permission View: can read on DAG:example_sensor_decorator
[2025-03-23T22:59:17.221+0000] {logging_mixin.py:137} INFO - [2025-03-23T22:59:17.221+0000] {manager.py:504} INFO - Created Permission View: can delete on DAG:example_sensor_decorator
[2025-03-23T22:59:17.232+0000] {logging_mixin.py:137} INFO - [2025-03-23T22:59:17.232+0000] {manager.py:504} INFO - Created Permission View: can edit on DAG:example_sensor_decorator
[2025-03-23T22:59:17.233+0000] {logging_mixin.py:137} INFO - [2025-03-23T22:59:17.232+0000] {dag.py:2676} INFO - Sync 1 DAGs
[2025-03-23T22:59:17.250+0000] {logging_mixin.py:137} INFO - [2025-03-23T22:59:17.250+0000] {dag.py:2697} INFO - Creating ORM DAG for example_sensor_decorator
[2025-03-23T22:59:17.266+0000] {logging_mixin.py:137} INFO - [2025-03-23T22:59:17.266+0000] {dag.py:3427} INFO - Setting next_dagrun for example_sensor_decorator to None, run_after=None
[2025-03-23T22:59:17.294+0000] {processor.py:175} INFO - Processing /home/airflow/.local/lib/python3.7/site-packages/airflow/example_dags/example_sensor_decorator.py took 0.490 seconds
[2025-03-23T22:59:47.904+0000] {processor.py:153} INFO - Started process (PID=123) to work on /home/airflow/.local/lib/python3.7/site-packages/airflow/example_dags/example_sensor_decorator.py
[2025-03-23T22:59:47.905+0000] {processor.py:743} INFO - Processing file /home/airflow/.local/lib/python3.7/site-packages/airflow/example_dags/example_sensor_decorator.py for tasks to queue
[2025-03-23T22:59:47.907+0000] {logging_mixin.py:137} INFO - [2025-03-23T22:59:47.906+0000] {dagbag.py:538} INFO - Filling up the DagBag from /home/airflow/.local/lib/python3.7/site-packages/airflow/example_dags/example_sensor_decorator.py
[2025-03-23T22:59:47.952+0000] {logging_mixin.py:137} WARNING - /home/airflow/.local/lib/python3.7/site-packages/airflow/models/dag.py:3524 RemovedInAirflow3Warning: Param `schedule_interval` is deprecated and will be removed in a future release. Please use `schedule` instead.
[2025-03-23T22:59:47.966+0000] {processor.py:753} INFO - DAG(s) dict_keys(['example_sensor_decorator']) retrieved from /home/airflow/.local/lib/python3.7/site-packages/airflow/example_dags/example_sensor_decorator.py
[2025-03-23T22:59:48.002+0000] {logging_mixin.py:137} INFO - [2025-03-23T22:59:48.002+0000] {dag.py:2676} INFO - Sync 1 DAGs
[2025-03-23T22:59:48.030+0000] {logging_mixin.py:137} INFO - [2025-03-23T22:59:48.029+0000] {dag.py:3427} INFO - Setting next_dagrun for example_sensor_decorator to None, run_after=None
[2025-03-23T22:59:48.062+0000] {processor.py:175} INFO - Processing /home/airflow/.local/lib/python3.7/site-packages/airflow/example_dags/example_sensor_decorator.py took 0.164 seconds
[2025-03-23T23:00:18.801+0000] {processor.py:153} INFO - Started process (PID=194) to work on /home/airflow/.local/lib/python3.7/site-packages/airflow/example_dags/example_sensor_decorator.py
[2025-03-23T23:00:18.802+0000] {processor.py:743} INFO - Processing file /home/airflow/.local/lib/python3.7/site-packages/airflow/example_dags/example_sensor_decorator.py for tasks to queue
[2025-03-23T23:00:18.803+0000] {logging_mixin.py:137} INFO - [2025-03-23T23:00:18.803+0000] {dagbag.py:538} INFO - Filling up the DagBag from /home/airflow/.local/lib/python3.7/site-packages/airflow/example_dags/example_sensor_decorator.py
[2025-03-23T23:00:18.828+0000] {logging_mixin.py:137} WARNING - /home/airflow/.local/lib/python3.7/site-packages/airflow/models/dag.py:3524 RemovedInAirflow3Warning: Param `schedule_interval` is deprecated and will be removed in a future release. Please use `schedule` instead.
[2025-03-23T23:00:18.839+0000] {processor.py:753} INFO - DAG(s) dict_keys(['example_sensor_decorator']) retrieved from /home/airflow/.local/lib/python3.7/site-packages/airflow/example_dags/example_sensor_decorator.py
[2025-03-23T23:00:18.885+0000] {logging_mixin.py:137} INFO - [2025-03-23T23:00:18.884+0000] {dag.py:2676} INFO - Sync 1 DAGs
[2025-03-23T23:00:18.915+0000] {logging_mixin.py:137} INFO - [2025-03-23T23:00:18.914+0000] {dag.py:3427} INFO - Setting next_dagrun for example_sensor_decorator to None, run_after=None
[2025-03-23T23:00:18.949+0000] {processor.py:175} INFO - Processing /home/airflow/.local/lib/python3.7/site-packages/airflow/example_dags/example_sensor_decorator.py took 0.152 seconds
[2025-03-23T23:00:49.258+0000] {processor.py:153} INFO - Started process (PID=280) to work on /home/airflow/.local/lib/python3.7/site-packages/airflow/example_dags/example_sensor_decorator.py
[2025-03-23T23:00:49.259+0000] {processor.py:743} INFO - Processing file /home/airflow/.local/lib/python3.7/site-packages/airflow/example_dags/example_sensor_decorator.py for tasks to queue
[2025-03-23T23:00:49.261+0000] {logging_mixin.py:137} INFO - [2025-03-23T23:00:49.260+0000] {dagbag.py:538} INFO - Filling up the DagBag from /home/airflow/.local/lib/python3.7/site-packages/airflow/example_dags/example_sensor_decorator.py
[2025-03-23T23:00:49.302+0000] {logging_mixin.py:137} WARNING - /home/airflow/.local/lib/python3.7/site-packages/airflow/models/dag.py:3524 RemovedInAirflow3Warning: Param `schedule_interval` is deprecated and will be removed in a future release. Please use `schedule` instead.
[2025-03-23T23:00:49.318+0000] {processor.py:753} INFO - DAG(s) dict_keys(['example_sensor_decorator']) retrieved from /home/airflow/.local/lib/python3.7/site-packages/airflow/example_dags/example_sensor_decorator.py
[2025-03-23T23:00:49.382+0000] {logging_mixin.py:137} INFO - [2025-03-23T23:00:49.382+0000] {dag.py:2676} INFO - Sync 1 DAGs
[2025-03-23T23:00:49.414+0000] {logging_mixin.py:137} INFO - [2025-03-23T23:00:49.414+0000] {dag.py:3427} INFO - Setting next_dagrun for example_sensor_decorator to None, run_after=None
[2025-03-23T23:00:49.455+0000] {processor.py:175} INFO - Processing /home/airflow/.local/lib/python3.7/site-packages/airflow/example_dags/example_sensor_decorator.py took 0.203 seconds
