[2025-03-23T22:47:53.082+0000] {processor.py:153} INFO - Started process (PID=81) to work on /home/airflow/.local/lib/python3.7/site-packages/airflow/example_dags/example_short_circuit_operator.py
[2025-03-23T22:47:53.083+0000] {processor.py:743} INFO - Processing file /home/airflow/.local/lib/python3.7/site-packages/airflow/example_dags/example_short_circuit_operator.py for tasks to queue
[2025-03-23T22:47:53.084+0000] {logging_mixin.py:137} INFO - [2025-03-23T22:47:53.083+0000] {dagbag.py:538} INFO - Filling up the DagBag from /home/airflow/.local/lib/python3.7/site-packages/airflow/example_dags/example_short_circuit_operator.py
[2025-03-23T22:47:53.105+0000] {processor.py:753} INFO - DAG(s) dict_keys(['example_short_circuit_operator']) retrieved from /home/airflow/.local/lib/python3.7/site-packages/airflow/example_dags/example_short_circuit_operator.py
[2025-03-23T22:47:53.301+0000] {logging_mixin.py:137} INFO - [2025-03-23T22:47:53.301+0000] {manager.py:504} INFO - Created Permission View: can edit on DAG:example_short_circuit_operator
[2025-03-23T22:47:53.315+0000] {logging_mixin.py:137} INFO - [2025-03-23T22:47:53.314+0000] {manager.py:504} INFO - Created Permission View: can delete on DAG:example_short_circuit_operator
[2025-03-23T22:47:53.322+0000] {logging_mixin.py:137} INFO - [2025-03-23T22:47:53.322+0000] {manager.py:504} INFO - Created Permission View: can read on DAG:example_short_circuit_operator
[2025-03-23T22:47:53.322+0000] {logging_mixin.py:137} INFO - [2025-03-23T22:47:53.322+0000] {dag.py:2676} INFO - Sync 1 DAGs
[2025-03-23T22:47:53.344+0000] {logging_mixin.py:137} INFO - [2025-03-23T22:47:53.344+0000] {dag.py:2697} INFO - Creating ORM DAG for example_short_circuit_operator
[2025-03-23T22:47:53.356+0000] {logging_mixin.py:137} INFO - [2025-03-23T22:47:53.356+0000] {dag.py:3427} INFO - Setting next_dagrun for example_short_circuit_operator to 2025-03-22T22:47:53.356153+00:00, run_after=2025-03-23T22:47:53.356153+00:00
[2025-03-23T22:47:53.383+0000] {processor.py:175} INFO - Processing /home/airflow/.local/lib/python3.7/site-packages/airflow/example_dags/example_short_circuit_operator.py took 0.306 seconds
[2025-03-23T22:48:23.653+0000] {processor.py:153} INFO - Started process (PID=160) to work on /home/airflow/.local/lib/python3.7/site-packages/airflow/example_dags/example_short_circuit_operator.py
[2025-03-23T22:48:23.654+0000] {processor.py:743} INFO - Processing file /home/airflow/.local/lib/python3.7/site-packages/airflow/example_dags/example_short_circuit_operator.py for tasks to queue
[2025-03-23T22:48:23.655+0000] {logging_mixin.py:137} INFO - [2025-03-23T22:48:23.655+0000] {dagbag.py:538} INFO - Filling up the DagBag from /home/airflow/.local/lib/python3.7/site-packages/airflow/example_dags/example_short_circuit_operator.py
[2025-03-23T22:48:23.693+0000] {processor.py:753} INFO - DAG(s) dict_keys(['example_short_circuit_operator']) retrieved from /home/airflow/.local/lib/python3.7/site-packages/airflow/example_dags/example_short_circuit_operator.py
[2025-03-23T22:48:23.754+0000] {logging_mixin.py:137} INFO - [2025-03-23T22:48:23.754+0000] {dag.py:2676} INFO - Sync 1 DAGs
[2025-03-23T22:48:23.795+0000] {logging_mixin.py:137} INFO - [2025-03-23T22:48:23.795+0000] {dag.py:3427} INFO - Setting next_dagrun for example_short_circuit_operator to 2025-03-22T22:48:23.794707+00:00, run_after=2025-03-23T22:48:23.794707+00:00
[2025-03-23T22:48:23.831+0000] {processor.py:175} INFO - Processing /home/airflow/.local/lib/python3.7/site-packages/airflow/example_dags/example_short_circuit_operator.py took 0.182 seconds
[2025-03-23T22:48:54.382+0000] {processor.py:153} INFO - Started process (PID=237) to work on /home/airflow/.local/lib/python3.7/site-packages/airflow/example_dags/example_short_circuit_operator.py
[2025-03-23T22:48:54.383+0000] {processor.py:743} INFO - Processing file /home/airflow/.local/lib/python3.7/site-packages/airflow/example_dags/example_short_circuit_operator.py for tasks to queue
[2025-03-23T22:48:54.384+0000] {logging_mixin.py:137} INFO - [2025-03-23T22:48:54.384+0000] {dagbag.py:538} INFO - Filling up the DagBag from /home/airflow/.local/lib/python3.7/site-packages/airflow/example_dags/example_short_circuit_operator.py
[2025-03-23T22:48:54.407+0000] {processor.py:753} INFO - DAG(s) dict_keys(['example_short_circuit_operator']) retrieved from /home/airflow/.local/lib/python3.7/site-packages/airflow/example_dags/example_short_circuit_operator.py
[2025-03-23T22:48:54.451+0000] {logging_mixin.py:137} INFO - [2025-03-23T22:48:54.451+0000] {dag.py:2676} INFO - Sync 1 DAGs
[2025-03-23T22:48:54.480+0000] {logging_mixin.py:137} INFO - [2025-03-23T22:48:54.480+0000] {dag.py:3427} INFO - Setting next_dagrun for example_short_circuit_operator to 2025-03-22T22:48:54.480632+00:00, run_after=2025-03-23T22:48:54.480632+00:00
[2025-03-23T22:48:54.503+0000] {processor.py:175} INFO - Processing /home/airflow/.local/lib/python3.7/site-packages/airflow/example_dags/example_short_circuit_operator.py took 0.124 seconds
[2025-03-23T22:49:24.945+0000] {processor.py:153} INFO - Started process (PID=307) to work on /home/airflow/.local/lib/python3.7/site-packages/airflow/example_dags/example_short_circuit_operator.py
[2025-03-23T22:49:24.946+0000] {processor.py:743} INFO - Processing file /home/airflow/.local/lib/python3.7/site-packages/airflow/example_dags/example_short_circuit_operator.py for tasks to queue
[2025-03-23T22:49:24.947+0000] {logging_mixin.py:137} INFO - [2025-03-23T22:49:24.947+0000] {dagbag.py:538} INFO - Filling up the DagBag from /home/airflow/.local/lib/python3.7/site-packages/airflow/example_dags/example_short_circuit_operator.py
[2025-03-23T22:49:24.963+0000] {processor.py:753} INFO - DAG(s) dict_keys(['example_short_circuit_operator']) retrieved from /home/airflow/.local/lib/python3.7/site-packages/airflow/example_dags/example_short_circuit_operator.py
[2025-03-23T22:49:25.017+0000] {logging_mixin.py:137} INFO - [2025-03-23T22:49:25.017+0000] {dag.py:2676} INFO - Sync 1 DAGs
[2025-03-23T22:49:25.050+0000] {logging_mixin.py:137} INFO - [2025-03-23T22:49:25.049+0000] {dag.py:3427} INFO - Setting next_dagrun for example_short_circuit_operator to 2025-03-22T22:49:25.049651+00:00, run_after=2025-03-23T22:49:25.049651+00:00
[2025-03-23T22:49:25.080+0000] {processor.py:175} INFO - Processing /home/airflow/.local/lib/python3.7/site-packages/airflow/example_dags/example_short_circuit_operator.py took 0.140 seconds
[2025-03-23T22:49:56.063+0000] {processor.py:153} INFO - Started process (PID=393) to work on /home/airflow/.local/lib/python3.7/site-packages/airflow/example_dags/example_short_circuit_operator.py
[2025-03-23T22:49:56.063+0000] {processor.py:743} INFO - Processing file /home/airflow/.local/lib/python3.7/site-packages/airflow/example_dags/example_short_circuit_operator.py for tasks to queue
[2025-03-23T22:49:56.064+0000] {logging_mixin.py:137} INFO - [2025-03-23T22:49:56.064+0000] {dagbag.py:538} INFO - Filling up the DagBag from /home/airflow/.local/lib/python3.7/site-packages/airflow/example_dags/example_short_circuit_operator.py
[2025-03-23T22:49:56.085+0000] {processor.py:753} INFO - DAG(s) dict_keys(['example_short_circuit_operator']) retrieved from /home/airflow/.local/lib/python3.7/site-packages/airflow/example_dags/example_short_circuit_operator.py
[2025-03-23T22:49:56.145+0000] {logging_mixin.py:137} INFO - [2025-03-23T22:49:56.145+0000] {dag.py:2676} INFO - Sync 1 DAGs
[2025-03-23T22:49:56.194+0000] {logging_mixin.py:137} INFO - [2025-03-23T22:49:56.194+0000] {dag.py:3427} INFO - Setting next_dagrun for example_short_circuit_operator to 2025-03-22T22:49:56.194176+00:00, run_after=2025-03-23T22:49:56.194176+00:00
[2025-03-23T22:49:56.237+0000] {processor.py:175} INFO - Processing /home/airflow/.local/lib/python3.7/site-packages/airflow/example_dags/example_short_circuit_operator.py took 0.179 seconds
[2025-03-23T22:59:22.452+0000] {processor.py:153} INFO - Started process (PID=81) to work on /home/airflow/.local/lib/python3.7/site-packages/airflow/example_dags/example_short_circuit_operator.py
[2025-03-23T22:59:22.454+0000] {processor.py:743} INFO - Processing file /home/airflow/.local/lib/python3.7/site-packages/airflow/example_dags/example_short_circuit_operator.py for tasks to queue
[2025-03-23T22:59:22.456+0000] {logging_mixin.py:137} INFO - [2025-03-23T22:59:22.455+0000] {dagbag.py:538} INFO - Filling up the DagBag from /home/airflow/.local/lib/python3.7/site-packages/airflow/example_dags/example_short_circuit_operator.py
[2025-03-23T22:59:22.482+0000] {processor.py:753} INFO - DAG(s) dict_keys(['example_short_circuit_operator']) retrieved from /home/airflow/.local/lib/python3.7/site-packages/airflow/example_dags/example_short_circuit_operator.py
[2025-03-23T22:59:22.661+0000] {logging_mixin.py:137} INFO - [2025-03-23T22:59:22.660+0000] {manager.py:504} INFO - Created Permission View: can read on DAG:example_short_circuit_operator
[2025-03-23T22:59:22.671+0000] {logging_mixin.py:137} INFO - [2025-03-23T22:59:22.671+0000] {manager.py:504} INFO - Created Permission View: can delete on DAG:example_short_circuit_operator
[2025-03-23T22:59:22.679+0000] {logging_mixin.py:137} INFO - [2025-03-23T22:59:22.679+0000] {manager.py:504} INFO - Created Permission View: can edit on DAG:example_short_circuit_operator
[2025-03-23T22:59:22.679+0000] {logging_mixin.py:137} INFO - [2025-03-23T22:59:22.679+0000] {dag.py:2676} INFO - Sync 1 DAGs
[2025-03-23T22:59:22.695+0000] {logging_mixin.py:137} INFO - [2025-03-23T22:59:22.695+0000] {dag.py:2697} INFO - Creating ORM DAG for example_short_circuit_operator
[2025-03-23T22:59:22.707+0000] {logging_mixin.py:137} INFO - [2025-03-23T22:59:22.707+0000] {dag.py:3427} INFO - Setting next_dagrun for example_short_circuit_operator to 2025-03-22T22:59:22.707497+00:00, run_after=2025-03-23T22:59:22.707497+00:00
[2025-03-23T22:59:22.729+0000] {processor.py:175} INFO - Processing /home/airflow/.local/lib/python3.7/site-packages/airflow/example_dags/example_short_circuit_operator.py took 0.281 seconds
[2025-03-23T22:59:53.494+0000] {processor.py:153} INFO - Started process (PID=161) to work on /home/airflow/.local/lib/python3.7/site-packages/airflow/example_dags/example_short_circuit_operator.py
[2025-03-23T22:59:53.496+0000] {processor.py:743} INFO - Processing file /home/airflow/.local/lib/python3.7/site-packages/airflow/example_dags/example_short_circuit_operator.py for tasks to queue
[2025-03-23T22:59:53.496+0000] {logging_mixin.py:137} INFO - [2025-03-23T22:59:53.496+0000] {dagbag.py:538} INFO - Filling up the DagBag from /home/airflow/.local/lib/python3.7/site-packages/airflow/example_dags/example_short_circuit_operator.py
[2025-03-23T22:59:53.515+0000] {processor.py:753} INFO - DAG(s) dict_keys(['example_short_circuit_operator']) retrieved from /home/airflow/.local/lib/python3.7/site-packages/airflow/example_dags/example_short_circuit_operator.py
[2025-03-23T22:59:53.559+0000] {logging_mixin.py:137} INFO - [2025-03-23T22:59:53.559+0000] {dag.py:2676} INFO - Sync 1 DAGs
[2025-03-23T22:59:53.590+0000] {logging_mixin.py:137} INFO - [2025-03-23T22:59:53.590+0000] {dag.py:3427} INFO - Setting next_dagrun for example_short_circuit_operator to 2025-03-22T22:59:53.590233+00:00, run_after=2025-03-23T22:59:53.590233+00:00
[2025-03-23T22:59:53.614+0000] {processor.py:175} INFO - Processing /home/airflow/.local/lib/python3.7/site-packages/airflow/example_dags/example_short_circuit_operator.py took 0.124 seconds
[2025-03-23T23:00:24.018+0000] {processor.py:153} INFO - Started process (PID=238) to work on /home/airflow/.local/lib/python3.7/site-packages/airflow/example_dags/example_short_circuit_operator.py
[2025-03-23T23:00:24.019+0000] {processor.py:743} INFO - Processing file /home/airflow/.local/lib/python3.7/site-packages/airflow/example_dags/example_short_circuit_operator.py for tasks to queue
[2025-03-23T23:00:24.020+0000] {logging_mixin.py:137} INFO - [2025-03-23T23:00:24.020+0000] {dagbag.py:538} INFO - Filling up the DagBag from /home/airflow/.local/lib/python3.7/site-packages/airflow/example_dags/example_short_circuit_operator.py
[2025-03-23T23:00:24.064+0000] {processor.py:753} INFO - DAG(s) dict_keys(['example_short_circuit_operator']) retrieved from /home/airflow/.local/lib/python3.7/site-packages/airflow/example_dags/example_short_circuit_operator.py
[2025-03-23T23:00:24.117+0000] {logging_mixin.py:137} INFO - [2025-03-23T23:00:24.117+0000] {dag.py:2676} INFO - Sync 1 DAGs
[2025-03-23T23:00:24.145+0000] {logging_mixin.py:137} INFO - [2025-03-23T23:00:24.145+0000] {dag.py:3427} INFO - Setting next_dagrun for example_short_circuit_operator to 2025-03-22T23:00:24.145146+00:00, run_after=2025-03-23T23:00:24.145146+00:00
[2025-03-23T23:00:24.174+0000] {processor.py:175} INFO - Processing /home/airflow/.local/lib/python3.7/site-packages/airflow/example_dags/example_short_circuit_operator.py took 0.161 seconds
[2025-03-23T23:00:54.468+0000] {processor.py:153} INFO - Started process (PID=308) to work on /home/airflow/.local/lib/python3.7/site-packages/airflow/example_dags/example_short_circuit_operator.py
[2025-03-23T23:00:54.468+0000] {processor.py:743} INFO - Processing file /home/airflow/.local/lib/python3.7/site-packages/airflow/example_dags/example_short_circuit_operator.py for tasks to queue
[2025-03-23T23:00:54.469+0000] {logging_mixin.py:137} INFO - [2025-03-23T23:00:54.469+0000] {dagbag.py:538} INFO - Filling up the DagBag from /home/airflow/.local/lib/python3.7/site-packages/airflow/example_dags/example_short_circuit_operator.py
[2025-03-23T23:00:54.484+0000] {processor.py:753} INFO - DAG(s) dict_keys(['example_short_circuit_operator']) retrieved from /home/airflow/.local/lib/python3.7/site-packages/airflow/example_dags/example_short_circuit_operator.py
[2025-03-23T23:00:54.522+0000] {logging_mixin.py:137} INFO - [2025-03-23T23:00:54.521+0000] {dag.py:2676} INFO - Sync 1 DAGs
[2025-03-23T23:00:54.563+0000] {logging_mixin.py:137} INFO - [2025-03-23T23:00:54.563+0000] {dag.py:3427} INFO - Setting next_dagrun for example_short_circuit_operator to 2025-03-22T23:00:54.562635+00:00, run_after=2025-03-23T23:00:54.562635+00:00
[2025-03-23T23:00:54.588+0000] {processor.py:175} INFO - Processing /home/airflow/.local/lib/python3.7/site-packages/airflow/example_dags/example_short_circuit_operator.py took 0.124 seconds
