[2025-03-23T22:47:51.254+0000] {processor.py:153} INFO - Started process (PID=72) to work on /home/airflow/.local/lib/python3.7/site-packages/airflow/example_dags/example_branch_datetime_operator.py
[2025-03-23T22:47:51.255+0000] {processor.py:743} INFO - Processing file /home/airflow/.local/lib/python3.7/site-packages/airflow/example_dags/example_branch_datetime_operator.py for tasks to queue
[2025-03-23T22:47:51.255+0000] {logging_mixin.py:137} INFO - [2025-03-23T22:47:51.255+0000] {dagbag.py:538} INFO - Filling up the DagBag from /home/airflow/.local/lib/python3.7/site-packages/airflow/example_dags/example_branch_datetime_operator.py
[2025-03-23T22:47:51.282+0000] {processor.py:753} INFO - DAG(s) dict_keys(['example_branch_datetime_operator_3', 'example_branch_datetime_operator', 'example_branch_datetime_operator_2']) retrieved from /home/airflow/.local/lib/python3.7/site-packages/airflow/example_dags/example_branch_datetime_operator.py
[2025-03-23T22:47:51.457+0000] {logging_mixin.py:137} INFO - [2025-03-23T22:47:51.456+0000] {manager.py:504} INFO - Created Permission View: can edit on DAG:example_branch_datetime_operator_3
[2025-03-23T22:47:51.470+0000] {logging_mixin.py:137} INFO - [2025-03-23T22:47:51.470+0000] {manager.py:504} INFO - Created Permission View: can delete on DAG:example_branch_datetime_operator_3
[2025-03-23T22:47:51.476+0000] {logging_mixin.py:137} INFO - [2025-03-23T22:47:51.476+0000] {manager.py:504} INFO - Created Permission View: can read on DAG:example_branch_datetime_operator_3
[2025-03-23T22:47:51.490+0000] {logging_mixin.py:137} INFO - [2025-03-23T22:47:51.490+0000] {manager.py:504} INFO - Created Permission View: can edit on DAG:example_branch_datetime_operator
[2025-03-23T22:47:51.500+0000] {logging_mixin.py:137} INFO - [2025-03-23T22:47:51.500+0000] {manager.py:504} INFO - Created Permission View: can delete on DAG:example_branch_datetime_operator
[2025-03-23T22:47:51.507+0000] {logging_mixin.py:137} INFO - [2025-03-23T22:47:51.507+0000] {manager.py:504} INFO - Created Permission View: can read on DAG:example_branch_datetime_operator
[2025-03-23T22:47:51.522+0000] {logging_mixin.py:137} INFO - [2025-03-23T22:47:51.522+0000] {manager.py:504} INFO - Created Permission View: can edit on DAG:example_branch_datetime_operator_2
[2025-03-23T22:47:51.534+0000] {logging_mixin.py:137} INFO - [2025-03-23T22:47:51.533+0000] {manager.py:504} INFO - Created Permission View: can delete on DAG:example_branch_datetime_operator_2
[2025-03-23T22:47:51.548+0000] {logging_mixin.py:137} INFO - [2025-03-23T22:47:51.548+0000] {manager.py:504} INFO - Created Permission View: can read on DAG:example_branch_datetime_operator_2
[2025-03-23T22:47:51.548+0000] {logging_mixin.py:137} INFO - [2025-03-23T22:47:51.548+0000] {dag.py:2676} INFO - Sync 3 DAGs
[2025-03-23T22:47:51.570+0000] {logging_mixin.py:137} INFO - [2025-03-23T22:47:51.569+0000] {dag.py:2697} INFO - Creating ORM DAG for example_branch_datetime_operator
[2025-03-23T22:47:51.570+0000] {logging_mixin.py:137} INFO - [2025-03-23T22:47:51.570+0000] {dag.py:2697} INFO - Creating ORM DAG for example_branch_datetime_operator_2
[2025-03-23T22:47:51.571+0000] {logging_mixin.py:137} INFO - [2025-03-23T22:47:51.571+0000] {dag.py:2697} INFO - Creating ORM DAG for example_branch_datetime_operator_3
[2025-03-23T22:47:51.588+0000] {logging_mixin.py:137} INFO - [2025-03-23T22:47:51.588+0000] {dag.py:3427} INFO - Setting next_dagrun for example_branch_datetime_operator to 2025-03-22T00:00:00+00:00, run_after=2025-03-23T00:00:00+00:00
[2025-03-23T22:47:51.590+0000] {logging_mixin.py:137} INFO - [2025-03-23T22:47:51.590+0000] {dag.py:3427} INFO - Setting next_dagrun for example_branch_datetime_operator_2 to 2025-03-22T00:00:00+00:00, run_after=2025-03-23T00:00:00+00:00
[2025-03-23T22:47:51.594+0000] {logging_mixin.py:137} INFO - [2025-03-23T22:47:51.593+0000] {dag.py:3427} INFO - Setting next_dagrun for example_branch_datetime_operator_3 to 2025-03-22T00:00:00+00:00, run_after=2025-03-23T00:00:00+00:00
[2025-03-23T22:47:51.633+0000] {processor.py:175} INFO - Processing /home/airflow/.local/lib/python3.7/site-packages/airflow/example_dags/example_branch_datetime_operator.py took 0.382 seconds
[2025-03-23T22:48:21.771+0000] {processor.py:153} INFO - Started process (PID=142) to work on /home/airflow/.local/lib/python3.7/site-packages/airflow/example_dags/example_branch_datetime_operator.py
[2025-03-23T22:48:21.772+0000] {processor.py:743} INFO - Processing file /home/airflow/.local/lib/python3.7/site-packages/airflow/example_dags/example_branch_datetime_operator.py for tasks to queue
[2025-03-23T22:48:21.772+0000] {logging_mixin.py:137} INFO - [2025-03-23T22:48:21.772+0000] {dagbag.py:538} INFO - Filling up the DagBag from /home/airflow/.local/lib/python3.7/site-packages/airflow/example_dags/example_branch_datetime_operator.py
[2025-03-23T22:48:21.794+0000] {processor.py:753} INFO - DAG(s) dict_keys(['example_branch_datetime_operator', 'example_branch_datetime_operator_3', 'example_branch_datetime_operator_2']) retrieved from /home/airflow/.local/lib/python3.7/site-packages/airflow/example_dags/example_branch_datetime_operator.py
[2025-03-23T22:48:21.858+0000] {logging_mixin.py:137} INFO - [2025-03-23T22:48:21.858+0000] {dag.py:2676} INFO - Sync 3 DAGs
[2025-03-23T22:48:21.905+0000] {logging_mixin.py:137} INFO - [2025-03-23T22:48:21.905+0000] {dag.py:3427} INFO - Setting next_dagrun for example_branch_datetime_operator to 2025-03-22T00:00:00+00:00, run_after=2025-03-23T00:00:00+00:00
[2025-03-23T22:48:21.911+0000] {logging_mixin.py:137} INFO - [2025-03-23T22:48:21.910+0000] {dag.py:3427} INFO - Setting next_dagrun for example_branch_datetime_operator_2 to 2025-03-22T00:00:00+00:00, run_after=2025-03-23T00:00:00+00:00
[2025-03-23T22:48:21.914+0000] {logging_mixin.py:137} INFO - [2025-03-23T22:48:21.913+0000] {dag.py:3427} INFO - Setting next_dagrun for example_branch_datetime_operator_3 to 2025-03-22T00:00:00+00:00, run_after=2025-03-23T00:00:00+00:00
[2025-03-23T22:48:21.942+0000] {processor.py:175} INFO - Processing /home/airflow/.local/lib/python3.7/site-packages/airflow/example_dags/example_branch_datetime_operator.py took 0.177 seconds
[2025-03-23T22:48:52.423+0000] {processor.py:153} INFO - Started process (PID=228) to work on /home/airflow/.local/lib/python3.7/site-packages/airflow/example_dags/example_branch_datetime_operator.py
[2025-03-23T22:48:52.424+0000] {processor.py:743} INFO - Processing file /home/airflow/.local/lib/python3.7/site-packages/airflow/example_dags/example_branch_datetime_operator.py for tasks to queue
[2025-03-23T22:48:52.425+0000] {logging_mixin.py:137} INFO - [2025-03-23T22:48:52.425+0000] {dagbag.py:538} INFO - Filling up the DagBag from /home/airflow/.local/lib/python3.7/site-packages/airflow/example_dags/example_branch_datetime_operator.py
[2025-03-23T22:48:52.447+0000] {processor.py:753} INFO - DAG(s) dict_keys(['example_branch_datetime_operator_2', 'example_branch_datetime_operator_3', 'example_branch_datetime_operator']) retrieved from /home/airflow/.local/lib/python3.7/site-packages/airflow/example_dags/example_branch_datetime_operator.py
[2025-03-23T22:48:52.504+0000] {logging_mixin.py:137} INFO - [2025-03-23T22:48:52.504+0000] {dag.py:2676} INFO - Sync 3 DAGs
[2025-03-23T22:48:52.544+0000] {logging_mixin.py:137} INFO - [2025-03-23T22:48:52.544+0000] {dag.py:3427} INFO - Setting next_dagrun for example_branch_datetime_operator to 2025-03-22T00:00:00+00:00, run_after=2025-03-23T00:00:00+00:00
[2025-03-23T22:48:52.550+0000] {logging_mixin.py:137} INFO - [2025-03-23T22:48:52.550+0000] {dag.py:3427} INFO - Setting next_dagrun for example_branch_datetime_operator_2 to 2025-03-22T00:00:00+00:00, run_after=2025-03-23T00:00:00+00:00
[2025-03-23T22:48:52.554+0000] {logging_mixin.py:137} INFO - [2025-03-23T22:48:52.554+0000] {dag.py:3427} INFO - Setting next_dagrun for example_branch_datetime_operator_3 to 2025-03-22T00:00:00+00:00, run_after=2025-03-23T00:00:00+00:00
[2025-03-23T22:48:52.575+0000] {processor.py:175} INFO - Processing /home/airflow/.local/lib/python3.7/site-packages/airflow/example_dags/example_branch_datetime_operator.py took 0.156 seconds
[2025-03-23T22:49:22.782+0000] {processor.py:153} INFO - Started process (PID=298) to work on /home/airflow/.local/lib/python3.7/site-packages/airflow/example_dags/example_branch_datetime_operator.py
[2025-03-23T22:49:22.783+0000] {processor.py:743} INFO - Processing file /home/airflow/.local/lib/python3.7/site-packages/airflow/example_dags/example_branch_datetime_operator.py for tasks to queue
[2025-03-23T22:49:22.784+0000] {logging_mixin.py:137} INFO - [2025-03-23T22:49:22.784+0000] {dagbag.py:538} INFO - Filling up the DagBag from /home/airflow/.local/lib/python3.7/site-packages/airflow/example_dags/example_branch_datetime_operator.py
[2025-03-23T22:49:22.811+0000] {processor.py:753} INFO - DAG(s) dict_keys(['example_branch_datetime_operator_2', 'example_branch_datetime_operator', 'example_branch_datetime_operator_3']) retrieved from /home/airflow/.local/lib/python3.7/site-packages/airflow/example_dags/example_branch_datetime_operator.py
[2025-03-23T22:49:22.864+0000] {logging_mixin.py:137} INFO - [2025-03-23T22:49:22.864+0000] {dag.py:2676} INFO - Sync 3 DAGs
[2025-03-23T22:49:22.933+0000] {logging_mixin.py:137} INFO - [2025-03-23T22:49:22.933+0000] {dag.py:3427} INFO - Setting next_dagrun for example_branch_datetime_operator to 2025-03-22T00:00:00+00:00, run_after=2025-03-23T00:00:00+00:00
[2025-03-23T22:49:22.941+0000] {logging_mixin.py:137} INFO - [2025-03-23T22:49:22.941+0000] {dag.py:3427} INFO - Setting next_dagrun for example_branch_datetime_operator_2 to 2025-03-22T00:00:00+00:00, run_after=2025-03-23T00:00:00+00:00
[2025-03-23T22:49:22.946+0000] {logging_mixin.py:137} INFO - [2025-03-23T22:49:22.946+0000] {dag.py:3427} INFO - Setting next_dagrun for example_branch_datetime_operator_3 to 2025-03-22T00:00:00+00:00, run_after=2025-03-23T00:00:00+00:00
[2025-03-23T22:49:22.968+0000] {processor.py:175} INFO - Processing /home/airflow/.local/lib/python3.7/site-packages/airflow/example_dags/example_branch_datetime_operator.py took 0.190 seconds
[2025-03-23T22:49:53.125+0000] {processor.py:153} INFO - Started process (PID=377) to work on /home/airflow/.local/lib/python3.7/site-packages/airflow/example_dags/example_branch_datetime_operator.py
[2025-03-23T22:49:53.125+0000] {processor.py:743} INFO - Processing file /home/airflow/.local/lib/python3.7/site-packages/airflow/example_dags/example_branch_datetime_operator.py for tasks to queue
[2025-03-23T22:49:53.126+0000] {logging_mixin.py:137} INFO - [2025-03-23T22:49:53.126+0000] {dagbag.py:538} INFO - Filling up the DagBag from /home/airflow/.local/lib/python3.7/site-packages/airflow/example_dags/example_branch_datetime_operator.py
[2025-03-23T22:49:53.155+0000] {processor.py:753} INFO - DAG(s) dict_keys(['example_branch_datetime_operator_2', 'example_branch_datetime_operator_3', 'example_branch_datetime_operator']) retrieved from /home/airflow/.local/lib/python3.7/site-packages/airflow/example_dags/example_branch_datetime_operator.py
[2025-03-23T22:49:53.212+0000] {logging_mixin.py:137} INFO - [2025-03-23T22:49:53.212+0000] {dag.py:2676} INFO - Sync 3 DAGs
[2025-03-23T22:49:53.253+0000] {logging_mixin.py:137} INFO - [2025-03-23T22:49:53.253+0000] {dag.py:3427} INFO - Setting next_dagrun for example_branch_datetime_operator to 2025-03-22T00:00:00+00:00, run_after=2025-03-23T00:00:00+00:00
[2025-03-23T22:49:53.258+0000] {logging_mixin.py:137} INFO - [2025-03-23T22:49:53.258+0000] {dag.py:3427} INFO - Setting next_dagrun for example_branch_datetime_operator_2 to 2025-03-22T00:00:00+00:00, run_after=2025-03-23T00:00:00+00:00
[2025-03-23T22:49:53.264+0000] {logging_mixin.py:137} INFO - [2025-03-23T22:49:53.264+0000] {dag.py:3427} INFO - Setting next_dagrun for example_branch_datetime_operator_3 to 2025-03-22T00:00:00+00:00, run_after=2025-03-23T00:00:00+00:00
[2025-03-23T22:49:53.301+0000] {processor.py:175} INFO - Processing /home/airflow/.local/lib/python3.7/site-packages/airflow/example_dags/example_branch_datetime_operator.py took 0.179 seconds
[2025-03-23T22:59:20.660+0000] {processor.py:153} INFO - Started process (PID=72) to work on /home/airflow/.local/lib/python3.7/site-packages/airflow/example_dags/example_branch_datetime_operator.py
[2025-03-23T22:59:20.661+0000] {processor.py:743} INFO - Processing file /home/airflow/.local/lib/python3.7/site-packages/airflow/example_dags/example_branch_datetime_operator.py for tasks to queue
[2025-03-23T22:59:20.661+0000] {logging_mixin.py:137} INFO - [2025-03-23T22:59:20.661+0000] {dagbag.py:538} INFO - Filling up the DagBag from /home/airflow/.local/lib/python3.7/site-packages/airflow/example_dags/example_branch_datetime_operator.py
[2025-03-23T22:59:20.689+0000] {processor.py:753} INFO - DAG(s) dict_keys(['example_branch_datetime_operator', 'example_branch_datetime_operator_3', 'example_branch_datetime_operator_2']) retrieved from /home/airflow/.local/lib/python3.7/site-packages/airflow/example_dags/example_branch_datetime_operator.py
[2025-03-23T22:59:20.834+0000] {logging_mixin.py:137} INFO - [2025-03-23T22:59:20.834+0000] {manager.py:504} INFO - Created Permission View: can read on DAG:example_branch_datetime_operator
[2025-03-23T22:59:20.849+0000] {logging_mixin.py:137} INFO - [2025-03-23T22:59:20.849+0000] {manager.py:504} INFO - Created Permission View: can delete on DAG:example_branch_datetime_operator
[2025-03-23T22:59:20.862+0000] {logging_mixin.py:137} INFO - [2025-03-23T22:59:20.862+0000] {manager.py:504} INFO - Created Permission View: can edit on DAG:example_branch_datetime_operator
[2025-03-23T22:59:20.880+0000] {logging_mixin.py:137} INFO - [2025-03-23T22:59:20.879+0000] {manager.py:504} INFO - Created Permission View: can read on DAG:example_branch_datetime_operator_3
[2025-03-23T22:59:20.888+0000] {logging_mixin.py:137} INFO - [2025-03-23T22:59:20.887+0000] {manager.py:504} INFO - Created Permission View: can delete on DAG:example_branch_datetime_operator_3
[2025-03-23T22:59:20.900+0000] {logging_mixin.py:137} INFO - [2025-03-23T22:59:20.900+0000] {manager.py:504} INFO - Created Permission View: can edit on DAG:example_branch_datetime_operator_3
[2025-03-23T22:59:20.918+0000] {logging_mixin.py:137} INFO - [2025-03-23T22:59:20.918+0000] {manager.py:504} INFO - Created Permission View: can read on DAG:example_branch_datetime_operator_2
[2025-03-23T22:59:20.933+0000] {logging_mixin.py:137} INFO - [2025-03-23T22:59:20.932+0000] {manager.py:504} INFO - Created Permission View: can delete on DAG:example_branch_datetime_operator_2
[2025-03-23T22:59:20.945+0000] {logging_mixin.py:137} INFO - [2025-03-23T22:59:20.944+0000] {manager.py:504} INFO - Created Permission View: can edit on DAG:example_branch_datetime_operator_2
[2025-03-23T22:59:20.945+0000] {logging_mixin.py:137} INFO - [2025-03-23T22:59:20.945+0000] {dag.py:2676} INFO - Sync 3 DAGs
[2025-03-23T22:59:20.964+0000] {logging_mixin.py:137} INFO - [2025-03-23T22:59:20.963+0000] {dag.py:2697} INFO - Creating ORM DAG for example_branch_datetime_operator
[2025-03-23T22:59:20.964+0000] {logging_mixin.py:137} INFO - [2025-03-23T22:59:20.964+0000] {dag.py:2697} INFO - Creating ORM DAG for example_branch_datetime_operator_2
[2025-03-23T22:59:20.965+0000] {logging_mixin.py:137} INFO - [2025-03-23T22:59:20.965+0000] {dag.py:2697} INFO - Creating ORM DAG for example_branch_datetime_operator_3
[2025-03-23T22:59:20.982+0000] {logging_mixin.py:137} INFO - [2025-03-23T22:59:20.982+0000] {dag.py:3427} INFO - Setting next_dagrun for example_branch_datetime_operator to 2025-03-22T00:00:00+00:00, run_after=2025-03-23T00:00:00+00:00
[2025-03-23T22:59:20.985+0000] {logging_mixin.py:137} INFO - [2025-03-23T22:59:20.984+0000] {dag.py:3427} INFO - Setting next_dagrun for example_branch_datetime_operator_2 to 2025-03-22T00:00:00+00:00, run_after=2025-03-23T00:00:00+00:00
[2025-03-23T22:59:20.989+0000] {logging_mixin.py:137} INFO - [2025-03-23T22:59:20.988+0000] {dag.py:3427} INFO - Setting next_dagrun for example_branch_datetime_operator_3 to 2025-03-22T00:00:00+00:00, run_after=2025-03-23T00:00:00+00:00
[2025-03-23T22:59:21.023+0000] {processor.py:175} INFO - Processing /home/airflow/.local/lib/python3.7/site-packages/airflow/example_dags/example_branch_datetime_operator.py took 0.366 seconds
[2025-03-23T22:59:51.268+0000] {processor.py:153} INFO - Started process (PID=142) to work on /home/airflow/.local/lib/python3.7/site-packages/airflow/example_dags/example_branch_datetime_operator.py
[2025-03-23T22:59:51.269+0000] {processor.py:743} INFO - Processing file /home/airflow/.local/lib/python3.7/site-packages/airflow/example_dags/example_branch_datetime_operator.py for tasks to queue
[2025-03-23T22:59:51.270+0000] {logging_mixin.py:137} INFO - [2025-03-23T22:59:51.270+0000] {dagbag.py:538} INFO - Filling up the DagBag from /home/airflow/.local/lib/python3.7/site-packages/airflow/example_dags/example_branch_datetime_operator.py
[2025-03-23T22:59:51.301+0000] {processor.py:753} INFO - DAG(s) dict_keys(['example_branch_datetime_operator', 'example_branch_datetime_operator_2', 'example_branch_datetime_operator_3']) retrieved from /home/airflow/.local/lib/python3.7/site-packages/airflow/example_dags/example_branch_datetime_operator.py
[2025-03-23T22:59:51.360+0000] {logging_mixin.py:137} INFO - [2025-03-23T22:59:51.360+0000] {dag.py:2676} INFO - Sync 3 DAGs
[2025-03-23T22:59:51.409+0000] {logging_mixin.py:137} INFO - [2025-03-23T22:59:51.409+0000] {dag.py:3427} INFO - Setting next_dagrun for example_branch_datetime_operator to 2025-03-22T00:00:00+00:00, run_after=2025-03-23T00:00:00+00:00
[2025-03-23T22:59:51.421+0000] {logging_mixin.py:137} INFO - [2025-03-23T22:59:51.420+0000] {dag.py:3427} INFO - Setting next_dagrun for example_branch_datetime_operator_2 to 2025-03-22T00:00:00+00:00, run_after=2025-03-23T00:00:00+00:00
[2025-03-23T22:59:51.426+0000] {logging_mixin.py:137} INFO - [2025-03-23T22:59:51.425+0000] {dag.py:3427} INFO - Setting next_dagrun for example_branch_datetime_operator_3 to 2025-03-22T00:00:00+00:00, run_after=2025-03-23T00:00:00+00:00
[2025-03-23T22:59:51.451+0000] {processor.py:175} INFO - Processing /home/airflow/.local/lib/python3.7/site-packages/airflow/example_dags/example_branch_datetime_operator.py took 0.188 seconds
[2025-03-23T23:00:21.742+0000] {processor.py:153} INFO - Started process (PID=229) to work on /home/airflow/.local/lib/python3.7/site-packages/airflow/example_dags/example_branch_datetime_operator.py
[2025-03-23T23:00:21.743+0000] {processor.py:743} INFO - Processing file /home/airflow/.local/lib/python3.7/site-packages/airflow/example_dags/example_branch_datetime_operator.py for tasks to queue
[2025-03-23T23:00:21.744+0000] {logging_mixin.py:137} INFO - [2025-03-23T23:00:21.744+0000] {dagbag.py:538} INFO - Filling up the DagBag from /home/airflow/.local/lib/python3.7/site-packages/airflow/example_dags/example_branch_datetime_operator.py
[2025-03-23T23:00:21.765+0000] {processor.py:753} INFO - DAG(s) dict_keys(['example_branch_datetime_operator_3', 'example_branch_datetime_operator', 'example_branch_datetime_operator_2']) retrieved from /home/airflow/.local/lib/python3.7/site-packages/airflow/example_dags/example_branch_datetime_operator.py
[2025-03-23T23:00:21.818+0000] {logging_mixin.py:137} INFO - [2025-03-23T23:00:21.817+0000] {dag.py:2676} INFO - Sync 3 DAGs
[2025-03-23T23:00:21.852+0000] {logging_mixin.py:137} INFO - [2025-03-23T23:00:21.852+0000] {dag.py:3427} INFO - Setting next_dagrun for example_branch_datetime_operator to 2025-03-22T00:00:00+00:00, run_after=2025-03-23T00:00:00+00:00
[2025-03-23T23:00:21.859+0000] {logging_mixin.py:137} INFO - [2025-03-23T23:00:21.859+0000] {dag.py:3427} INFO - Setting next_dagrun for example_branch_datetime_operator_2 to 2025-03-22T00:00:00+00:00, run_after=2025-03-23T00:00:00+00:00
[2025-03-23T23:00:21.864+0000] {logging_mixin.py:137} INFO - [2025-03-23T23:00:21.863+0000] {dag.py:3427} INFO - Setting next_dagrun for example_branch_datetime_operator_3 to 2025-03-22T00:00:00+00:00, run_after=2025-03-23T00:00:00+00:00
[2025-03-23T23:00:21.913+0000] {processor.py:175} INFO - Processing /home/airflow/.local/lib/python3.7/site-packages/airflow/example_dags/example_branch_datetime_operator.py took 0.174 seconds
[2025-03-23T23:00:52.411+0000] {processor.py:153} INFO - Started process (PID=299) to work on /home/airflow/.local/lib/python3.7/site-packages/airflow/example_dags/example_branch_datetime_operator.py
[2025-03-23T23:00:52.412+0000] {processor.py:743} INFO - Processing file /home/airflow/.local/lib/python3.7/site-packages/airflow/example_dags/example_branch_datetime_operator.py for tasks to queue
[2025-03-23T23:00:52.413+0000] {logging_mixin.py:137} INFO - [2025-03-23T23:00:52.413+0000] {dagbag.py:538} INFO - Filling up the DagBag from /home/airflow/.local/lib/python3.7/site-packages/airflow/example_dags/example_branch_datetime_operator.py
[2025-03-23T23:00:52.434+0000] {processor.py:753} INFO - DAG(s) dict_keys(['example_branch_datetime_operator_2', 'example_branch_datetime_operator_3', 'example_branch_datetime_operator']) retrieved from /home/airflow/.local/lib/python3.7/site-packages/airflow/example_dags/example_branch_datetime_operator.py
[2025-03-23T23:00:52.493+0000] {logging_mixin.py:137} INFO - [2025-03-23T23:00:52.493+0000] {dag.py:2676} INFO - Sync 3 DAGs
[2025-03-23T23:00:52.522+0000] {logging_mixin.py:137} INFO - [2025-03-23T23:00:52.522+0000] {dag.py:3427} INFO - Setting next_dagrun for example_branch_datetime_operator to 2025-03-22T00:00:00+00:00, run_after=2025-03-23T00:00:00+00:00
[2025-03-23T23:00:52.528+0000] {logging_mixin.py:137} INFO - [2025-03-23T23:00:52.527+0000] {dag.py:3427} INFO - Setting next_dagrun for example_branch_datetime_operator_2 to 2025-03-22T00:00:00+00:00, run_after=2025-03-23T00:00:00+00:00
[2025-03-23T23:00:52.530+0000] {logging_mixin.py:137} INFO - [2025-03-23T23:00:52.530+0000] {dag.py:3427} INFO - Setting next_dagrun for example_branch_datetime_operator_3 to 2025-03-22T00:00:00+00:00, run_after=2025-03-23T00:00:00+00:00
[2025-03-23T23:00:52.549+0000] {processor.py:175} INFO - Processing /home/airflow/.local/lib/python3.7/site-packages/airflow/example_dags/example_branch_datetime_operator.py took 0.145 seconds
