[2025-03-23T22:47:52.372+0000] {processor.py:153} INFO - Started process (PID=78) to work on /home/airflow/.local/lib/python3.7/site-packages/airflow/example_dags/example_dag_decorator.py
[2025-03-23T22:47:52.373+0000] {processor.py:743} INFO - Processing file /home/airflow/.local/lib/python3.7/site-packages/airflow/example_dags/example_dag_decorator.py for tasks to queue
[2025-03-23T22:47:52.374+0000] {logging_mixin.py:137} INFO - [2025-03-23T22:47:52.374+0000] {dagbag.py:538} INFO - Filling up the DagBag from /home/airflow/.local/lib/python3.7/site-packages/airflow/example_dags/example_dag_decorator.py
[2025-03-23T22:47:52.397+0000] {logging_mixin.py:137} INFO - [2025-03-23T22:47:52.397+0000] {taskmixin.py:205} WARNING - Dependency <Task(_PythonDecoratedOperator): prepare_email>, send_email already registered for DAG: example_dag_decorator
[2025-03-23T22:47:52.398+0000] {logging_mixin.py:137} INFO - [2025-03-23T22:47:52.397+0000] {taskmixin.py:205} WARNING - Dependency <Task(EmailOperator): send_email>, prepare_email already registered for DAG: example_dag_decorator
[2025-03-23T22:47:52.419+0000] {processor.py:753} INFO - DAG(s) dict_keys(['example_dag_decorator']) retrieved from /home/airflow/.local/lib/python3.7/site-packages/airflow/example_dags/example_dag_decorator.py
[2025-03-23T22:47:52.605+0000] {logging_mixin.py:137} INFO - [2025-03-23T22:47:52.604+0000] {manager.py:504} INFO - Created Permission View: can edit on DAG:example_dag_decorator
[2025-03-23T22:47:52.616+0000] {logging_mixin.py:137} INFO - [2025-03-23T22:47:52.616+0000] {manager.py:504} INFO - Created Permission View: can delete on DAG:example_dag_decorator
[2025-03-23T22:47:52.625+0000] {logging_mixin.py:137} INFO - [2025-03-23T22:47:52.625+0000] {manager.py:504} INFO - Created Permission View: can read on DAG:example_dag_decorator
[2025-03-23T22:47:52.625+0000] {logging_mixin.py:137} INFO - [2025-03-23T22:47:52.625+0000] {dag.py:2676} INFO - Sync 1 DAGs
[2025-03-23T22:47:52.649+0000] {logging_mixin.py:137} INFO - [2025-03-23T22:47:52.649+0000] {dag.py:2697} INFO - Creating ORM DAG for example_dag_decorator
[2025-03-23T22:47:52.669+0000] {logging_mixin.py:137} INFO - [2025-03-23T22:47:52.669+0000] {dag.py:3427} INFO - Setting next_dagrun for example_dag_decorator to None, run_after=None
[2025-03-23T22:47:52.693+0000] {processor.py:175} INFO - Processing /home/airflow/.local/lib/python3.7/site-packages/airflow/example_dags/example_dag_decorator.py took 0.324 seconds
[2025-03-23T22:48:23.363+0000] {processor.py:153} INFO - Started process (PID=157) to work on /home/airflow/.local/lib/python3.7/site-packages/airflow/example_dags/example_dag_decorator.py
[2025-03-23T22:48:23.365+0000] {processor.py:743} INFO - Processing file /home/airflow/.local/lib/python3.7/site-packages/airflow/example_dags/example_dag_decorator.py for tasks to queue
[2025-03-23T22:48:23.367+0000] {logging_mixin.py:137} INFO - [2025-03-23T22:48:23.367+0000] {dagbag.py:538} INFO - Filling up the DagBag from /home/airflow/.local/lib/python3.7/site-packages/airflow/example_dags/example_dag_decorator.py
[2025-03-23T22:48:23.388+0000] {logging_mixin.py:137} INFO - [2025-03-23T22:48:23.388+0000] {taskmixin.py:205} WARNING - Dependency <Task(_PythonDecoratedOperator): prepare_email>, send_email already registered for DAG: example_dag_decorator
[2025-03-23T22:48:23.390+0000] {logging_mixin.py:137} INFO - [2025-03-23T22:48:23.390+0000] {taskmixin.py:205} WARNING - Dependency <Task(EmailOperator): send_email>, prepare_email already registered for DAG: example_dag_decorator
[2025-03-23T22:48:23.405+0000] {processor.py:753} INFO - DAG(s) dict_keys(['example_dag_decorator']) retrieved from /home/airflow/.local/lib/python3.7/site-packages/airflow/example_dags/example_dag_decorator.py
[2025-03-23T22:48:23.525+0000] {logging_mixin.py:137} INFO - [2025-03-23T22:48:23.525+0000] {dag.py:2676} INFO - Sync 1 DAGs
[2025-03-23T22:48:23.565+0000] {logging_mixin.py:137} INFO - [2025-03-23T22:48:23.564+0000] {dag.py:3427} INFO - Setting next_dagrun for example_dag_decorator to None, run_after=None
[2025-03-23T22:48:23.608+0000] {processor.py:175} INFO - Processing /home/airflow/.local/lib/python3.7/site-packages/airflow/example_dags/example_dag_decorator.py took 0.251 seconds
[2025-03-23T22:48:54.225+0000] {processor.py:153} INFO - Started process (PID=235) to work on /home/airflow/.local/lib/python3.7/site-packages/airflow/example_dags/example_dag_decorator.py
[2025-03-23T22:48:54.226+0000] {processor.py:743} INFO - Processing file /home/airflow/.local/lib/python3.7/site-packages/airflow/example_dags/example_dag_decorator.py for tasks to queue
[2025-03-23T22:48:54.227+0000] {logging_mixin.py:137} INFO - [2025-03-23T22:48:54.226+0000] {dagbag.py:538} INFO - Filling up the DagBag from /home/airflow/.local/lib/python3.7/site-packages/airflow/example_dags/example_dag_decorator.py
[2025-03-23T22:48:54.246+0000] {logging_mixin.py:137} INFO - [2025-03-23T22:48:54.246+0000] {taskmixin.py:205} WARNING - Dependency <Task(_PythonDecoratedOperator): prepare_email>, send_email already registered for DAG: example_dag_decorator
[2025-03-23T22:48:54.247+0000] {logging_mixin.py:137} INFO - [2025-03-23T22:48:54.247+0000] {taskmixin.py:205} WARNING - Dependency <Task(EmailOperator): send_email>, prepare_email already registered for DAG: example_dag_decorator
[2025-03-23T22:48:54.259+0000] {processor.py:753} INFO - DAG(s) dict_keys(['example_dag_decorator']) retrieved from /home/airflow/.local/lib/python3.7/site-packages/airflow/example_dags/example_dag_decorator.py
[2025-03-23T22:48:54.344+0000] {logging_mixin.py:137} INFO - [2025-03-23T22:48:54.344+0000] {dag.py:2676} INFO - Sync 1 DAGs
[2025-03-23T22:48:54.376+0000] {logging_mixin.py:137} INFO - [2025-03-23T22:48:54.376+0000] {dag.py:3427} INFO - Setting next_dagrun for example_dag_decorator to None, run_after=None
[2025-03-23T22:48:54.409+0000] {processor.py:175} INFO - Processing /home/airflow/.local/lib/python3.7/site-packages/airflow/example_dags/example_dag_decorator.py took 0.188 seconds
[2025-03-23T22:49:24.585+0000] {processor.py:153} INFO - Started process (PID=305) to work on /home/airflow/.local/lib/python3.7/site-packages/airflow/example_dags/example_dag_decorator.py
[2025-03-23T22:49:24.586+0000] {processor.py:743} INFO - Processing file /home/airflow/.local/lib/python3.7/site-packages/airflow/example_dags/example_dag_decorator.py for tasks to queue
[2025-03-23T22:49:24.587+0000] {logging_mixin.py:137} INFO - [2025-03-23T22:49:24.587+0000] {dagbag.py:538} INFO - Filling up the DagBag from /home/airflow/.local/lib/python3.7/site-packages/airflow/example_dags/example_dag_decorator.py
[2025-03-23T22:49:24.603+0000] {logging_mixin.py:137} INFO - [2025-03-23T22:49:24.602+0000] {taskmixin.py:205} WARNING - Dependency <Task(_PythonDecoratedOperator): prepare_email>, send_email already registered for DAG: example_dag_decorator
[2025-03-23T22:49:24.603+0000] {logging_mixin.py:137} INFO - [2025-03-23T22:49:24.603+0000] {taskmixin.py:205} WARNING - Dependency <Task(EmailOperator): send_email>, prepare_email already registered for DAG: example_dag_decorator
[2025-03-23T22:49:24.616+0000] {processor.py:753} INFO - DAG(s) dict_keys(['example_dag_decorator']) retrieved from /home/airflow/.local/lib/python3.7/site-packages/airflow/example_dags/example_dag_decorator.py
[2025-03-23T22:49:24.777+0000] {logging_mixin.py:137} INFO - [2025-03-23T22:49:24.777+0000] {dag.py:2676} INFO - Sync 1 DAGs
[2025-03-23T22:49:24.830+0000] {logging_mixin.py:137} INFO - [2025-03-23T22:49:24.830+0000] {dag.py:3427} INFO - Setting next_dagrun for example_dag_decorator to None, run_after=None
[2025-03-23T22:49:24.883+0000] {processor.py:175} INFO - Processing /home/airflow/.local/lib/python3.7/site-packages/airflow/example_dags/example_dag_decorator.py took 0.300 seconds
[2025-03-23T22:49:55.807+0000] {processor.py:153} INFO - Started process (PID=391) to work on /home/airflow/.local/lib/python3.7/site-packages/airflow/example_dags/example_dag_decorator.py
[2025-03-23T22:49:55.809+0000] {processor.py:743} INFO - Processing file /home/airflow/.local/lib/python3.7/site-packages/airflow/example_dags/example_dag_decorator.py for tasks to queue
[2025-03-23T22:49:55.811+0000] {logging_mixin.py:137} INFO - [2025-03-23T22:49:55.811+0000] {dagbag.py:538} INFO - Filling up the DagBag from /home/airflow/.local/lib/python3.7/site-packages/airflow/example_dags/example_dag_decorator.py
[2025-03-23T22:49:55.862+0000] {logging_mixin.py:137} INFO - [2025-03-23T22:49:55.861+0000] {taskmixin.py:205} WARNING - Dependency <Task(_PythonDecoratedOperator): prepare_email>, send_email already registered for DAG: example_dag_decorator
[2025-03-23T22:49:55.862+0000] {logging_mixin.py:137} INFO - [2025-03-23T22:49:55.862+0000] {taskmixin.py:205} WARNING - Dependency <Task(EmailOperator): send_email>, prepare_email already registered for DAG: example_dag_decorator
[2025-03-23T22:49:55.895+0000] {processor.py:753} INFO - DAG(s) dict_keys(['example_dag_decorator']) retrieved from /home/airflow/.local/lib/python3.7/site-packages/airflow/example_dags/example_dag_decorator.py
[2025-03-23T22:49:56.051+0000] {logging_mixin.py:137} INFO - [2025-03-23T22:49:56.051+0000] {dag.py:2676} INFO - Sync 1 DAGs
[2025-03-23T22:49:56.080+0000] {logging_mixin.py:137} INFO - [2025-03-23T22:49:56.080+0000] {dag.py:3427} INFO - Setting next_dagrun for example_dag_decorator to None, run_after=None
[2025-03-23T22:49:56.112+0000] {processor.py:175} INFO - Processing /home/airflow/.local/lib/python3.7/site-packages/airflow/example_dags/example_dag_decorator.py took 0.312 seconds
[2025-03-23T22:59:21.743+0000] {processor.py:153} INFO - Started process (PID=78) to work on /home/airflow/.local/lib/python3.7/site-packages/airflow/example_dags/example_dag_decorator.py
[2025-03-23T22:59:21.744+0000] {processor.py:743} INFO - Processing file /home/airflow/.local/lib/python3.7/site-packages/airflow/example_dags/example_dag_decorator.py for tasks to queue
[2025-03-23T22:59:21.744+0000] {logging_mixin.py:137} INFO - [2025-03-23T22:59:21.744+0000] {dagbag.py:538} INFO - Filling up the DagBag from /home/airflow/.local/lib/python3.7/site-packages/airflow/example_dags/example_dag_decorator.py
[2025-03-23T22:59:21.767+0000] {logging_mixin.py:137} INFO - [2025-03-23T22:59:21.767+0000] {taskmixin.py:205} WARNING - Dependency <Task(_PythonDecoratedOperator): prepare_email>, send_email already registered for DAG: example_dag_decorator
[2025-03-23T22:59:21.767+0000] {logging_mixin.py:137} INFO - [2025-03-23T22:59:21.767+0000] {taskmixin.py:205} WARNING - Dependency <Task(EmailOperator): send_email>, prepare_email already registered for DAG: example_dag_decorator
[2025-03-23T22:59:21.791+0000] {processor.py:753} INFO - DAG(s) dict_keys(['example_dag_decorator']) retrieved from /home/airflow/.local/lib/python3.7/site-packages/airflow/example_dags/example_dag_decorator.py
[2025-03-23T22:59:21.975+0000] {logging_mixin.py:137} INFO - [2025-03-23T22:59:21.975+0000] {manager.py:504} INFO - Created Permission View: can read on DAG:example_dag_decorator
[2025-03-23T22:59:21.989+0000] {logging_mixin.py:137} INFO - [2025-03-23T22:59:21.989+0000] {manager.py:504} INFO - Created Permission View: can delete on DAG:example_dag_decorator
[2025-03-23T22:59:22.000+0000] {logging_mixin.py:137} INFO - [2025-03-23T22:59:22.000+0000] {manager.py:504} INFO - Created Permission View: can edit on DAG:example_dag_decorator
[2025-03-23T22:59:22.001+0000] {logging_mixin.py:137} INFO - [2025-03-23T22:59:22.000+0000] {dag.py:2676} INFO - Sync 1 DAGs
[2025-03-23T22:59:22.018+0000] {logging_mixin.py:137} INFO - [2025-03-23T22:59:22.018+0000] {dag.py:2697} INFO - Creating ORM DAG for example_dag_decorator
[2025-03-23T22:59:22.041+0000] {logging_mixin.py:137} INFO - [2025-03-23T22:59:22.040+0000] {dag.py:3427} INFO - Setting next_dagrun for example_dag_decorator to None, run_after=None
[2025-03-23T22:59:22.074+0000] {processor.py:175} INFO - Processing /home/airflow/.local/lib/python3.7/site-packages/airflow/example_dags/example_dag_decorator.py took 0.338 seconds
[2025-03-23T22:59:52.908+0000] {processor.py:153} INFO - Started process (PID=158) to work on /home/airflow/.local/lib/python3.7/site-packages/airflow/example_dags/example_dag_decorator.py
[2025-03-23T22:59:52.910+0000] {processor.py:743} INFO - Processing file /home/airflow/.local/lib/python3.7/site-packages/airflow/example_dags/example_dag_decorator.py for tasks to queue
[2025-03-23T22:59:52.911+0000] {logging_mixin.py:137} INFO - [2025-03-23T22:59:52.911+0000] {dagbag.py:538} INFO - Filling up the DagBag from /home/airflow/.local/lib/python3.7/site-packages/airflow/example_dags/example_dag_decorator.py
[2025-03-23T22:59:52.940+0000] {logging_mixin.py:137} INFO - [2025-03-23T22:59:52.939+0000] {taskmixin.py:205} WARNING - Dependency <Task(_PythonDecoratedOperator): prepare_email>, send_email already registered for DAG: example_dag_decorator
[2025-03-23T22:59:52.940+0000] {logging_mixin.py:137} INFO - [2025-03-23T22:59:52.940+0000] {taskmixin.py:205} WARNING - Dependency <Task(EmailOperator): send_email>, prepare_email already registered for DAG: example_dag_decorator
[2025-03-23T22:59:52.957+0000] {processor.py:753} INFO - DAG(s) dict_keys(['example_dag_decorator']) retrieved from /home/airflow/.local/lib/python3.7/site-packages/airflow/example_dags/example_dag_decorator.py
[2025-03-23T22:59:53.114+0000] {logging_mixin.py:137} INFO - [2025-03-23T22:59:53.114+0000] {dag.py:2676} INFO - Sync 1 DAGs
[2025-03-23T22:59:53.167+0000] {logging_mixin.py:137} INFO - [2025-03-23T22:59:53.167+0000] {dag.py:3427} INFO - Setting next_dagrun for example_dag_decorator to None, run_after=None
[2025-03-23T22:59:53.210+0000] {processor.py:175} INFO - Processing /home/airflow/.local/lib/python3.7/site-packages/airflow/example_dags/example_dag_decorator.py took 0.307 seconds
[2025-03-23T23:00:23.452+0000] {processor.py:153} INFO - Started process (PID=235) to work on /home/airflow/.local/lib/python3.7/site-packages/airflow/example_dags/example_dag_decorator.py
[2025-03-23T23:00:23.453+0000] {processor.py:743} INFO - Processing file /home/airflow/.local/lib/python3.7/site-packages/airflow/example_dags/example_dag_decorator.py for tasks to queue
[2025-03-23T23:00:23.454+0000] {logging_mixin.py:137} INFO - [2025-03-23T23:00:23.454+0000] {dagbag.py:538} INFO - Filling up the DagBag from /home/airflow/.local/lib/python3.7/site-packages/airflow/example_dags/example_dag_decorator.py
[2025-03-23T23:00:23.500+0000] {logging_mixin.py:137} INFO - [2025-03-23T23:00:23.500+0000] {taskmixin.py:205} WARNING - Dependency <Task(_PythonDecoratedOperator): prepare_email>, send_email already registered for DAG: example_dag_decorator
[2025-03-23T23:00:23.500+0000] {logging_mixin.py:137} INFO - [2025-03-23T23:00:23.500+0000] {taskmixin.py:205} WARNING - Dependency <Task(EmailOperator): send_email>, prepare_email already registered for DAG: example_dag_decorator
[2025-03-23T23:00:23.517+0000] {processor.py:753} INFO - DAG(s) dict_keys(['example_dag_decorator']) retrieved from /home/airflow/.local/lib/python3.7/site-packages/airflow/example_dags/example_dag_decorator.py
[2025-03-23T23:00:23.668+0000] {logging_mixin.py:137} INFO - [2025-03-23T23:00:23.668+0000] {dag.py:2676} INFO - Sync 1 DAGs
[2025-03-23T23:00:23.698+0000] {logging_mixin.py:137} INFO - [2025-03-23T23:00:23.698+0000] {dag.py:3427} INFO - Setting next_dagrun for example_dag_decorator to None, run_after=None
[2025-03-23T23:00:23.761+0000] {processor.py:175} INFO - Processing /home/airflow/.local/lib/python3.7/site-packages/airflow/example_dags/example_dag_decorator.py took 0.317 seconds
[2025-03-23T23:00:54.066+0000] {processor.py:153} INFO - Started process (PID=305) to work on /home/airflow/.local/lib/python3.7/site-packages/airflow/example_dags/example_dag_decorator.py
[2025-03-23T23:00:54.068+0000] {processor.py:743} INFO - Processing file /home/airflow/.local/lib/python3.7/site-packages/airflow/example_dags/example_dag_decorator.py for tasks to queue
[2025-03-23T23:00:54.069+0000] {logging_mixin.py:137} INFO - [2025-03-23T23:00:54.069+0000] {dagbag.py:538} INFO - Filling up the DagBag from /home/airflow/.local/lib/python3.7/site-packages/airflow/example_dags/example_dag_decorator.py
[2025-03-23T23:00:54.104+0000] {logging_mixin.py:137} INFO - [2025-03-23T23:00:54.103+0000] {taskmixin.py:205} WARNING - Dependency <Task(_PythonDecoratedOperator): prepare_email>, send_email already registered for DAG: example_dag_decorator
[2025-03-23T23:00:54.104+0000] {logging_mixin.py:137} INFO - [2025-03-23T23:00:54.104+0000] {taskmixin.py:205} WARNING - Dependency <Task(EmailOperator): send_email>, prepare_email already registered for DAG: example_dag_decorator
[2025-03-23T23:00:54.124+0000] {processor.py:753} INFO - DAG(s) dict_keys(['example_dag_decorator']) retrieved from /home/airflow/.local/lib/python3.7/site-packages/airflow/example_dags/example_dag_decorator.py
[2025-03-23T23:00:54.222+0000] {logging_mixin.py:137} INFO - [2025-03-23T23:00:54.222+0000] {dag.py:2676} INFO - Sync 1 DAGs
[2025-03-23T23:00:54.246+0000] {logging_mixin.py:137} INFO - [2025-03-23T23:00:54.246+0000] {dag.py:3427} INFO - Setting next_dagrun for example_dag_decorator to None, run_after=None
[2025-03-23T23:00:54.279+0000] {processor.py:175} INFO - Processing /home/airflow/.local/lib/python3.7/site-packages/airflow/example_dags/example_dag_decorator.py took 0.217 seconds
