[2025-03-23T22:47:49.871+0000] {processor.py:153} INFO - Started process (PID=65) to work on /home/airflow/.local/lib/python3.7/site-packages/airflow/example_dags/example_short_circuit_decorator.py
[2025-03-23T22:47:49.871+0000] {processor.py:743} INFO - Processing file /home/airflow/.local/lib/python3.7/site-packages/airflow/example_dags/example_short_circuit_decorator.py for tasks to queue
[2025-03-23T22:47:49.872+0000] {logging_mixin.py:137} INFO - [2025-03-23T22:47:49.872+0000] {dagbag.py:538} INFO - Filling up the DagBag from /home/airflow/.local/lib/python3.7/site-packages/airflow/example_dags/example_short_circuit_decorator.py
[2025-03-23T22:47:49.904+0000] {processor.py:753} INFO - DAG(s) dict_keys(['example_short_circuit_decorator']) retrieved from /home/airflow/.local/lib/python3.7/site-packages/airflow/example_dags/example_short_circuit_decorator.py
[2025-03-23T22:47:50.075+0000] {logging_mixin.py:137} INFO - [2025-03-23T22:47:50.075+0000] {manager.py:504} INFO - Created Permission View: can edit on DAG:example_short_circuit_decorator
[2025-03-23T22:47:50.087+0000] {logging_mixin.py:137} INFO - [2025-03-23T22:47:50.087+0000] {manager.py:504} INFO - Created Permission View: can delete on DAG:example_short_circuit_decorator
[2025-03-23T22:47:50.099+0000] {logging_mixin.py:137} INFO - [2025-03-23T22:47:50.099+0000] {manager.py:504} INFO - Created Permission View: can read on DAG:example_short_circuit_decorator
[2025-03-23T22:47:50.099+0000] {logging_mixin.py:137} INFO - [2025-03-23T22:47:50.099+0000] {dag.py:2676} INFO - Sync 1 DAGs
[2025-03-23T22:47:50.118+0000] {logging_mixin.py:137} INFO - [2025-03-23T22:47:50.118+0000] {dag.py:2697} INFO - Creating ORM DAG for example_short_circuit_decorator
[2025-03-23T22:47:50.137+0000] {logging_mixin.py:137} INFO - [2025-03-23T22:47:50.137+0000] {dag.py:3427} INFO - Setting next_dagrun for example_short_circuit_decorator to 2025-03-22T22:47:50.136902+00:00, run_after=2025-03-23T22:47:50.136902+00:00
[2025-03-23T22:47:50.168+0000] {processor.py:175} INFO - Processing /home/airflow/.local/lib/python3.7/site-packages/airflow/example_dags/example_short_circuit_decorator.py took 0.302 seconds
[2025-03-23T22:48:20.902+0000] {processor.py:153} INFO - Started process (PID=135) to work on /home/airflow/.local/lib/python3.7/site-packages/airflow/example_dags/example_short_circuit_decorator.py
[2025-03-23T22:48:20.903+0000] {processor.py:743} INFO - Processing file /home/airflow/.local/lib/python3.7/site-packages/airflow/example_dags/example_short_circuit_decorator.py for tasks to queue
[2025-03-23T22:48:20.904+0000] {logging_mixin.py:137} INFO - [2025-03-23T22:48:20.904+0000] {dagbag.py:538} INFO - Filling up the DagBag from /home/airflow/.local/lib/python3.7/site-packages/airflow/example_dags/example_short_circuit_decorator.py
[2025-03-23T22:48:20.950+0000] {processor.py:753} INFO - DAG(s) dict_keys(['example_short_circuit_decorator']) retrieved from /home/airflow/.local/lib/python3.7/site-packages/airflow/example_dags/example_short_circuit_decorator.py
[2025-03-23T22:48:20.991+0000] {logging_mixin.py:137} INFO - [2025-03-23T22:48:20.991+0000] {dag.py:2676} INFO - Sync 1 DAGs
[2025-03-23T22:48:21.017+0000] {logging_mixin.py:137} INFO - [2025-03-23T22:48:21.017+0000] {dag.py:3427} INFO - Setting next_dagrun for example_short_circuit_decorator to 2025-03-22T22:48:21.016831+00:00, run_after=2025-03-23T22:48:21.016831+00:00
[2025-03-23T22:48:21.044+0000] {processor.py:175} INFO - Processing /home/airflow/.local/lib/python3.7/site-packages/airflow/example_dags/example_short_circuit_decorator.py took 0.146 seconds
[2025-03-23T22:48:51.514+0000] {processor.py:153} INFO - Started process (PID=221) to work on /home/airflow/.local/lib/python3.7/site-packages/airflow/example_dags/example_short_circuit_decorator.py
[2025-03-23T22:48:51.515+0000] {processor.py:743} INFO - Processing file /home/airflow/.local/lib/python3.7/site-packages/airflow/example_dags/example_short_circuit_decorator.py for tasks to queue
[2025-03-23T22:48:51.516+0000] {logging_mixin.py:137} INFO - [2025-03-23T22:48:51.516+0000] {dagbag.py:538} INFO - Filling up the DagBag from /home/airflow/.local/lib/python3.7/site-packages/airflow/example_dags/example_short_circuit_decorator.py
[2025-03-23T22:48:51.573+0000] {processor.py:753} INFO - DAG(s) dict_keys(['example_short_circuit_decorator']) retrieved from /home/airflow/.local/lib/python3.7/site-packages/airflow/example_dags/example_short_circuit_decorator.py
[2025-03-23T22:48:51.612+0000] {logging_mixin.py:137} INFO - [2025-03-23T22:48:51.612+0000] {dag.py:2676} INFO - Sync 1 DAGs
[2025-03-23T22:48:51.639+0000] {logging_mixin.py:137} INFO - [2025-03-23T22:48:51.639+0000] {dag.py:3427} INFO - Setting next_dagrun for example_short_circuit_decorator to 2025-03-22T22:48:51.638712+00:00, run_after=2025-03-23T22:48:51.638712+00:00
[2025-03-23T22:48:51.675+0000] {processor.py:175} INFO - Processing /home/airflow/.local/lib/python3.7/site-packages/airflow/example_dags/example_short_circuit_decorator.py took 0.167 seconds
[2025-03-23T22:49:21.891+0000] {processor.py:153} INFO - Started process (PID=291) to work on /home/airflow/.local/lib/python3.7/site-packages/airflow/example_dags/example_short_circuit_decorator.py
[2025-03-23T22:49:21.893+0000] {processor.py:743} INFO - Processing file /home/airflow/.local/lib/python3.7/site-packages/airflow/example_dags/example_short_circuit_decorator.py for tasks to queue
[2025-03-23T22:49:21.894+0000] {logging_mixin.py:137} INFO - [2025-03-23T22:49:21.894+0000] {dagbag.py:538} INFO - Filling up the DagBag from /home/airflow/.local/lib/python3.7/site-packages/airflow/example_dags/example_short_circuit_decorator.py
[2025-03-23T22:49:21.945+0000] {processor.py:753} INFO - DAG(s) dict_keys(['example_short_circuit_decorator']) retrieved from /home/airflow/.local/lib/python3.7/site-packages/airflow/example_dags/example_short_circuit_decorator.py
[2025-03-23T22:49:21.986+0000] {logging_mixin.py:137} INFO - [2025-03-23T22:49:21.986+0000] {dag.py:2676} INFO - Sync 1 DAGs
[2025-03-23T22:49:22.011+0000] {logging_mixin.py:137} INFO - [2025-03-23T22:49:22.011+0000] {dag.py:3427} INFO - Setting next_dagrun for example_short_circuit_decorator to 2025-03-22T22:49:22.010806+00:00, run_after=2025-03-23T22:49:22.010806+00:00
[2025-03-23T22:49:22.036+0000] {processor.py:175} INFO - Processing /home/airflow/.local/lib/python3.7/site-packages/airflow/example_dags/example_short_circuit_decorator.py took 0.151 seconds
[2025-03-23T22:49:52.335+0000] {processor.py:153} INFO - Started process (PID=368) to work on /home/airflow/.local/lib/python3.7/site-packages/airflow/example_dags/example_short_circuit_decorator.py
[2025-03-23T22:49:52.336+0000] {processor.py:743} INFO - Processing file /home/airflow/.local/lib/python3.7/site-packages/airflow/example_dags/example_short_circuit_decorator.py for tasks to queue
[2025-03-23T22:49:52.336+0000] {logging_mixin.py:137} INFO - [2025-03-23T22:49:52.336+0000] {dagbag.py:538} INFO - Filling up the DagBag from /home/airflow/.local/lib/python3.7/site-packages/airflow/example_dags/example_short_circuit_decorator.py
[2025-03-23T22:49:52.361+0000] {processor.py:753} INFO - DAG(s) dict_keys(['example_short_circuit_decorator']) retrieved from /home/airflow/.local/lib/python3.7/site-packages/airflow/example_dags/example_short_circuit_decorator.py
[2025-03-23T22:49:52.405+0000] {logging_mixin.py:137} INFO - [2025-03-23T22:49:52.405+0000] {dag.py:2676} INFO - Sync 1 DAGs
[2025-03-23T22:49:52.433+0000] {logging_mixin.py:137} INFO - [2025-03-23T22:49:52.433+0000] {dag.py:3427} INFO - Setting next_dagrun for example_short_circuit_decorator to 2025-03-22T22:49:52.432821+00:00, run_after=2025-03-23T22:49:52.432821+00:00
[2025-03-23T22:49:52.454+0000] {processor.py:175} INFO - Processing /home/airflow/.local/lib/python3.7/site-packages/airflow/example_dags/example_short_circuit_decorator.py took 0.122 seconds
[2025-03-23T22:59:19.450+0000] {processor.py:153} INFO - Started process (PID=65) to work on /home/airflow/.local/lib/python3.7/site-packages/airflow/example_dags/example_short_circuit_decorator.py
[2025-03-23T22:59:19.451+0000] {processor.py:743} INFO - Processing file /home/airflow/.local/lib/python3.7/site-packages/airflow/example_dags/example_short_circuit_decorator.py for tasks to queue
[2025-03-23T22:59:19.452+0000] {logging_mixin.py:137} INFO - [2025-03-23T22:59:19.452+0000] {dagbag.py:538} INFO - Filling up the DagBag from /home/airflow/.local/lib/python3.7/site-packages/airflow/example_dags/example_short_circuit_decorator.py
[2025-03-23T22:59:19.489+0000] {processor.py:753} INFO - DAG(s) dict_keys(['example_short_circuit_decorator']) retrieved from /home/airflow/.local/lib/python3.7/site-packages/airflow/example_dags/example_short_circuit_decorator.py
[2025-03-23T22:59:19.690+0000] {logging_mixin.py:137} INFO - [2025-03-23T22:59:19.690+0000] {manager.py:504} INFO - Created Permission View: can read on DAG:example_short_circuit_decorator
[2025-03-23T22:59:19.700+0000] {logging_mixin.py:137} INFO - [2025-03-23T22:59:19.700+0000] {manager.py:504} INFO - Created Permission View: can delete on DAG:example_short_circuit_decorator
[2025-03-23T22:59:19.708+0000] {logging_mixin.py:137} INFO - [2025-03-23T22:59:19.707+0000] {manager.py:504} INFO - Created Permission View: can edit on DAG:example_short_circuit_decorator
[2025-03-23T22:59:19.708+0000] {logging_mixin.py:137} INFO - [2025-03-23T22:59:19.708+0000] {dag.py:2676} INFO - Sync 1 DAGs
[2025-03-23T22:59:19.725+0000] {logging_mixin.py:137} INFO - [2025-03-23T22:59:19.725+0000] {dag.py:2697} INFO - Creating ORM DAG for example_short_circuit_decorator
[2025-03-23T22:59:19.739+0000] {logging_mixin.py:137} INFO - [2025-03-23T22:59:19.739+0000] {dag.py:3427} INFO - Setting next_dagrun for example_short_circuit_decorator to 2025-03-22T22:59:19.739443+00:00, run_after=2025-03-23T22:59:19.739443+00:00
[2025-03-23T22:59:19.769+0000] {processor.py:175} INFO - Processing /home/airflow/.local/lib/python3.7/site-packages/airflow/example_dags/example_short_circuit_decorator.py took 0.322 seconds
[2025-03-23T22:59:50.277+0000] {processor.py:153} INFO - Started process (PID=135) to work on /home/airflow/.local/lib/python3.7/site-packages/airflow/example_dags/example_short_circuit_decorator.py
[2025-03-23T22:59:50.279+0000] {processor.py:743} INFO - Processing file /home/airflow/.local/lib/python3.7/site-packages/airflow/example_dags/example_short_circuit_decorator.py for tasks to queue
[2025-03-23T22:59:50.280+0000] {logging_mixin.py:137} INFO - [2025-03-23T22:59:50.280+0000] {dagbag.py:538} INFO - Filling up the DagBag from /home/airflow/.local/lib/python3.7/site-packages/airflow/example_dags/example_short_circuit_decorator.py
[2025-03-23T22:59:50.324+0000] {processor.py:753} INFO - DAG(s) dict_keys(['example_short_circuit_decorator']) retrieved from /home/airflow/.local/lib/python3.7/site-packages/airflow/example_dags/example_short_circuit_decorator.py
[2025-03-23T22:59:50.373+0000] {logging_mixin.py:137} INFO - [2025-03-23T22:59:50.373+0000] {dag.py:2676} INFO - Sync 1 DAGs
[2025-03-23T22:59:50.426+0000] {logging_mixin.py:137} INFO - [2025-03-23T22:59:50.425+0000] {dag.py:3427} INFO - Setting next_dagrun for example_short_circuit_decorator to 2025-03-22T22:59:50.425224+00:00, run_after=2025-03-23T22:59:50.425224+00:00
[2025-03-23T22:59:50.464+0000] {processor.py:175} INFO - Processing /home/airflow/.local/lib/python3.7/site-packages/airflow/example_dags/example_short_circuit_decorator.py took 0.193 seconds
[2025-03-23T23:00:21.071+0000] {processor.py:153} INFO - Started process (PID=222) to work on /home/airflow/.local/lib/python3.7/site-packages/airflow/example_dags/example_short_circuit_decorator.py
[2025-03-23T23:00:21.072+0000] {processor.py:743} INFO - Processing file /home/airflow/.local/lib/python3.7/site-packages/airflow/example_dags/example_short_circuit_decorator.py for tasks to queue
[2025-03-23T23:00:21.073+0000] {logging_mixin.py:137} INFO - [2025-03-23T23:00:21.072+0000] {dagbag.py:538} INFO - Filling up the DagBag from /home/airflow/.local/lib/python3.7/site-packages/airflow/example_dags/example_short_circuit_decorator.py
[2025-03-23T23:00:21.105+0000] {processor.py:753} INFO - DAG(s) dict_keys(['example_short_circuit_decorator']) retrieved from /home/airflow/.local/lib/python3.7/site-packages/airflow/example_dags/example_short_circuit_decorator.py
[2025-03-23T23:00:21.161+0000] {logging_mixin.py:137} INFO - [2025-03-23T23:00:21.161+0000] {dag.py:2676} INFO - Sync 1 DAGs
[2025-03-23T23:00:21.205+0000] {logging_mixin.py:137} INFO - [2025-03-23T23:00:21.204+0000] {dag.py:3427} INFO - Setting next_dagrun for example_short_circuit_decorator to 2025-03-22T23:00:21.204640+00:00, run_after=2025-03-23T23:00:21.204640+00:00
[2025-03-23T23:00:21.233+0000] {processor.py:175} INFO - Processing /home/airflow/.local/lib/python3.7/site-packages/airflow/example_dags/example_short_circuit_decorator.py took 0.165 seconds
[2025-03-23T23:00:51.766+0000] {processor.py:153} INFO - Started process (PID=292) to work on /home/airflow/.local/lib/python3.7/site-packages/airflow/example_dags/example_short_circuit_decorator.py
[2025-03-23T23:00:51.768+0000] {processor.py:743} INFO - Processing file /home/airflow/.local/lib/python3.7/site-packages/airflow/example_dags/example_short_circuit_decorator.py for tasks to queue
[2025-03-23T23:00:51.769+0000] {logging_mixin.py:137} INFO - [2025-03-23T23:00:51.769+0000] {dagbag.py:538} INFO - Filling up the DagBag from /home/airflow/.local/lib/python3.7/site-packages/airflow/example_dags/example_short_circuit_decorator.py
[2025-03-23T23:00:51.800+0000] {processor.py:753} INFO - DAG(s) dict_keys(['example_short_circuit_decorator']) retrieved from /home/airflow/.local/lib/python3.7/site-packages/airflow/example_dags/example_short_circuit_decorator.py
[2025-03-23T23:00:51.848+0000] {logging_mixin.py:137} INFO - [2025-03-23T23:00:51.848+0000] {dag.py:2676} INFO - Sync 1 DAGs
[2025-03-23T23:00:51.893+0000] {logging_mixin.py:137} INFO - [2025-03-23T23:00:51.892+0000] {dag.py:3427} INFO - Setting next_dagrun for example_short_circuit_decorator to 2025-03-22T23:00:51.892680+00:00, run_after=2025-03-23T23:00:51.892680+00:00
[2025-03-23T23:00:51.931+0000] {processor.py:175} INFO - Processing /home/airflow/.local/lib/python3.7/site-packages/airflow/example_dags/example_short_circuit_decorator.py took 0.170 seconds
