[2025-03-23T22:47:52.007+0000] {processor.py:153} INFO - Started process (PID=76) to work on /home/airflow/.local/lib/python3.7/site-packages/airflow/example_dags/example_branch_labels.py
[2025-03-23T22:47:52.008+0000] {processor.py:743} INFO - Processing file /home/airflow/.local/lib/python3.7/site-packages/airflow/example_dags/example_branch_labels.py for tasks to queue
[2025-03-23T22:47:52.010+0000] {logging_mixin.py:137} INFO - [2025-03-23T22:47:52.009+0000] {dagbag.py:538} INFO - Filling up the DagBag from /home/airflow/.local/lib/python3.7/site-packages/airflow/example_dags/example_branch_labels.py
[2025-03-23T22:47:52.037+0000] {processor.py:753} INFO - DAG(s) dict_keys(['example_branch_labels']) retrieved from /home/airflow/.local/lib/python3.7/site-packages/airflow/example_dags/example_branch_labels.py
[2025-03-23T22:47:52.233+0000] {logging_mixin.py:137} INFO - [2025-03-23T22:47:52.232+0000] {manager.py:504} INFO - Created Permission View: can edit on DAG:example_branch_labels
[2025-03-23T22:47:52.252+0000] {logging_mixin.py:137} INFO - [2025-03-23T22:47:52.251+0000] {manager.py:504} INFO - Created Permission View: can delete on DAG:example_branch_labels
[2025-03-23T22:47:52.265+0000] {logging_mixin.py:137} INFO - [2025-03-23T22:47:52.265+0000] {manager.py:504} INFO - Created Permission View: can read on DAG:example_branch_labels
[2025-03-23T22:47:52.265+0000] {logging_mixin.py:137} INFO - [2025-03-23T22:47:52.265+0000] {dag.py:2676} INFO - Sync 1 DAGs
[2025-03-23T22:47:52.281+0000] {logging_mixin.py:137} INFO - [2025-03-23T22:47:52.281+0000] {dag.py:2697} INFO - Creating ORM DAG for example_branch_labels
[2025-03-23T22:47:52.306+0000] {logging_mixin.py:137} INFO - [2025-03-23T22:47:52.306+0000] {dag.py:3427} INFO - Setting next_dagrun for example_branch_labels to 2025-03-22T00:00:00+00:00, run_after=2025-03-23T00:00:00+00:00
[2025-03-23T22:47:52.338+0000] {processor.py:175} INFO - Processing /home/airflow/.local/lib/python3.7/site-packages/airflow/example_dags/example_branch_labels.py took 0.335 seconds
[2025-03-23T22:48:23.193+0000] {processor.py:153} INFO - Started process (PID=155) to work on /home/airflow/.local/lib/python3.7/site-packages/airflow/example_dags/example_branch_labels.py
[2025-03-23T22:48:23.194+0000] {processor.py:743} INFO - Processing file /home/airflow/.local/lib/python3.7/site-packages/airflow/example_dags/example_branch_labels.py for tasks to queue
[2025-03-23T22:48:23.195+0000] {logging_mixin.py:137} INFO - [2025-03-23T22:48:23.195+0000] {dagbag.py:538} INFO - Filling up the DagBag from /home/airflow/.local/lib/python3.7/site-packages/airflow/example_dags/example_branch_labels.py
[2025-03-23T22:48:23.211+0000] {processor.py:753} INFO - DAG(s) dict_keys(['example_branch_labels']) retrieved from /home/airflow/.local/lib/python3.7/site-packages/airflow/example_dags/example_branch_labels.py
[2025-03-23T22:48:23.267+0000] {logging_mixin.py:137} INFO - [2025-03-23T22:48:23.267+0000] {dag.py:2676} INFO - Sync 1 DAGs
[2025-03-23T22:48:23.309+0000] {logging_mixin.py:137} INFO - [2025-03-23T22:48:23.309+0000] {dag.py:3427} INFO - Setting next_dagrun for example_branch_labels to 2025-03-22T00:00:00+00:00, run_after=2025-03-23T00:00:00+00:00
[2025-03-23T22:48:23.337+0000] {processor.py:175} INFO - Processing /home/airflow/.local/lib/python3.7/site-packages/airflow/example_dags/example_branch_labels.py took 0.146 seconds
[2025-03-23T22:48:53.862+0000] {processor.py:153} INFO - Started process (PID=232) to work on /home/airflow/.local/lib/python3.7/site-packages/airflow/example_dags/example_branch_labels.py
[2025-03-23T22:48:53.864+0000] {processor.py:743} INFO - Processing file /home/airflow/.local/lib/python3.7/site-packages/airflow/example_dags/example_branch_labels.py for tasks to queue
[2025-03-23T22:48:53.865+0000] {logging_mixin.py:137} INFO - [2025-03-23T22:48:53.865+0000] {dagbag.py:538} INFO - Filling up the DagBag from /home/airflow/.local/lib/python3.7/site-packages/airflow/example_dags/example_branch_labels.py
[2025-03-23T22:48:53.898+0000] {processor.py:753} INFO - DAG(s) dict_keys(['example_branch_labels']) retrieved from /home/airflow/.local/lib/python3.7/site-packages/airflow/example_dags/example_branch_labels.py
[2025-03-23T22:48:53.954+0000] {logging_mixin.py:137} INFO - [2025-03-23T22:48:53.954+0000] {dag.py:2676} INFO - Sync 1 DAGs
[2025-03-23T22:48:53.983+0000] {logging_mixin.py:137} INFO - [2025-03-23T22:48:53.983+0000] {dag.py:3427} INFO - Setting next_dagrun for example_branch_labels to 2025-03-22T00:00:00+00:00, run_after=2025-03-23T00:00:00+00:00
[2025-03-23T22:48:54.010+0000] {processor.py:175} INFO - Processing /home/airflow/.local/lib/python3.7/site-packages/airflow/example_dags/example_branch_labels.py took 0.153 seconds
[2025-03-23T22:49:24.187+0000] {processor.py:153} INFO - Started process (PID=302) to work on /home/airflow/.local/lib/python3.7/site-packages/airflow/example_dags/example_branch_labels.py
[2025-03-23T22:49:24.187+0000] {processor.py:743} INFO - Processing file /home/airflow/.local/lib/python3.7/site-packages/airflow/example_dags/example_branch_labels.py for tasks to queue
[2025-03-23T22:49:24.188+0000] {logging_mixin.py:137} INFO - [2025-03-23T22:49:24.188+0000] {dagbag.py:538} INFO - Filling up the DagBag from /home/airflow/.local/lib/python3.7/site-packages/airflow/example_dags/example_branch_labels.py
[2025-03-23T22:49:24.204+0000] {processor.py:753} INFO - DAG(s) dict_keys(['example_branch_labels']) retrieved from /home/airflow/.local/lib/python3.7/site-packages/airflow/example_dags/example_branch_labels.py
[2025-03-23T22:49:24.246+0000] {logging_mixin.py:137} INFO - [2025-03-23T22:49:24.246+0000] {dag.py:2676} INFO - Sync 1 DAGs
[2025-03-23T22:49:24.280+0000] {logging_mixin.py:137} INFO - [2025-03-23T22:49:24.280+0000] {dag.py:3427} INFO - Setting next_dagrun for example_branch_labels to 2025-03-22T00:00:00+00:00, run_after=2025-03-23T00:00:00+00:00
[2025-03-23T22:49:24.319+0000] {processor.py:175} INFO - Processing /home/airflow/.local/lib/python3.7/site-packages/airflow/example_dags/example_branch_labels.py took 0.135 seconds
[2025-03-23T22:49:54.496+0000] {processor.py:153} INFO - Started process (PID=388) to work on /home/airflow/.local/lib/python3.7/site-packages/airflow/example_dags/example_branch_labels.py
[2025-03-23T22:49:54.497+0000] {processor.py:743} INFO - Processing file /home/airflow/.local/lib/python3.7/site-packages/airflow/example_dags/example_branch_labels.py for tasks to queue
[2025-03-23T22:49:54.497+0000] {logging_mixin.py:137} INFO - [2025-03-23T22:49:54.497+0000] {dagbag.py:538} INFO - Filling up the DagBag from /home/airflow/.local/lib/python3.7/site-packages/airflow/example_dags/example_branch_labels.py
[2025-03-23T22:49:54.514+0000] {processor.py:753} INFO - DAG(s) dict_keys(['example_branch_labels']) retrieved from /home/airflow/.local/lib/python3.7/site-packages/airflow/example_dags/example_branch_labels.py
[2025-03-23T22:49:54.549+0000] {logging_mixin.py:137} INFO - [2025-03-23T22:49:54.549+0000] {dag.py:2676} INFO - Sync 1 DAGs
[2025-03-23T22:49:54.574+0000] {logging_mixin.py:137} INFO - [2025-03-23T22:49:54.574+0000] {dag.py:3427} INFO - Setting next_dagrun for example_branch_labels to 2025-03-22T00:00:00+00:00, run_after=2025-03-23T00:00:00+00:00
[2025-03-23T22:49:54.596+0000] {processor.py:175} INFO - Processing /home/airflow/.local/lib/python3.7/site-packages/airflow/example_dags/example_branch_labels.py took 0.104 seconds
[2025-03-23T22:59:21.389+0000] {processor.py:153} INFO - Started process (PID=76) to work on /home/airflow/.local/lib/python3.7/site-packages/airflow/example_dags/example_branch_labels.py
[2025-03-23T22:59:21.390+0000] {processor.py:743} INFO - Processing file /home/airflow/.local/lib/python3.7/site-packages/airflow/example_dags/example_branch_labels.py for tasks to queue
[2025-03-23T22:59:21.392+0000] {logging_mixin.py:137} INFO - [2025-03-23T22:59:21.391+0000] {dagbag.py:538} INFO - Filling up the DagBag from /home/airflow/.local/lib/python3.7/site-packages/airflow/example_dags/example_branch_labels.py
[2025-03-23T22:59:21.410+0000] {processor.py:753} INFO - DAG(s) dict_keys(['example_branch_labels']) retrieved from /home/airflow/.local/lib/python3.7/site-packages/airflow/example_dags/example_branch_labels.py
[2025-03-23T22:59:21.579+0000] {logging_mixin.py:137} INFO - [2025-03-23T22:59:21.578+0000] {manager.py:504} INFO - Created Permission View: can read on DAG:example_branch_labels
[2025-03-23T22:59:21.596+0000] {logging_mixin.py:137} INFO - [2025-03-23T22:59:21.596+0000] {manager.py:504} INFO - Created Permission View: can delete on DAG:example_branch_labels
[2025-03-23T22:59:21.613+0000] {logging_mixin.py:137} INFO - [2025-03-23T22:59:21.612+0000] {manager.py:504} INFO - Created Permission View: can edit on DAG:example_branch_labels
[2025-03-23T22:59:21.613+0000] {logging_mixin.py:137} INFO - [2025-03-23T22:59:21.613+0000] {dag.py:2676} INFO - Sync 1 DAGs
[2025-03-23T22:59:21.635+0000] {logging_mixin.py:137} INFO - [2025-03-23T22:59:21.635+0000] {dag.py:2697} INFO - Creating ORM DAG for example_branch_labels
[2025-03-23T22:59:21.662+0000] {logging_mixin.py:137} INFO - [2025-03-23T22:59:21.662+0000] {dag.py:3427} INFO - Setting next_dagrun for example_branch_labels to 2025-03-22T00:00:00+00:00, run_after=2025-03-23T00:00:00+00:00
[2025-03-23T22:59:21.691+0000] {processor.py:175} INFO - Processing /home/airflow/.local/lib/python3.7/site-packages/airflow/example_dags/example_branch_labels.py took 0.307 seconds
[2025-03-23T22:59:52.654+0000] {processor.py:153} INFO - Started process (PID=156) to work on /home/airflow/.local/lib/python3.7/site-packages/airflow/example_dags/example_branch_labels.py
[2025-03-23T22:59:52.655+0000] {processor.py:743} INFO - Processing file /home/airflow/.local/lib/python3.7/site-packages/airflow/example_dags/example_branch_labels.py for tasks to queue
[2025-03-23T22:59:52.657+0000] {logging_mixin.py:137} INFO - [2025-03-23T22:59:52.656+0000] {dagbag.py:538} INFO - Filling up the DagBag from /home/airflow/.local/lib/python3.7/site-packages/airflow/example_dags/example_branch_labels.py
[2025-03-23T22:59:52.688+0000] {processor.py:753} INFO - DAG(s) dict_keys(['example_branch_labels']) retrieved from /home/airflow/.local/lib/python3.7/site-packages/airflow/example_dags/example_branch_labels.py
[2025-03-23T22:59:52.763+0000] {logging_mixin.py:137} INFO - [2025-03-23T22:59:52.763+0000] {dag.py:2676} INFO - Sync 1 DAGs
[2025-03-23T22:59:52.832+0000] {logging_mixin.py:137} INFO - [2025-03-23T22:59:52.832+0000] {dag.py:3427} INFO - Setting next_dagrun for example_branch_labels to 2025-03-22T00:00:00+00:00, run_after=2025-03-23T00:00:00+00:00
[2025-03-23T22:59:52.869+0000] {processor.py:175} INFO - Processing /home/airflow/.local/lib/python3.7/site-packages/airflow/example_dags/example_branch_labels.py took 0.218 seconds
[2025-03-23T23:00:23.127+0000] {processor.py:153} INFO - Started process (PID=233) to work on /home/airflow/.local/lib/python3.7/site-packages/airflow/example_dags/example_branch_labels.py
[2025-03-23T23:00:23.138+0000] {processor.py:743} INFO - Processing file /home/airflow/.local/lib/python3.7/site-packages/airflow/example_dags/example_branch_labels.py for tasks to queue
[2025-03-23T23:00:23.140+0000] {logging_mixin.py:137} INFO - [2025-03-23T23:00:23.139+0000] {dagbag.py:538} INFO - Filling up the DagBag from /home/airflow/.local/lib/python3.7/site-packages/airflow/example_dags/example_branch_labels.py
[2025-03-23T23:00:23.181+0000] {processor.py:753} INFO - DAG(s) dict_keys(['example_branch_labels']) retrieved from /home/airflow/.local/lib/python3.7/site-packages/airflow/example_dags/example_branch_labels.py
[2025-03-23T23:00:23.282+0000] {logging_mixin.py:137} INFO - [2025-03-23T23:00:23.281+0000] {dag.py:2676} INFO - Sync 1 DAGs
[2025-03-23T23:00:23.351+0000] {logging_mixin.py:137} INFO - [2025-03-23T23:00:23.350+0000] {dag.py:3427} INFO - Setting next_dagrun for example_branch_labels to 2025-03-22T00:00:00+00:00, run_after=2025-03-23T00:00:00+00:00
[2025-03-23T23:00:23.397+0000] {processor.py:175} INFO - Processing /home/airflow/.local/lib/python3.7/site-packages/airflow/example_dags/example_branch_labels.py took 0.276 seconds
[2025-03-23T23:00:53.802+0000] {processor.py:153} INFO - Started process (PID=303) to work on /home/airflow/.local/lib/python3.7/site-packages/airflow/example_dags/example_branch_labels.py
[2025-03-23T23:00:53.803+0000] {processor.py:743} INFO - Processing file /home/airflow/.local/lib/python3.7/site-packages/airflow/example_dags/example_branch_labels.py for tasks to queue
[2025-03-23T23:00:53.805+0000] {logging_mixin.py:137} INFO - [2025-03-23T23:00:53.805+0000] {dagbag.py:538} INFO - Filling up the DagBag from /home/airflow/.local/lib/python3.7/site-packages/airflow/example_dags/example_branch_labels.py
[2025-03-23T23:00:53.844+0000] {processor.py:753} INFO - DAG(s) dict_keys(['example_branch_labels']) retrieved from /home/airflow/.local/lib/python3.7/site-packages/airflow/example_dags/example_branch_labels.py
[2025-03-23T23:00:53.938+0000] {logging_mixin.py:137} INFO - [2025-03-23T23:00:53.937+0000] {dag.py:2676} INFO - Sync 1 DAGs
[2025-03-23T23:00:53.986+0000] {logging_mixin.py:137} INFO - [2025-03-23T23:00:53.986+0000] {dag.py:3427} INFO - Setting next_dagrun for example_branch_labels to 2025-03-22T00:00:00+00:00, run_after=2025-03-23T00:00:00+00:00
[2025-03-23T23:00:54.027+0000] {processor.py:175} INFO - Processing /home/airflow/.local/lib/python3.7/site-packages/airflow/example_dags/example_branch_labels.py took 0.232 seconds
