[2025-03-23T22:47:54.095+0000] {processor.py:153} INFO - Started process (PID=88) to work on /home/airflow/.local/lib/python3.7/site-packages/airflow/example_dags/example_latest_only.py
[2025-03-23T22:47:54.096+0000] {processor.py:743} INFO - Processing file /home/airflow/.local/lib/python3.7/site-packages/airflow/example_dags/example_latest_only.py for tasks to queue
[2025-03-23T22:47:54.097+0000] {logging_mixin.py:137} INFO - [2025-03-23T22:47:54.097+0000] {dagbag.py:538} INFO - Filling up the DagBag from /home/airflow/.local/lib/python3.7/site-packages/airflow/example_dags/example_latest_only.py
[2025-03-23T22:47:54.112+0000] {processor.py:753} INFO - DAG(s) dict_keys(['latest_only']) retrieved from /home/airflow/.local/lib/python3.7/site-packages/airflow/example_dags/example_latest_only.py
[2025-03-23T22:47:54.253+0000] {logging_mixin.py:137} INFO - [2025-03-23T22:47:54.252+0000] {manager.py:504} INFO - Created Permission View: can edit on DAG:latest_only
[2025-03-23T22:47:54.265+0000] {logging_mixin.py:137} INFO - [2025-03-23T22:47:54.265+0000] {manager.py:504} INFO - Created Permission View: can delete on DAG:latest_only
[2025-03-23T22:47:54.273+0000] {logging_mixin.py:137} INFO - [2025-03-23T22:47:54.272+0000] {manager.py:504} INFO - Created Permission View: can read on DAG:latest_only
[2025-03-23T22:47:54.273+0000] {logging_mixin.py:137} INFO - [2025-03-23T22:47:54.273+0000] {dag.py:2676} INFO - Sync 1 DAGs
[2025-03-23T22:47:54.291+0000] {logging_mixin.py:137} INFO - [2025-03-23T22:47:54.291+0000] {dag.py:2697} INFO - Creating ORM DAG for latest_only
[2025-03-23T22:47:54.310+0000] {logging_mixin.py:137} INFO - [2025-03-23T22:47:54.310+0000] {dag.py:3427} INFO - Setting next_dagrun for latest_only to 2025-03-23T18:47:54.310274+00:00, run_after=2025-03-23T22:47:54.310274+00:00
[2025-03-23T22:47:54.345+0000] {processor.py:175} INFO - Processing /home/airflow/.local/lib/python3.7/site-packages/airflow/example_dags/example_latest_only.py took 0.255 seconds
[2025-03-23T22:48:24.615+0000] {processor.py:153} INFO - Started process (PID=174) to work on /home/airflow/.local/lib/python3.7/site-packages/airflow/example_dags/example_latest_only.py
[2025-03-23T22:48:24.618+0000] {processor.py:743} INFO - Processing file /home/airflow/.local/lib/python3.7/site-packages/airflow/example_dags/example_latest_only.py for tasks to queue
[2025-03-23T22:48:24.623+0000] {logging_mixin.py:137} INFO - [2025-03-23T22:48:24.619+0000] {dagbag.py:538} INFO - Filling up the DagBag from /home/airflow/.local/lib/python3.7/site-packages/airflow/example_dags/example_latest_only.py
[2025-03-23T22:48:24.650+0000] {processor.py:753} INFO - DAG(s) dict_keys(['latest_only']) retrieved from /home/airflow/.local/lib/python3.7/site-packages/airflow/example_dags/example_latest_only.py
[2025-03-23T22:48:24.710+0000] {logging_mixin.py:137} INFO - [2025-03-23T22:48:24.710+0000] {dag.py:2676} INFO - Sync 1 DAGs
[2025-03-23T22:48:24.758+0000] {logging_mixin.py:137} INFO - [2025-03-23T22:48:24.758+0000] {dag.py:3427} INFO - Setting next_dagrun for latest_only to 2025-03-23T18:48:24.758006+00:00, run_after=2025-03-23T22:48:24.758006+00:00
[2025-03-23T22:48:24.796+0000] {processor.py:175} INFO - Processing /home/airflow/.local/lib/python3.7/site-packages/airflow/example_dags/example_latest_only.py took 0.186 seconds
[2025-03-23T22:48:55.179+0000] {processor.py:153} INFO - Started process (PID=245) to work on /home/airflow/.local/lib/python3.7/site-packages/airflow/example_dags/example_latest_only.py
[2025-03-23T22:48:55.180+0000] {processor.py:743} INFO - Processing file /home/airflow/.local/lib/python3.7/site-packages/airflow/example_dags/example_latest_only.py for tasks to queue
[2025-03-23T22:48:55.182+0000] {logging_mixin.py:137} INFO - [2025-03-23T22:48:55.182+0000] {dagbag.py:538} INFO - Filling up the DagBag from /home/airflow/.local/lib/python3.7/site-packages/airflow/example_dags/example_latest_only.py
[2025-03-23T22:48:55.219+0000] {processor.py:753} INFO - DAG(s) dict_keys(['latest_only']) retrieved from /home/airflow/.local/lib/python3.7/site-packages/airflow/example_dags/example_latest_only.py
[2025-03-23T22:48:55.282+0000] {logging_mixin.py:137} INFO - [2025-03-23T22:48:55.282+0000] {dag.py:2676} INFO - Sync 1 DAGs
[2025-03-23T22:48:55.310+0000] {logging_mixin.py:137} INFO - [2025-03-23T22:48:55.310+0000] {dag.py:3427} INFO - Setting next_dagrun for latest_only to 2025-03-23T18:48:55.310437+00:00, run_after=2025-03-23T22:48:55.310437+00:00
[2025-03-23T22:48:55.329+0000] {processor.py:175} INFO - Processing /home/airflow/.local/lib/python3.7/site-packages/airflow/example_dags/example_latest_only.py took 0.154 seconds
[2025-03-23T22:49:25.609+0000] {processor.py:153} INFO - Started process (PID=315) to work on /home/airflow/.local/lib/python3.7/site-packages/airflow/example_dags/example_latest_only.py
[2025-03-23T22:49:25.610+0000] {processor.py:743} INFO - Processing file /home/airflow/.local/lib/python3.7/site-packages/airflow/example_dags/example_latest_only.py for tasks to queue
[2025-03-23T22:49:25.610+0000] {logging_mixin.py:137} INFO - [2025-03-23T22:49:25.610+0000] {dagbag.py:538} INFO - Filling up the DagBag from /home/airflow/.local/lib/python3.7/site-packages/airflow/example_dags/example_latest_only.py
[2025-03-23T22:49:25.625+0000] {processor.py:753} INFO - DAG(s) dict_keys(['latest_only']) retrieved from /home/airflow/.local/lib/python3.7/site-packages/airflow/example_dags/example_latest_only.py
[2025-03-23T22:49:25.669+0000] {logging_mixin.py:137} INFO - [2025-03-23T22:49:25.668+0000] {dag.py:2676} INFO - Sync 1 DAGs
[2025-03-23T22:49:25.702+0000] {logging_mixin.py:137} INFO - [2025-03-23T22:49:25.702+0000] {dag.py:3427} INFO - Setting next_dagrun for latest_only to 2025-03-23T18:49:25.701880+00:00, run_after=2025-03-23T22:49:25.701880+00:00
[2025-03-23T22:49:25.725+0000] {processor.py:175} INFO - Processing /home/airflow/.local/lib/python3.7/site-packages/airflow/example_dags/example_latest_only.py took 0.120 seconds
[2025-03-23T22:49:56.821+0000] {processor.py:153} INFO - Started process (PID=400) to work on /home/airflow/.local/lib/python3.7/site-packages/airflow/example_dags/example_latest_only.py
[2025-03-23T22:49:56.822+0000] {processor.py:743} INFO - Processing file /home/airflow/.local/lib/python3.7/site-packages/airflow/example_dags/example_latest_only.py for tasks to queue
[2025-03-23T22:49:56.825+0000] {logging_mixin.py:137} INFO - [2025-03-23T22:49:56.824+0000] {dagbag.py:538} INFO - Filling up the DagBag from /home/airflow/.local/lib/python3.7/site-packages/airflow/example_dags/example_latest_only.py
[2025-03-23T22:49:56.849+0000] {processor.py:753} INFO - DAG(s) dict_keys(['latest_only']) retrieved from /home/airflow/.local/lib/python3.7/site-packages/airflow/example_dags/example_latest_only.py
[2025-03-23T22:49:56.901+0000] {logging_mixin.py:137} INFO - [2025-03-23T22:49:56.901+0000] {dag.py:2676} INFO - Sync 1 DAGs
[2025-03-23T22:49:56.943+0000] {logging_mixin.py:137} INFO - [2025-03-23T22:49:56.942+0000] {dag.py:3427} INFO - Setting next_dagrun for latest_only to 2025-03-23T18:49:56.940941+00:00, run_after=2025-03-23T22:49:56.940941+00:00
[2025-03-23T22:49:56.976+0000] {processor.py:175} INFO - Processing /home/airflow/.local/lib/python3.7/site-packages/airflow/example_dags/example_latest_only.py took 0.159 seconds
[2025-03-23T22:59:23.424+0000] {processor.py:153} INFO - Started process (PID=88) to work on /home/airflow/.local/lib/python3.7/site-packages/airflow/example_dags/example_latest_only.py
[2025-03-23T22:59:23.425+0000] {processor.py:743} INFO - Processing file /home/airflow/.local/lib/python3.7/site-packages/airflow/example_dags/example_latest_only.py for tasks to queue
[2025-03-23T22:59:23.426+0000] {logging_mixin.py:137} INFO - [2025-03-23T22:59:23.426+0000] {dagbag.py:538} INFO - Filling up the DagBag from /home/airflow/.local/lib/python3.7/site-packages/airflow/example_dags/example_latest_only.py
[2025-03-23T22:59:23.444+0000] {processor.py:753} INFO - DAG(s) dict_keys(['latest_only']) retrieved from /home/airflow/.local/lib/python3.7/site-packages/airflow/example_dags/example_latest_only.py
[2025-03-23T22:59:23.605+0000] {logging_mixin.py:137} INFO - [2025-03-23T22:59:23.605+0000] {manager.py:504} INFO - Created Permission View: can read on DAG:latest_only
[2025-03-23T22:59:23.615+0000] {logging_mixin.py:137} INFO - [2025-03-23T22:59:23.615+0000] {manager.py:504} INFO - Created Permission View: can delete on DAG:latest_only
[2025-03-23T22:59:23.629+0000] {logging_mixin.py:137} INFO - [2025-03-23T22:59:23.629+0000] {manager.py:504} INFO - Created Permission View: can edit on DAG:latest_only
[2025-03-23T22:59:23.630+0000] {logging_mixin.py:137} INFO - [2025-03-23T22:59:23.630+0000] {dag.py:2676} INFO - Sync 1 DAGs
[2025-03-23T22:59:23.645+0000] {logging_mixin.py:137} INFO - [2025-03-23T22:59:23.645+0000] {dag.py:2697} INFO - Creating ORM DAG for latest_only
[2025-03-23T22:59:23.659+0000] {logging_mixin.py:137} INFO - [2025-03-23T22:59:23.659+0000] {dag.py:3427} INFO - Setting next_dagrun for latest_only to 2025-03-23T18:59:23.659580+00:00, run_after=2025-03-23T22:59:23.659580+00:00
[2025-03-23T22:59:23.682+0000] {processor.py:175} INFO - Processing /home/airflow/.local/lib/python3.7/site-packages/airflow/example_dags/example_latest_only.py took 0.262 seconds
[2025-03-23T22:59:54.336+0000] {processor.py:153} INFO - Started process (PID=175) to work on /home/airflow/.local/lib/python3.7/site-packages/airflow/example_dags/example_latest_only.py
[2025-03-23T22:59:54.337+0000] {processor.py:743} INFO - Processing file /home/airflow/.local/lib/python3.7/site-packages/airflow/example_dags/example_latest_only.py for tasks to queue
[2025-03-23T22:59:54.338+0000] {logging_mixin.py:137} INFO - [2025-03-23T22:59:54.338+0000] {dagbag.py:538} INFO - Filling up the DagBag from /home/airflow/.local/lib/python3.7/site-packages/airflow/example_dags/example_latest_only.py
[2025-03-23T22:59:54.362+0000] {processor.py:753} INFO - DAG(s) dict_keys(['latest_only']) retrieved from /home/airflow/.local/lib/python3.7/site-packages/airflow/example_dags/example_latest_only.py
[2025-03-23T22:59:54.440+0000] {logging_mixin.py:137} INFO - [2025-03-23T22:59:54.440+0000] {dag.py:2676} INFO - Sync 1 DAGs
[2025-03-23T22:59:54.550+0000] {logging_mixin.py:137} INFO - [2025-03-23T22:59:54.549+0000] {dag.py:3427} INFO - Setting next_dagrun for latest_only to 2025-03-23T18:59:54.549600+00:00, run_after=2025-03-23T22:59:54.549600+00:00
[2025-03-23T22:59:54.600+0000] {processor.py:175} INFO - Processing /home/airflow/.local/lib/python3.7/site-packages/airflow/example_dags/example_latest_only.py took 0.268 seconds
[2025-03-23T23:00:24.976+0000] {processor.py:153} INFO - Started process (PID=245) to work on /home/airflow/.local/lib/python3.7/site-packages/airflow/example_dags/example_latest_only.py
[2025-03-23T23:00:24.976+0000] {processor.py:743} INFO - Processing file /home/airflow/.local/lib/python3.7/site-packages/airflow/example_dags/example_latest_only.py for tasks to queue
[2025-03-23T23:00:24.977+0000] {logging_mixin.py:137} INFO - [2025-03-23T23:00:24.977+0000] {dagbag.py:538} INFO - Filling up the DagBag from /home/airflow/.local/lib/python3.7/site-packages/airflow/example_dags/example_latest_only.py
[2025-03-23T23:00:24.997+0000] {processor.py:753} INFO - DAG(s) dict_keys(['latest_only']) retrieved from /home/airflow/.local/lib/python3.7/site-packages/airflow/example_dags/example_latest_only.py
[2025-03-23T23:00:25.055+0000] {logging_mixin.py:137} INFO - [2025-03-23T23:00:25.055+0000] {dag.py:2676} INFO - Sync 1 DAGs
[2025-03-23T23:00:25.087+0000] {logging_mixin.py:137} INFO - [2025-03-23T23:00:25.087+0000] {dag.py:3427} INFO - Setting next_dagrun for latest_only to 2025-03-23T19:00:25.087464+00:00, run_after=2025-03-23T23:00:25.087464+00:00
[2025-03-23T23:00:25.107+0000] {processor.py:175} INFO - Processing /home/airflow/.local/lib/python3.7/site-packages/airflow/example_dags/example_latest_only.py took 0.135 seconds
[2025-03-23T23:00:55.275+0000] {processor.py:153} INFO - Started process (PID=316) to work on /home/airflow/.local/lib/python3.7/site-packages/airflow/example_dags/example_latest_only.py
[2025-03-23T23:00:55.276+0000] {processor.py:743} INFO - Processing file /home/airflow/.local/lib/python3.7/site-packages/airflow/example_dags/example_latest_only.py for tasks to queue
[2025-03-23T23:00:55.277+0000] {logging_mixin.py:137} INFO - [2025-03-23T23:00:55.277+0000] {dagbag.py:538} INFO - Filling up the DagBag from /home/airflow/.local/lib/python3.7/site-packages/airflow/example_dags/example_latest_only.py
[2025-03-23T23:00:55.296+0000] {processor.py:753} INFO - DAG(s) dict_keys(['latest_only']) retrieved from /home/airflow/.local/lib/python3.7/site-packages/airflow/example_dags/example_latest_only.py
[2025-03-23T23:00:55.349+0000] {logging_mixin.py:137} INFO - [2025-03-23T23:00:55.349+0000] {dag.py:2676} INFO - Sync 1 DAGs
[2025-03-23T23:00:55.391+0000] {logging_mixin.py:137} INFO - [2025-03-23T23:00:55.391+0000] {dag.py:3427} INFO - Setting next_dagrun for latest_only to 2025-03-23T19:00:55.390839+00:00, run_after=2025-03-23T23:00:55.390839+00:00
[2025-03-23T23:00:55.435+0000] {processor.py:175} INFO - Processing /home/airflow/.local/lib/python3.7/site-packages/airflow/example_dags/example_latest_only.py took 0.162 seconds
