[2025-03-23T22:47:50.203+0000] {processor.py:153} INFO - Started process (PID=67) to work on /home/airflow/.local/lib/python3.7/site-packages/airflow/example_dags/example_task_group.py
[2025-03-23T22:47:50.204+0000] {processor.py:743} INFO - Processing file /home/airflow/.local/lib/python3.7/site-packages/airflow/example_dags/example_task_group.py for tasks to queue
[2025-03-23T22:47:50.205+0000] {logging_mixin.py:137} INFO - [2025-03-23T22:47:50.205+0000] {dagbag.py:538} INFO - Filling up the DagBag from /home/airflow/.local/lib/python3.7/site-packages/airflow/example_dags/example_task_group.py
[2025-03-23T22:47:50.241+0000] {processor.py:753} INFO - DAG(s) dict_keys(['example_task_group']) retrieved from /home/airflow/.local/lib/python3.7/site-packages/airflow/example_dags/example_task_group.py
[2025-03-23T22:47:50.436+0000] {logging_mixin.py:137} INFO - [2025-03-23T22:47:50.436+0000] {manager.py:504} INFO - Created Permission View: can edit on DAG:example_task_group
[2025-03-23T22:47:50.451+0000] {logging_mixin.py:137} INFO - [2025-03-23T22:47:50.450+0000] {manager.py:504} INFO - Created Permission View: can delete on DAG:example_task_group
[2025-03-23T22:47:50.462+0000] {logging_mixin.py:137} INFO - [2025-03-23T22:47:50.461+0000] {manager.py:504} INFO - Created Permission View: can read on DAG:example_task_group
[2025-03-23T22:47:50.462+0000] {logging_mixin.py:137} INFO - [2025-03-23T22:47:50.462+0000] {dag.py:2676} INFO - Sync 1 DAGs
[2025-03-23T22:47:50.485+0000] {logging_mixin.py:137} INFO - [2025-03-23T22:47:50.485+0000] {dag.py:2697} INFO - Creating ORM DAG for example_task_group
[2025-03-23T22:47:50.502+0000] {logging_mixin.py:137} INFO - [2025-03-23T22:47:50.502+0000] {dag.py:3427} INFO - Setting next_dagrun for example_task_group to 2025-03-22T22:47:50.502424+00:00, run_after=2025-03-23T22:47:50.502424+00:00
[2025-03-23T22:47:50.524+0000] {processor.py:175} INFO - Processing /home/airflow/.local/lib/python3.7/site-packages/airflow/example_dags/example_task_group.py took 0.324 seconds
[2025-03-23T22:48:21.076+0000] {processor.py:153} INFO - Started process (PID=137) to work on /home/airflow/.local/lib/python3.7/site-packages/airflow/example_dags/example_task_group.py
[2025-03-23T22:48:21.077+0000] {processor.py:743} INFO - Processing file /home/airflow/.local/lib/python3.7/site-packages/airflow/example_dags/example_task_group.py for tasks to queue
[2025-03-23T22:48:21.077+0000] {logging_mixin.py:137} INFO - [2025-03-23T22:48:21.077+0000] {dagbag.py:538} INFO - Filling up the DagBag from /home/airflow/.local/lib/python3.7/site-packages/airflow/example_dags/example_task_group.py
[2025-03-23T22:48:21.094+0000] {processor.py:753} INFO - DAG(s) dict_keys(['example_task_group']) retrieved from /home/airflow/.local/lib/python3.7/site-packages/airflow/example_dags/example_task_group.py
[2025-03-23T22:48:21.132+0000] {logging_mixin.py:137} INFO - [2025-03-23T22:48:21.131+0000] {dag.py:2676} INFO - Sync 1 DAGs
[2025-03-23T22:48:21.162+0000] {logging_mixin.py:137} INFO - [2025-03-23T22:48:21.162+0000] {dag.py:3427} INFO - Setting next_dagrun for example_task_group to 2025-03-22T22:48:21.162256+00:00, run_after=2025-03-23T22:48:21.162256+00:00
[2025-03-23T22:48:21.190+0000] {processor.py:175} INFO - Processing /home/airflow/.local/lib/python3.7/site-packages/airflow/example_dags/example_task_group.py took 0.118 seconds
[2025-03-23T22:48:51.725+0000] {processor.py:153} INFO - Started process (PID=223) to work on /home/airflow/.local/lib/python3.7/site-packages/airflow/example_dags/example_task_group.py
[2025-03-23T22:48:51.727+0000] {processor.py:743} INFO - Processing file /home/airflow/.local/lib/python3.7/site-packages/airflow/example_dags/example_task_group.py for tasks to queue
[2025-03-23T22:48:51.728+0000] {logging_mixin.py:137} INFO - [2025-03-23T22:48:51.728+0000] {dagbag.py:538} INFO - Filling up the DagBag from /home/airflow/.local/lib/python3.7/site-packages/airflow/example_dags/example_task_group.py
[2025-03-23T22:48:51.751+0000] {processor.py:753} INFO - DAG(s) dict_keys(['example_task_group']) retrieved from /home/airflow/.local/lib/python3.7/site-packages/airflow/example_dags/example_task_group.py
[2025-03-23T22:48:51.806+0000] {logging_mixin.py:137} INFO - [2025-03-23T22:48:51.806+0000] {dag.py:2676} INFO - Sync 1 DAGs
[2025-03-23T22:48:51.870+0000] {logging_mixin.py:137} INFO - [2025-03-23T22:48:51.869+0000] {dag.py:3427} INFO - Setting next_dagrun for example_task_group to 2025-03-22T22:48:51.869063+00:00, run_after=2025-03-23T22:48:51.869063+00:00
[2025-03-23T22:48:51.911+0000] {processor.py:175} INFO - Processing /home/airflow/.local/lib/python3.7/site-packages/airflow/example_dags/example_task_group.py took 0.192 seconds
[2025-03-23T22:49:22.068+0000] {processor.py:153} INFO - Started process (PID=293) to work on /home/airflow/.local/lib/python3.7/site-packages/airflow/example_dags/example_task_group.py
[2025-03-23T22:49:22.069+0000] {processor.py:743} INFO - Processing file /home/airflow/.local/lib/python3.7/site-packages/airflow/example_dags/example_task_group.py for tasks to queue
[2025-03-23T22:49:22.070+0000] {logging_mixin.py:137} INFO - [2025-03-23T22:49:22.070+0000] {dagbag.py:538} INFO - Filling up the DagBag from /home/airflow/.local/lib/python3.7/site-packages/airflow/example_dags/example_task_group.py
[2025-03-23T22:49:22.088+0000] {processor.py:753} INFO - DAG(s) dict_keys(['example_task_group']) retrieved from /home/airflow/.local/lib/python3.7/site-packages/airflow/example_dags/example_task_group.py
[2025-03-23T22:49:22.132+0000] {logging_mixin.py:137} INFO - [2025-03-23T22:49:22.131+0000] {dag.py:2676} INFO - Sync 1 DAGs
[2025-03-23T22:49:22.160+0000] {logging_mixin.py:137} INFO - [2025-03-23T22:49:22.159+0000] {dag.py:3427} INFO - Setting next_dagrun for example_task_group to 2025-03-22T22:49:22.159744+00:00, run_after=2025-03-23T22:49:22.159744+00:00
[2025-03-23T22:49:22.181+0000] {processor.py:175} INFO - Processing /home/airflow/.local/lib/python3.7/site-packages/airflow/example_dags/example_task_group.py took 0.116 seconds
[2025-03-23T22:49:52.494+0000] {processor.py:153} INFO - Started process (PID=370) to work on /home/airflow/.local/lib/python3.7/site-packages/airflow/example_dags/example_task_group.py
[2025-03-23T22:49:52.495+0000] {processor.py:743} INFO - Processing file /home/airflow/.local/lib/python3.7/site-packages/airflow/example_dags/example_task_group.py for tasks to queue
[2025-03-23T22:49:52.496+0000] {logging_mixin.py:137} INFO - [2025-03-23T22:49:52.495+0000] {dagbag.py:538} INFO - Filling up the DagBag from /home/airflow/.local/lib/python3.7/site-packages/airflow/example_dags/example_task_group.py
[2025-03-23T22:49:52.516+0000] {processor.py:753} INFO - DAG(s) dict_keys(['example_task_group']) retrieved from /home/airflow/.local/lib/python3.7/site-packages/airflow/example_dags/example_task_group.py
[2025-03-23T22:49:52.563+0000] {logging_mixin.py:137} INFO - [2025-03-23T22:49:52.562+0000] {dag.py:2676} INFO - Sync 1 DAGs
[2025-03-23T22:49:52.598+0000] {logging_mixin.py:137} INFO - [2025-03-23T22:49:52.598+0000] {dag.py:3427} INFO - Setting next_dagrun for example_task_group to 2025-03-22T22:49:52.598156+00:00, run_after=2025-03-23T22:49:52.598156+00:00
[2025-03-23T22:49:52.626+0000] {processor.py:175} INFO - Processing /home/airflow/.local/lib/python3.7/site-packages/airflow/example_dags/example_task_group.py took 0.135 seconds
[2025-03-23T22:59:19.781+0000] {processor.py:153} INFO - Started process (PID=67) to work on /home/airflow/.local/lib/python3.7/site-packages/airflow/example_dags/example_task_group.py
[2025-03-23T22:59:19.782+0000] {processor.py:743} INFO - Processing file /home/airflow/.local/lib/python3.7/site-packages/airflow/example_dags/example_task_group.py for tasks to queue
[2025-03-23T22:59:19.783+0000] {logging_mixin.py:137} INFO - [2025-03-23T22:59:19.783+0000] {dagbag.py:538} INFO - Filling up the DagBag from /home/airflow/.local/lib/python3.7/site-packages/airflow/example_dags/example_task_group.py
[2025-03-23T22:59:19.808+0000] {processor.py:753} INFO - DAG(s) dict_keys(['example_task_group']) retrieved from /home/airflow/.local/lib/python3.7/site-packages/airflow/example_dags/example_task_group.py
[2025-03-23T22:59:19.948+0000] {logging_mixin.py:137} INFO - [2025-03-23T22:59:19.948+0000] {manager.py:504} INFO - Created Permission View: can read on DAG:example_task_group
[2025-03-23T22:59:19.962+0000] {logging_mixin.py:137} INFO - [2025-03-23T22:59:19.962+0000] {manager.py:504} INFO - Created Permission View: can delete on DAG:example_task_group
[2025-03-23T22:59:19.969+0000] {logging_mixin.py:137} INFO - [2025-03-23T22:59:19.969+0000] {manager.py:504} INFO - Created Permission View: can edit on DAG:example_task_group
[2025-03-23T22:59:19.970+0000] {logging_mixin.py:137} INFO - [2025-03-23T22:59:19.969+0000] {dag.py:2676} INFO - Sync 1 DAGs
[2025-03-23T22:59:19.984+0000] {logging_mixin.py:137} INFO - [2025-03-23T22:59:19.984+0000] {dag.py:2697} INFO - Creating ORM DAG for example_task_group
[2025-03-23T22:59:20.000+0000] {logging_mixin.py:137} INFO - [2025-03-23T22:59:20.000+0000] {dag.py:3427} INFO - Setting next_dagrun for example_task_group to 2025-03-22T22:59:20.000288+00:00, run_after=2025-03-23T22:59:20.000288+00:00
[2025-03-23T22:59:20.029+0000] {processor.py:175} INFO - Processing /home/airflow/.local/lib/python3.7/site-packages/airflow/example_dags/example_task_group.py took 0.251 seconds
[2025-03-23T22:59:50.519+0000] {processor.py:153} INFO - Started process (PID=137) to work on /home/airflow/.local/lib/python3.7/site-packages/airflow/example_dags/example_task_group.py
[2025-03-23T22:59:50.521+0000] {processor.py:743} INFO - Processing file /home/airflow/.local/lib/python3.7/site-packages/airflow/example_dags/example_task_group.py for tasks to queue
[2025-03-23T22:59:50.523+0000] {logging_mixin.py:137} INFO - [2025-03-23T22:59:50.522+0000] {dagbag.py:538} INFO - Filling up the DagBag from /home/airflow/.local/lib/python3.7/site-packages/airflow/example_dags/example_task_group.py
[2025-03-23T22:59:50.560+0000] {processor.py:753} INFO - DAG(s) dict_keys(['example_task_group']) retrieved from /home/airflow/.local/lib/python3.7/site-packages/airflow/example_dags/example_task_group.py
[2025-03-23T22:59:50.624+0000] {logging_mixin.py:137} INFO - [2025-03-23T22:59:50.624+0000] {dag.py:2676} INFO - Sync 1 DAGs
[2025-03-23T22:59:50.663+0000] {logging_mixin.py:137} INFO - [2025-03-23T22:59:50.662+0000] {dag.py:3427} INFO - Setting next_dagrun for example_task_group to 2025-03-22T22:59:50.662274+00:00, run_after=2025-03-23T22:59:50.662274+00:00
[2025-03-23T22:59:50.703+0000] {processor.py:175} INFO - Processing /home/airflow/.local/lib/python3.7/site-packages/airflow/example_dags/example_task_group.py took 0.192 seconds
[2025-03-23T23:00:21.265+0000] {processor.py:153} INFO - Started process (PID=224) to work on /home/airflow/.local/lib/python3.7/site-packages/airflow/example_dags/example_task_group.py
[2025-03-23T23:00:21.266+0000] {processor.py:743} INFO - Processing file /home/airflow/.local/lib/python3.7/site-packages/airflow/example_dags/example_task_group.py for tasks to queue
[2025-03-23T23:00:21.266+0000] {logging_mixin.py:137} INFO - [2025-03-23T23:00:21.266+0000] {dagbag.py:538} INFO - Filling up the DagBag from /home/airflow/.local/lib/python3.7/site-packages/airflow/example_dags/example_task_group.py
[2025-03-23T23:00:21.286+0000] {processor.py:753} INFO - DAG(s) dict_keys(['example_task_group']) retrieved from /home/airflow/.local/lib/python3.7/site-packages/airflow/example_dags/example_task_group.py
[2025-03-23T23:00:21.325+0000] {logging_mixin.py:137} INFO - [2025-03-23T23:00:21.325+0000] {dag.py:2676} INFO - Sync 1 DAGs
[2025-03-23T23:00:21.364+0000] {logging_mixin.py:137} INFO - [2025-03-23T23:00:21.363+0000] {dag.py:3427} INFO - Setting next_dagrun for example_task_group to 2025-03-22T23:00:21.363344+00:00, run_after=2025-03-23T23:00:21.363344+00:00
[2025-03-23T23:00:21.398+0000] {processor.py:175} INFO - Processing /home/airflow/.local/lib/python3.7/site-packages/airflow/example_dags/example_task_group.py took 0.138 seconds
[2025-03-23T23:00:51.969+0000] {processor.py:153} INFO - Started process (PID=294) to work on /home/airflow/.local/lib/python3.7/site-packages/airflow/example_dags/example_task_group.py
[2025-03-23T23:00:51.971+0000] {processor.py:743} INFO - Processing file /home/airflow/.local/lib/python3.7/site-packages/airflow/example_dags/example_task_group.py for tasks to queue
[2025-03-23T23:00:51.972+0000] {logging_mixin.py:137} INFO - [2025-03-23T23:00:51.971+0000] {dagbag.py:538} INFO - Filling up the DagBag from /home/airflow/.local/lib/python3.7/site-packages/airflow/example_dags/example_task_group.py
[2025-03-23T23:00:51.997+0000] {processor.py:753} INFO - DAG(s) dict_keys(['example_task_group']) retrieved from /home/airflow/.local/lib/python3.7/site-packages/airflow/example_dags/example_task_group.py
[2025-03-23T23:00:52.045+0000] {logging_mixin.py:137} INFO - [2025-03-23T23:00:52.045+0000] {dag.py:2676} INFO - Sync 1 DAGs
[2025-03-23T23:00:52.079+0000] {logging_mixin.py:137} INFO - [2025-03-23T23:00:52.079+0000] {dag.py:3427} INFO - Setting next_dagrun for example_task_group to 2025-03-22T23:00:52.079316+00:00, run_after=2025-03-23T23:00:52.079316+00:00
[2025-03-23T23:00:52.113+0000] {processor.py:175} INFO - Processing /home/airflow/.local/lib/python3.7/site-packages/airflow/example_dags/example_task_group.py took 0.149 seconds
