[2025-03-23T22:47:47.191+0000] {processor.py:153} INFO - Started process (PID=54) to work on /home/airflow/.local/lib/python3.7/site-packages/airflow/example_dags/example_python_operator.py
[2025-03-23T22:47:47.192+0000] {processor.py:743} INFO - Processing file /home/airflow/.local/lib/python3.7/site-packages/airflow/example_dags/example_python_operator.py for tasks to queue
[2025-03-23T22:47:47.193+0000] {logging_mixin.py:137} INFO - [2025-03-23T22:47:47.193+0000] {dagbag.py:538} INFO - Filling up the DagBag from /home/airflow/.local/lib/python3.7/site-packages/airflow/example_dags/example_python_operator.py
[2025-03-23T22:47:47.248+0000] {logging_mixin.py:137} INFO - [2025-03-23T22:47:47.248+0000] {taskmixin.py:205} WARNING - Dependency <Task(_PythonDecoratedOperator): print_the_context>, log_sql_query already registered for DAG: example_python_operator
[2025-03-23T22:47:47.249+0000] {logging_mixin.py:137} INFO - [2025-03-23T22:47:47.248+0000] {taskmixin.py:205} WARNING - Dependency <Task(_PythonDecoratedOperator): log_sql_query>, print_the_context already registered for DAG: example_python_operator
[2025-03-23T22:47:47.250+0000] {logging_mixin.py:137} INFO - [2025-03-23T22:47:47.250+0000] {taskmixin.py:205} WARNING - Dependency <Task(_PythonDecoratedOperator): print_the_context>, log_sql_query already registered for DAG: example_python_operator
[2025-03-23T22:47:47.250+0000] {logging_mixin.py:137} INFO - [2025-03-23T22:47:47.250+0000] {taskmixin.py:205} WARNING - Dependency <Task(_PythonDecoratedOperator): log_sql_query>, print_the_context already registered for DAG: example_python_operator
[2025-03-23T22:47:47.252+0000] {logging_mixin.py:137} INFO - [2025-03-23T22:47:47.251+0000] {taskmixin.py:205} WARNING - Dependency <Task(_PythonDecoratedOperator): print_the_context>, log_sql_query already registered for DAG: example_python_operator
[2025-03-23T22:47:47.252+0000] {logging_mixin.py:137} INFO - [2025-03-23T22:47:47.252+0000] {taskmixin.py:205} WARNING - Dependency <Task(_PythonDecoratedOperator): log_sql_query>, print_the_context already registered for DAG: example_python_operator
[2025-03-23T22:47:47.253+0000] {logging_mixin.py:137} INFO - [2025-03-23T22:47:47.252+0000] {taskmixin.py:205} WARNING - Dependency <Task(_PythonDecoratedOperator): print_the_context>, log_sql_query already registered for DAG: example_python_operator
[2025-03-23T22:47:47.253+0000] {logging_mixin.py:137} INFO - [2025-03-23T22:47:47.253+0000] {taskmixin.py:205} WARNING - Dependency <Task(_PythonDecoratedOperator): log_sql_query>, print_the_context already registered for DAG: example_python_operator
[2025-03-23T22:47:47.290+0000] {processor.py:753} INFO - DAG(s) dict_keys(['example_python_operator']) retrieved from /home/airflow/.local/lib/python3.7/site-packages/airflow/example_dags/example_python_operator.py
[2025-03-23T22:47:47.593+0000] {logging_mixin.py:137} INFO - [2025-03-23T22:47:47.593+0000] {manager.py:504} INFO - Created Permission View: can edit on DAG:example_python_operator
[2025-03-23T22:47:47.610+0000] {logging_mixin.py:137} INFO - [2025-03-23T22:47:47.610+0000] {manager.py:504} INFO - Created Permission View: can delete on DAG:example_python_operator
[2025-03-23T22:47:47.622+0000] {logging_mixin.py:137} INFO - [2025-03-23T22:47:47.621+0000] {manager.py:504} INFO - Created Permission View: can read on DAG:example_python_operator
[2025-03-23T22:47:47.622+0000] {logging_mixin.py:137} INFO - [2025-03-23T22:47:47.622+0000] {dag.py:2676} INFO - Sync 1 DAGs
[2025-03-23T22:47:47.645+0000] {logging_mixin.py:137} INFO - [2025-03-23T22:47:47.645+0000] {dag.py:2697} INFO - Creating ORM DAG for example_python_operator
[2025-03-23T22:47:47.664+0000] {logging_mixin.py:137} INFO - [2025-03-23T22:47:47.664+0000] {dag.py:3427} INFO - Setting next_dagrun for example_python_operator to None, run_after=None
[2025-03-23T22:47:47.710+0000] {processor.py:175} INFO - Processing /home/airflow/.local/lib/python3.7/site-packages/airflow/example_dags/example_python_operator.py took 0.522 seconds
[2025-03-23T22:48:18.616+0000] {processor.py:153} INFO - Started process (PID=124) to work on /home/airflow/.local/lib/python3.7/site-packages/airflow/example_dags/example_python_operator.py
[2025-03-23T22:48:18.618+0000] {processor.py:743} INFO - Processing file /home/airflow/.local/lib/python3.7/site-packages/airflow/example_dags/example_python_operator.py for tasks to queue
[2025-03-23T22:48:18.619+0000] {logging_mixin.py:137} INFO - [2025-03-23T22:48:18.619+0000] {dagbag.py:538} INFO - Filling up the DagBag from /home/airflow/.local/lib/python3.7/site-packages/airflow/example_dags/example_python_operator.py
[2025-03-23T22:48:18.676+0000] {logging_mixin.py:137} INFO - [2025-03-23T22:48:18.675+0000] {taskmixin.py:205} WARNING - Dependency <Task(_PythonDecoratedOperator): print_the_context>, log_sql_query already registered for DAG: example_python_operator
[2025-03-23T22:48:18.676+0000] {logging_mixin.py:137} INFO - [2025-03-23T22:48:18.676+0000] {taskmixin.py:205} WARNING - Dependency <Task(_PythonDecoratedOperator): log_sql_query>, print_the_context already registered for DAG: example_python_operator
[2025-03-23T22:48:18.678+0000] {logging_mixin.py:137} INFO - [2025-03-23T22:48:18.678+0000] {taskmixin.py:205} WARNING - Dependency <Task(_PythonDecoratedOperator): print_the_context>, log_sql_query already registered for DAG: example_python_operator
[2025-03-23T22:48:18.679+0000] {logging_mixin.py:137} INFO - [2025-03-23T22:48:18.678+0000] {taskmixin.py:205} WARNING - Dependency <Task(_PythonDecoratedOperator): log_sql_query>, print_the_context already registered for DAG: example_python_operator
[2025-03-23T22:48:18.681+0000] {logging_mixin.py:137} INFO - [2025-03-23T22:48:18.680+0000] {taskmixin.py:205} WARNING - Dependency <Task(_PythonDecoratedOperator): print_the_context>, log_sql_query already registered for DAG: example_python_operator
[2025-03-23T22:48:18.681+0000] {logging_mixin.py:137} INFO - [2025-03-23T22:48:18.681+0000] {taskmixin.py:205} WARNING - Dependency <Task(_PythonDecoratedOperator): log_sql_query>, print_the_context already registered for DAG: example_python_operator
[2025-03-23T22:48:18.683+0000] {logging_mixin.py:137} INFO - [2025-03-23T22:48:18.683+0000] {taskmixin.py:205} WARNING - Dependency <Task(_PythonDecoratedOperator): print_the_context>, log_sql_query already registered for DAG: example_python_operator
[2025-03-23T22:48:18.684+0000] {logging_mixin.py:137} INFO - [2025-03-23T22:48:18.683+0000] {taskmixin.py:205} WARNING - Dependency <Task(_PythonDecoratedOperator): log_sql_query>, print_the_context already registered for DAG: example_python_operator
[2025-03-23T22:48:18.698+0000] {processor.py:753} INFO - DAG(s) dict_keys(['example_python_operator']) retrieved from /home/airflow/.local/lib/python3.7/site-packages/airflow/example_dags/example_python_operator.py
[2025-03-23T22:48:18.738+0000] {logging_mixin.py:137} INFO - [2025-03-23T22:48:18.738+0000] {dag.py:2676} INFO - Sync 1 DAGs
[2025-03-23T22:48:18.788+0000] {logging_mixin.py:137} INFO - [2025-03-23T22:48:18.788+0000] {dag.py:3427} INFO - Setting next_dagrun for example_python_operator to None, run_after=None
[2025-03-23T22:48:18.841+0000] {processor.py:175} INFO - Processing /home/airflow/.local/lib/python3.7/site-packages/airflow/example_dags/example_python_operator.py took 0.231 seconds
[2025-03-23T22:48:48.987+0000] {processor.py:153} INFO - Started process (PID=203) to work on /home/airflow/.local/lib/python3.7/site-packages/airflow/example_dags/example_python_operator.py
[2025-03-23T22:48:48.988+0000] {processor.py:743} INFO - Processing file /home/airflow/.local/lib/python3.7/site-packages/airflow/example_dags/example_python_operator.py for tasks to queue
[2025-03-23T22:48:48.989+0000] {logging_mixin.py:137} INFO - [2025-03-23T22:48:48.989+0000] {dagbag.py:538} INFO - Filling up the DagBag from /home/airflow/.local/lib/python3.7/site-packages/airflow/example_dags/example_python_operator.py
[2025-03-23T22:48:49.018+0000] {logging_mixin.py:137} INFO - [2025-03-23T22:48:49.018+0000] {taskmixin.py:205} WARNING - Dependency <Task(_PythonDecoratedOperator): print_the_context>, log_sql_query already registered for DAG: example_python_operator
[2025-03-23T22:48:49.018+0000] {logging_mixin.py:137} INFO - [2025-03-23T22:48:49.018+0000] {taskmixin.py:205} WARNING - Dependency <Task(_PythonDecoratedOperator): log_sql_query>, print_the_context already registered for DAG: example_python_operator
[2025-03-23T22:48:49.019+0000] {logging_mixin.py:137} INFO - [2025-03-23T22:48:49.019+0000] {taskmixin.py:205} WARNING - Dependency <Task(_PythonDecoratedOperator): print_the_context>, log_sql_query already registered for DAG: example_python_operator
[2025-03-23T22:48:49.019+0000] {logging_mixin.py:137} INFO - [2025-03-23T22:48:49.019+0000] {taskmixin.py:205} WARNING - Dependency <Task(_PythonDecoratedOperator): log_sql_query>, print_the_context already registered for DAG: example_python_operator
[2025-03-23T22:48:49.020+0000] {logging_mixin.py:137} INFO - [2025-03-23T22:48:49.020+0000] {taskmixin.py:205} WARNING - Dependency <Task(_PythonDecoratedOperator): print_the_context>, log_sql_query already registered for DAG: example_python_operator
[2025-03-23T22:48:49.021+0000] {logging_mixin.py:137} INFO - [2025-03-23T22:48:49.021+0000] {taskmixin.py:205} WARNING - Dependency <Task(_PythonDecoratedOperator): log_sql_query>, print_the_context already registered for DAG: example_python_operator
[2025-03-23T22:48:49.022+0000] {logging_mixin.py:137} INFO - [2025-03-23T22:48:49.022+0000] {taskmixin.py:205} WARNING - Dependency <Task(_PythonDecoratedOperator): print_the_context>, log_sql_query already registered for DAG: example_python_operator
[2025-03-23T22:48:49.022+0000] {logging_mixin.py:137} INFO - [2025-03-23T22:48:49.022+0000] {taskmixin.py:205} WARNING - Dependency <Task(_PythonDecoratedOperator): log_sql_query>, print_the_context already registered for DAG: example_python_operator
[2025-03-23T22:48:49.033+0000] {processor.py:753} INFO - DAG(s) dict_keys(['example_python_operator']) retrieved from /home/airflow/.local/lib/python3.7/site-packages/airflow/example_dags/example_python_operator.py
[2025-03-23T22:48:49.093+0000] {logging_mixin.py:137} INFO - [2025-03-23T22:48:49.092+0000] {dag.py:2676} INFO - Sync 1 DAGs
[2025-03-23T22:48:49.175+0000] {logging_mixin.py:137} INFO - [2025-03-23T22:48:49.175+0000] {dag.py:3427} INFO - Setting next_dagrun for example_python_operator to None, run_after=None
[2025-03-23T22:48:49.212+0000] {processor.py:175} INFO - Processing /home/airflow/.local/lib/python3.7/site-packages/airflow/example_dags/example_python_operator.py took 0.227 seconds
[2025-03-23T22:49:19.460+0000] {processor.py:153} INFO - Started process (PID=280) to work on /home/airflow/.local/lib/python3.7/site-packages/airflow/example_dags/example_python_operator.py
[2025-03-23T22:49:19.462+0000] {processor.py:743} INFO - Processing file /home/airflow/.local/lib/python3.7/site-packages/airflow/example_dags/example_python_operator.py for tasks to queue
[2025-03-23T22:49:19.463+0000] {logging_mixin.py:137} INFO - [2025-03-23T22:49:19.463+0000] {dagbag.py:538} INFO - Filling up the DagBag from /home/airflow/.local/lib/python3.7/site-packages/airflow/example_dags/example_python_operator.py
[2025-03-23T22:49:19.504+0000] {logging_mixin.py:137} INFO - [2025-03-23T22:49:19.504+0000] {taskmixin.py:205} WARNING - Dependency <Task(_PythonDecoratedOperator): print_the_context>, log_sql_query already registered for DAG: example_python_operator
[2025-03-23T22:49:19.504+0000] {logging_mixin.py:137} INFO - [2025-03-23T22:49:19.504+0000] {taskmixin.py:205} WARNING - Dependency <Task(_PythonDecoratedOperator): log_sql_query>, print_the_context already registered for DAG: example_python_operator
[2025-03-23T22:49:19.506+0000] {logging_mixin.py:137} INFO - [2025-03-23T22:49:19.505+0000] {taskmixin.py:205} WARNING - Dependency <Task(_PythonDecoratedOperator): print_the_context>, log_sql_query already registered for DAG: example_python_operator
[2025-03-23T22:49:19.506+0000] {logging_mixin.py:137} INFO - [2025-03-23T22:49:19.506+0000] {taskmixin.py:205} WARNING - Dependency <Task(_PythonDecoratedOperator): log_sql_query>, print_the_context already registered for DAG: example_python_operator
[2025-03-23T22:49:19.507+0000] {logging_mixin.py:137} INFO - [2025-03-23T22:49:19.507+0000] {taskmixin.py:205} WARNING - Dependency <Task(_PythonDecoratedOperator): print_the_context>, log_sql_query already registered for DAG: example_python_operator
[2025-03-23T22:49:19.507+0000] {logging_mixin.py:137} INFO - [2025-03-23T22:49:19.507+0000] {taskmixin.py:205} WARNING - Dependency <Task(_PythonDecoratedOperator): log_sql_query>, print_the_context already registered for DAG: example_python_operator
[2025-03-23T22:49:19.509+0000] {logging_mixin.py:137} INFO - [2025-03-23T22:49:19.509+0000] {taskmixin.py:205} WARNING - Dependency <Task(_PythonDecoratedOperator): print_the_context>, log_sql_query already registered for DAG: example_python_operator
[2025-03-23T22:49:19.509+0000] {logging_mixin.py:137} INFO - [2025-03-23T22:49:19.509+0000] {taskmixin.py:205} WARNING - Dependency <Task(_PythonDecoratedOperator): log_sql_query>, print_the_context already registered for DAG: example_python_operator
[2025-03-23T22:49:19.522+0000] {processor.py:753} INFO - DAG(s) dict_keys(['example_python_operator']) retrieved from /home/airflow/.local/lib/python3.7/site-packages/airflow/example_dags/example_python_operator.py
[2025-03-23T22:49:19.579+0000] {logging_mixin.py:137} INFO - [2025-03-23T22:49:19.579+0000] {dag.py:2676} INFO - Sync 1 DAGs
[2025-03-23T22:49:19.614+0000] {logging_mixin.py:137} INFO - [2025-03-23T22:49:19.614+0000] {dag.py:3427} INFO - Setting next_dagrun for example_python_operator to None, run_after=None
[2025-03-23T22:49:19.654+0000] {processor.py:175} INFO - Processing /home/airflow/.local/lib/python3.7/site-packages/airflow/example_dags/example_python_operator.py took 0.201 seconds
[2025-03-23T22:49:49.891+0000] {processor.py:153} INFO - Started process (PID=350) to work on /home/airflow/.local/lib/python3.7/site-packages/airflow/example_dags/example_python_operator.py
[2025-03-23T22:49:49.892+0000] {processor.py:743} INFO - Processing file /home/airflow/.local/lib/python3.7/site-packages/airflow/example_dags/example_python_operator.py for tasks to queue
[2025-03-23T22:49:49.892+0000] {logging_mixin.py:137} INFO - [2025-03-23T22:49:49.892+0000] {dagbag.py:538} INFO - Filling up the DagBag from /home/airflow/.local/lib/python3.7/site-packages/airflow/example_dags/example_python_operator.py
[2025-03-23T22:49:49.916+0000] {logging_mixin.py:137} INFO - [2025-03-23T22:49:49.916+0000] {taskmixin.py:205} WARNING - Dependency <Task(_PythonDecoratedOperator): print_the_context>, log_sql_query already registered for DAG: example_python_operator
[2025-03-23T22:49:49.917+0000] {logging_mixin.py:137} INFO - [2025-03-23T22:49:49.917+0000] {taskmixin.py:205} WARNING - Dependency <Task(_PythonDecoratedOperator): log_sql_query>, print_the_context already registered for DAG: example_python_operator
[2025-03-23T22:49:49.918+0000] {logging_mixin.py:137} INFO - [2025-03-23T22:49:49.918+0000] {taskmixin.py:205} WARNING - Dependency <Task(_PythonDecoratedOperator): print_the_context>, log_sql_query already registered for DAG: example_python_operator
[2025-03-23T22:49:49.918+0000] {logging_mixin.py:137} INFO - [2025-03-23T22:49:49.918+0000] {taskmixin.py:205} WARNING - Dependency <Task(_PythonDecoratedOperator): log_sql_query>, print_the_context already registered for DAG: example_python_operator
[2025-03-23T22:49:49.919+0000] {logging_mixin.py:137} INFO - [2025-03-23T22:49:49.919+0000] {taskmixin.py:205} WARNING - Dependency <Task(_PythonDecoratedOperator): print_the_context>, log_sql_query already registered for DAG: example_python_operator
[2025-03-23T22:49:49.919+0000] {logging_mixin.py:137} INFO - [2025-03-23T22:49:49.919+0000] {taskmixin.py:205} WARNING - Dependency <Task(_PythonDecoratedOperator): log_sql_query>, print_the_context already registered for DAG: example_python_operator
[2025-03-23T22:49:49.920+0000] {logging_mixin.py:137} INFO - [2025-03-23T22:49:49.920+0000] {taskmixin.py:205} WARNING - Dependency <Task(_PythonDecoratedOperator): print_the_context>, log_sql_query already registered for DAG: example_python_operator
[2025-03-23T22:49:49.920+0000] {logging_mixin.py:137} INFO - [2025-03-23T22:49:49.920+0000] {taskmixin.py:205} WARNING - Dependency <Task(_PythonDecoratedOperator): log_sql_query>, print_the_context already registered for DAG: example_python_operator
[2025-03-23T22:49:49.930+0000] {processor.py:753} INFO - DAG(s) dict_keys(['example_python_operator']) retrieved from /home/airflow/.local/lib/python3.7/site-packages/airflow/example_dags/example_python_operator.py
[2025-03-23T22:49:49.990+0000] {logging_mixin.py:137} INFO - [2025-03-23T22:49:49.990+0000] {dag.py:2676} INFO - Sync 1 DAGs
[2025-03-23T22:49:50.032+0000] {logging_mixin.py:137} INFO - [2025-03-23T22:49:50.032+0000] {dag.py:3427} INFO - Setting next_dagrun for example_python_operator to None, run_after=None
[2025-03-23T22:49:50.061+0000] {processor.py:175} INFO - Processing /home/airflow/.local/lib/python3.7/site-packages/airflow/example_dags/example_python_operator.py took 0.174 seconds
[2025-03-23T22:59:16.823+0000] {processor.py:153} INFO - Started process (PID=54) to work on /home/airflow/.local/lib/python3.7/site-packages/airflow/example_dags/example_python_operator.py
[2025-03-23T22:59:16.824+0000] {processor.py:743} INFO - Processing file /home/airflow/.local/lib/python3.7/site-packages/airflow/example_dags/example_python_operator.py for tasks to queue
[2025-03-23T22:59:16.826+0000] {logging_mixin.py:137} INFO - [2025-03-23T22:59:16.825+0000] {dagbag.py:538} INFO - Filling up the DagBag from /home/airflow/.local/lib/python3.7/site-packages/airflow/example_dags/example_python_operator.py
[2025-03-23T22:59:16.904+0000] {logging_mixin.py:137} INFO - [2025-03-23T22:59:16.904+0000] {taskmixin.py:205} WARNING - Dependency <Task(_PythonDecoratedOperator): print_the_context>, log_sql_query already registered for DAG: example_python_operator
[2025-03-23T22:59:16.904+0000] {logging_mixin.py:137} INFO - [2025-03-23T22:59:16.904+0000] {taskmixin.py:205} WARNING - Dependency <Task(_PythonDecoratedOperator): log_sql_query>, print_the_context already registered for DAG: example_python_operator
[2025-03-23T22:59:16.905+0000] {logging_mixin.py:137} INFO - [2025-03-23T22:59:16.905+0000] {taskmixin.py:205} WARNING - Dependency <Task(_PythonDecoratedOperator): print_the_context>, log_sql_query already registered for DAG: example_python_operator
[2025-03-23T22:59:16.906+0000] {logging_mixin.py:137} INFO - [2025-03-23T22:59:16.906+0000] {taskmixin.py:205} WARNING - Dependency <Task(_PythonDecoratedOperator): log_sql_query>, print_the_context already registered for DAG: example_python_operator
[2025-03-23T22:59:16.907+0000] {logging_mixin.py:137} INFO - [2025-03-23T22:59:16.907+0000] {taskmixin.py:205} WARNING - Dependency <Task(_PythonDecoratedOperator): print_the_context>, log_sql_query already registered for DAG: example_python_operator
[2025-03-23T22:59:16.907+0000] {logging_mixin.py:137} INFO - [2025-03-23T22:59:16.907+0000] {taskmixin.py:205} WARNING - Dependency <Task(_PythonDecoratedOperator): log_sql_query>, print_the_context already registered for DAG: example_python_operator
[2025-03-23T22:59:16.909+0000] {logging_mixin.py:137} INFO - [2025-03-23T22:59:16.909+0000] {taskmixin.py:205} WARNING - Dependency <Task(_PythonDecoratedOperator): print_the_context>, log_sql_query already registered for DAG: example_python_operator
[2025-03-23T22:59:16.909+0000] {logging_mixin.py:137} INFO - [2025-03-23T22:59:16.909+0000] {taskmixin.py:205} WARNING - Dependency <Task(_PythonDecoratedOperator): log_sql_query>, print_the_context already registered for DAG: example_python_operator
[2025-03-23T22:59:16.948+0000] {processor.py:753} INFO - DAG(s) dict_keys(['example_python_operator']) retrieved from /home/airflow/.local/lib/python3.7/site-packages/airflow/example_dags/example_python_operator.py
[2025-03-23T22:59:17.206+0000] {logging_mixin.py:137} INFO - [2025-03-23T22:59:17.206+0000] {manager.py:504} INFO - Created Permission View: can read on DAG:example_python_operator
[2025-03-23T22:59:17.217+0000] {logging_mixin.py:137} INFO - [2025-03-23T22:59:17.217+0000] {manager.py:504} INFO - Created Permission View: can delete on DAG:example_python_operator
[2025-03-23T22:59:17.225+0000] {logging_mixin.py:137} INFO - [2025-03-23T22:59:17.225+0000] {manager.py:504} INFO - Created Permission View: can edit on DAG:example_python_operator
[2025-03-23T22:59:17.226+0000] {logging_mixin.py:137} INFO - [2025-03-23T22:59:17.226+0000] {dag.py:2676} INFO - Sync 1 DAGs
[2025-03-23T22:59:17.245+0000] {logging_mixin.py:137} INFO - [2025-03-23T22:59:17.245+0000] {dag.py:2697} INFO - Creating ORM DAG for example_python_operator
[2025-03-23T22:59:17.262+0000] {logging_mixin.py:137} INFO - [2025-03-23T22:59:17.262+0000] {dag.py:3427} INFO - Setting next_dagrun for example_python_operator to None, run_after=None
[2025-03-23T22:59:17.289+0000] {processor.py:175} INFO - Processing /home/airflow/.local/lib/python3.7/site-packages/airflow/example_dags/example_python_operator.py took 0.470 seconds
[2025-03-23T22:59:47.914+0000] {processor.py:153} INFO - Started process (PID=124) to work on /home/airflow/.local/lib/python3.7/site-packages/airflow/example_dags/example_python_operator.py
[2025-03-23T22:59:47.916+0000] {processor.py:743} INFO - Processing file /home/airflow/.local/lib/python3.7/site-packages/airflow/example_dags/example_python_operator.py for tasks to queue
[2025-03-23T22:59:47.917+0000] {logging_mixin.py:137} INFO - [2025-03-23T22:59:47.917+0000] {dagbag.py:538} INFO - Filling up the DagBag from /home/airflow/.local/lib/python3.7/site-packages/airflow/example_dags/example_python_operator.py
[2025-03-23T22:59:47.954+0000] {logging_mixin.py:137} INFO - [2025-03-23T22:59:47.954+0000] {taskmixin.py:205} WARNING - Dependency <Task(_PythonDecoratedOperator): print_the_context>, log_sql_query already registered for DAG: example_python_operator
[2025-03-23T22:59:47.954+0000] {logging_mixin.py:137} INFO - [2025-03-23T22:59:47.954+0000] {taskmixin.py:205} WARNING - Dependency <Task(_PythonDecoratedOperator): log_sql_query>, print_the_context already registered for DAG: example_python_operator
[2025-03-23T22:59:47.956+0000] {logging_mixin.py:137} INFO - [2025-03-23T22:59:47.955+0000] {taskmixin.py:205} WARNING - Dependency <Task(_PythonDecoratedOperator): print_the_context>, log_sql_query already registered for DAG: example_python_operator
[2025-03-23T22:59:47.956+0000] {logging_mixin.py:137} INFO - [2025-03-23T22:59:47.956+0000] {taskmixin.py:205} WARNING - Dependency <Task(_PythonDecoratedOperator): log_sql_query>, print_the_context already registered for DAG: example_python_operator
[2025-03-23T22:59:47.957+0000] {logging_mixin.py:137} INFO - [2025-03-23T22:59:47.957+0000] {taskmixin.py:205} WARNING - Dependency <Task(_PythonDecoratedOperator): print_the_context>, log_sql_query already registered for DAG: example_python_operator
[2025-03-23T22:59:47.957+0000] {logging_mixin.py:137} INFO - [2025-03-23T22:59:47.957+0000] {taskmixin.py:205} WARNING - Dependency <Task(_PythonDecoratedOperator): log_sql_query>, print_the_context already registered for DAG: example_python_operator
[2025-03-23T22:59:47.958+0000] {logging_mixin.py:137} INFO - [2025-03-23T22:59:47.958+0000] {taskmixin.py:205} WARNING - Dependency <Task(_PythonDecoratedOperator): print_the_context>, log_sql_query already registered for DAG: example_python_operator
[2025-03-23T22:59:47.958+0000] {logging_mixin.py:137} INFO - [2025-03-23T22:59:47.958+0000] {taskmixin.py:205} WARNING - Dependency <Task(_PythonDecoratedOperator): log_sql_query>, print_the_context already registered for DAG: example_python_operator
[2025-03-23T22:59:47.971+0000] {processor.py:753} INFO - DAG(s) dict_keys(['example_python_operator']) retrieved from /home/airflow/.local/lib/python3.7/site-packages/airflow/example_dags/example_python_operator.py
[2025-03-23T22:59:48.010+0000] {logging_mixin.py:137} INFO - [2025-03-23T22:59:48.010+0000] {dag.py:2676} INFO - Sync 1 DAGs
[2025-03-23T22:59:48.042+0000] {logging_mixin.py:137} INFO - [2025-03-23T22:59:48.042+0000] {dag.py:3427} INFO - Setting next_dagrun for example_python_operator to None, run_after=None
[2025-03-23T22:59:48.064+0000] {processor.py:175} INFO - Processing /home/airflow/.local/lib/python3.7/site-packages/airflow/example_dags/example_python_operator.py took 0.155 seconds
[2025-03-23T23:00:18.811+0000] {processor.py:153} INFO - Started process (PID=195) to work on /home/airflow/.local/lib/python3.7/site-packages/airflow/example_dags/example_python_operator.py
[2025-03-23T23:00:18.812+0000] {processor.py:743} INFO - Processing file /home/airflow/.local/lib/python3.7/site-packages/airflow/example_dags/example_python_operator.py for tasks to queue
[2025-03-23T23:00:18.813+0000] {logging_mixin.py:137} INFO - [2025-03-23T23:00:18.813+0000] {dagbag.py:538} INFO - Filling up the DagBag from /home/airflow/.local/lib/python3.7/site-packages/airflow/example_dags/example_python_operator.py
[2025-03-23T23:00:18.835+0000] {logging_mixin.py:137} INFO - [2025-03-23T23:00:18.835+0000] {taskmixin.py:205} WARNING - Dependency <Task(_PythonDecoratedOperator): print_the_context>, log_sql_query already registered for DAG: example_python_operator
[2025-03-23T23:00:18.836+0000] {logging_mixin.py:137} INFO - [2025-03-23T23:00:18.836+0000] {taskmixin.py:205} WARNING - Dependency <Task(_PythonDecoratedOperator): log_sql_query>, print_the_context already registered for DAG: example_python_operator
[2025-03-23T23:00:18.837+0000] {logging_mixin.py:137} INFO - [2025-03-23T23:00:18.837+0000] {taskmixin.py:205} WARNING - Dependency <Task(_PythonDecoratedOperator): print_the_context>, log_sql_query already registered for DAG: example_python_operator
[2025-03-23T23:00:18.837+0000] {logging_mixin.py:137} INFO - [2025-03-23T23:00:18.837+0000] {taskmixin.py:205} WARNING - Dependency <Task(_PythonDecoratedOperator): log_sql_query>, print_the_context already registered for DAG: example_python_operator
[2025-03-23T23:00:18.838+0000] {logging_mixin.py:137} INFO - [2025-03-23T23:00:18.838+0000] {taskmixin.py:205} WARNING - Dependency <Task(_PythonDecoratedOperator): print_the_context>, log_sql_query already registered for DAG: example_python_operator
[2025-03-23T23:00:18.838+0000] {logging_mixin.py:137} INFO - [2025-03-23T23:00:18.838+0000] {taskmixin.py:205} WARNING - Dependency <Task(_PythonDecoratedOperator): log_sql_query>, print_the_context already registered for DAG: example_python_operator
[2025-03-23T23:00:18.839+0000] {logging_mixin.py:137} INFO - [2025-03-23T23:00:18.839+0000] {taskmixin.py:205} WARNING - Dependency <Task(_PythonDecoratedOperator): print_the_context>, log_sql_query already registered for DAG: example_python_operator
[2025-03-23T23:00:18.839+0000] {logging_mixin.py:137} INFO - [2025-03-23T23:00:18.839+0000] {taskmixin.py:205} WARNING - Dependency <Task(_PythonDecoratedOperator): log_sql_query>, print_the_context already registered for DAG: example_python_operator
[2025-03-23T23:00:18.846+0000] {processor.py:753} INFO - DAG(s) dict_keys(['example_python_operator']) retrieved from /home/airflow/.local/lib/python3.7/site-packages/airflow/example_dags/example_python_operator.py
[2025-03-23T23:00:18.892+0000] {logging_mixin.py:137} INFO - [2025-03-23T23:00:18.892+0000] {dag.py:2676} INFO - Sync 1 DAGs
[2025-03-23T23:00:18.922+0000] {logging_mixin.py:137} INFO - [2025-03-23T23:00:18.921+0000] {dag.py:3427} INFO - Setting next_dagrun for example_python_operator to None, run_after=None
[2025-03-23T23:00:18.949+0000] {processor.py:175} INFO - Processing /home/airflow/.local/lib/python3.7/site-packages/airflow/example_dags/example_python_operator.py took 0.142 seconds
[2025-03-23T23:00:49.269+0000] {processor.py:153} INFO - Started process (PID=281) to work on /home/airflow/.local/lib/python3.7/site-packages/airflow/example_dags/example_python_operator.py
[2025-03-23T23:00:49.270+0000] {processor.py:743} INFO - Processing file /home/airflow/.local/lib/python3.7/site-packages/airflow/example_dags/example_python_operator.py for tasks to queue
[2025-03-23T23:00:49.271+0000] {logging_mixin.py:137} INFO - [2025-03-23T23:00:49.271+0000] {dagbag.py:538} INFO - Filling up the DagBag from /home/airflow/.local/lib/python3.7/site-packages/airflow/example_dags/example_python_operator.py
[2025-03-23T23:00:49.310+0000] {logging_mixin.py:137} INFO - [2025-03-23T23:00:49.309+0000] {taskmixin.py:205} WARNING - Dependency <Task(_PythonDecoratedOperator): print_the_context>, log_sql_query already registered for DAG: example_python_operator
[2025-03-23T23:00:49.310+0000] {logging_mixin.py:137} INFO - [2025-03-23T23:00:49.310+0000] {taskmixin.py:205} WARNING - Dependency <Task(_PythonDecoratedOperator): log_sql_query>, print_the_context already registered for DAG: example_python_operator
[2025-03-23T23:00:49.311+0000] {logging_mixin.py:137} INFO - [2025-03-23T23:00:49.311+0000] {taskmixin.py:205} WARNING - Dependency <Task(_PythonDecoratedOperator): print_the_context>, log_sql_query already registered for DAG: example_python_operator
[2025-03-23T23:00:49.312+0000] {logging_mixin.py:137} INFO - [2025-03-23T23:00:49.311+0000] {taskmixin.py:205} WARNING - Dependency <Task(_PythonDecoratedOperator): log_sql_query>, print_the_context already registered for DAG: example_python_operator
[2025-03-23T23:00:49.313+0000] {logging_mixin.py:137} INFO - [2025-03-23T23:00:49.313+0000] {taskmixin.py:205} WARNING - Dependency <Task(_PythonDecoratedOperator): print_the_context>, log_sql_query already registered for DAG: example_python_operator
[2025-03-23T23:00:49.313+0000] {logging_mixin.py:137} INFO - [2025-03-23T23:00:49.313+0000] {taskmixin.py:205} WARNING - Dependency <Task(_PythonDecoratedOperator): log_sql_query>, print_the_context already registered for DAG: example_python_operator
[2025-03-23T23:00:49.314+0000] {logging_mixin.py:137} INFO - [2025-03-23T23:00:49.314+0000] {taskmixin.py:205} WARNING - Dependency <Task(_PythonDecoratedOperator): print_the_context>, log_sql_query already registered for DAG: example_python_operator
[2025-03-23T23:00:49.314+0000] {logging_mixin.py:137} INFO - [2025-03-23T23:00:49.314+0000] {taskmixin.py:205} WARNING - Dependency <Task(_PythonDecoratedOperator): log_sql_query>, print_the_context already registered for DAG: example_python_operator
[2025-03-23T23:00:49.331+0000] {processor.py:753} INFO - DAG(s) dict_keys(['example_python_operator']) retrieved from /home/airflow/.local/lib/python3.7/site-packages/airflow/example_dags/example_python_operator.py
[2025-03-23T23:00:49.394+0000] {logging_mixin.py:137} INFO - [2025-03-23T23:00:49.394+0000] {dag.py:2676} INFO - Sync 1 DAGs
[2025-03-23T23:00:49.427+0000] {logging_mixin.py:137} INFO - [2025-03-23T23:00:49.427+0000] {dag.py:3427} INFO - Setting next_dagrun for example_python_operator to None, run_after=None
[2025-03-23T23:00:49.467+0000] {processor.py:175} INFO - Processing /home/airflow/.local/lib/python3.7/site-packages/airflow/example_dags/example_python_operator.py took 0.203 seconds
