[2025-03-23T22:47:49.888+0000] {processor.py:153} INFO - Started process (PID=66) to work on /home/airflow/.local/lib/python3.7/site-packages/airflow/example_dags/example_nested_branch_dag.py
[2025-03-23T22:47:49.889+0000] {processor.py:743} INFO - Processing file /home/airflow/.local/lib/python3.7/site-packages/airflow/example_dags/example_nested_branch_dag.py for tasks to queue
[2025-03-23T22:47:49.890+0000] {logging_mixin.py:137} INFO - [2025-03-23T22:47:49.890+0000] {dagbag.py:538} INFO - Filling up the DagBag from /home/airflow/.local/lib/python3.7/site-packages/airflow/example_dags/example_nested_branch_dag.py
[2025-03-23T22:47:49.936+0000] {processor.py:753} INFO - DAG(s) dict_keys(['example_nested_branch_dag']) retrieved from /home/airflow/.local/lib/python3.7/site-packages/airflow/example_dags/example_nested_branch_dag.py
[2025-03-23T22:47:50.122+0000] {logging_mixin.py:137} INFO - [2025-03-23T22:47:50.122+0000] {manager.py:504} INFO - Created Permission View: can edit on DAG:example_nested_branch_dag
[2025-03-23T22:47:50.137+0000] {logging_mixin.py:137} INFO - [2025-03-23T22:47:50.136+0000] {manager.py:504} INFO - Created Permission View: can delete on DAG:example_nested_branch_dag
[2025-03-23T22:47:50.150+0000] {logging_mixin.py:137} INFO - [2025-03-23T22:47:50.150+0000] {manager.py:504} INFO - Created Permission View: can read on DAG:example_nested_branch_dag
[2025-03-23T22:47:50.150+0000] {logging_mixin.py:137} INFO - [2025-03-23T22:47:50.150+0000] {dag.py:2676} INFO - Sync 1 DAGs
[2025-03-23T22:47:50.171+0000] {logging_mixin.py:137} INFO - [2025-03-23T22:47:50.171+0000] {dag.py:2697} INFO - Creating ORM DAG for example_nested_branch_dag
[2025-03-23T22:47:50.189+0000] {logging_mixin.py:137} INFO - [2025-03-23T22:47:50.189+0000] {dag.py:3427} INFO - Setting next_dagrun for example_nested_branch_dag to 2025-03-22T00:00:00+00:00, run_after=2025-03-23T00:00:00+00:00
[2025-03-23T22:47:50.215+0000] {processor.py:175} INFO - Processing /home/airflow/.local/lib/python3.7/site-packages/airflow/example_dags/example_nested_branch_dag.py took 0.331 seconds
[2025-03-23T22:48:21.068+0000] {processor.py:153} INFO - Started process (PID=136) to work on /home/airflow/.local/lib/python3.7/site-packages/airflow/example_dags/example_nested_branch_dag.py
[2025-03-23T22:48:21.069+0000] {processor.py:743} INFO - Processing file /home/airflow/.local/lib/python3.7/site-packages/airflow/example_dags/example_nested_branch_dag.py for tasks to queue
[2025-03-23T22:48:21.070+0000] {logging_mixin.py:137} INFO - [2025-03-23T22:48:21.070+0000] {dagbag.py:538} INFO - Filling up the DagBag from /home/airflow/.local/lib/python3.7/site-packages/airflow/example_dags/example_nested_branch_dag.py
[2025-03-23T22:48:21.094+0000] {processor.py:753} INFO - DAG(s) dict_keys(['example_nested_branch_dag']) retrieved from /home/airflow/.local/lib/python3.7/site-packages/airflow/example_dags/example_nested_branch_dag.py
[2025-03-23T22:48:21.133+0000] {logging_mixin.py:137} INFO - [2025-03-23T22:48:21.133+0000] {dag.py:2676} INFO - Sync 1 DAGs
[2025-03-23T22:48:21.172+0000] {logging_mixin.py:137} INFO - [2025-03-23T22:48:21.171+0000] {dag.py:3427} INFO - Setting next_dagrun for example_nested_branch_dag to 2025-03-22T00:00:00+00:00, run_after=2025-03-23T00:00:00+00:00
[2025-03-23T22:48:21.205+0000] {processor.py:175} INFO - Processing /home/airflow/.local/lib/python3.7/site-packages/airflow/example_dags/example_nested_branch_dag.py took 0.141 seconds
[2025-03-23T22:48:51.714+0000] {processor.py:153} INFO - Started process (PID=222) to work on /home/airflow/.local/lib/python3.7/site-packages/airflow/example_dags/example_nested_branch_dag.py
[2025-03-23T22:48:51.716+0000] {processor.py:743} INFO - Processing file /home/airflow/.local/lib/python3.7/site-packages/airflow/example_dags/example_nested_branch_dag.py for tasks to queue
[2025-03-23T22:48:51.717+0000] {logging_mixin.py:137} INFO - [2025-03-23T22:48:51.716+0000] {dagbag.py:538} INFO - Filling up the DagBag from /home/airflow/.local/lib/python3.7/site-packages/airflow/example_dags/example_nested_branch_dag.py
[2025-03-23T22:48:51.755+0000] {processor.py:753} INFO - DAG(s) dict_keys(['example_nested_branch_dag']) retrieved from /home/airflow/.local/lib/python3.7/site-packages/airflow/example_dags/example_nested_branch_dag.py
[2025-03-23T22:48:51.807+0000] {logging_mixin.py:137} INFO - [2025-03-23T22:48:51.806+0000] {dag.py:2676} INFO - Sync 1 DAGs
[2025-03-23T22:48:51.870+0000] {logging_mixin.py:137} INFO - [2025-03-23T22:48:51.869+0000] {dag.py:3427} INFO - Setting next_dagrun for example_nested_branch_dag to 2025-03-22T00:00:00+00:00, run_after=2025-03-23T00:00:00+00:00
[2025-03-23T22:48:51.910+0000] {processor.py:175} INFO - Processing /home/airflow/.local/lib/python3.7/site-packages/airflow/example_dags/example_nested_branch_dag.py took 0.202 seconds
[2025-03-23T22:49:22.060+0000] {processor.py:153} INFO - Started process (PID=292) to work on /home/airflow/.local/lib/python3.7/site-packages/airflow/example_dags/example_nested_branch_dag.py
[2025-03-23T22:49:22.061+0000] {processor.py:743} INFO - Processing file /home/airflow/.local/lib/python3.7/site-packages/airflow/example_dags/example_nested_branch_dag.py for tasks to queue
[2025-03-23T22:49:22.061+0000] {logging_mixin.py:137} INFO - [2025-03-23T22:49:22.061+0000] {dagbag.py:538} INFO - Filling up the DagBag from /home/airflow/.local/lib/python3.7/site-packages/airflow/example_dags/example_nested_branch_dag.py
[2025-03-23T22:49:22.091+0000] {processor.py:753} INFO - DAG(s) dict_keys(['example_nested_branch_dag']) retrieved from /home/airflow/.local/lib/python3.7/site-packages/airflow/example_dags/example_nested_branch_dag.py
[2025-03-23T22:49:22.133+0000] {logging_mixin.py:137} INFO - [2025-03-23T22:49:22.133+0000] {dag.py:2676} INFO - Sync 1 DAGs
[2025-03-23T22:49:22.161+0000] {logging_mixin.py:137} INFO - [2025-03-23T22:49:22.161+0000] {dag.py:3427} INFO - Setting next_dagrun for example_nested_branch_dag to 2025-03-22T00:00:00+00:00, run_after=2025-03-23T00:00:00+00:00
[2025-03-23T22:49:22.182+0000] {processor.py:175} INFO - Processing /home/airflow/.local/lib/python3.7/site-packages/airflow/example_dags/example_nested_branch_dag.py took 0.126 seconds
[2025-03-23T22:49:52.483+0000] {processor.py:153} INFO - Started process (PID=369) to work on /home/airflow/.local/lib/python3.7/site-packages/airflow/example_dags/example_nested_branch_dag.py
[2025-03-23T22:49:52.485+0000] {processor.py:743} INFO - Processing file /home/airflow/.local/lib/python3.7/site-packages/airflow/example_dags/example_nested_branch_dag.py for tasks to queue
[2025-03-23T22:49:52.486+0000] {logging_mixin.py:137} INFO - [2025-03-23T22:49:52.486+0000] {dagbag.py:538} INFO - Filling up the DagBag from /home/airflow/.local/lib/python3.7/site-packages/airflow/example_dags/example_nested_branch_dag.py
[2025-03-23T22:49:52.517+0000] {processor.py:753} INFO - DAG(s) dict_keys(['example_nested_branch_dag']) retrieved from /home/airflow/.local/lib/python3.7/site-packages/airflow/example_dags/example_nested_branch_dag.py
[2025-03-23T22:49:52.560+0000] {logging_mixin.py:137} INFO - [2025-03-23T22:49:52.560+0000] {dag.py:2676} INFO - Sync 1 DAGs
[2025-03-23T22:49:52.596+0000] {logging_mixin.py:137} INFO - [2025-03-23T22:49:52.596+0000] {dag.py:3427} INFO - Setting next_dagrun for example_nested_branch_dag to 2025-03-22T00:00:00+00:00, run_after=2025-03-23T00:00:00+00:00
[2025-03-23T22:49:52.628+0000] {processor.py:175} INFO - Processing /home/airflow/.local/lib/python3.7/site-packages/airflow/example_dags/example_nested_branch_dag.py took 0.149 seconds
[2025-03-23T22:59:19.481+0000] {processor.py:153} INFO - Started process (PID=66) to work on /home/airflow/.local/lib/python3.7/site-packages/airflow/example_dags/example_nested_branch_dag.py
[2025-03-23T22:59:19.481+0000] {processor.py:743} INFO - Processing file /home/airflow/.local/lib/python3.7/site-packages/airflow/example_dags/example_nested_branch_dag.py for tasks to queue
[2025-03-23T22:59:19.482+0000] {logging_mixin.py:137} INFO - [2025-03-23T22:59:19.482+0000] {dagbag.py:538} INFO - Filling up the DagBag from /home/airflow/.local/lib/python3.7/site-packages/airflow/example_dags/example_nested_branch_dag.py
[2025-03-23T22:59:19.512+0000] {processor.py:753} INFO - DAG(s) dict_keys(['example_nested_branch_dag']) retrieved from /home/airflow/.local/lib/python3.7/site-packages/airflow/example_dags/example_nested_branch_dag.py
[2025-03-23T22:59:19.677+0000] {logging_mixin.py:137} INFO - [2025-03-23T22:59:19.676+0000] {manager.py:504} INFO - Created Permission View: can read on DAG:example_nested_branch_dag
[2025-03-23T22:59:19.689+0000] {logging_mixin.py:137} INFO - [2025-03-23T22:59:19.689+0000] {manager.py:504} INFO - Created Permission View: can delete on DAG:example_nested_branch_dag
[2025-03-23T22:59:19.698+0000] {logging_mixin.py:137} INFO - [2025-03-23T22:59:19.698+0000] {manager.py:504} INFO - Created Permission View: can edit on DAG:example_nested_branch_dag
[2025-03-23T22:59:19.698+0000] {logging_mixin.py:137} INFO - [2025-03-23T22:59:19.698+0000] {dag.py:2676} INFO - Sync 1 DAGs
[2025-03-23T22:59:19.711+0000] {logging_mixin.py:137} INFO - [2025-03-23T22:59:19.711+0000] {dag.py:2697} INFO - Creating ORM DAG for example_nested_branch_dag
[2025-03-23T22:59:19.728+0000] {logging_mixin.py:137} INFO - [2025-03-23T22:59:19.728+0000] {dag.py:3427} INFO - Setting next_dagrun for example_nested_branch_dag to 2025-03-22T00:00:00+00:00, run_after=2025-03-23T00:00:00+00:00
[2025-03-23T22:59:19.750+0000] {processor.py:175} INFO - Processing /home/airflow/.local/lib/python3.7/site-packages/airflow/example_dags/example_nested_branch_dag.py took 0.273 seconds
[2025-03-23T22:59:50.505+0000] {processor.py:153} INFO - Started process (PID=136) to work on /home/airflow/.local/lib/python3.7/site-packages/airflow/example_dags/example_nested_branch_dag.py
[2025-03-23T22:59:50.506+0000] {processor.py:743} INFO - Processing file /home/airflow/.local/lib/python3.7/site-packages/airflow/example_dags/example_nested_branch_dag.py for tasks to queue
[2025-03-23T22:59:50.508+0000] {logging_mixin.py:137} INFO - [2025-03-23T22:59:50.508+0000] {dagbag.py:538} INFO - Filling up the DagBag from /home/airflow/.local/lib/python3.7/site-packages/airflow/example_dags/example_nested_branch_dag.py
[2025-03-23T22:59:50.575+0000] {processor.py:753} INFO - DAG(s) dict_keys(['example_nested_branch_dag']) retrieved from /home/airflow/.local/lib/python3.7/site-packages/airflow/example_dags/example_nested_branch_dag.py
[2025-03-23T22:59:50.626+0000] {logging_mixin.py:137} INFO - [2025-03-23T22:59:50.626+0000] {dag.py:2676} INFO - Sync 1 DAGs
[2025-03-23T22:59:50.663+0000] {logging_mixin.py:137} INFO - [2025-03-23T22:59:50.662+0000] {dag.py:3427} INFO - Setting next_dagrun for example_nested_branch_dag to 2025-03-22T00:00:00+00:00, run_after=2025-03-23T00:00:00+00:00
[2025-03-23T22:59:50.703+0000] {processor.py:175} INFO - Processing /home/airflow/.local/lib/python3.7/site-packages/airflow/example_dags/example_nested_branch_dag.py took 0.204 seconds
[2025-03-23T23:00:21.205+0000] {processor.py:153} INFO - Started process (PID=223) to work on /home/airflow/.local/lib/python3.7/site-packages/airflow/example_dags/example_nested_branch_dag.py
[2025-03-23T23:00:21.206+0000] {processor.py:743} INFO - Processing file /home/airflow/.local/lib/python3.7/site-packages/airflow/example_dags/example_nested_branch_dag.py for tasks to queue
[2025-03-23T23:00:21.206+0000] {logging_mixin.py:137} INFO - [2025-03-23T23:00:21.206+0000] {dagbag.py:538} INFO - Filling up the DagBag from /home/airflow/.local/lib/python3.7/site-packages/airflow/example_dags/example_nested_branch_dag.py
[2025-03-23T23:00:21.236+0000] {processor.py:753} INFO - DAG(s) dict_keys(['example_nested_branch_dag']) retrieved from /home/airflow/.local/lib/python3.7/site-packages/airflow/example_dags/example_nested_branch_dag.py
[2025-03-23T23:00:21.275+0000] {logging_mixin.py:137} INFO - [2025-03-23T23:00:21.275+0000] {dag.py:2676} INFO - Sync 1 DAGs
[2025-03-23T23:00:21.307+0000] {logging_mixin.py:137} INFO - [2025-03-23T23:00:21.307+0000] {dag.py:3427} INFO - Setting next_dagrun for example_nested_branch_dag to 2025-03-22T00:00:00+00:00, run_after=2025-03-23T00:00:00+00:00
[2025-03-23T23:00:21.330+0000] {processor.py:175} INFO - Processing /home/airflow/.local/lib/python3.7/site-packages/airflow/example_dags/example_nested_branch_dag.py took 0.131 seconds
[2025-03-23T23:00:51.776+0000] {processor.py:153} INFO - Started process (PID=293) to work on /home/airflow/.local/lib/python3.7/site-packages/airflow/example_dags/example_nested_branch_dag.py
[2025-03-23T23:00:51.777+0000] {processor.py:743} INFO - Processing file /home/airflow/.local/lib/python3.7/site-packages/airflow/example_dags/example_nested_branch_dag.py for tasks to queue
[2025-03-23T23:00:51.778+0000] {logging_mixin.py:137} INFO - [2025-03-23T23:00:51.778+0000] {dagbag.py:538} INFO - Filling up the DagBag from /home/airflow/.local/lib/python3.7/site-packages/airflow/example_dags/example_nested_branch_dag.py
[2025-03-23T23:00:51.808+0000] {processor.py:753} INFO - DAG(s) dict_keys(['example_nested_branch_dag']) retrieved from /home/airflow/.local/lib/python3.7/site-packages/airflow/example_dags/example_nested_branch_dag.py
[2025-03-23T23:00:51.864+0000] {logging_mixin.py:137} INFO - [2025-03-23T23:00:51.864+0000] {dag.py:2676} INFO - Sync 1 DAGs
[2025-03-23T23:00:51.917+0000] {logging_mixin.py:137} INFO - [2025-03-23T23:00:51.917+0000] {dag.py:3427} INFO - Setting next_dagrun for example_nested_branch_dag to 2025-03-22T00:00:00+00:00, run_after=2025-03-23T00:00:00+00:00
[2025-03-23T23:00:51.945+0000] {processor.py:175} INFO - Processing /home/airflow/.local/lib/python3.7/site-packages/airflow/example_dags/example_nested_branch_dag.py took 0.172 seconds
