[2025-03-23T22:47:53.415+0000] {processor.py:153} INFO - Started process (PID=83) to work on /home/airflow/.local/lib/python3.7/site-packages/airflow/example_dags/example_subdag_operator.py
[2025-03-23T22:47:53.416+0000] {processor.py:743} INFO - Processing file /home/airflow/.local/lib/python3.7/site-packages/airflow/example_dags/example_subdag_operator.py for tasks to queue
[2025-03-23T22:47:53.417+0000] {logging_mixin.py:137} INFO - [2025-03-23T22:47:53.416+0000] {dagbag.py:538} INFO - Filling up the DagBag from /home/airflow/.local/lib/python3.7/site-packages/airflow/example_dags/example_subdag_operator.py
[2025-03-23T22:47:53.469+0000] {processor.py:753} INFO - DAG(s) dict_keys(['example_subdag_operator.section-1', 'example_subdag_operator.section-2', 'example_subdag_operator']) retrieved from /home/airflow/.local/lib/python3.7/site-packages/airflow/example_dags/example_subdag_operator.py
[2025-03-23T22:47:53.662+0000] {logging_mixin.py:137} INFO - [2025-03-23T22:47:53.661+0000] {manager.py:504} INFO - Created Permission View: can edit on DAG:example_subdag_operator
[2025-03-23T22:47:53.670+0000] {logging_mixin.py:137} INFO - [2025-03-23T22:47:53.670+0000] {manager.py:504} INFO - Created Permission View: can delete on DAG:example_subdag_operator
[2025-03-23T22:47:53.679+0000] {logging_mixin.py:137} INFO - [2025-03-23T22:47:53.679+0000] {manager.py:504} INFO - Created Permission View: can read on DAG:example_subdag_operator
[2025-03-23T22:47:53.679+0000] {logging_mixin.py:137} INFO - [2025-03-23T22:47:53.679+0000] {dag.py:2676} INFO - Sync 3 DAGs
[2025-03-23T22:47:53.694+0000] {logging_mixin.py:137} INFO - [2025-03-23T22:47:53.694+0000] {dag.py:2697} INFO - Creating ORM DAG for example_subdag_operator.section-2
[2025-03-23T22:47:53.695+0000] {logging_mixin.py:137} INFO - [2025-03-23T22:47:53.695+0000] {dag.py:2697} INFO - Creating ORM DAG for example_subdag_operator
[2025-03-23T22:47:53.695+0000] {logging_mixin.py:137} INFO - [2025-03-23T22:47:53.695+0000] {dag.py:2697} INFO - Creating ORM DAG for example_subdag_operator.section-1
[2025-03-23T22:47:53.706+0000] {logging_mixin.py:137} INFO - [2025-03-23T22:47:53.706+0000] {dag.py:3427} INFO - Setting next_dagrun for example_subdag_operator to 2022-01-01T00:00:00+00:00, run_after=2022-01-01T00:00:00+00:00
[2025-03-23T22:47:53.707+0000] {logging_mixin.py:137} INFO - [2025-03-23T22:47:53.707+0000] {dag.py:3427} INFO - Setting next_dagrun for example_subdag_operator.section-1 to None, run_after=None
[2025-03-23T22:47:53.708+0000] {logging_mixin.py:137} INFO - [2025-03-23T22:47:53.707+0000] {dag.py:3427} INFO - Setting next_dagrun for example_subdag_operator.section-2 to None, run_after=None
[2025-03-23T22:47:53.721+0000] {logging_mixin.py:137} INFO - [2025-03-23T22:47:53.721+0000] {dag.py:2676} INFO - Sync 2 DAGs
[2025-03-23T22:47:53.730+0000] {logging_mixin.py:137} INFO - [2025-03-23T22:47:53.730+0000] {dag.py:3427} INFO - Setting next_dagrun for example_subdag_operator.section-1 to None, run_after=None
[2025-03-23T22:47:53.735+0000] {logging_mixin.py:137} INFO - [2025-03-23T22:47:53.735+0000] {dag.py:3427} INFO - Setting next_dagrun for example_subdag_operator.section-2 to None, run_after=None
[2025-03-23T22:47:53.751+0000] {processor.py:175} INFO - Processing /home/airflow/.local/lib/python3.7/site-packages/airflow/example_dags/example_subdag_operator.py took 0.340 seconds
[2025-03-23T22:48:23.867+0000] {processor.py:153} INFO - Started process (PID=162) to work on /home/airflow/.local/lib/python3.7/site-packages/airflow/example_dags/example_subdag_operator.py
[2025-03-23T22:48:23.868+0000] {processor.py:743} INFO - Processing file /home/airflow/.local/lib/python3.7/site-packages/airflow/example_dags/example_subdag_operator.py for tasks to queue
[2025-03-23T22:48:23.869+0000] {logging_mixin.py:137} INFO - [2025-03-23T22:48:23.869+0000] {dagbag.py:538} INFO - Filling up the DagBag from /home/airflow/.local/lib/python3.7/site-packages/airflow/example_dags/example_subdag_operator.py
[2025-03-23T22:48:23.909+0000] {processor.py:753} INFO - DAG(s) dict_keys(['example_subdag_operator.section-1', 'example_subdag_operator.section-2', 'example_subdag_operator']) retrieved from /home/airflow/.local/lib/python3.7/site-packages/airflow/example_dags/example_subdag_operator.py
[2025-03-23T22:48:23.954+0000] {logging_mixin.py:137} INFO - [2025-03-23T22:48:23.954+0000] {dag.py:2676} INFO - Sync 3 DAGs
[2025-03-23T22:48:23.991+0000] {logging_mixin.py:137} INFO - [2025-03-23T22:48:23.991+0000] {dag.py:3427} INFO - Setting next_dagrun for example_subdag_operator to 2022-01-01T00:00:00+00:00, run_after=2022-01-01T00:00:00+00:00
[2025-03-23T22:48:24.000+0000] {logging_mixin.py:137} INFO - [2025-03-23T22:48:24.000+0000] {dag.py:3427} INFO - Setting next_dagrun for example_subdag_operator.section-1 to None, run_after=None
[2025-03-23T22:48:24.003+0000] {logging_mixin.py:137} INFO - [2025-03-23T22:48:24.003+0000] {dag.py:3427} INFO - Setting next_dagrun for example_subdag_operator.section-2 to None, run_after=None
[2025-03-23T22:48:24.013+0000] {logging_mixin.py:137} INFO - [2025-03-23T22:48:24.013+0000] {dag.py:2676} INFO - Sync 2 DAGs
[2025-03-23T22:48:24.024+0000] {logging_mixin.py:137} INFO - [2025-03-23T22:48:24.024+0000] {dag.py:3427} INFO - Setting next_dagrun for example_subdag_operator.section-1 to None, run_after=None
[2025-03-23T22:48:24.024+0000] {logging_mixin.py:137} INFO - [2025-03-23T22:48:24.024+0000] {dag.py:3427} INFO - Setting next_dagrun for example_subdag_operator.section-2 to None, run_after=None
[2025-03-23T22:48:24.045+0000] {processor.py:175} INFO - Processing /home/airflow/.local/lib/python3.7/site-packages/airflow/example_dags/example_subdag_operator.py took 0.182 seconds
[2025-03-23T22:48:54.529+0000] {processor.py:153} INFO - Started process (PID=239) to work on /home/airflow/.local/lib/python3.7/site-packages/airflow/example_dags/example_subdag_operator.py
[2025-03-23T22:48:54.530+0000] {processor.py:743} INFO - Processing file /home/airflow/.local/lib/python3.7/site-packages/airflow/example_dags/example_subdag_operator.py for tasks to queue
[2025-03-23T22:48:54.530+0000] {logging_mixin.py:137} INFO - [2025-03-23T22:48:54.530+0000] {dagbag.py:538} INFO - Filling up the DagBag from /home/airflow/.local/lib/python3.7/site-packages/airflow/example_dags/example_subdag_operator.py
[2025-03-23T22:48:54.585+0000] {processor.py:753} INFO - DAG(s) dict_keys(['example_subdag_operator.section-1', 'example_subdag_operator.section-2', 'example_subdag_operator']) retrieved from /home/airflow/.local/lib/python3.7/site-packages/airflow/example_dags/example_subdag_operator.py
[2025-03-23T22:48:54.659+0000] {logging_mixin.py:137} INFO - [2025-03-23T22:48:54.659+0000] {dag.py:2676} INFO - Sync 3 DAGs
[2025-03-23T22:48:54.708+0000] {logging_mixin.py:137} INFO - [2025-03-23T22:48:54.707+0000] {dag.py:3427} INFO - Setting next_dagrun for example_subdag_operator to 2022-01-01T00:00:00+00:00, run_after=2022-01-01T00:00:00+00:00
[2025-03-23T22:48:54.712+0000] {logging_mixin.py:137} INFO - [2025-03-23T22:48:54.712+0000] {dag.py:3427} INFO - Setting next_dagrun for example_subdag_operator.section-1 to None, run_after=None
[2025-03-23T22:48:54.713+0000] {logging_mixin.py:137} INFO - [2025-03-23T22:48:54.713+0000] {dag.py:3427} INFO - Setting next_dagrun for example_subdag_operator.section-2 to None, run_after=None
[2025-03-23T22:48:54.726+0000] {logging_mixin.py:137} INFO - [2025-03-23T22:48:54.725+0000] {dag.py:2676} INFO - Sync 2 DAGs
[2025-03-23T22:48:54.738+0000] {logging_mixin.py:137} INFO - [2025-03-23T22:48:54.737+0000] {dag.py:3427} INFO - Setting next_dagrun for example_subdag_operator.section-1 to None, run_after=None
[2025-03-23T22:48:54.738+0000] {logging_mixin.py:137} INFO - [2025-03-23T22:48:54.738+0000] {dag.py:3427} INFO - Setting next_dagrun for example_subdag_operator.section-2 to None, run_after=None
[2025-03-23T22:48:54.774+0000] {processor.py:175} INFO - Processing /home/airflow/.local/lib/python3.7/site-packages/airflow/example_dags/example_subdag_operator.py took 0.249 seconds
[2025-03-23T22:49:25.232+0000] {processor.py:153} INFO - Started process (PID=309) to work on /home/airflow/.local/lib/python3.7/site-packages/airflow/example_dags/example_subdag_operator.py
[2025-03-23T22:49:25.233+0000] {processor.py:743} INFO - Processing file /home/airflow/.local/lib/python3.7/site-packages/airflow/example_dags/example_subdag_operator.py for tasks to queue
[2025-03-23T22:49:25.233+0000] {logging_mixin.py:137} INFO - [2025-03-23T22:49:25.233+0000] {dagbag.py:538} INFO - Filling up the DagBag from /home/airflow/.local/lib/python3.7/site-packages/airflow/example_dags/example_subdag_operator.py
[2025-03-23T22:49:25.269+0000] {processor.py:753} INFO - DAG(s) dict_keys(['example_subdag_operator.section-1', 'example_subdag_operator.section-2', 'example_subdag_operator']) retrieved from /home/airflow/.local/lib/python3.7/site-packages/airflow/example_dags/example_subdag_operator.py
[2025-03-23T22:49:25.312+0000] {logging_mixin.py:137} INFO - [2025-03-23T22:49:25.312+0000] {dag.py:2676} INFO - Sync 3 DAGs
[2025-03-23T22:49:25.337+0000] {logging_mixin.py:137} INFO - [2025-03-23T22:49:25.337+0000] {dag.py:3427} INFO - Setting next_dagrun for example_subdag_operator to 2022-01-01T00:00:00+00:00, run_after=2022-01-01T00:00:00+00:00
[2025-03-23T22:49:25.344+0000] {logging_mixin.py:137} INFO - [2025-03-23T22:49:25.344+0000] {dag.py:3427} INFO - Setting next_dagrun for example_subdag_operator.section-1 to None, run_after=None
[2025-03-23T22:49:25.346+0000] {logging_mixin.py:137} INFO - [2025-03-23T22:49:25.345+0000] {dag.py:3427} INFO - Setting next_dagrun for example_subdag_operator.section-2 to None, run_after=None
[2025-03-23T22:49:25.356+0000] {logging_mixin.py:137} INFO - [2025-03-23T22:49:25.355+0000] {dag.py:2676} INFO - Sync 2 DAGs
[2025-03-23T22:49:25.362+0000] {logging_mixin.py:137} INFO - [2025-03-23T22:49:25.362+0000] {dag.py:3427} INFO - Setting next_dagrun for example_subdag_operator.section-1 to None, run_after=None
[2025-03-23T22:49:25.362+0000] {logging_mixin.py:137} INFO - [2025-03-23T22:49:25.362+0000] {dag.py:3427} INFO - Setting next_dagrun for example_subdag_operator.section-2 to None, run_after=None
[2025-03-23T22:49:25.384+0000] {processor.py:175} INFO - Processing /home/airflow/.local/lib/python3.7/site-packages/airflow/example_dags/example_subdag_operator.py took 0.155 seconds
[2025-03-23T22:49:56.286+0000] {processor.py:153} INFO - Started process (PID=395) to work on /home/airflow/.local/lib/python3.7/site-packages/airflow/example_dags/example_subdag_operator.py
[2025-03-23T22:49:56.287+0000] {processor.py:743} INFO - Processing file /home/airflow/.local/lib/python3.7/site-packages/airflow/example_dags/example_subdag_operator.py for tasks to queue
[2025-03-23T22:49:56.288+0000] {logging_mixin.py:137} INFO - [2025-03-23T22:49:56.288+0000] {dagbag.py:538} INFO - Filling up the DagBag from /home/airflow/.local/lib/python3.7/site-packages/airflow/example_dags/example_subdag_operator.py
[2025-03-23T22:49:56.337+0000] {processor.py:753} INFO - DAG(s) dict_keys(['example_subdag_operator.section-1', 'example_subdag_operator.section-2', 'example_subdag_operator']) retrieved from /home/airflow/.local/lib/python3.7/site-packages/airflow/example_dags/example_subdag_operator.py
[2025-03-23T22:49:56.388+0000] {logging_mixin.py:137} INFO - [2025-03-23T22:49:56.388+0000] {dag.py:2676} INFO - Sync 3 DAGs
[2025-03-23T22:49:56.438+0000] {logging_mixin.py:137} INFO - [2025-03-23T22:49:56.438+0000] {dag.py:3427} INFO - Setting next_dagrun for example_subdag_operator to 2022-01-01T00:00:00+00:00, run_after=2022-01-01T00:00:00+00:00
[2025-03-23T22:49:56.449+0000] {logging_mixin.py:137} INFO - [2025-03-23T22:49:56.449+0000] {dag.py:3427} INFO - Setting next_dagrun for example_subdag_operator.section-1 to None, run_after=None
[2025-03-23T22:49:56.452+0000] {logging_mixin.py:137} INFO - [2025-03-23T22:49:56.451+0000] {dag.py:3427} INFO - Setting next_dagrun for example_subdag_operator.section-2 to None, run_after=None
[2025-03-23T22:49:56.469+0000] {logging_mixin.py:137} INFO - [2025-03-23T22:49:56.469+0000] {dag.py:2676} INFO - Sync 2 DAGs
[2025-03-23T22:49:56.485+0000] {logging_mixin.py:137} INFO - [2025-03-23T22:49:56.484+0000] {dag.py:3427} INFO - Setting next_dagrun for example_subdag_operator.section-1 to None, run_after=None
[2025-03-23T22:49:56.485+0000] {logging_mixin.py:137} INFO - [2025-03-23T22:49:56.485+0000] {dag.py:3427} INFO - Setting next_dagrun for example_subdag_operator.section-2 to None, run_after=None
[2025-03-23T22:49:56.505+0000] {processor.py:175} INFO - Processing /home/airflow/.local/lib/python3.7/site-packages/airflow/example_dags/example_subdag_operator.py took 0.223 seconds
[2025-03-23T22:59:22.755+0000] {processor.py:153} INFO - Started process (PID=83) to work on /home/airflow/.local/lib/python3.7/site-packages/airflow/example_dags/example_subdag_operator.py
[2025-03-23T22:59:22.756+0000] {processor.py:743} INFO - Processing file /home/airflow/.local/lib/python3.7/site-packages/airflow/example_dags/example_subdag_operator.py for tasks to queue
[2025-03-23T22:59:22.757+0000] {logging_mixin.py:137} INFO - [2025-03-23T22:59:22.757+0000] {dagbag.py:538} INFO - Filling up the DagBag from /home/airflow/.local/lib/python3.7/site-packages/airflow/example_dags/example_subdag_operator.py
[2025-03-23T22:59:22.799+0000] {processor.py:753} INFO - DAG(s) dict_keys(['example_subdag_operator.section-1', 'example_subdag_operator.section-2', 'example_subdag_operator']) retrieved from /home/airflow/.local/lib/python3.7/site-packages/airflow/example_dags/example_subdag_operator.py
[2025-03-23T22:59:22.959+0000] {logging_mixin.py:137} INFO - [2025-03-23T22:59:22.959+0000] {manager.py:504} INFO - Created Permission View: can read on DAG:example_subdag_operator
[2025-03-23T22:59:22.968+0000] {logging_mixin.py:137} INFO - [2025-03-23T22:59:22.968+0000] {manager.py:504} INFO - Created Permission View: can delete on DAG:example_subdag_operator
[2025-03-23T22:59:22.976+0000] {logging_mixin.py:137} INFO - [2025-03-23T22:59:22.976+0000] {manager.py:504} INFO - Created Permission View: can edit on DAG:example_subdag_operator
[2025-03-23T22:59:22.977+0000] {logging_mixin.py:137} INFO - [2025-03-23T22:59:22.976+0000] {dag.py:2676} INFO - Sync 3 DAGs
[2025-03-23T22:59:22.995+0000] {logging_mixin.py:137} INFO - [2025-03-23T22:59:22.995+0000] {dag.py:2697} INFO - Creating ORM DAG for example_subdag_operator
[2025-03-23T22:59:22.996+0000] {logging_mixin.py:137} INFO - [2025-03-23T22:59:22.995+0000] {dag.py:2697} INFO - Creating ORM DAG for example_subdag_operator.section-1
[2025-03-23T22:59:22.996+0000] {logging_mixin.py:137} INFO - [2025-03-23T22:59:22.996+0000] {dag.py:2697} INFO - Creating ORM DAG for example_subdag_operator.section-2
[2025-03-23T22:59:23.008+0000] {logging_mixin.py:137} INFO - [2025-03-23T22:59:23.008+0000] {dag.py:3427} INFO - Setting next_dagrun for example_subdag_operator to 2022-01-01T00:00:00+00:00, run_after=2022-01-01T00:00:00+00:00
[2025-03-23T22:59:23.009+0000] {logging_mixin.py:137} INFO - [2025-03-23T22:59:23.009+0000] {dag.py:3427} INFO - Setting next_dagrun for example_subdag_operator.section-1 to None, run_after=None
[2025-03-23T22:59:23.009+0000] {logging_mixin.py:137} INFO - [2025-03-23T22:59:23.009+0000] {dag.py:3427} INFO - Setting next_dagrun for example_subdag_operator.section-2 to None, run_after=None
[2025-03-23T22:59:23.023+0000] {logging_mixin.py:137} INFO - [2025-03-23T22:59:23.023+0000] {dag.py:2676} INFO - Sync 2 DAGs
[2025-03-23T22:59:23.029+0000] {logging_mixin.py:137} INFO - [2025-03-23T22:59:23.029+0000] {dag.py:3427} INFO - Setting next_dagrun for example_subdag_operator.section-1 to None, run_after=None
[2025-03-23T22:59:23.033+0000] {logging_mixin.py:137} INFO - [2025-03-23T22:59:23.033+0000] {dag.py:3427} INFO - Setting next_dagrun for example_subdag_operator.section-2 to None, run_after=None
[2025-03-23T22:59:23.051+0000] {processor.py:175} INFO - Processing /home/airflow/.local/lib/python3.7/site-packages/airflow/example_dags/example_subdag_operator.py took 0.300 seconds
[2025-03-23T22:59:53.648+0000] {processor.py:153} INFO - Started process (PID=163) to work on /home/airflow/.local/lib/python3.7/site-packages/airflow/example_dags/example_subdag_operator.py
[2025-03-23T22:59:53.649+0000] {processor.py:743} INFO - Processing file /home/airflow/.local/lib/python3.7/site-packages/airflow/example_dags/example_subdag_operator.py for tasks to queue
[2025-03-23T22:59:53.650+0000] {logging_mixin.py:137} INFO - [2025-03-23T22:59:53.650+0000] {dagbag.py:538} INFO - Filling up the DagBag from /home/airflow/.local/lib/python3.7/site-packages/airflow/example_dags/example_subdag_operator.py
[2025-03-23T22:59:53.705+0000] {processor.py:753} INFO - DAG(s) dict_keys(['example_subdag_operator.section-1', 'example_subdag_operator.section-2', 'example_subdag_operator']) retrieved from /home/airflow/.local/lib/python3.7/site-packages/airflow/example_dags/example_subdag_operator.py
[2025-03-23T22:59:53.746+0000] {logging_mixin.py:137} INFO - [2025-03-23T22:59:53.746+0000] {dag.py:2676} INFO - Sync 3 DAGs
[2025-03-23T22:59:53.785+0000] {logging_mixin.py:137} INFO - [2025-03-23T22:59:53.784+0000] {dag.py:3427} INFO - Setting next_dagrun for example_subdag_operator to 2022-01-01T00:00:00+00:00, run_after=2022-01-01T00:00:00+00:00
[2025-03-23T22:59:53.793+0000] {logging_mixin.py:137} INFO - [2025-03-23T22:59:53.793+0000] {dag.py:3427} INFO - Setting next_dagrun for example_subdag_operator.section-1 to None, run_after=None
[2025-03-23T22:59:53.797+0000] {logging_mixin.py:137} INFO - [2025-03-23T22:59:53.797+0000] {dag.py:3427} INFO - Setting next_dagrun for example_subdag_operator.section-2 to None, run_after=None
[2025-03-23T22:59:53.826+0000] {logging_mixin.py:137} INFO - [2025-03-23T22:59:53.826+0000] {dag.py:2676} INFO - Sync 2 DAGs
[2025-03-23T22:59:53.835+0000] {logging_mixin.py:137} INFO - [2025-03-23T22:59:53.835+0000] {dag.py:3427} INFO - Setting next_dagrun for example_subdag_operator.section-1 to None, run_after=None
[2025-03-23T22:59:53.836+0000] {logging_mixin.py:137} INFO - [2025-03-23T22:59:53.836+0000] {dag.py:3427} INFO - Setting next_dagrun for example_subdag_operator.section-2 to None, run_after=None
[2025-03-23T22:59:53.869+0000] {processor.py:175} INFO - Processing /home/airflow/.local/lib/python3.7/site-packages/airflow/example_dags/example_subdag_operator.py took 0.223 seconds
[2025-03-23T23:00:24.199+0000] {processor.py:153} INFO - Started process (PID=240) to work on /home/airflow/.local/lib/python3.7/site-packages/airflow/example_dags/example_subdag_operator.py
[2025-03-23T23:00:24.200+0000] {processor.py:743} INFO - Processing file /home/airflow/.local/lib/python3.7/site-packages/airflow/example_dags/example_subdag_operator.py for tasks to queue
[2025-03-23T23:00:24.201+0000] {logging_mixin.py:137} INFO - [2025-03-23T23:00:24.201+0000] {dagbag.py:538} INFO - Filling up the DagBag from /home/airflow/.local/lib/python3.7/site-packages/airflow/example_dags/example_subdag_operator.py
[2025-03-23T23:00:24.241+0000] {processor.py:753} INFO - DAG(s) dict_keys(['example_subdag_operator.section-1', 'example_subdag_operator.section-2', 'example_subdag_operator']) retrieved from /home/airflow/.local/lib/python3.7/site-packages/airflow/example_dags/example_subdag_operator.py
[2025-03-23T23:00:24.299+0000] {logging_mixin.py:137} INFO - [2025-03-23T23:00:24.298+0000] {dag.py:2676} INFO - Sync 3 DAGs
[2025-03-23T23:00:24.357+0000] {logging_mixin.py:137} INFO - [2025-03-23T23:00:24.357+0000] {dag.py:3427} INFO - Setting next_dagrun for example_subdag_operator to 2022-01-01T00:00:00+00:00, run_after=2022-01-01T00:00:00+00:00
[2025-03-23T23:00:24.365+0000] {logging_mixin.py:137} INFO - [2025-03-23T23:00:24.365+0000] {dag.py:3427} INFO - Setting next_dagrun for example_subdag_operator.section-1 to None, run_after=None
[2025-03-23T23:00:24.368+0000] {logging_mixin.py:137} INFO - [2025-03-23T23:00:24.368+0000] {dag.py:3427} INFO - Setting next_dagrun for example_subdag_operator.section-2 to None, run_after=None
[2025-03-23T23:00:24.382+0000] {logging_mixin.py:137} INFO - [2025-03-23T23:00:24.382+0000] {dag.py:2676} INFO - Sync 2 DAGs
[2025-03-23T23:00:24.394+0000] {logging_mixin.py:137} INFO - [2025-03-23T23:00:24.393+0000] {dag.py:3427} INFO - Setting next_dagrun for example_subdag_operator.section-1 to None, run_after=None
[2025-03-23T23:00:24.395+0000] {logging_mixin.py:137} INFO - [2025-03-23T23:00:24.395+0000] {dag.py:3427} INFO - Setting next_dagrun for example_subdag_operator.section-2 to None, run_after=None
[2025-03-23T23:00:24.427+0000] {processor.py:175} INFO - Processing /home/airflow/.local/lib/python3.7/site-packages/airflow/example_dags/example_subdag_operator.py took 0.232 seconds
[2025-03-23T23:00:54.802+0000] {processor.py:153} INFO - Started process (PID=310) to work on /home/airflow/.local/lib/python3.7/site-packages/airflow/example_dags/example_subdag_operator.py
[2025-03-23T23:00:54.804+0000] {processor.py:743} INFO - Processing file /home/airflow/.local/lib/python3.7/site-packages/airflow/example_dags/example_subdag_operator.py for tasks to queue
[2025-03-23T23:00:54.805+0000] {logging_mixin.py:137} INFO - [2025-03-23T23:00:54.805+0000] {dagbag.py:538} INFO - Filling up the DagBag from /home/airflow/.local/lib/python3.7/site-packages/airflow/example_dags/example_subdag_operator.py
[2025-03-23T23:00:54.873+0000] {processor.py:753} INFO - DAG(s) dict_keys(['example_subdag_operator.section-1', 'example_subdag_operator.section-2', 'example_subdag_operator']) retrieved from /home/airflow/.local/lib/python3.7/site-packages/airflow/example_dags/example_subdag_operator.py
[2025-03-23T23:00:54.924+0000] {logging_mixin.py:137} INFO - [2025-03-23T23:00:54.924+0000] {dag.py:2676} INFO - Sync 3 DAGs
[2025-03-23T23:00:54.963+0000] {logging_mixin.py:137} INFO - [2025-03-23T23:00:54.963+0000] {dag.py:3427} INFO - Setting next_dagrun for example_subdag_operator to 2022-01-01T00:00:00+00:00, run_after=2022-01-01T00:00:00+00:00
[2025-03-23T23:00:54.970+0000] {logging_mixin.py:137} INFO - [2025-03-23T23:00:54.970+0000] {dag.py:3427} INFO - Setting next_dagrun for example_subdag_operator.section-1 to None, run_after=None
[2025-03-23T23:00:54.973+0000] {logging_mixin.py:137} INFO - [2025-03-23T23:00:54.972+0000] {dag.py:3427} INFO - Setting next_dagrun for example_subdag_operator.section-2 to None, run_after=None
[2025-03-23T23:00:54.991+0000] {logging_mixin.py:137} INFO - [2025-03-23T23:00:54.991+0000] {dag.py:2676} INFO - Sync 2 DAGs
[2025-03-23T23:00:55.006+0000] {logging_mixin.py:137} INFO - [2025-03-23T23:00:55.005+0000] {dag.py:3427} INFO - Setting next_dagrun for example_subdag_operator.section-1 to None, run_after=None
[2025-03-23T23:00:55.006+0000] {logging_mixin.py:137} INFO - [2025-03-23T23:00:55.006+0000] {dag.py:3427} INFO - Setting next_dagrun for example_subdag_operator.section-2 to None, run_after=None
[2025-03-23T23:00:55.036+0000] {processor.py:175} INFO - Processing /home/airflow/.local/lib/python3.7/site-packages/airflow/example_dags/example_subdag_operator.py took 0.240 seconds
