[2025-03-23T22:47:48.093+0000] {processor.py:153} INFO - Started process (PID=58) to work on /home/airflow/.local/lib/python3.7/site-packages/airflow/example_dags/example_branch_day_of_week_operator.py
[2025-03-23T22:47:48.094+0000] {processor.py:743} INFO - Processing file /home/airflow/.local/lib/python3.7/site-packages/airflow/example_dags/example_branch_day_of_week_operator.py for tasks to queue
[2025-03-23T22:47:48.094+0000] {logging_mixin.py:137} INFO - [2025-03-23T22:47:48.094+0000] {dagbag.py:538} INFO - Filling up the DagBag from /home/airflow/.local/lib/python3.7/site-packages/airflow/example_dags/example_branch_day_of_week_operator.py
[2025-03-23T22:47:48.119+0000] {processor.py:753} INFO - DAG(s) dict_keys(['example_weekday_branch_operator']) retrieved from /home/airflow/.local/lib/python3.7/site-packages/airflow/example_dags/example_branch_day_of_week_operator.py
[2025-03-23T22:47:48.287+0000] {logging_mixin.py:137} INFO - [2025-03-23T22:47:48.287+0000] {manager.py:504} INFO - Created Permission View: can edit on DAG:example_weekday_branch_operator
[2025-03-23T22:47:48.308+0000] {logging_mixin.py:137} INFO - [2025-03-23T22:47:48.308+0000] {manager.py:504} INFO - Created Permission View: can delete on DAG:example_weekday_branch_operator
[2025-03-23T22:47:48.320+0000] {logging_mixin.py:137} INFO - [2025-03-23T22:47:48.320+0000] {manager.py:504} INFO - Created Permission View: can read on DAG:example_weekday_branch_operator
[2025-03-23T22:47:48.320+0000] {logging_mixin.py:137} INFO - [2025-03-23T22:47:48.320+0000] {dag.py:2676} INFO - Sync 1 DAGs
[2025-03-23T22:47:48.341+0000] {logging_mixin.py:137} INFO - [2025-03-23T22:47:48.341+0000] {dag.py:2697} INFO - Creating ORM DAG for example_weekday_branch_operator
[2025-03-23T22:47:48.361+0000] {logging_mixin.py:137} INFO - [2025-03-23T22:47:48.361+0000] {dag.py:3427} INFO - Setting next_dagrun for example_weekday_branch_operator to 2025-03-22T00:00:00+00:00, run_after=2025-03-23T00:00:00+00:00
[2025-03-23T22:47:48.404+0000] {processor.py:175} INFO - Processing /home/airflow/.local/lib/python3.7/site-packages/airflow/example_dags/example_branch_day_of_week_operator.py took 0.314 seconds
[2025-03-23T22:48:19.211+0000] {processor.py:153} INFO - Started process (PID=128) to work on /home/airflow/.local/lib/python3.7/site-packages/airflow/example_dags/example_branch_day_of_week_operator.py
[2025-03-23T22:48:19.212+0000] {processor.py:743} INFO - Processing file /home/airflow/.local/lib/python3.7/site-packages/airflow/example_dags/example_branch_day_of_week_operator.py for tasks to queue
[2025-03-23T22:48:19.213+0000] {logging_mixin.py:137} INFO - [2025-03-23T22:48:19.213+0000] {dagbag.py:538} INFO - Filling up the DagBag from /home/airflow/.local/lib/python3.7/site-packages/airflow/example_dags/example_branch_day_of_week_operator.py
[2025-03-23T22:48:19.241+0000] {processor.py:753} INFO - DAG(s) dict_keys(['example_weekday_branch_operator']) retrieved from /home/airflow/.local/lib/python3.7/site-packages/airflow/example_dags/example_branch_day_of_week_operator.py
[2025-03-23T22:48:19.285+0000] {logging_mixin.py:137} INFO - [2025-03-23T22:48:19.284+0000] {dag.py:2676} INFO - Sync 1 DAGs
[2025-03-23T22:48:19.323+0000] {logging_mixin.py:137} INFO - [2025-03-23T22:48:19.323+0000] {dag.py:3427} INFO - Setting next_dagrun for example_weekday_branch_operator to 2025-03-22T00:00:00+00:00, run_after=2025-03-23T00:00:00+00:00
[2025-03-23T22:48:19.355+0000] {processor.py:175} INFO - Processing /home/airflow/.local/lib/python3.7/site-packages/airflow/example_dags/example_branch_day_of_week_operator.py took 0.147 seconds
[2025-03-23T22:48:49.635+0000] {processor.py:153} INFO - Started process (PID=207) to work on /home/airflow/.local/lib/python3.7/site-packages/airflow/example_dags/example_branch_day_of_week_operator.py
[2025-03-23T22:48:49.636+0000] {processor.py:743} INFO - Processing file /home/airflow/.local/lib/python3.7/site-packages/airflow/example_dags/example_branch_day_of_week_operator.py for tasks to queue
[2025-03-23T22:48:49.637+0000] {logging_mixin.py:137} INFO - [2025-03-23T22:48:49.636+0000] {dagbag.py:538} INFO - Filling up the DagBag from /home/airflow/.local/lib/python3.7/site-packages/airflow/example_dags/example_branch_day_of_week_operator.py
[2025-03-23T22:48:49.657+0000] {processor.py:753} INFO - DAG(s) dict_keys(['example_weekday_branch_operator']) retrieved from /home/airflow/.local/lib/python3.7/site-packages/airflow/example_dags/example_branch_day_of_week_operator.py
[2025-03-23T22:48:49.702+0000] {logging_mixin.py:137} INFO - [2025-03-23T22:48:49.702+0000] {dag.py:2676} INFO - Sync 1 DAGs
[2025-03-23T22:48:49.738+0000] {logging_mixin.py:137} INFO - [2025-03-23T22:48:49.738+0000] {dag.py:3427} INFO - Setting next_dagrun for example_weekday_branch_operator to 2025-03-22T00:00:00+00:00, run_after=2025-03-23T00:00:00+00:00
[2025-03-23T22:48:49.768+0000] {processor.py:175} INFO - Processing /home/airflow/.local/lib/python3.7/site-packages/airflow/example_dags/example_branch_day_of_week_operator.py took 0.136 seconds
[2025-03-23T22:49:20.123+0000] {processor.py:153} INFO - Started process (PID=284) to work on /home/airflow/.local/lib/python3.7/site-packages/airflow/example_dags/example_branch_day_of_week_operator.py
[2025-03-23T22:49:20.124+0000] {processor.py:743} INFO - Processing file /home/airflow/.local/lib/python3.7/site-packages/airflow/example_dags/example_branch_day_of_week_operator.py for tasks to queue
[2025-03-23T22:49:20.125+0000] {logging_mixin.py:137} INFO - [2025-03-23T22:49:20.125+0000] {dagbag.py:538} INFO - Filling up the DagBag from /home/airflow/.local/lib/python3.7/site-packages/airflow/example_dags/example_branch_day_of_week_operator.py
[2025-03-23T22:49:20.151+0000] {processor.py:753} INFO - DAG(s) dict_keys(['example_weekday_branch_operator']) retrieved from /home/airflow/.local/lib/python3.7/site-packages/airflow/example_dags/example_branch_day_of_week_operator.py
[2025-03-23T22:49:20.189+0000] {logging_mixin.py:137} INFO - [2025-03-23T22:49:20.189+0000] {dag.py:2676} INFO - Sync 1 DAGs
[2025-03-23T22:49:20.218+0000] {logging_mixin.py:137} INFO - [2025-03-23T22:49:20.217+0000] {dag.py:3427} INFO - Setting next_dagrun for example_weekday_branch_operator to 2025-03-22T00:00:00+00:00, run_after=2025-03-23T00:00:00+00:00
[2025-03-23T22:49:20.238+0000] {processor.py:175} INFO - Processing /home/airflow/.local/lib/python3.7/site-packages/airflow/example_dags/example_branch_day_of_week_operator.py took 0.120 seconds
[2025-03-23T22:49:50.489+0000] {processor.py:153} INFO - Started process (PID=354) to work on /home/airflow/.local/lib/python3.7/site-packages/airflow/example_dags/example_branch_day_of_week_operator.py
[2025-03-23T22:49:50.490+0000] {processor.py:743} INFO - Processing file /home/airflow/.local/lib/python3.7/site-packages/airflow/example_dags/example_branch_day_of_week_operator.py for tasks to queue
[2025-03-23T22:49:50.491+0000] {logging_mixin.py:137} INFO - [2025-03-23T22:49:50.490+0000] {dagbag.py:538} INFO - Filling up the DagBag from /home/airflow/.local/lib/python3.7/site-packages/airflow/example_dags/example_branch_day_of_week_operator.py
[2025-03-23T22:49:50.516+0000] {processor.py:753} INFO - DAG(s) dict_keys(['example_weekday_branch_operator']) retrieved from /home/airflow/.local/lib/python3.7/site-packages/airflow/example_dags/example_branch_day_of_week_operator.py
[2025-03-23T22:49:50.577+0000] {logging_mixin.py:137} INFO - [2025-03-23T22:49:50.577+0000] {dag.py:2676} INFO - Sync 1 DAGs
[2025-03-23T22:49:50.611+0000] {logging_mixin.py:137} INFO - [2025-03-23T22:49:50.611+0000] {dag.py:3427} INFO - Setting next_dagrun for example_weekday_branch_operator to 2025-03-22T00:00:00+00:00, run_after=2025-03-23T00:00:00+00:00
[2025-03-23T22:49:50.644+0000] {processor.py:175} INFO - Processing /home/airflow/.local/lib/python3.7/site-packages/airflow/example_dags/example_branch_day_of_week_operator.py took 0.159 seconds
[2025-03-23T22:59:17.995+0000] {processor.py:153} INFO - Started process (PID=58) to work on /home/airflow/.local/lib/python3.7/site-packages/airflow/example_dags/example_branch_day_of_week_operator.py
[2025-03-23T22:59:17.996+0000] {processor.py:743} INFO - Processing file /home/airflow/.local/lib/python3.7/site-packages/airflow/example_dags/example_branch_day_of_week_operator.py for tasks to queue
[2025-03-23T22:59:17.998+0000] {logging_mixin.py:137} INFO - [2025-03-23T22:59:17.997+0000] {dagbag.py:538} INFO - Filling up the DagBag from /home/airflow/.local/lib/python3.7/site-packages/airflow/example_dags/example_branch_day_of_week_operator.py
[2025-03-23T22:59:18.036+0000] {processor.py:753} INFO - DAG(s) dict_keys(['example_weekday_branch_operator']) retrieved from /home/airflow/.local/lib/python3.7/site-packages/airflow/example_dags/example_branch_day_of_week_operator.py
[2025-03-23T22:59:18.277+0000] {logging_mixin.py:137} INFO - [2025-03-23T22:59:18.277+0000] {manager.py:504} INFO - Created Permission View: can read on DAG:example_weekday_branch_operator
[2025-03-23T22:59:18.288+0000] {logging_mixin.py:137} INFO - [2025-03-23T22:59:18.287+0000] {manager.py:504} INFO - Created Permission View: can delete on DAG:example_weekday_branch_operator
[2025-03-23T22:59:18.310+0000] {logging_mixin.py:137} INFO - [2025-03-23T22:59:18.309+0000] {manager.py:504} INFO - Created Permission View: can edit on DAG:example_weekday_branch_operator
[2025-03-23T22:59:18.311+0000] {logging_mixin.py:137} INFO - [2025-03-23T22:59:18.311+0000] {dag.py:2676} INFO - Sync 1 DAGs
[2025-03-23T22:59:18.332+0000] {logging_mixin.py:137} INFO - [2025-03-23T22:59:18.331+0000] {dag.py:2697} INFO - Creating ORM DAG for example_weekday_branch_operator
[2025-03-23T22:59:18.352+0000] {logging_mixin.py:137} INFO - [2025-03-23T22:59:18.352+0000] {dag.py:3427} INFO - Setting next_dagrun for example_weekday_branch_operator to 2025-03-22T00:00:00+00:00, run_after=2025-03-23T00:00:00+00:00
[2025-03-23T22:59:18.395+0000] {processor.py:175} INFO - Processing /home/airflow/.local/lib/python3.7/site-packages/airflow/example_dags/example_branch_day_of_week_operator.py took 0.410 seconds
[2025-03-23T22:59:48.462+0000] {processor.py:153} INFO - Started process (PID=128) to work on /home/airflow/.local/lib/python3.7/site-packages/airflow/example_dags/example_branch_day_of_week_operator.py
[2025-03-23T22:59:48.464+0000] {processor.py:743} INFO - Processing file /home/airflow/.local/lib/python3.7/site-packages/airflow/example_dags/example_branch_day_of_week_operator.py for tasks to queue
[2025-03-23T22:59:48.466+0000] {logging_mixin.py:137} INFO - [2025-03-23T22:59:48.465+0000] {dagbag.py:538} INFO - Filling up the DagBag from /home/airflow/.local/lib/python3.7/site-packages/airflow/example_dags/example_branch_day_of_week_operator.py
[2025-03-23T22:59:48.505+0000] {processor.py:753} INFO - DAG(s) dict_keys(['example_weekday_branch_operator']) retrieved from /home/airflow/.local/lib/python3.7/site-packages/airflow/example_dags/example_branch_day_of_week_operator.py
[2025-03-23T22:59:48.571+0000] {logging_mixin.py:137} INFO - [2025-03-23T22:59:48.571+0000] {dag.py:2676} INFO - Sync 1 DAGs
[2025-03-23T22:59:48.608+0000] {logging_mixin.py:137} INFO - [2025-03-23T22:59:48.608+0000] {dag.py:3427} INFO - Setting next_dagrun for example_weekday_branch_operator to 2025-03-22T00:00:00+00:00, run_after=2025-03-23T00:00:00+00:00
[2025-03-23T22:59:48.652+0000] {processor.py:175} INFO - Processing /home/airflow/.local/lib/python3.7/site-packages/airflow/example_dags/example_branch_day_of_week_operator.py took 0.196 seconds
[2025-03-23T23:00:19.377+0000] {processor.py:153} INFO - Started process (PID=208) to work on /home/airflow/.local/lib/python3.7/site-packages/airflow/example_dags/example_branch_day_of_week_operator.py
[2025-03-23T23:00:19.379+0000] {processor.py:743} INFO - Processing file /home/airflow/.local/lib/python3.7/site-packages/airflow/example_dags/example_branch_day_of_week_operator.py for tasks to queue
[2025-03-23T23:00:19.380+0000] {logging_mixin.py:137} INFO - [2025-03-23T23:00:19.380+0000] {dagbag.py:538} INFO - Filling up the DagBag from /home/airflow/.local/lib/python3.7/site-packages/airflow/example_dags/example_branch_day_of_week_operator.py
[2025-03-23T23:00:19.409+0000] {processor.py:753} INFO - DAG(s) dict_keys(['example_weekday_branch_operator']) retrieved from /home/airflow/.local/lib/python3.7/site-packages/airflow/example_dags/example_branch_day_of_week_operator.py
[2025-03-23T23:00:19.455+0000] {logging_mixin.py:137} INFO - [2025-03-23T23:00:19.455+0000] {dag.py:2676} INFO - Sync 1 DAGs
[2025-03-23T23:00:19.492+0000] {logging_mixin.py:137} INFO - [2025-03-23T23:00:19.492+0000] {dag.py:3427} INFO - Setting next_dagrun for example_weekday_branch_operator to 2025-03-22T00:00:00+00:00, run_after=2025-03-23T00:00:00+00:00
[2025-03-23T23:00:19.524+0000] {processor.py:175} INFO - Processing /home/airflow/.local/lib/python3.7/site-packages/airflow/example_dags/example_branch_day_of_week_operator.py took 0.153 seconds
[2025-03-23T23:00:49.922+0000] {processor.py:153} INFO - Started process (PID=285) to work on /home/airflow/.local/lib/python3.7/site-packages/airflow/example_dags/example_branch_day_of_week_operator.py
[2025-03-23T23:00:49.923+0000] {processor.py:743} INFO - Processing file /home/airflow/.local/lib/python3.7/site-packages/airflow/example_dags/example_branch_day_of_week_operator.py for tasks to queue
[2025-03-23T23:00:49.924+0000] {logging_mixin.py:137} INFO - [2025-03-23T23:00:49.924+0000] {dagbag.py:538} INFO - Filling up the DagBag from /home/airflow/.local/lib/python3.7/site-packages/airflow/example_dags/example_branch_day_of_week_operator.py
[2025-03-23T23:00:49.950+0000] {processor.py:753} INFO - DAG(s) dict_keys(['example_weekday_branch_operator']) retrieved from /home/airflow/.local/lib/python3.7/site-packages/airflow/example_dags/example_branch_day_of_week_operator.py
[2025-03-23T23:00:50.012+0000] {logging_mixin.py:137} INFO - [2025-03-23T23:00:50.011+0000] {dag.py:2676} INFO - Sync 1 DAGs
[2025-03-23T23:00:50.051+0000] {logging_mixin.py:137} INFO - [2025-03-23T23:00:50.050+0000] {dag.py:3427} INFO - Setting next_dagrun for example_weekday_branch_operator to 2025-03-22T00:00:00+00:00, run_after=2025-03-23T00:00:00+00:00
[2025-03-23T23:00:50.083+0000] {processor.py:175} INFO - Processing /home/airflow/.local/lib/python3.7/site-packages/airflow/example_dags/example_branch_day_of_week_operator.py took 0.166 seconds
