[2025-03-23T22:47:52.728+0000] {processor.py:153} INFO - Started process (PID=79) to work on /home/airflow/.local/lib/python3.7/site-packages/airflow/example_dags/example_sensors.py
[2025-03-23T22:47:52.729+0000] {processor.py:743} INFO - Processing file /home/airflow/.local/lib/python3.7/site-packages/airflow/example_dags/example_sensors.py for tasks to queue
[2025-03-23T22:47:52.730+0000] {logging_mixin.py:137} INFO - [2025-03-23T22:47:52.730+0000] {dagbag.py:538} INFO - Filling up the DagBag from /home/airflow/.local/lib/python3.7/site-packages/airflow/example_dags/example_sensors.py
[2025-03-23T22:47:52.766+0000] {processor.py:753} INFO - DAG(s) dict_keys(['example_sensors']) retrieved from /home/airflow/.local/lib/python3.7/site-packages/airflow/example_dags/example_sensors.py
[2025-03-23T22:47:52.967+0000] {logging_mixin.py:137} INFO - [2025-03-23T22:47:52.967+0000] {manager.py:504} INFO - Created Permission View: can edit on DAG:example_sensors
[2025-03-23T22:47:52.981+0000] {logging_mixin.py:137} INFO - [2025-03-23T22:47:52.981+0000] {manager.py:504} INFO - Created Permission View: can delete on DAG:example_sensors
[2025-03-23T22:47:52.998+0000] {logging_mixin.py:137} INFO - [2025-03-23T22:47:52.997+0000] {manager.py:504} INFO - Created Permission View: can read on DAG:example_sensors
[2025-03-23T22:47:52.998+0000] {logging_mixin.py:137} INFO - [2025-03-23T22:47:52.998+0000] {dag.py:2676} INFO - Sync 1 DAGs
[2025-03-23T22:47:53.020+0000] {logging_mixin.py:137} INFO - [2025-03-23T22:47:53.020+0000] {dag.py:2697} INFO - Creating ORM DAG for example_sensors
[2025-03-23T22:47:53.036+0000] {logging_mixin.py:137} INFO - [2025-03-23T22:47:53.036+0000] {dag.py:3427} INFO - Setting next_dagrun for example_sensors to None, run_after=None
[2025-03-23T22:47:53.068+0000] {processor.py:175} INFO - Processing /home/airflow/.local/lib/python3.7/site-packages/airflow/example_dags/example_sensors.py took 0.345 seconds
[2025-03-23T22:48:23.382+0000] {processor.py:153} INFO - Started process (PID=158) to work on /home/airflow/.local/lib/python3.7/site-packages/airflow/example_dags/example_sensors.py
[2025-03-23T22:48:23.383+0000] {processor.py:743} INFO - Processing file /home/airflow/.local/lib/python3.7/site-packages/airflow/example_dags/example_sensors.py for tasks to queue
[2025-03-23T22:48:23.384+0000] {logging_mixin.py:137} INFO - [2025-03-23T22:48:23.384+0000] {dagbag.py:538} INFO - Filling up the DagBag from /home/airflow/.local/lib/python3.7/site-packages/airflow/example_dags/example_sensors.py
[2025-03-23T22:48:23.407+0000] {processor.py:753} INFO - DAG(s) dict_keys(['example_sensors']) retrieved from /home/airflow/.local/lib/python3.7/site-packages/airflow/example_dags/example_sensors.py
[2025-03-23T22:48:23.456+0000] {logging_mixin.py:137} INFO - [2025-03-23T22:48:23.456+0000] {dag.py:2676} INFO - Sync 1 DAGs
[2025-03-23T22:48:23.490+0000] {logging_mixin.py:137} INFO - [2025-03-23T22:48:23.490+0000] {dag.py:3427} INFO - Setting next_dagrun for example_sensors to None, run_after=None
[2025-03-23T22:48:23.526+0000] {processor.py:175} INFO - Processing /home/airflow/.local/lib/python3.7/site-packages/airflow/example_dags/example_sensors.py took 0.148 seconds
[2025-03-23T22:48:54.040+0000] {processor.py:153} INFO - Started process (PID=234) to work on /home/airflow/.local/lib/python3.7/site-packages/airflow/example_dags/example_sensors.py
[2025-03-23T22:48:54.041+0000] {processor.py:743} INFO - Processing file /home/airflow/.local/lib/python3.7/site-packages/airflow/example_dags/example_sensors.py for tasks to queue
[2025-03-23T22:48:54.041+0000] {logging_mixin.py:137} INFO - [2025-03-23T22:48:54.041+0000] {dagbag.py:538} INFO - Filling up the DagBag from /home/airflow/.local/lib/python3.7/site-packages/airflow/example_dags/example_sensors.py
[2025-03-23T22:48:54.060+0000] {processor.py:753} INFO - DAG(s) dict_keys(['example_sensors']) retrieved from /home/airflow/.local/lib/python3.7/site-packages/airflow/example_dags/example_sensors.py
[2025-03-23T22:48:54.113+0000] {logging_mixin.py:137} INFO - [2025-03-23T22:48:54.113+0000] {dag.py:2676} INFO - Sync 1 DAGs
[2025-03-23T22:48:54.171+0000] {logging_mixin.py:137} INFO - [2025-03-23T22:48:54.171+0000] {dag.py:3427} INFO - Setting next_dagrun for example_sensors to None, run_after=None
[2025-03-23T22:48:54.213+0000] {processor.py:175} INFO - Processing /home/airflow/.local/lib/python3.7/site-packages/airflow/example_dags/example_sensors.py took 0.176 seconds
[2025-03-23T22:49:24.362+0000] {processor.py:153} INFO - Started process (PID=304) to work on /home/airflow/.local/lib/python3.7/site-packages/airflow/example_dags/example_sensors.py
[2025-03-23T22:49:24.363+0000] {processor.py:743} INFO - Processing file /home/airflow/.local/lib/python3.7/site-packages/airflow/example_dags/example_sensors.py for tasks to queue
[2025-03-23T22:49:24.364+0000] {logging_mixin.py:137} INFO - [2025-03-23T22:49:24.363+0000] {dagbag.py:538} INFO - Filling up the DagBag from /home/airflow/.local/lib/python3.7/site-packages/airflow/example_dags/example_sensors.py
[2025-03-23T22:49:24.404+0000] {processor.py:753} INFO - DAG(s) dict_keys(['example_sensors']) retrieved from /home/airflow/.local/lib/python3.7/site-packages/airflow/example_dags/example_sensors.py
[2025-03-23T22:49:24.482+0000] {logging_mixin.py:137} INFO - [2025-03-23T22:49:24.481+0000] {dag.py:2676} INFO - Sync 1 DAGs
[2025-03-23T22:49:24.526+0000] {logging_mixin.py:137} INFO - [2025-03-23T22:49:24.526+0000] {dag.py:3427} INFO - Setting next_dagrun for example_sensors to None, run_after=None
[2025-03-23T22:49:24.557+0000] {processor.py:175} INFO - Processing /home/airflow/.local/lib/python3.7/site-packages/airflow/example_dags/example_sensors.py took 0.199 seconds
[2025-03-23T22:49:54.637+0000] {processor.py:153} INFO - Started process (PID=390) to work on /home/airflow/.local/lib/python3.7/site-packages/airflow/example_dags/example_sensors.py
[2025-03-23T22:49:54.638+0000] {processor.py:743} INFO - Processing file /home/airflow/.local/lib/python3.7/site-packages/airflow/example_dags/example_sensors.py for tasks to queue
[2025-03-23T22:49:54.639+0000] {logging_mixin.py:137} INFO - [2025-03-23T22:49:54.639+0000] {dagbag.py:538} INFO - Filling up the DagBag from /home/airflow/.local/lib/python3.7/site-packages/airflow/example_dags/example_sensors.py
[2025-03-23T22:49:54.669+0000] {processor.py:753} INFO - DAG(s) dict_keys(['example_sensors']) retrieved from /home/airflow/.local/lib/python3.7/site-packages/airflow/example_dags/example_sensors.py
[2025-03-23T22:49:54.719+0000] {logging_mixin.py:137} INFO - [2025-03-23T22:49:54.719+0000] {dag.py:2676} INFO - Sync 1 DAGs
[2025-03-23T22:49:54.751+0000] {logging_mixin.py:137} INFO - [2025-03-23T22:49:54.751+0000] {dag.py:3427} INFO - Setting next_dagrun for example_sensors to None, run_after=None
[2025-03-23T22:49:54.779+0000] {processor.py:175} INFO - Processing /home/airflow/.local/lib/python3.7/site-packages/airflow/example_dags/example_sensors.py took 0.146 seconds
[2025-03-23T22:59:22.081+0000] {processor.py:153} INFO - Started process (PID=79) to work on /home/airflow/.local/lib/python3.7/site-packages/airflow/example_dags/example_sensors.py
[2025-03-23T22:59:22.082+0000] {processor.py:743} INFO - Processing file /home/airflow/.local/lib/python3.7/site-packages/airflow/example_dags/example_sensors.py for tasks to queue
[2025-03-23T22:59:22.082+0000] {logging_mixin.py:137} INFO - [2025-03-23T22:59:22.082+0000] {dagbag.py:538} INFO - Filling up the DagBag from /home/airflow/.local/lib/python3.7/site-packages/airflow/example_dags/example_sensors.py
[2025-03-23T22:59:22.114+0000] {processor.py:753} INFO - DAG(s) dict_keys(['example_sensors']) retrieved from /home/airflow/.local/lib/python3.7/site-packages/airflow/example_dags/example_sensors.py
[2025-03-23T22:59:22.308+0000] {logging_mixin.py:137} INFO - [2025-03-23T22:59:22.308+0000] {manager.py:504} INFO - Created Permission View: can read on DAG:example_sensors
[2025-03-23T22:59:22.319+0000] {logging_mixin.py:137} INFO - [2025-03-23T22:59:22.318+0000] {manager.py:504} INFO - Created Permission View: can delete on DAG:example_sensors
[2025-03-23T22:59:22.334+0000] {logging_mixin.py:137} INFO - [2025-03-23T22:59:22.334+0000] {manager.py:504} INFO - Created Permission View: can edit on DAG:example_sensors
[2025-03-23T22:59:22.334+0000] {logging_mixin.py:137} INFO - [2025-03-23T22:59:22.334+0000] {dag.py:2676} INFO - Sync 1 DAGs
[2025-03-23T22:59:22.361+0000] {logging_mixin.py:137} INFO - [2025-03-23T22:59:22.360+0000] {dag.py:2697} INFO - Creating ORM DAG for example_sensors
[2025-03-23T22:59:22.384+0000] {logging_mixin.py:137} INFO - [2025-03-23T22:59:22.383+0000] {dag.py:3427} INFO - Setting next_dagrun for example_sensors to None, run_after=None
[2025-03-23T22:59:22.416+0000] {processor.py:175} INFO - Processing /home/airflow/.local/lib/python3.7/site-packages/airflow/example_dags/example_sensors.py took 0.338 seconds
[2025-03-23T22:59:53.253+0000] {processor.py:153} INFO - Started process (PID=159) to work on /home/airflow/.local/lib/python3.7/site-packages/airflow/example_dags/example_sensors.py
[2025-03-23T22:59:53.254+0000] {processor.py:743} INFO - Processing file /home/airflow/.local/lib/python3.7/site-packages/airflow/example_dags/example_sensors.py for tasks to queue
[2025-03-23T22:59:53.256+0000] {logging_mixin.py:137} INFO - [2025-03-23T22:59:53.255+0000] {dagbag.py:538} INFO - Filling up the DagBag from /home/airflow/.local/lib/python3.7/site-packages/airflow/example_dags/example_sensors.py
[2025-03-23T22:59:53.309+0000] {processor.py:753} INFO - DAG(s) dict_keys(['example_sensors']) retrieved from /home/airflow/.local/lib/python3.7/site-packages/airflow/example_dags/example_sensors.py
[2025-03-23T22:59:53.388+0000] {logging_mixin.py:137} INFO - [2025-03-23T22:59:53.387+0000] {dag.py:2676} INFO - Sync 1 DAGs
[2025-03-23T22:59:53.436+0000] {logging_mixin.py:137} INFO - [2025-03-23T22:59:53.435+0000] {dag.py:3427} INFO - Setting next_dagrun for example_sensors to None, run_after=None
[2025-03-23T22:59:53.463+0000] {processor.py:175} INFO - Processing /home/airflow/.local/lib/python3.7/site-packages/airflow/example_dags/example_sensors.py took 0.213 seconds
[2025-03-23T23:00:23.813+0000] {processor.py:153} INFO - Started process (PID=236) to work on /home/airflow/.local/lib/python3.7/site-packages/airflow/example_dags/example_sensors.py
[2025-03-23T23:00:23.815+0000] {processor.py:743} INFO - Processing file /home/airflow/.local/lib/python3.7/site-packages/airflow/example_dags/example_sensors.py for tasks to queue
[2025-03-23T23:00:23.817+0000] {logging_mixin.py:137} INFO - [2025-03-23T23:00:23.817+0000] {dagbag.py:538} INFO - Filling up the DagBag from /home/airflow/.local/lib/python3.7/site-packages/airflow/example_dags/example_sensors.py
[2025-03-23T23:00:23.860+0000] {processor.py:753} INFO - DAG(s) dict_keys(['example_sensors']) retrieved from /home/airflow/.local/lib/python3.7/site-packages/airflow/example_dags/example_sensors.py
[2025-03-23T23:00:23.920+0000] {logging_mixin.py:137} INFO - [2025-03-23T23:00:23.920+0000] {dag.py:2676} INFO - Sync 1 DAGs
[2025-03-23T23:00:23.949+0000] {logging_mixin.py:137} INFO - [2025-03-23T23:00:23.949+0000] {dag.py:3427} INFO - Setting next_dagrun for example_sensors to None, run_after=None
[2025-03-23T23:00:23.991+0000] {processor.py:175} INFO - Processing /home/airflow/.local/lib/python3.7/site-packages/airflow/example_dags/example_sensors.py took 0.185 seconds
[2025-03-23T23:00:54.305+0000] {processor.py:153} INFO - Started process (PID=306) to work on /home/airflow/.local/lib/python3.7/site-packages/airflow/example_dags/example_sensors.py
[2025-03-23T23:00:54.306+0000] {processor.py:743} INFO - Processing file /home/airflow/.local/lib/python3.7/site-packages/airflow/example_dags/example_sensors.py for tasks to queue
[2025-03-23T23:00:54.306+0000] {logging_mixin.py:137} INFO - [2025-03-23T23:00:54.306+0000] {dagbag.py:538} INFO - Filling up the DagBag from /home/airflow/.local/lib/python3.7/site-packages/airflow/example_dags/example_sensors.py
[2025-03-23T23:00:54.328+0000] {processor.py:753} INFO - DAG(s) dict_keys(['example_sensors']) retrieved from /home/airflow/.local/lib/python3.7/site-packages/airflow/example_dags/example_sensors.py
[2025-03-23T23:00:54.385+0000] {logging_mixin.py:137} INFO - [2025-03-23T23:00:54.384+0000] {dag.py:2676} INFO - Sync 1 DAGs
[2025-03-23T23:00:54.419+0000] {logging_mixin.py:137} INFO - [2025-03-23T23:00:54.418+0000] {dag.py:3427} INFO - Setting next_dagrun for example_sensors to None, run_after=None
[2025-03-23T23:00:54.442+0000] {processor.py:175} INFO - Processing /home/airflow/.local/lib/python3.7/site-packages/airflow/example_dags/example_sensors.py took 0.141 seconds
