[2025-03-23T22:47:53.739+0000] {processor.py:153} INFO - Started process (PID=85) to work on /home/airflow/.local/lib/python3.7/site-packages/airflow/example_dags/example_xcomargs.py
[2025-03-23T22:47:53.740+0000] {processor.py:743} INFO - Processing file /home/airflow/.local/lib/python3.7/site-packages/airflow/example_dags/example_xcomargs.py for tasks to queue
[2025-03-23T22:47:53.740+0000] {logging_mixin.py:137} INFO - [2025-03-23T22:47:53.740+0000] {dagbag.py:538} INFO - Filling up the DagBag from /home/airflow/.local/lib/python3.7/site-packages/airflow/example_dags/example_xcomargs.py
[2025-03-23T22:47:53.771+0000] {processor.py:753} INFO - DAG(s) dict_keys(['example_xcom_args_with_operators', 'example_xcom_args']) retrieved from /home/airflow/.local/lib/python3.7/site-packages/airflow/example_dags/example_xcomargs.py
[2025-03-23T22:47:53.934+0000] {logging_mixin.py:137} INFO - [2025-03-23T22:47:53.934+0000] {manager.py:504} INFO - Created Permission View: can edit on DAG:example_xcom_args_with_operators
[2025-03-23T22:47:53.944+0000] {logging_mixin.py:137} INFO - [2025-03-23T22:47:53.944+0000] {manager.py:504} INFO - Created Permission View: can delete on DAG:example_xcom_args_with_operators
[2025-03-23T22:47:53.953+0000] {logging_mixin.py:137} INFO - [2025-03-23T22:47:53.953+0000] {manager.py:504} INFO - Created Permission View: can read on DAG:example_xcom_args_with_operators
[2025-03-23T22:47:53.972+0000] {logging_mixin.py:137} INFO - [2025-03-23T22:47:53.972+0000] {manager.py:504} INFO - Created Permission View: can edit on DAG:example_xcom_args
[2025-03-23T22:47:53.983+0000] {logging_mixin.py:137} INFO - [2025-03-23T22:47:53.983+0000] {manager.py:504} INFO - Created Permission View: can delete on DAG:example_xcom_args
[2025-03-23T22:47:53.995+0000] {logging_mixin.py:137} INFO - [2025-03-23T22:47:53.994+0000] {manager.py:504} INFO - Created Permission View: can read on DAG:example_xcom_args
[2025-03-23T22:47:53.995+0000] {logging_mixin.py:137} INFO - [2025-03-23T22:47:53.995+0000] {dag.py:2676} INFO - Sync 2 DAGs
[2025-03-23T22:47:54.011+0000] {logging_mixin.py:137} INFO - [2025-03-23T22:47:54.010+0000] {dag.py:2697} INFO - Creating ORM DAG for example_xcom_args
[2025-03-23T22:47:54.011+0000] {logging_mixin.py:137} INFO - [2025-03-23T22:47:54.011+0000] {dag.py:2697} INFO - Creating ORM DAG for example_xcom_args_with_operators
[2025-03-23T22:47:54.030+0000] {logging_mixin.py:137} INFO - [2025-03-23T22:47:54.029+0000] {dag.py:3427} INFO - Setting next_dagrun for example_xcom_args to None, run_after=None
[2025-03-23T22:47:54.030+0000] {logging_mixin.py:137} INFO - [2025-03-23T22:47:54.030+0000] {dag.py:3427} INFO - Setting next_dagrun for example_xcom_args_with_operators to None, run_after=None
[2025-03-23T22:47:54.061+0000] {processor.py:175} INFO - Processing /home/airflow/.local/lib/python3.7/site-packages/airflow/example_dags/example_xcomargs.py took 0.325 seconds
[2025-03-23T22:48:24.419+0000] {processor.py:153} INFO - Started process (PID=172) to work on /home/airflow/.local/lib/python3.7/site-packages/airflow/example_dags/example_xcomargs.py
[2025-03-23T22:48:24.420+0000] {processor.py:743} INFO - Processing file /home/airflow/.local/lib/python3.7/site-packages/airflow/example_dags/example_xcomargs.py for tasks to queue
[2025-03-23T22:48:24.421+0000] {logging_mixin.py:137} INFO - [2025-03-23T22:48:24.421+0000] {dagbag.py:538} INFO - Filling up the DagBag from /home/airflow/.local/lib/python3.7/site-packages/airflow/example_dags/example_xcomargs.py
[2025-03-23T22:48:24.459+0000] {processor.py:753} INFO - DAG(s) dict_keys(['example_xcom_args', 'example_xcom_args_with_operators']) retrieved from /home/airflow/.local/lib/python3.7/site-packages/airflow/example_dags/example_xcomargs.py
[2025-03-23T22:48:24.512+0000] {logging_mixin.py:137} INFO - [2025-03-23T22:48:24.511+0000] {dag.py:2676} INFO - Sync 2 DAGs
[2025-03-23T22:48:24.547+0000] {logging_mixin.py:137} INFO - [2025-03-23T22:48:24.547+0000] {dag.py:3427} INFO - Setting next_dagrun for example_xcom_args to None, run_after=None
[2025-03-23T22:48:24.551+0000] {logging_mixin.py:137} INFO - [2025-03-23T22:48:24.551+0000] {dag.py:3427} INFO - Setting next_dagrun for example_xcom_args_with_operators to None, run_after=None
[2025-03-23T22:48:24.577+0000] {processor.py:175} INFO - Processing /home/airflow/.local/lib/python3.7/site-packages/airflow/example_dags/example_xcomargs.py took 0.162 seconds
[2025-03-23T22:48:54.799+0000] {processor.py:153} INFO - Started process (PID=241) to work on /home/airflow/.local/lib/python3.7/site-packages/airflow/example_dags/example_xcomargs.py
[2025-03-23T22:48:54.801+0000] {processor.py:743} INFO - Processing file /home/airflow/.local/lib/python3.7/site-packages/airflow/example_dags/example_xcomargs.py for tasks to queue
[2025-03-23T22:48:54.803+0000] {logging_mixin.py:137} INFO - [2025-03-23T22:48:54.802+0000] {dagbag.py:538} INFO - Filling up the DagBag from /home/airflow/.local/lib/python3.7/site-packages/airflow/example_dags/example_xcomargs.py
[2025-03-23T22:48:54.842+0000] {processor.py:753} INFO - DAG(s) dict_keys(['example_xcom_args', 'example_xcom_args_with_operators']) retrieved from /home/airflow/.local/lib/python3.7/site-packages/airflow/example_dags/example_xcomargs.py
[2025-03-23T22:48:54.889+0000] {logging_mixin.py:137} INFO - [2025-03-23T22:48:54.889+0000] {dag.py:2676} INFO - Sync 2 DAGs
[2025-03-23T22:48:54.915+0000] {logging_mixin.py:137} INFO - [2025-03-23T22:48:54.914+0000] {dag.py:3427} INFO - Setting next_dagrun for example_xcom_args to None, run_after=None
[2025-03-23T22:48:54.919+0000] {logging_mixin.py:137} INFO - [2025-03-23T22:48:54.919+0000] {dag.py:3427} INFO - Setting next_dagrun for example_xcom_args_with_operators to None, run_after=None
[2025-03-23T22:48:54.948+0000] {processor.py:175} INFO - Processing /home/airflow/.local/lib/python3.7/site-packages/airflow/example_dags/example_xcomargs.py took 0.152 seconds
[2025-03-23T22:49:25.398+0000] {processor.py:153} INFO - Started process (PID=311) to work on /home/airflow/.local/lib/python3.7/site-packages/airflow/example_dags/example_xcomargs.py
[2025-03-23T22:49:25.399+0000] {processor.py:743} INFO - Processing file /home/airflow/.local/lib/python3.7/site-packages/airflow/example_dags/example_xcomargs.py for tasks to queue
[2025-03-23T22:49:25.399+0000] {logging_mixin.py:137} INFO - [2025-03-23T22:49:25.399+0000] {dagbag.py:538} INFO - Filling up the DagBag from /home/airflow/.local/lib/python3.7/site-packages/airflow/example_dags/example_xcomargs.py
[2025-03-23T22:49:25.427+0000] {processor.py:753} INFO - DAG(s) dict_keys(['example_xcom_args', 'example_xcom_args_with_operators']) retrieved from /home/airflow/.local/lib/python3.7/site-packages/airflow/example_dags/example_xcomargs.py
[2025-03-23T22:49:25.475+0000] {logging_mixin.py:137} INFO - [2025-03-23T22:49:25.474+0000] {dag.py:2676} INFO - Sync 2 DAGs
[2025-03-23T22:49:25.502+0000] {logging_mixin.py:137} INFO - [2025-03-23T22:49:25.502+0000] {dag.py:3427} INFO - Setting next_dagrun for example_xcom_args to None, run_after=None
[2025-03-23T22:49:25.508+0000] {logging_mixin.py:137} INFO - [2025-03-23T22:49:25.507+0000] {dag.py:3427} INFO - Setting next_dagrun for example_xcom_args_with_operators to None, run_after=None
[2025-03-23T22:49:25.529+0000] {processor.py:175} INFO - Processing /home/airflow/.local/lib/python3.7/site-packages/airflow/example_dags/example_xcomargs.py took 0.133 seconds
[2025-03-23T22:49:56.551+0000] {processor.py:153} INFO - Started process (PID=397) to work on /home/airflow/.local/lib/python3.7/site-packages/airflow/example_dags/example_xcomargs.py
[2025-03-23T22:49:56.552+0000] {processor.py:743} INFO - Processing file /home/airflow/.local/lib/python3.7/site-packages/airflow/example_dags/example_xcomargs.py for tasks to queue
[2025-03-23T22:49:56.554+0000] {logging_mixin.py:137} INFO - [2025-03-23T22:49:56.554+0000] {dagbag.py:538} INFO - Filling up the DagBag from /home/airflow/.local/lib/python3.7/site-packages/airflow/example_dags/example_xcomargs.py
[2025-03-23T22:49:56.599+0000] {processor.py:753} INFO - DAG(s) dict_keys(['example_xcom_args', 'example_xcom_args_with_operators']) retrieved from /home/airflow/.local/lib/python3.7/site-packages/airflow/example_dags/example_xcomargs.py
[2025-03-23T22:49:56.670+0000] {logging_mixin.py:137} INFO - [2025-03-23T22:49:56.670+0000] {dag.py:2676} INFO - Sync 2 DAGs
[2025-03-23T22:49:56.718+0000] {logging_mixin.py:137} INFO - [2025-03-23T22:49:56.718+0000] {dag.py:3427} INFO - Setting next_dagrun for example_xcom_args to None, run_after=None
[2025-03-23T22:49:56.723+0000] {logging_mixin.py:137} INFO - [2025-03-23T22:49:56.722+0000] {dag.py:3427} INFO - Setting next_dagrun for example_xcom_args_with_operators to None, run_after=None
[2025-03-23T22:49:56.754+0000] {processor.py:175} INFO - Processing /home/airflow/.local/lib/python3.7/site-packages/airflow/example_dags/example_xcomargs.py took 0.213 seconds
[2025-03-23T22:59:23.064+0000] {processor.py:153} INFO - Started process (PID=85) to work on /home/airflow/.local/lib/python3.7/site-packages/airflow/example_dags/example_xcomargs.py
[2025-03-23T22:59:23.064+0000] {processor.py:743} INFO - Processing file /home/airflow/.local/lib/python3.7/site-packages/airflow/example_dags/example_xcomargs.py for tasks to queue
[2025-03-23T22:59:23.065+0000] {logging_mixin.py:137} INFO - [2025-03-23T22:59:23.065+0000] {dagbag.py:538} INFO - Filling up the DagBag from /home/airflow/.local/lib/python3.7/site-packages/airflow/example_dags/example_xcomargs.py
[2025-03-23T22:59:23.108+0000] {processor.py:753} INFO - DAG(s) dict_keys(['example_xcom_args', 'example_xcom_args_with_operators']) retrieved from /home/airflow/.local/lib/python3.7/site-packages/airflow/example_dags/example_xcomargs.py
[2025-03-23T22:59:23.279+0000] {logging_mixin.py:137} INFO - [2025-03-23T22:59:23.278+0000] {manager.py:504} INFO - Created Permission View: can read on DAG:example_xcom_args
[2025-03-23T22:59:23.291+0000] {logging_mixin.py:137} INFO - [2025-03-23T22:59:23.290+0000] {manager.py:504} INFO - Created Permission View: can delete on DAG:example_xcom_args
[2025-03-23T22:59:23.299+0000] {logging_mixin.py:137} INFO - [2025-03-23T22:59:23.299+0000] {manager.py:504} INFO - Created Permission View: can edit on DAG:example_xcom_args
[2025-03-23T22:59:23.315+0000] {logging_mixin.py:137} INFO - [2025-03-23T22:59:23.314+0000] {manager.py:504} INFO - Created Permission View: can read on DAG:example_xcom_args_with_operators
[2025-03-23T22:59:23.324+0000] {logging_mixin.py:137} INFO - [2025-03-23T22:59:23.324+0000] {manager.py:504} INFO - Created Permission View: can delete on DAG:example_xcom_args_with_operators
[2025-03-23T22:59:23.331+0000] {logging_mixin.py:137} INFO - [2025-03-23T22:59:23.331+0000] {manager.py:504} INFO - Created Permission View: can edit on DAG:example_xcom_args_with_operators
[2025-03-23T22:59:23.332+0000] {logging_mixin.py:137} INFO - [2025-03-23T22:59:23.332+0000] {dag.py:2676} INFO - Sync 2 DAGs
[2025-03-23T22:59:23.349+0000] {logging_mixin.py:137} INFO - [2025-03-23T22:59:23.349+0000] {dag.py:2697} INFO - Creating ORM DAG for example_xcom_args_with_operators
[2025-03-23T22:59:23.350+0000] {logging_mixin.py:137} INFO - [2025-03-23T22:59:23.350+0000] {dag.py:2697} INFO - Creating ORM DAG for example_xcom_args
[2025-03-23T22:59:23.367+0000] {logging_mixin.py:137} INFO - [2025-03-23T22:59:23.366+0000] {dag.py:3427} INFO - Setting next_dagrun for example_xcom_args to None, run_after=None
[2025-03-23T22:59:23.368+0000] {logging_mixin.py:137} INFO - [2025-03-23T22:59:23.367+0000] {dag.py:3427} INFO - Setting next_dagrun for example_xcom_args_with_operators to None, run_after=None
[2025-03-23T22:59:23.396+0000] {processor.py:175} INFO - Processing /home/airflow/.local/lib/python3.7/site-packages/airflow/example_dags/example_xcomargs.py took 0.336 seconds
[2025-03-23T22:59:53.917+0000] {processor.py:153} INFO - Started process (PID=172) to work on /home/airflow/.local/lib/python3.7/site-packages/airflow/example_dags/example_xcomargs.py
[2025-03-23T22:59:53.918+0000] {processor.py:743} INFO - Processing file /home/airflow/.local/lib/python3.7/site-packages/airflow/example_dags/example_xcomargs.py for tasks to queue
[2025-03-23T22:59:53.919+0000] {logging_mixin.py:137} INFO - [2025-03-23T22:59:53.919+0000] {dagbag.py:538} INFO - Filling up the DagBag from /home/airflow/.local/lib/python3.7/site-packages/airflow/example_dags/example_xcomargs.py
[2025-03-23T22:59:53.958+0000] {processor.py:753} INFO - DAG(s) dict_keys(['example_xcom_args', 'example_xcom_args_with_operators']) retrieved from /home/airflow/.local/lib/python3.7/site-packages/airflow/example_dags/example_xcomargs.py
[2025-03-23T22:59:54.011+0000] {logging_mixin.py:137} INFO - [2025-03-23T22:59:54.010+0000] {dag.py:2676} INFO - Sync 2 DAGs
[2025-03-23T22:59:54.053+0000] {logging_mixin.py:137} INFO - [2025-03-23T22:59:54.052+0000] {dag.py:3427} INFO - Setting next_dagrun for example_xcom_args to None, run_after=None
[2025-03-23T22:59:54.063+0000] {logging_mixin.py:137} INFO - [2025-03-23T22:59:54.063+0000] {dag.py:3427} INFO - Setting next_dagrun for example_xcom_args_with_operators to None, run_after=None
[2025-03-23T22:59:54.116+0000] {processor.py:175} INFO - Processing /home/airflow/.local/lib/python3.7/site-packages/airflow/example_dags/example_xcomargs.py took 0.203 seconds
[2025-03-23T23:00:24.482+0000] {processor.py:153} INFO - Started process (PID=242) to work on /home/airflow/.local/lib/python3.7/site-packages/airflow/example_dags/example_xcomargs.py
[2025-03-23T23:00:24.484+0000] {processor.py:743} INFO - Processing file /home/airflow/.local/lib/python3.7/site-packages/airflow/example_dags/example_xcomargs.py for tasks to queue
[2025-03-23T23:00:24.485+0000] {logging_mixin.py:137} INFO - [2025-03-23T23:00:24.485+0000] {dagbag.py:538} INFO - Filling up the DagBag from /home/airflow/.local/lib/python3.7/site-packages/airflow/example_dags/example_xcomargs.py
[2025-03-23T23:00:24.539+0000] {processor.py:753} INFO - DAG(s) dict_keys(['example_xcom_args_with_operators', 'example_xcom_args']) retrieved from /home/airflow/.local/lib/python3.7/site-packages/airflow/example_dags/example_xcomargs.py
[2025-03-23T23:00:24.614+0000] {logging_mixin.py:137} INFO - [2025-03-23T23:00:24.613+0000] {dag.py:2676} INFO - Sync 2 DAGs
[2025-03-23T23:00:24.672+0000] {logging_mixin.py:137} INFO - [2025-03-23T23:00:24.672+0000] {dag.py:3427} INFO - Setting next_dagrun for example_xcom_args to None, run_after=None
[2025-03-23T23:00:24.679+0000] {logging_mixin.py:137} INFO - [2025-03-23T23:00:24.678+0000] {dag.py:3427} INFO - Setting next_dagrun for example_xcom_args_with_operators to None, run_after=None
[2025-03-23T23:00:24.707+0000] {processor.py:175} INFO - Processing /home/airflow/.local/lib/python3.7/site-packages/airflow/example_dags/example_xcomargs.py took 0.230 seconds
[2025-03-23T23:00:55.032+0000] {processor.py:153} INFO - Started process (PID=312) to work on /home/airflow/.local/lib/python3.7/site-packages/airflow/example_dags/example_xcomargs.py
[2025-03-23T23:00:55.034+0000] {processor.py:743} INFO - Processing file /home/airflow/.local/lib/python3.7/site-packages/airflow/example_dags/example_xcomargs.py for tasks to queue
[2025-03-23T23:00:55.035+0000] {logging_mixin.py:137} INFO - [2025-03-23T23:00:55.035+0000] {dagbag.py:538} INFO - Filling up the DagBag from /home/airflow/.local/lib/python3.7/site-packages/airflow/example_dags/example_xcomargs.py
[2025-03-23T23:00:55.083+0000] {processor.py:753} INFO - DAG(s) dict_keys(['example_xcom_args', 'example_xcom_args_with_operators']) retrieved from /home/airflow/.local/lib/python3.7/site-packages/airflow/example_dags/example_xcomargs.py
[2025-03-23T23:00:55.139+0000] {logging_mixin.py:137} INFO - [2025-03-23T23:00:55.139+0000] {dag.py:2676} INFO - Sync 2 DAGs
[2025-03-23T23:00:55.169+0000] {logging_mixin.py:137} INFO - [2025-03-23T23:00:55.169+0000] {dag.py:3427} INFO - Setting next_dagrun for example_xcom_args to None, run_after=None
[2025-03-23T23:00:55.172+0000] {logging_mixin.py:137} INFO - [2025-03-23T23:00:55.172+0000] {dag.py:3427} INFO - Setting next_dagrun for example_xcom_args_with_operators to None, run_after=None
[2025-03-23T23:00:55.189+0000] {processor.py:175} INFO - Processing /home/airflow/.local/lib/python3.7/site-packages/airflow/example_dags/example_xcomargs.py took 0.165 seconds
