[2025-03-23T22:47:53.449+0000] {processor.py:153} INFO - Started process (PID=84) to work on /home/airflow/.local/lib/python3.7/site-packages/airflow/example_dags/example_trigger_controller_dag.py
[2025-03-23T22:47:53.450+0000] {processor.py:743} INFO - Processing file /home/airflow/.local/lib/python3.7/site-packages/airflow/example_dags/example_trigger_controller_dag.py for tasks to queue
[2025-03-23T22:47:53.451+0000] {logging_mixin.py:137} INFO - [2025-03-23T22:47:53.450+0000] {dagbag.py:538} INFO - Filling up the DagBag from /home/airflow/.local/lib/python3.7/site-packages/airflow/example_dags/example_trigger_controller_dag.py
[2025-03-23T22:47:53.473+0000] {processor.py:753} INFO - DAG(s) dict_keys(['example_trigger_controller_dag']) retrieved from /home/airflow/.local/lib/python3.7/site-packages/airflow/example_dags/example_trigger_controller_dag.py
[2025-03-23T22:47:53.636+0000] {logging_mixin.py:137} INFO - [2025-03-23T22:47:53.636+0000] {manager.py:504} INFO - Created Permission View: can edit on DAG:example_trigger_controller_dag
[2025-03-23T22:47:53.646+0000] {logging_mixin.py:137} INFO - [2025-03-23T22:47:53.646+0000] {manager.py:504} INFO - Created Permission View: can delete on DAG:example_trigger_controller_dag
[2025-03-23T22:47:53.654+0000] {logging_mixin.py:137} INFO - [2025-03-23T22:47:53.653+0000] {manager.py:504} INFO - Created Permission View: can read on DAG:example_trigger_controller_dag
[2025-03-23T22:47:53.654+0000] {logging_mixin.py:137} INFO - [2025-03-23T22:47:53.654+0000] {dag.py:2676} INFO - Sync 1 DAGs
[2025-03-23T22:47:53.670+0000] {logging_mixin.py:137} INFO - [2025-03-23T22:47:53.670+0000] {dag.py:2697} INFO - Creating ORM DAG for example_trigger_controller_dag
[2025-03-23T22:47:53.685+0000] {logging_mixin.py:137} INFO - [2025-03-23T22:47:53.685+0000] {dag.py:3427} INFO - Setting next_dagrun for example_trigger_controller_dag to 2021-01-01T00:00:00+00:00, run_after=2021-01-01T00:00:00+00:00
[2025-03-23T22:47:53.711+0000] {processor.py:175} INFO - Processing /home/airflow/.local/lib/python3.7/site-packages/airflow/example_dags/example_trigger_controller_dag.py took 0.266 seconds
[2025-03-23T22:48:23.944+0000] {processor.py:153} INFO - Started process (PID=163) to work on /home/airflow/.local/lib/python3.7/site-packages/airflow/example_dags/example_trigger_controller_dag.py
[2025-03-23T22:48:23.946+0000] {processor.py:743} INFO - Processing file /home/airflow/.local/lib/python3.7/site-packages/airflow/example_dags/example_trigger_controller_dag.py for tasks to queue
[2025-03-23T22:48:23.947+0000] {logging_mixin.py:137} INFO - [2025-03-23T22:48:23.947+0000] {dagbag.py:538} INFO - Filling up the DagBag from /home/airflow/.local/lib/python3.7/site-packages/airflow/example_dags/example_trigger_controller_dag.py
[2025-03-23T22:48:23.962+0000] {processor.py:753} INFO - DAG(s) dict_keys(['example_trigger_controller_dag']) retrieved from /home/airflow/.local/lib/python3.7/site-packages/airflow/example_dags/example_trigger_controller_dag.py
[2025-03-23T22:48:24.008+0000] {logging_mixin.py:137} INFO - [2025-03-23T22:48:24.008+0000] {dag.py:2676} INFO - Sync 1 DAGs
[2025-03-23T22:48:24.042+0000] {logging_mixin.py:137} INFO - [2025-03-23T22:48:24.042+0000] {dag.py:3427} INFO - Setting next_dagrun for example_trigger_controller_dag to 2021-01-01T00:00:00+00:00, run_after=2021-01-01T00:00:00+00:00
[2025-03-23T22:48:24.071+0000] {processor.py:175} INFO - Processing /home/airflow/.local/lib/python3.7/site-packages/airflow/example_dags/example_trigger_controller_dag.py took 0.129 seconds
[2025-03-23T22:48:54.588+0000] {processor.py:153} INFO - Started process (PID=240) to work on /home/airflow/.local/lib/python3.7/site-packages/airflow/example_dags/example_trigger_controller_dag.py
[2025-03-23T22:48:54.589+0000] {processor.py:743} INFO - Processing file /home/airflow/.local/lib/python3.7/site-packages/airflow/example_dags/example_trigger_controller_dag.py for tasks to queue
[2025-03-23T22:48:54.590+0000] {logging_mixin.py:137} INFO - [2025-03-23T22:48:54.590+0000] {dagbag.py:538} INFO - Filling up the DagBag from /home/airflow/.local/lib/python3.7/site-packages/airflow/example_dags/example_trigger_controller_dag.py
[2025-03-23T22:48:54.614+0000] {processor.py:753} INFO - DAG(s) dict_keys(['example_trigger_controller_dag']) retrieved from /home/airflow/.local/lib/python3.7/site-packages/airflow/example_dags/example_trigger_controller_dag.py
[2025-03-23T22:48:54.689+0000] {logging_mixin.py:137} INFO - [2025-03-23T22:48:54.689+0000] {dag.py:2676} INFO - Sync 1 DAGs
[2025-03-23T22:48:54.722+0000] {logging_mixin.py:137} INFO - [2025-03-23T22:48:54.722+0000] {dag.py:3427} INFO - Setting next_dagrun for example_trigger_controller_dag to 2021-01-01T00:00:00+00:00, run_after=2021-01-01T00:00:00+00:00
[2025-03-23T22:48:54.760+0000] {processor.py:175} INFO - Processing /home/airflow/.local/lib/python3.7/site-packages/airflow/example_dags/example_trigger_controller_dag.py took 0.176 seconds
[2025-03-23T22:49:25.241+0000] {processor.py:153} INFO - Started process (PID=310) to work on /home/airflow/.local/lib/python3.7/site-packages/airflow/example_dags/example_trigger_controller_dag.py
[2025-03-23T22:49:25.242+0000] {processor.py:743} INFO - Processing file /home/airflow/.local/lib/python3.7/site-packages/airflow/example_dags/example_trigger_controller_dag.py for tasks to queue
[2025-03-23T22:49:25.242+0000] {logging_mixin.py:137} INFO - [2025-03-23T22:49:25.242+0000] {dagbag.py:538} INFO - Filling up the DagBag from /home/airflow/.local/lib/python3.7/site-packages/airflow/example_dags/example_trigger_controller_dag.py
[2025-03-23T22:49:25.253+0000] {processor.py:753} INFO - DAG(s) dict_keys(['example_trigger_controller_dag']) retrieved from /home/airflow/.local/lib/python3.7/site-packages/airflow/example_dags/example_trigger_controller_dag.py
[2025-03-23T22:49:25.303+0000] {logging_mixin.py:137} INFO - [2025-03-23T22:49:25.302+0000] {dag.py:2676} INFO - Sync 1 DAGs
[2025-03-23T22:49:25.345+0000] {logging_mixin.py:137} INFO - [2025-03-23T22:49:25.344+0000] {dag.py:3427} INFO - Setting next_dagrun for example_trigger_controller_dag to 2021-01-01T00:00:00+00:00, run_after=2021-01-01T00:00:00+00:00
[2025-03-23T22:49:25.375+0000] {processor.py:175} INFO - Processing /home/airflow/.local/lib/python3.7/site-packages/airflow/example_dags/example_trigger_controller_dag.py took 0.139 seconds
[2025-03-23T22:49:56.371+0000] {processor.py:153} INFO - Started process (PID=396) to work on /home/airflow/.local/lib/python3.7/site-packages/airflow/example_dags/example_trigger_controller_dag.py
[2025-03-23T22:49:56.372+0000] {processor.py:743} INFO - Processing file /home/airflow/.local/lib/python3.7/site-packages/airflow/example_dags/example_trigger_controller_dag.py for tasks to queue
[2025-03-23T22:49:56.372+0000] {logging_mixin.py:137} INFO - [2025-03-23T22:49:56.372+0000] {dagbag.py:538} INFO - Filling up the DagBag from /home/airflow/.local/lib/python3.7/site-packages/airflow/example_dags/example_trigger_controller_dag.py
[2025-03-23T22:49:56.393+0000] {processor.py:753} INFO - DAG(s) dict_keys(['example_trigger_controller_dag']) retrieved from /home/airflow/.local/lib/python3.7/site-packages/airflow/example_dags/example_trigger_controller_dag.py
[2025-03-23T22:49:56.465+0000] {logging_mixin.py:137} INFO - [2025-03-23T22:49:56.464+0000] {dag.py:2676} INFO - Sync 1 DAGs
[2025-03-23T22:49:56.517+0000] {logging_mixin.py:137} INFO - [2025-03-23T22:49:56.517+0000] {dag.py:3427} INFO - Setting next_dagrun for example_trigger_controller_dag to 2021-01-01T00:00:00+00:00, run_after=2021-01-01T00:00:00+00:00
[2025-03-23T22:49:56.564+0000] {processor.py:175} INFO - Processing /home/airflow/.local/lib/python3.7/site-packages/airflow/example_dags/example_trigger_controller_dag.py took 0.196 seconds
[2025-03-23T22:59:22.785+0000] {processor.py:153} INFO - Started process (PID=84) to work on /home/airflow/.local/lib/python3.7/site-packages/airflow/example_dags/example_trigger_controller_dag.py
[2025-03-23T22:59:22.787+0000] {processor.py:743} INFO - Processing file /home/airflow/.local/lib/python3.7/site-packages/airflow/example_dags/example_trigger_controller_dag.py for tasks to queue
[2025-03-23T22:59:22.788+0000] {logging_mixin.py:137} INFO - [2025-03-23T22:59:22.787+0000] {dagbag.py:538} INFO - Filling up the DagBag from /home/airflow/.local/lib/python3.7/site-packages/airflow/example_dags/example_trigger_controller_dag.py
[2025-03-23T22:59:22.803+0000] {processor.py:753} INFO - DAG(s) dict_keys(['example_trigger_controller_dag']) retrieved from /home/airflow/.local/lib/python3.7/site-packages/airflow/example_dags/example_trigger_controller_dag.py
[2025-03-23T22:59:22.964+0000] {logging_mixin.py:137} INFO - [2025-03-23T22:59:22.964+0000] {manager.py:504} INFO - Created Permission View: can read on DAG:example_trigger_controller_dag
[2025-03-23T22:59:22.977+0000] {logging_mixin.py:137} INFO - [2025-03-23T22:59:22.976+0000] {manager.py:504} INFO - Created Permission View: can delete on DAG:example_trigger_controller_dag
[2025-03-23T22:59:22.983+0000] {logging_mixin.py:137} INFO - [2025-03-23T22:59:22.983+0000] {manager.py:504} INFO - Created Permission View: can edit on DAG:example_trigger_controller_dag
[2025-03-23T22:59:22.983+0000] {logging_mixin.py:137} INFO - [2025-03-23T22:59:22.983+0000] {dag.py:2676} INFO - Sync 1 DAGs
[2025-03-23T22:59:22.999+0000] {logging_mixin.py:137} INFO - [2025-03-23T22:59:22.999+0000] {dag.py:2697} INFO - Creating ORM DAG for example_trigger_controller_dag
[2025-03-23T22:59:23.011+0000] {logging_mixin.py:137} INFO - [2025-03-23T22:59:23.011+0000] {dag.py:3427} INFO - Setting next_dagrun for example_trigger_controller_dag to 2021-01-01T00:00:00+00:00, run_after=2021-01-01T00:00:00+00:00
[2025-03-23T22:59:23.033+0000] {processor.py:175} INFO - Processing /home/airflow/.local/lib/python3.7/site-packages/airflow/example_dags/example_trigger_controller_dag.py took 0.251 seconds
[2025-03-23T22:59:53.840+0000] {processor.py:153} INFO - Started process (PID=171) to work on /home/airflow/.local/lib/python3.7/site-packages/airflow/example_dags/example_trigger_controller_dag.py
[2025-03-23T22:59:53.842+0000] {processor.py:743} INFO - Processing file /home/airflow/.local/lib/python3.7/site-packages/airflow/example_dags/example_trigger_controller_dag.py for tasks to queue
[2025-03-23T22:59:53.843+0000] {logging_mixin.py:137} INFO - [2025-03-23T22:59:53.843+0000] {dagbag.py:538} INFO - Filling up the DagBag from /home/airflow/.local/lib/python3.7/site-packages/airflow/example_dags/example_trigger_controller_dag.py
[2025-03-23T22:59:53.883+0000] {processor.py:753} INFO - DAG(s) dict_keys(['example_trigger_controller_dag']) retrieved from /home/airflow/.local/lib/python3.7/site-packages/airflow/example_dags/example_trigger_controller_dag.py
[2025-03-23T22:59:53.951+0000] {logging_mixin.py:137} INFO - [2025-03-23T22:59:53.950+0000] {dag.py:2676} INFO - Sync 1 DAGs
[2025-03-23T22:59:53.996+0000] {logging_mixin.py:137} INFO - [2025-03-23T22:59:53.995+0000] {dag.py:3427} INFO - Setting next_dagrun for example_trigger_controller_dag to 2021-01-01T00:00:00+00:00, run_after=2021-01-01T00:00:00+00:00
[2025-03-23T22:59:54.033+0000] {processor.py:175} INFO - Processing /home/airflow/.local/lib/python3.7/site-packages/airflow/example_dags/example_trigger_controller_dag.py took 0.200 seconds
[2025-03-23T23:00:24.470+0000] {processor.py:153} INFO - Started process (PID=241) to work on /home/airflow/.local/lib/python3.7/site-packages/airflow/example_dags/example_trigger_controller_dag.py
[2025-03-23T23:00:24.471+0000] {processor.py:743} INFO - Processing file /home/airflow/.local/lib/python3.7/site-packages/airflow/example_dags/example_trigger_controller_dag.py for tasks to queue
[2025-03-23T23:00:24.473+0000] {logging_mixin.py:137} INFO - [2025-03-23T23:00:24.472+0000] {dagbag.py:538} INFO - Filling up the DagBag from /home/airflow/.local/lib/python3.7/site-packages/airflow/example_dags/example_trigger_controller_dag.py
[2025-03-23T23:00:24.496+0000] {processor.py:753} INFO - DAG(s) dict_keys(['example_trigger_controller_dag']) retrieved from /home/airflow/.local/lib/python3.7/site-packages/airflow/example_dags/example_trigger_controller_dag.py
[2025-03-23T23:00:24.563+0000] {logging_mixin.py:137} INFO - [2025-03-23T23:00:24.563+0000] {dag.py:2676} INFO - Sync 1 DAGs
[2025-03-23T23:00:24.625+0000] {logging_mixin.py:137} INFO - [2025-03-23T23:00:24.624+0000] {dag.py:3427} INFO - Setting next_dagrun for example_trigger_controller_dag to 2021-01-01T00:00:00+00:00, run_after=2021-01-01T00:00:00+00:00
[2025-03-23T23:00:24.675+0000] {processor.py:175} INFO - Processing /home/airflow/.local/lib/python3.7/site-packages/airflow/example_dags/example_trigger_controller_dag.py took 0.213 seconds
[2025-03-23T23:00:54.814+0000] {processor.py:153} INFO - Started process (PID=311) to work on /home/airflow/.local/lib/python3.7/site-packages/airflow/example_dags/example_trigger_controller_dag.py
[2025-03-23T23:00:54.816+0000] {processor.py:743} INFO - Processing file /home/airflow/.local/lib/python3.7/site-packages/airflow/example_dags/example_trigger_controller_dag.py for tasks to queue
[2025-03-23T23:00:54.817+0000] {logging_mixin.py:137} INFO - [2025-03-23T23:00:54.817+0000] {dagbag.py:538} INFO - Filling up the DagBag from /home/airflow/.local/lib/python3.7/site-packages/airflow/example_dags/example_trigger_controller_dag.py
[2025-03-23T23:00:54.843+0000] {processor.py:753} INFO - DAG(s) dict_keys(['example_trigger_controller_dag']) retrieved from /home/airflow/.local/lib/python3.7/site-packages/airflow/example_dags/example_trigger_controller_dag.py
[2025-03-23T23:00:54.913+0000] {logging_mixin.py:137} INFO - [2025-03-23T23:00:54.912+0000] {dag.py:2676} INFO - Sync 1 DAGs
[2025-03-23T23:00:54.947+0000] {logging_mixin.py:137} INFO - [2025-03-23T23:00:54.946+0000] {dag.py:3427} INFO - Setting next_dagrun for example_trigger_controller_dag to 2021-01-01T00:00:00+00:00, run_after=2021-01-01T00:00:00+00:00
[2025-03-23T23:00:54.983+0000] {processor.py:175} INFO - Processing /home/airflow/.local/lib/python3.7/site-packages/airflow/example_dags/example_trigger_controller_dag.py took 0.175 seconds
