[2025-03-23T22:47:50.940+0000] {processor.py:153} INFO - Started process (PID=71) to work on /home/airflow/.local/lib/python3.7/site-packages/airflow/example_dags/example_local_kubernetes_executor.py
[2025-03-23T22:47:50.941+0000] {processor.py:743} INFO - Processing file /home/airflow/.local/lib/python3.7/site-packages/airflow/example_dags/example_local_kubernetes_executor.py for tasks to queue
[2025-03-23T22:47:50.942+0000] {logging_mixin.py:137} INFO - [2025-03-23T22:47:50.941+0000] {dagbag.py:538} INFO - Filling up the DagBag from /home/airflow/.local/lib/python3.7/site-packages/airflow/example_dags/example_local_kubernetes_executor.py
[2025-03-23T22:47:50.974+0000] {processor.py:753} INFO - DAG(s) dict_keys(['example_local_kubernetes_executor']) retrieved from /home/airflow/.local/lib/python3.7/site-packages/airflow/example_dags/example_local_kubernetes_executor.py
[2025-03-23T22:47:51.173+0000] {logging_mixin.py:137} INFO - [2025-03-23T22:47:51.173+0000] {manager.py:504} INFO - Created Permission View: can edit on DAG:example_local_kubernetes_executor
[2025-03-23T22:47:51.188+0000] {logging_mixin.py:137} INFO - [2025-03-23T22:47:51.188+0000] {manager.py:504} INFO - Created Permission View: can delete on DAG:example_local_kubernetes_executor
[2025-03-23T22:47:51.201+0000] {logging_mixin.py:137} INFO - [2025-03-23T22:47:51.200+0000] {manager.py:504} INFO - Created Permission View: can read on DAG:example_local_kubernetes_executor
[2025-03-23T22:47:51.201+0000] {logging_mixin.py:137} INFO - [2025-03-23T22:47:51.201+0000] {dag.py:2676} INFO - Sync 1 DAGs
[2025-03-23T22:47:51.217+0000] {logging_mixin.py:137} INFO - [2025-03-23T22:47:51.216+0000] {dag.py:2697} INFO - Creating ORM DAG for example_local_kubernetes_executor
[2025-03-23T22:47:51.235+0000] {logging_mixin.py:137} INFO - [2025-03-23T22:47:51.235+0000] {dag.py:3427} INFO - Setting next_dagrun for example_local_kubernetes_executor to None, run_after=None
[2025-03-23T22:47:51.266+0000] {processor.py:175} INFO - Processing /home/airflow/.local/lib/python3.7/site-packages/airflow/example_dags/example_local_kubernetes_executor.py took 0.329 seconds
[2025-03-23T22:48:21.617+0000] {processor.py:153} INFO - Started process (PID=141) to work on /home/airflow/.local/lib/python3.7/site-packages/airflow/example_dags/example_local_kubernetes_executor.py
[2025-03-23T22:48:21.618+0000] {processor.py:743} INFO - Processing file /home/airflow/.local/lib/python3.7/site-packages/airflow/example_dags/example_local_kubernetes_executor.py for tasks to queue
[2025-03-23T22:48:21.619+0000] {logging_mixin.py:137} INFO - [2025-03-23T22:48:21.619+0000] {dagbag.py:538} INFO - Filling up the DagBag from /home/airflow/.local/lib/python3.7/site-packages/airflow/example_dags/example_local_kubernetes_executor.py
[2025-03-23T22:48:21.645+0000] {processor.py:753} INFO - DAG(s) dict_keys(['example_local_kubernetes_executor']) retrieved from /home/airflow/.local/lib/python3.7/site-packages/airflow/example_dags/example_local_kubernetes_executor.py
[2025-03-23T22:48:21.686+0000] {logging_mixin.py:137} INFO - [2025-03-23T22:48:21.686+0000] {dag.py:2676} INFO - Sync 1 DAGs
[2025-03-23T22:48:21.714+0000] {logging_mixin.py:137} INFO - [2025-03-23T22:48:21.714+0000] {dag.py:3427} INFO - Setting next_dagrun for example_local_kubernetes_executor to None, run_after=None
[2025-03-23T22:48:21.742+0000] {processor.py:175} INFO - Processing /home/airflow/.local/lib/python3.7/site-packages/airflow/example_dags/example_local_kubernetes_executor.py took 0.129 seconds
[2025-03-23T22:48:52.365+0000] {processor.py:153} INFO - Started process (PID=227) to work on /home/airflow/.local/lib/python3.7/site-packages/airflow/example_dags/example_local_kubernetes_executor.py
[2025-03-23T22:48:52.366+0000] {processor.py:743} INFO - Processing file /home/airflow/.local/lib/python3.7/site-packages/airflow/example_dags/example_local_kubernetes_executor.py for tasks to queue
[2025-03-23T22:48:52.368+0000] {logging_mixin.py:137} INFO - [2025-03-23T22:48:52.367+0000] {dagbag.py:538} INFO - Filling up the DagBag from /home/airflow/.local/lib/python3.7/site-packages/airflow/example_dags/example_local_kubernetes_executor.py
[2025-03-23T22:48:52.399+0000] {processor.py:753} INFO - DAG(s) dict_keys(['example_local_kubernetes_executor']) retrieved from /home/airflow/.local/lib/python3.7/site-packages/airflow/example_dags/example_local_kubernetes_executor.py
[2025-03-23T22:48:52.444+0000] {logging_mixin.py:137} INFO - [2025-03-23T22:48:52.444+0000] {dag.py:2676} INFO - Sync 1 DAGs
[2025-03-23T22:48:52.476+0000] {logging_mixin.py:137} INFO - [2025-03-23T22:48:52.475+0000] {dag.py:3427} INFO - Setting next_dagrun for example_local_kubernetes_executor to None, run_after=None
[2025-03-23T22:48:52.497+0000] {processor.py:175} INFO - Processing /home/airflow/.local/lib/python3.7/site-packages/airflow/example_dags/example_local_kubernetes_executor.py took 0.134 seconds
[2025-03-23T22:49:22.722+0000] {processor.py:153} INFO - Started process (PID=297) to work on /home/airflow/.local/lib/python3.7/site-packages/airflow/example_dags/example_local_kubernetes_executor.py
[2025-03-23T22:49:22.724+0000] {processor.py:743} INFO - Processing file /home/airflow/.local/lib/python3.7/site-packages/airflow/example_dags/example_local_kubernetes_executor.py for tasks to queue
[2025-03-23T22:49:22.725+0000] {logging_mixin.py:137} INFO - [2025-03-23T22:49:22.724+0000] {dagbag.py:538} INFO - Filling up the DagBag from /home/airflow/.local/lib/python3.7/site-packages/airflow/example_dags/example_local_kubernetes_executor.py
[2025-03-23T22:49:22.755+0000] {processor.py:753} INFO - DAG(s) dict_keys(['example_local_kubernetes_executor']) retrieved from /home/airflow/.local/lib/python3.7/site-packages/airflow/example_dags/example_local_kubernetes_executor.py
[2025-03-23T22:49:22.812+0000] {logging_mixin.py:137} INFO - [2025-03-23T22:49:22.812+0000] {dag.py:2676} INFO - Sync 1 DAGs
[2025-03-23T22:49:22.846+0000] {logging_mixin.py:137} INFO - [2025-03-23T22:49:22.845+0000] {dag.py:3427} INFO - Setting next_dagrun for example_local_kubernetes_executor to None, run_after=None
[2025-03-23T22:49:22.867+0000] {processor.py:175} INFO - Processing /home/airflow/.local/lib/python3.7/site-packages/airflow/example_dags/example_local_kubernetes_executor.py took 0.148 seconds
[2025-03-23T22:49:53.085+0000] {processor.py:153} INFO - Started process (PID=376) to work on /home/airflow/.local/lib/python3.7/site-packages/airflow/example_dags/example_local_kubernetes_executor.py
[2025-03-23T22:49:53.086+0000] {processor.py:743} INFO - Processing file /home/airflow/.local/lib/python3.7/site-packages/airflow/example_dags/example_local_kubernetes_executor.py for tasks to queue
[2025-03-23T22:49:53.086+0000] {logging_mixin.py:137} INFO - [2025-03-23T22:49:53.086+0000] {dagbag.py:538} INFO - Filling up the DagBag from /home/airflow/.local/lib/python3.7/site-packages/airflow/example_dags/example_local_kubernetes_executor.py
[2025-03-23T22:49:53.111+0000] {processor.py:753} INFO - DAG(s) dict_keys(['example_local_kubernetes_executor']) retrieved from /home/airflow/.local/lib/python3.7/site-packages/airflow/example_dags/example_local_kubernetes_executor.py
[2025-03-23T22:49:53.163+0000] {logging_mixin.py:137} INFO - [2025-03-23T22:49:53.163+0000] {dag.py:2676} INFO - Sync 1 DAGs
[2025-03-23T22:49:53.204+0000] {logging_mixin.py:137} INFO - [2025-03-23T22:49:53.204+0000] {dag.py:3427} INFO - Setting next_dagrun for example_local_kubernetes_executor to None, run_after=None
[2025-03-23T22:49:53.232+0000] {processor.py:175} INFO - Processing /home/airflow/.local/lib/python3.7/site-packages/airflow/example_dags/example_local_kubernetes_executor.py took 0.150 seconds
[2025-03-23T22:59:20.410+0000] {processor.py:153} INFO - Started process (PID=71) to work on /home/airflow/.local/lib/python3.7/site-packages/airflow/example_dags/example_local_kubernetes_executor.py
[2025-03-23T22:59:20.411+0000] {processor.py:743} INFO - Processing file /home/airflow/.local/lib/python3.7/site-packages/airflow/example_dags/example_local_kubernetes_executor.py for tasks to queue
[2025-03-23T22:59:20.412+0000] {logging_mixin.py:137} INFO - [2025-03-23T22:59:20.411+0000] {dagbag.py:538} INFO - Filling up the DagBag from /home/airflow/.local/lib/python3.7/site-packages/airflow/example_dags/example_local_kubernetes_executor.py
[2025-03-23T22:59:20.436+0000] {processor.py:753} INFO - DAG(s) dict_keys(['example_local_kubernetes_executor']) retrieved from /home/airflow/.local/lib/python3.7/site-packages/airflow/example_dags/example_local_kubernetes_executor.py
[2025-03-23T22:59:20.575+0000] {logging_mixin.py:137} INFO - [2025-03-23T22:59:20.575+0000] {manager.py:504} INFO - Created Permission View: can read on DAG:example_local_kubernetes_executor
[2025-03-23T22:59:20.583+0000] {logging_mixin.py:137} INFO - [2025-03-23T22:59:20.583+0000] {manager.py:504} INFO - Created Permission View: can delete on DAG:example_local_kubernetes_executor
[2025-03-23T22:59:20.592+0000] {logging_mixin.py:137} INFO - [2025-03-23T22:59:20.592+0000] {manager.py:504} INFO - Created Permission View: can edit on DAG:example_local_kubernetes_executor
[2025-03-23T22:59:20.592+0000] {logging_mixin.py:137} INFO - [2025-03-23T22:59:20.592+0000] {dag.py:2676} INFO - Sync 1 DAGs
[2025-03-23T22:59:20.607+0000] {logging_mixin.py:137} INFO - [2025-03-23T22:59:20.607+0000] {dag.py:2697} INFO - Creating ORM DAG for example_local_kubernetes_executor
[2025-03-23T22:59:20.625+0000] {logging_mixin.py:137} INFO - [2025-03-23T22:59:20.625+0000] {dag.py:3427} INFO - Setting next_dagrun for example_local_kubernetes_executor to None, run_after=None
[2025-03-23T22:59:20.649+0000] {processor.py:175} INFO - Processing /home/airflow/.local/lib/python3.7/site-packages/airflow/example_dags/example_local_kubernetes_executor.py took 0.241 seconds
[2025-03-23T22:59:51.201+0000] {processor.py:153} INFO - Started process (PID=141) to work on /home/airflow/.local/lib/python3.7/site-packages/airflow/example_dags/example_local_kubernetes_executor.py
[2025-03-23T22:59:51.202+0000] {processor.py:743} INFO - Processing file /home/airflow/.local/lib/python3.7/site-packages/airflow/example_dags/example_local_kubernetes_executor.py for tasks to queue
[2025-03-23T22:59:51.202+0000] {logging_mixin.py:137} INFO - [2025-03-23T22:59:51.202+0000] {dagbag.py:538} INFO - Filling up the DagBag from /home/airflow/.local/lib/python3.7/site-packages/airflow/example_dags/example_local_kubernetes_executor.py
[2025-03-23T22:59:51.235+0000] {processor.py:753} INFO - DAG(s) dict_keys(['example_local_kubernetes_executor']) retrieved from /home/airflow/.local/lib/python3.7/site-packages/airflow/example_dags/example_local_kubernetes_executor.py
[2025-03-23T22:59:51.287+0000] {logging_mixin.py:137} INFO - [2025-03-23T22:59:51.287+0000] {dag.py:2676} INFO - Sync 1 DAGs
[2025-03-23T22:59:51.327+0000] {logging_mixin.py:137} INFO - [2025-03-23T22:59:51.327+0000] {dag.py:3427} INFO - Setting next_dagrun for example_local_kubernetes_executor to None, run_after=None
[2025-03-23T22:59:51.354+0000] {processor.py:175} INFO - Processing /home/airflow/.local/lib/python3.7/site-packages/airflow/example_dags/example_local_kubernetes_executor.py took 0.157 seconds
[2025-03-23T23:00:21.575+0000] {processor.py:153} INFO - Started process (PID=228) to work on /home/airflow/.local/lib/python3.7/site-packages/airflow/example_dags/example_local_kubernetes_executor.py
[2025-03-23T23:00:21.576+0000] {processor.py:743} INFO - Processing file /home/airflow/.local/lib/python3.7/site-packages/airflow/example_dags/example_local_kubernetes_executor.py for tasks to queue
[2025-03-23T23:00:21.577+0000] {logging_mixin.py:137} INFO - [2025-03-23T23:00:21.577+0000] {dagbag.py:538} INFO - Filling up the DagBag from /home/airflow/.local/lib/python3.7/site-packages/airflow/example_dags/example_local_kubernetes_executor.py
[2025-03-23T23:00:21.606+0000] {processor.py:753} INFO - DAG(s) dict_keys(['example_local_kubernetes_executor']) retrieved from /home/airflow/.local/lib/python3.7/site-packages/airflow/example_dags/example_local_kubernetes_executor.py
[2025-03-23T23:00:21.670+0000] {logging_mixin.py:137} INFO - [2025-03-23T23:00:21.670+0000] {dag.py:2676} INFO - Sync 1 DAGs
[2025-03-23T23:00:21.716+0000] {logging_mixin.py:137} INFO - [2025-03-23T23:00:21.716+0000] {dag.py:3427} INFO - Setting next_dagrun for example_local_kubernetes_executor to None, run_after=None
[2025-03-23T23:00:21.758+0000] {processor.py:175} INFO - Processing /home/airflow/.local/lib/python3.7/site-packages/airflow/example_dags/example_local_kubernetes_executor.py took 0.186 seconds
[2025-03-23T23:00:52.341+0000] {processor.py:153} INFO - Started process (PID=298) to work on /home/airflow/.local/lib/python3.7/site-packages/airflow/example_dags/example_local_kubernetes_executor.py
[2025-03-23T23:00:52.341+0000] {processor.py:743} INFO - Processing file /home/airflow/.local/lib/python3.7/site-packages/airflow/example_dags/example_local_kubernetes_executor.py for tasks to queue
[2025-03-23T23:00:52.342+0000] {logging_mixin.py:137} INFO - [2025-03-23T23:00:52.342+0000] {dagbag.py:538} INFO - Filling up the DagBag from /home/airflow/.local/lib/python3.7/site-packages/airflow/example_dags/example_local_kubernetes_executor.py
[2025-03-23T23:00:52.385+0000] {processor.py:753} INFO - DAG(s) dict_keys(['example_local_kubernetes_executor']) retrieved from /home/airflow/.local/lib/python3.7/site-packages/airflow/example_dags/example_local_kubernetes_executor.py
[2025-03-23T23:00:52.438+0000] {logging_mixin.py:137} INFO - [2025-03-23T23:00:52.438+0000] {dag.py:2676} INFO - Sync 1 DAGs
[2025-03-23T23:00:52.466+0000] {logging_mixin.py:137} INFO - [2025-03-23T23:00:52.466+0000] {dag.py:3427} INFO - Setting next_dagrun for example_local_kubernetes_executor to None, run_after=None
[2025-03-23T23:00:52.488+0000] {processor.py:175} INFO - Processing /home/airflow/.local/lib/python3.7/site-packages/airflow/example_dags/example_local_kubernetes_executor.py took 0.151 seconds
