[2025-03-23T22:47:48.974+0000] {processor.py:153} INFO - Started process (PID=62) to work on /home/airflow/.local/lib/python3.7/site-packages/airflow/example_dags/example_branch_operator_decorator.py
[2025-03-23T22:47:48.975+0000] {processor.py:743} INFO - Processing file /home/airflow/.local/lib/python3.7/site-packages/airflow/example_dags/example_branch_operator_decorator.py for tasks to queue
[2025-03-23T22:47:48.976+0000] {logging_mixin.py:137} INFO - [2025-03-23T22:47:48.976+0000] {dagbag.py:538} INFO - Filling up the DagBag from /home/airflow/.local/lib/python3.7/site-packages/airflow/example_dags/example_branch_operator_decorator.py
[2025-03-23T22:47:49.020+0000] {processor.py:753} INFO - DAG(s) dict_keys(['example_branch_python_operator_decorator']) retrieved from /home/airflow/.local/lib/python3.7/site-packages/airflow/example_dags/example_branch_operator_decorator.py
[2025-03-23T22:47:49.416+0000] {logging_mixin.py:137} INFO - [2025-03-23T22:47:49.416+0000] {manager.py:504} INFO - Created Permission View: can edit on DAG:example_branch_python_operator_decorator
[2025-03-23T22:47:49.427+0000] {logging_mixin.py:137} INFO - [2025-03-23T22:47:49.427+0000] {manager.py:504} INFO - Created Permission View: can delete on DAG:example_branch_python_operator_decorator
[2025-03-23T22:47:49.439+0000] {logging_mixin.py:137} INFO - [2025-03-23T22:47:49.439+0000] {manager.py:504} INFO - Created Permission View: can read on DAG:example_branch_python_operator_decorator
[2025-03-23T22:47:49.439+0000] {logging_mixin.py:137} INFO - [2025-03-23T22:47:49.439+0000] {dag.py:2676} INFO - Sync 1 DAGs
[2025-03-23T22:47:49.453+0000] {logging_mixin.py:137} INFO - [2025-03-23T22:47:49.453+0000] {dag.py:2697} INFO - Creating ORM DAG for example_branch_python_operator_decorator
[2025-03-23T22:47:49.471+0000] {logging_mixin.py:137} INFO - [2025-03-23T22:47:49.471+0000] {dag.py:3427} INFO - Setting next_dagrun for example_branch_python_operator_decorator to 2025-03-22T00:00:00+00:00, run_after=2025-03-23T00:00:00+00:00
[2025-03-23T22:47:49.508+0000] {processor.py:175} INFO - Processing /home/airflow/.local/lib/python3.7/site-packages/airflow/example_dags/example_branch_operator_decorator.py took 0.539 seconds
[2025-03-23T22:48:19.552+0000] {processor.py:153} INFO - Started process (PID=132) to work on /home/airflow/.local/lib/python3.7/site-packages/airflow/example_dags/example_branch_operator_decorator.py
[2025-03-23T22:48:19.552+0000] {processor.py:743} INFO - Processing file /home/airflow/.local/lib/python3.7/site-packages/airflow/example_dags/example_branch_operator_decorator.py for tasks to queue
[2025-03-23T22:48:19.553+0000] {logging_mixin.py:137} INFO - [2025-03-23T22:48:19.553+0000] {dagbag.py:538} INFO - Filling up the DagBag from /home/airflow/.local/lib/python3.7/site-packages/airflow/example_dags/example_branch_operator_decorator.py
[2025-03-23T22:48:19.581+0000] {processor.py:753} INFO - DAG(s) dict_keys(['example_branch_python_operator_decorator']) retrieved from /home/airflow/.local/lib/python3.7/site-packages/airflow/example_dags/example_branch_operator_decorator.py
[2025-03-23T22:48:19.620+0000] {logging_mixin.py:137} INFO - [2025-03-23T22:48:19.620+0000] {dag.py:2676} INFO - Sync 1 DAGs
[2025-03-23T22:48:19.659+0000] {logging_mixin.py:137} INFO - [2025-03-23T22:48:19.659+0000] {dag.py:3427} INFO - Setting next_dagrun for example_branch_python_operator_decorator to 2025-03-22T00:00:00+00:00, run_after=2025-03-23T00:00:00+00:00
[2025-03-23T22:48:19.699+0000] {processor.py:175} INFO - Processing /home/airflow/.local/lib/python3.7/site-packages/airflow/example_dags/example_branch_operator_decorator.py took 0.151 seconds
[2025-03-23T22:48:50.114+0000] {processor.py:153} INFO - Started process (PID=218) to work on /home/airflow/.local/lib/python3.7/site-packages/airflow/example_dags/example_branch_operator_decorator.py
[2025-03-23T22:48:50.115+0000] {processor.py:743} INFO - Processing file /home/airflow/.local/lib/python3.7/site-packages/airflow/example_dags/example_branch_operator_decorator.py for tasks to queue
[2025-03-23T22:48:50.115+0000] {logging_mixin.py:137} INFO - [2025-03-23T22:48:50.115+0000] {dagbag.py:538} INFO - Filling up the DagBag from /home/airflow/.local/lib/python3.7/site-packages/airflow/example_dags/example_branch_operator_decorator.py
[2025-03-23T22:48:50.148+0000] {processor.py:753} INFO - DAG(s) dict_keys(['example_branch_python_operator_decorator']) retrieved from /home/airflow/.local/lib/python3.7/site-packages/airflow/example_dags/example_branch_operator_decorator.py
[2025-03-23T22:48:50.193+0000] {logging_mixin.py:137} INFO - [2025-03-23T22:48:50.193+0000] {dag.py:2676} INFO - Sync 1 DAGs
[2025-03-23T22:48:50.230+0000] {logging_mixin.py:137} INFO - [2025-03-23T22:48:50.229+0000] {dag.py:3427} INFO - Setting next_dagrun for example_branch_python_operator_decorator to 2025-03-22T00:00:00+00:00, run_after=2025-03-23T00:00:00+00:00
[2025-03-23T22:48:50.259+0000] {processor.py:175} INFO - Processing /home/airflow/.local/lib/python3.7/site-packages/airflow/example_dags/example_branch_operator_decorator.py took 0.148 seconds
[2025-03-23T22:49:20.633+0000] {processor.py:153} INFO - Started process (PID=288) to work on /home/airflow/.local/lib/python3.7/site-packages/airflow/example_dags/example_branch_operator_decorator.py
[2025-03-23T22:49:20.634+0000] {processor.py:743} INFO - Processing file /home/airflow/.local/lib/python3.7/site-packages/airflow/example_dags/example_branch_operator_decorator.py for tasks to queue
[2025-03-23T22:49:20.635+0000] {logging_mixin.py:137} INFO - [2025-03-23T22:49:20.635+0000] {dagbag.py:538} INFO - Filling up the DagBag from /home/airflow/.local/lib/python3.7/site-packages/airflow/example_dags/example_branch_operator_decorator.py
[2025-03-23T22:49:20.664+0000] {processor.py:753} INFO - DAG(s) dict_keys(['example_branch_python_operator_decorator']) retrieved from /home/airflow/.local/lib/python3.7/site-packages/airflow/example_dags/example_branch_operator_decorator.py
[2025-03-23T22:49:20.706+0000] {logging_mixin.py:137} INFO - [2025-03-23T22:49:20.706+0000] {dag.py:2676} INFO - Sync 1 DAGs
[2025-03-23T22:49:20.732+0000] {logging_mixin.py:137} INFO - [2025-03-23T22:49:20.732+0000] {dag.py:3427} INFO - Setting next_dagrun for example_branch_python_operator_decorator to 2025-03-22T00:00:00+00:00, run_after=2025-03-23T00:00:00+00:00
[2025-03-23T22:49:20.768+0000] {processor.py:175} INFO - Processing /home/airflow/.local/lib/python3.7/site-packages/airflow/example_dags/example_branch_operator_decorator.py took 0.138 seconds
[2025-03-23T22:49:51.144+0000] {processor.py:153} INFO - Started process (PID=358) to work on /home/airflow/.local/lib/python3.7/site-packages/airflow/example_dags/example_branch_operator_decorator.py
[2025-03-23T22:49:51.145+0000] {processor.py:743} INFO - Processing file /home/airflow/.local/lib/python3.7/site-packages/airflow/example_dags/example_branch_operator_decorator.py for tasks to queue
[2025-03-23T22:49:51.146+0000] {logging_mixin.py:137} INFO - [2025-03-23T22:49:51.145+0000] {dagbag.py:538} INFO - Filling up the DagBag from /home/airflow/.local/lib/python3.7/site-packages/airflow/example_dags/example_branch_operator_decorator.py
[2025-03-23T22:49:51.173+0000] {processor.py:753} INFO - DAG(s) dict_keys(['example_branch_python_operator_decorator']) retrieved from /home/airflow/.local/lib/python3.7/site-packages/airflow/example_dags/example_branch_operator_decorator.py
[2025-03-23T22:49:51.217+0000] {logging_mixin.py:137} INFO - [2025-03-23T22:49:51.217+0000] {dag.py:2676} INFO - Sync 1 DAGs
[2025-03-23T22:49:51.248+0000] {logging_mixin.py:137} INFO - [2025-03-23T22:49:51.248+0000] {dag.py:3427} INFO - Setting next_dagrun for example_branch_python_operator_decorator to 2025-03-22T00:00:00+00:00, run_after=2025-03-23T00:00:00+00:00
[2025-03-23T22:49:51.268+0000] {processor.py:175} INFO - Processing /home/airflow/.local/lib/python3.7/site-packages/airflow/example_dags/example_branch_operator_decorator.py took 0.127 seconds
[2025-03-23T22:59:18.829+0000] {processor.py:153} INFO - Started process (PID=62) to work on /home/airflow/.local/lib/python3.7/site-packages/airflow/example_dags/example_branch_operator_decorator.py
[2025-03-23T22:59:18.830+0000] {processor.py:743} INFO - Processing file /home/airflow/.local/lib/python3.7/site-packages/airflow/example_dags/example_branch_operator_decorator.py for tasks to queue
[2025-03-23T22:59:18.830+0000] {logging_mixin.py:137} INFO - [2025-03-23T22:59:18.830+0000] {dagbag.py:538} INFO - Filling up the DagBag from /home/airflow/.local/lib/python3.7/site-packages/airflow/example_dags/example_branch_operator_decorator.py
[2025-03-23T22:59:18.858+0000] {processor.py:753} INFO - DAG(s) dict_keys(['example_branch_python_operator_decorator']) retrieved from /home/airflow/.local/lib/python3.7/site-packages/airflow/example_dags/example_branch_operator_decorator.py
[2025-03-23T22:59:18.985+0000] {logging_mixin.py:137} INFO - [2025-03-23T22:59:18.984+0000] {manager.py:504} INFO - Created Permission View: can read on DAG:example_branch_python_operator_decorator
[2025-03-23T22:59:18.998+0000] {logging_mixin.py:137} INFO - [2025-03-23T22:59:18.998+0000] {manager.py:504} INFO - Created Permission View: can delete on DAG:example_branch_python_operator_decorator
[2025-03-23T22:59:19.006+0000] {logging_mixin.py:137} INFO - [2025-03-23T22:59:19.006+0000] {manager.py:504} INFO - Created Permission View: can edit on DAG:example_branch_python_operator_decorator
[2025-03-23T22:59:19.007+0000] {logging_mixin.py:137} INFO - [2025-03-23T22:59:19.007+0000] {dag.py:2676} INFO - Sync 1 DAGs
[2025-03-23T22:59:19.021+0000] {logging_mixin.py:137} INFO - [2025-03-23T22:59:19.020+0000] {dag.py:2697} INFO - Creating ORM DAG for example_branch_python_operator_decorator
[2025-03-23T22:59:19.040+0000] {logging_mixin.py:137} INFO - [2025-03-23T22:59:19.040+0000] {dag.py:3427} INFO - Setting next_dagrun for example_branch_python_operator_decorator to 2025-03-22T00:00:00+00:00, run_after=2025-03-23T00:00:00+00:00
[2025-03-23T22:59:19.070+0000] {processor.py:175} INFO - Processing /home/airflow/.local/lib/python3.7/site-packages/airflow/example_dags/example_branch_operator_decorator.py took 0.245 seconds
[2025-03-23T22:59:49.862+0000] {processor.py:153} INFO - Started process (PID=132) to work on /home/airflow/.local/lib/python3.7/site-packages/airflow/example_dags/example_branch_operator_decorator.py
[2025-03-23T22:59:49.863+0000] {processor.py:743} INFO - Processing file /home/airflow/.local/lib/python3.7/site-packages/airflow/example_dags/example_branch_operator_decorator.py for tasks to queue
[2025-03-23T22:59:49.864+0000] {logging_mixin.py:137} INFO - [2025-03-23T22:59:49.863+0000] {dagbag.py:538} INFO - Filling up the DagBag from /home/airflow/.local/lib/python3.7/site-packages/airflow/example_dags/example_branch_operator_decorator.py
[2025-03-23T22:59:49.888+0000] {processor.py:753} INFO - DAG(s) dict_keys(['example_branch_python_operator_decorator']) retrieved from /home/airflow/.local/lib/python3.7/site-packages/airflow/example_dags/example_branch_operator_decorator.py
[2025-03-23T22:59:49.925+0000] {logging_mixin.py:137} INFO - [2025-03-23T22:59:49.925+0000] {dag.py:2676} INFO - Sync 1 DAGs
[2025-03-23T22:59:49.968+0000] {logging_mixin.py:137} INFO - [2025-03-23T22:59:49.968+0000] {dag.py:3427} INFO - Setting next_dagrun for example_branch_python_operator_decorator to 2025-03-22T00:00:00+00:00, run_after=2025-03-23T00:00:00+00:00
[2025-03-23T22:59:50.010+0000] {processor.py:175} INFO - Processing /home/airflow/.local/lib/python3.7/site-packages/airflow/example_dags/example_branch_operator_decorator.py took 0.151 seconds
[2025-03-23T23:00:20.813+0000] {processor.py:153} INFO - Started process (PID=219) to work on /home/airflow/.local/lib/python3.7/site-packages/airflow/example_dags/example_branch_operator_decorator.py
[2025-03-23T23:00:20.817+0000] {processor.py:743} INFO - Processing file /home/airflow/.local/lib/python3.7/site-packages/airflow/example_dags/example_branch_operator_decorator.py for tasks to queue
[2025-03-23T23:00:20.819+0000] {logging_mixin.py:137} INFO - [2025-03-23T23:00:20.818+0000] {dagbag.py:538} INFO - Filling up the DagBag from /home/airflow/.local/lib/python3.7/site-packages/airflow/example_dags/example_branch_operator_decorator.py
[2025-03-23T23:00:20.861+0000] {processor.py:753} INFO - DAG(s) dict_keys(['example_branch_python_operator_decorator']) retrieved from /home/airflow/.local/lib/python3.7/site-packages/airflow/example_dags/example_branch_operator_decorator.py
[2025-03-23T23:00:20.922+0000] {logging_mixin.py:137} INFO - [2025-03-23T23:00:20.922+0000] {dag.py:2676} INFO - Sync 1 DAGs
[2025-03-23T23:00:20.967+0000] {logging_mixin.py:137} INFO - [2025-03-23T23:00:20.966+0000] {dag.py:3427} INFO - Setting next_dagrun for example_branch_python_operator_decorator to 2025-03-22T00:00:00+00:00, run_after=2025-03-23T00:00:00+00:00
[2025-03-23T23:00:21.004+0000] {processor.py:175} INFO - Processing /home/airflow/.local/lib/python3.7/site-packages/airflow/example_dags/example_branch_operator_decorator.py took 0.196 seconds
[2025-03-23T23:00:51.366+0000] {processor.py:153} INFO - Started process (PID=289) to work on /home/airflow/.local/lib/python3.7/site-packages/airflow/example_dags/example_branch_operator_decorator.py
[2025-03-23T23:00:51.368+0000] {processor.py:743} INFO - Processing file /home/airflow/.local/lib/python3.7/site-packages/airflow/example_dags/example_branch_operator_decorator.py for tasks to queue
[2025-03-23T23:00:51.369+0000] {logging_mixin.py:137} INFO - [2025-03-23T23:00:51.369+0000] {dagbag.py:538} INFO - Filling up the DagBag from /home/airflow/.local/lib/python3.7/site-packages/airflow/example_dags/example_branch_operator_decorator.py
[2025-03-23T23:00:51.438+0000] {processor.py:753} INFO - DAG(s) dict_keys(['example_branch_python_operator_decorator']) retrieved from /home/airflow/.local/lib/python3.7/site-packages/airflow/example_dags/example_branch_operator_decorator.py
[2025-03-23T23:00:51.497+0000] {logging_mixin.py:137} INFO - [2025-03-23T23:00:51.497+0000] {dag.py:2676} INFO - Sync 1 DAGs
[2025-03-23T23:00:51.526+0000] {logging_mixin.py:137} INFO - [2025-03-23T23:00:51.526+0000] {dag.py:3427} INFO - Setting next_dagrun for example_branch_python_operator_decorator to 2025-03-22T00:00:00+00:00, run_after=2025-03-23T00:00:00+00:00
[2025-03-23T23:00:51.546+0000] {processor.py:175} INFO - Processing /home/airflow/.local/lib/python3.7/site-packages/airflow/example_dags/example_branch_operator_decorator.py took 0.187 seconds
