[2025-03-23T22:47:50.558+0000] {processor.py:153} INFO - Started process (PID=69) to work on /home/airflow/.local/lib/python3.7/site-packages/airflow/example_dags/example_trigger_target_dag.py
[2025-03-23T22:47:50.559+0000] {processor.py:743} INFO - Processing file /home/airflow/.local/lib/python3.7/site-packages/airflow/example_dags/example_trigger_target_dag.py for tasks to queue
[2025-03-23T22:47:50.561+0000] {logging_mixin.py:137} INFO - [2025-03-23T22:47:50.560+0000] {dagbag.py:538} INFO - Filling up the DagBag from /home/airflow/.local/lib/python3.7/site-packages/airflow/example_dags/example_trigger_target_dag.py
[2025-03-23T22:47:50.589+0000] {processor.py:753} INFO - DAG(s) dict_keys(['example_trigger_target_dag']) retrieved from /home/airflow/.local/lib/python3.7/site-packages/airflow/example_dags/example_trigger_target_dag.py
[2025-03-23T22:47:50.781+0000] {logging_mixin.py:137} INFO - [2025-03-23T22:47:50.781+0000] {manager.py:504} INFO - Created Permission View: can edit on DAG:example_trigger_target_dag
[2025-03-23T22:47:50.797+0000] {logging_mixin.py:137} INFO - [2025-03-23T22:47:50.796+0000] {manager.py:504} INFO - Created Permission View: can delete on DAG:example_trigger_target_dag
[2025-03-23T22:47:50.810+0000] {logging_mixin.py:137} INFO - [2025-03-23T22:47:50.810+0000] {manager.py:504} INFO - Created Permission View: can read on DAG:example_trigger_target_dag
[2025-03-23T22:47:50.811+0000] {logging_mixin.py:137} INFO - [2025-03-23T22:47:50.810+0000] {dag.py:2676} INFO - Sync 1 DAGs
[2025-03-23T22:47:50.843+0000] {logging_mixin.py:137} INFO - [2025-03-23T22:47:50.843+0000] {dag.py:2697} INFO - Creating ORM DAG for example_trigger_target_dag
[2025-03-23T22:47:50.866+0000] {logging_mixin.py:137} INFO - [2025-03-23T22:47:50.866+0000] {dag.py:3427} INFO - Setting next_dagrun for example_trigger_target_dag to None, run_after=None
[2025-03-23T22:47:50.902+0000] {processor.py:175} INFO - Processing /home/airflow/.local/lib/python3.7/site-packages/airflow/example_dags/example_trigger_target_dag.py took 0.346 seconds
[2025-03-23T22:48:21.246+0000] {processor.py:153} INFO - Started process (PID=139) to work on /home/airflow/.local/lib/python3.7/site-packages/airflow/example_dags/example_trigger_target_dag.py
[2025-03-23T22:48:21.248+0000] {processor.py:743} INFO - Processing file /home/airflow/.local/lib/python3.7/site-packages/airflow/example_dags/example_trigger_target_dag.py for tasks to queue
[2025-03-23T22:48:21.249+0000] {logging_mixin.py:137} INFO - [2025-03-23T22:48:21.248+0000] {dagbag.py:538} INFO - Filling up the DagBag from /home/airflow/.local/lib/python3.7/site-packages/airflow/example_dags/example_trigger_target_dag.py
[2025-03-23T22:48:21.278+0000] {processor.py:753} INFO - DAG(s) dict_keys(['example_trigger_target_dag']) retrieved from /home/airflow/.local/lib/python3.7/site-packages/airflow/example_dags/example_trigger_target_dag.py
[2025-03-23T22:48:21.323+0000] {logging_mixin.py:137} INFO - [2025-03-23T22:48:21.323+0000] {dag.py:2676} INFO - Sync 1 DAGs
[2025-03-23T22:48:21.353+0000] {logging_mixin.py:137} INFO - [2025-03-23T22:48:21.353+0000] {dag.py:3427} INFO - Setting next_dagrun for example_trigger_target_dag to None, run_after=None
[2025-03-23T22:48:21.388+0000] {processor.py:175} INFO - Processing /home/airflow/.local/lib/python3.7/site-packages/airflow/example_dags/example_trigger_target_dag.py took 0.147 seconds
[2025-03-23T22:48:52.156+0000] {processor.py:153} INFO - Started process (PID=225) to work on /home/airflow/.local/lib/python3.7/site-packages/airflow/example_dags/example_trigger_target_dag.py
[2025-03-23T22:48:52.158+0000] {processor.py:743} INFO - Processing file /home/airflow/.local/lib/python3.7/site-packages/airflow/example_dags/example_trigger_target_dag.py for tasks to queue
[2025-03-23T22:48:52.159+0000] {logging_mixin.py:137} INFO - [2025-03-23T22:48:52.159+0000] {dagbag.py:538} INFO - Filling up the DagBag from /home/airflow/.local/lib/python3.7/site-packages/airflow/example_dags/example_trigger_target_dag.py
[2025-03-23T22:48:52.202+0000] {processor.py:753} INFO - DAG(s) dict_keys(['example_trigger_target_dag']) retrieved from /home/airflow/.local/lib/python3.7/site-packages/airflow/example_dags/example_trigger_target_dag.py
[2025-03-23T22:48:52.259+0000] {logging_mixin.py:137} INFO - [2025-03-23T22:48:52.259+0000] {dag.py:2676} INFO - Sync 1 DAGs
[2025-03-23T22:48:52.298+0000] {logging_mixin.py:137} INFO - [2025-03-23T22:48:52.298+0000] {dag.py:3427} INFO - Setting next_dagrun for example_trigger_target_dag to None, run_after=None
[2025-03-23T22:48:52.329+0000] {processor.py:175} INFO - Processing /home/airflow/.local/lib/python3.7/site-packages/airflow/example_dags/example_trigger_target_dag.py took 0.178 seconds
[2025-03-23T22:49:22.524+0000] {processor.py:153} INFO - Started process (PID=295) to work on /home/airflow/.local/lib/python3.7/site-packages/airflow/example_dags/example_trigger_target_dag.py
[2025-03-23T22:49:22.526+0000] {processor.py:743} INFO - Processing file /home/airflow/.local/lib/python3.7/site-packages/airflow/example_dags/example_trigger_target_dag.py for tasks to queue
[2025-03-23T22:49:22.528+0000] {logging_mixin.py:137} INFO - [2025-03-23T22:49:22.527+0000] {dagbag.py:538} INFO - Filling up the DagBag from /home/airflow/.local/lib/python3.7/site-packages/airflow/example_dags/example_trigger_target_dag.py
[2025-03-23T22:49:22.575+0000] {processor.py:753} INFO - DAG(s) dict_keys(['example_trigger_target_dag']) retrieved from /home/airflow/.local/lib/python3.7/site-packages/airflow/example_dags/example_trigger_target_dag.py
[2025-03-23T22:49:22.625+0000] {logging_mixin.py:137} INFO - [2025-03-23T22:49:22.625+0000] {dag.py:2676} INFO - Sync 1 DAGs
[2025-03-23T22:49:22.665+0000] {logging_mixin.py:137} INFO - [2025-03-23T22:49:22.665+0000] {dag.py:3427} INFO - Setting next_dagrun for example_trigger_target_dag to None, run_after=None
[2025-03-23T22:49:22.696+0000] {processor.py:175} INFO - Processing /home/airflow/.local/lib/python3.7/site-packages/airflow/example_dags/example_trigger_target_dag.py took 0.178 seconds
[2025-03-23T22:49:52.904+0000] {processor.py:153} INFO - Started process (PID=374) to work on /home/airflow/.local/lib/python3.7/site-packages/airflow/example_dags/example_trigger_target_dag.py
[2025-03-23T22:49:52.904+0000] {processor.py:743} INFO - Processing file /home/airflow/.local/lib/python3.7/site-packages/airflow/example_dags/example_trigger_target_dag.py for tasks to queue
[2025-03-23T22:49:52.905+0000] {logging_mixin.py:137} INFO - [2025-03-23T22:49:52.905+0000] {dagbag.py:538} INFO - Filling up the DagBag from /home/airflow/.local/lib/python3.7/site-packages/airflow/example_dags/example_trigger_target_dag.py
[2025-03-23T22:49:52.932+0000] {processor.py:753} INFO - DAG(s) dict_keys(['example_trigger_target_dag']) retrieved from /home/airflow/.local/lib/python3.7/site-packages/airflow/example_dags/example_trigger_target_dag.py
[2025-03-23T22:49:52.985+0000] {logging_mixin.py:137} INFO - [2025-03-23T22:49:52.984+0000] {dag.py:2676} INFO - Sync 1 DAGs
[2025-03-23T22:49:53.022+0000] {logging_mixin.py:137} INFO - [2025-03-23T22:49:53.022+0000] {dag.py:3427} INFO - Setting next_dagrun for example_trigger_target_dag to None, run_after=None
[2025-03-23T22:49:53.051+0000] {processor.py:175} INFO - Processing /home/airflow/.local/lib/python3.7/site-packages/airflow/example_dags/example_trigger_target_dag.py took 0.150 seconds
[2025-03-23T22:59:20.064+0000] {processor.py:153} INFO - Started process (PID=69) to work on /home/airflow/.local/lib/python3.7/site-packages/airflow/example_dags/example_trigger_target_dag.py
[2025-03-23T22:59:20.065+0000] {processor.py:743} INFO - Processing file /home/airflow/.local/lib/python3.7/site-packages/airflow/example_dags/example_trigger_target_dag.py for tasks to queue
[2025-03-23T22:59:20.066+0000] {logging_mixin.py:137} INFO - [2025-03-23T22:59:20.065+0000] {dagbag.py:538} INFO - Filling up the DagBag from /home/airflow/.local/lib/python3.7/site-packages/airflow/example_dags/example_trigger_target_dag.py
[2025-03-23T22:59:20.096+0000] {processor.py:753} INFO - DAG(s) dict_keys(['example_trigger_target_dag']) retrieved from /home/airflow/.local/lib/python3.7/site-packages/airflow/example_dags/example_trigger_target_dag.py
[2025-03-23T22:59:20.280+0000] {logging_mixin.py:137} INFO - [2025-03-23T22:59:20.279+0000] {manager.py:504} INFO - Created Permission View: can read on DAG:example_trigger_target_dag
[2025-03-23T22:59:20.299+0000] {logging_mixin.py:137} INFO - [2025-03-23T22:59:20.299+0000] {manager.py:504} INFO - Created Permission View: can delete on DAG:example_trigger_target_dag
[2025-03-23T22:59:20.312+0000] {logging_mixin.py:137} INFO - [2025-03-23T22:59:20.312+0000] {manager.py:504} INFO - Created Permission View: can edit on DAG:example_trigger_target_dag
[2025-03-23T22:59:20.312+0000] {logging_mixin.py:137} INFO - [2025-03-23T22:59:20.312+0000] {dag.py:2676} INFO - Sync 1 DAGs
[2025-03-23T22:59:20.332+0000] {logging_mixin.py:137} INFO - [2025-03-23T22:59:20.332+0000] {dag.py:2697} INFO - Creating ORM DAG for example_trigger_target_dag
[2025-03-23T22:59:20.350+0000] {logging_mixin.py:137} INFO - [2025-03-23T22:59:20.350+0000] {dag.py:3427} INFO - Setting next_dagrun for example_trigger_target_dag to None, run_after=None
[2025-03-23T22:59:20.379+0000] {processor.py:175} INFO - Processing /home/airflow/.local/lib/python3.7/site-packages/airflow/example_dags/example_trigger_target_dag.py took 0.319 seconds
[2025-03-23T22:59:50.995+0000] {processor.py:153} INFO - Started process (PID=139) to work on /home/airflow/.local/lib/python3.7/site-packages/airflow/example_dags/example_trigger_target_dag.py
[2025-03-23T22:59:50.996+0000] {processor.py:743} INFO - Processing file /home/airflow/.local/lib/python3.7/site-packages/airflow/example_dags/example_trigger_target_dag.py for tasks to queue
[2025-03-23T22:59:50.997+0000] {logging_mixin.py:137} INFO - [2025-03-23T22:59:50.997+0000] {dagbag.py:538} INFO - Filling up the DagBag from /home/airflow/.local/lib/python3.7/site-packages/airflow/example_dags/example_trigger_target_dag.py
[2025-03-23T22:59:51.028+0000] {processor.py:753} INFO - DAG(s) dict_keys(['example_trigger_target_dag']) retrieved from /home/airflow/.local/lib/python3.7/site-packages/airflow/example_dags/example_trigger_target_dag.py
[2025-03-23T22:59:51.103+0000] {logging_mixin.py:137} INFO - [2025-03-23T22:59:51.103+0000] {dag.py:2676} INFO - Sync 1 DAGs
[2025-03-23T22:59:51.139+0000] {logging_mixin.py:137} INFO - [2025-03-23T22:59:51.139+0000] {dag.py:3427} INFO - Setting next_dagrun for example_trigger_target_dag to None, run_after=None
[2025-03-23T22:59:51.171+0000] {processor.py:175} INFO - Processing /home/airflow/.local/lib/python3.7/site-packages/airflow/example_dags/example_trigger_target_dag.py took 0.181 seconds
[2025-03-23T23:00:21.430+0000] {processor.py:153} INFO - Started process (PID=226) to work on /home/airflow/.local/lib/python3.7/site-packages/airflow/example_dags/example_trigger_target_dag.py
[2025-03-23T23:00:21.430+0000] {processor.py:743} INFO - Processing file /home/airflow/.local/lib/python3.7/site-packages/airflow/example_dags/example_trigger_target_dag.py for tasks to queue
[2025-03-23T23:00:21.431+0000] {logging_mixin.py:137} INFO - [2025-03-23T23:00:21.431+0000] {dagbag.py:538} INFO - Filling up the DagBag from /home/airflow/.local/lib/python3.7/site-packages/airflow/example_dags/example_trigger_target_dag.py
[2025-03-23T23:00:21.455+0000] {processor.py:753} INFO - DAG(s) dict_keys(['example_trigger_target_dag']) retrieved from /home/airflow/.local/lib/python3.7/site-packages/airflow/example_dags/example_trigger_target_dag.py
[2025-03-23T23:00:21.497+0000] {logging_mixin.py:137} INFO - [2025-03-23T23:00:21.497+0000] {dag.py:2676} INFO - Sync 1 DAGs
[2025-03-23T23:00:21.526+0000] {logging_mixin.py:137} INFO - [2025-03-23T23:00:21.526+0000] {dag.py:3427} INFO - Setting next_dagrun for example_trigger_target_dag to None, run_after=None
[2025-03-23T23:00:21.546+0000] {processor.py:175} INFO - Processing /home/airflow/.local/lib/python3.7/site-packages/airflow/example_dags/example_trigger_target_dag.py took 0.120 seconds
[2025-03-23T23:00:52.146+0000] {processor.py:153} INFO - Started process (PID=296) to work on /home/airflow/.local/lib/python3.7/site-packages/airflow/example_dags/example_trigger_target_dag.py
[2025-03-23T23:00:52.147+0000] {processor.py:743} INFO - Processing file /home/airflow/.local/lib/python3.7/site-packages/airflow/example_dags/example_trigger_target_dag.py for tasks to queue
[2025-03-23T23:00:52.149+0000] {logging_mixin.py:137} INFO - [2025-03-23T23:00:52.148+0000] {dagbag.py:538} INFO - Filling up the DagBag from /home/airflow/.local/lib/python3.7/site-packages/airflow/example_dags/example_trigger_target_dag.py
[2025-03-23T23:00:52.179+0000] {processor.py:753} INFO - DAG(s) dict_keys(['example_trigger_target_dag']) retrieved from /home/airflow/.local/lib/python3.7/site-packages/airflow/example_dags/example_trigger_target_dag.py
[2025-03-23T23:00:52.241+0000] {logging_mixin.py:137} INFO - [2025-03-23T23:00:52.241+0000] {dag.py:2676} INFO - Sync 1 DAGs
[2025-03-23T23:00:52.276+0000] {logging_mixin.py:137} INFO - [2025-03-23T23:00:52.275+0000] {dag.py:3427} INFO - Setting next_dagrun for example_trigger_target_dag to None, run_after=None
[2025-03-23T23:00:52.310+0000] {processor.py:175} INFO - Processing /home/airflow/.local/lib/python3.7/site-packages/airflow/example_dags/example_trigger_target_dag.py took 0.167 seconds
