[2025-03-23T22:47:47.761+0000] {processor.py:153} INFO - Started process (PID=56) to work on /home/airflow/.local/lib/python3.7/site-packages/airflow/example_dags/example_branch_python_dop_operator_3.py
[2025-03-23T22:47:47.761+0000] {processor.py:743} INFO - Processing file /home/airflow/.local/lib/python3.7/site-packages/airflow/example_dags/example_branch_python_dop_operator_3.py for tasks to queue
[2025-03-23T22:47:47.762+0000] {logging_mixin.py:137} INFO - [2025-03-23T22:47:47.762+0000] {dagbag.py:538} INFO - Filling up the DagBag from /home/airflow/.local/lib/python3.7/site-packages/airflow/example_dags/example_branch_python_dop_operator_3.py
[2025-03-23T22:47:47.798+0000] {processor.py:753} INFO - DAG(s) dict_keys(['example_branch_dop_operator_v3']) retrieved from /home/airflow/.local/lib/python3.7/site-packages/airflow/example_dags/example_branch_python_dop_operator_3.py
[2025-03-23T22:47:47.949+0000] {logging_mixin.py:137} INFO - [2025-03-23T22:47:47.949+0000] {manager.py:504} INFO - Created Permission View: can edit on DAG:example_branch_dop_operator_v3
[2025-03-23T22:47:47.967+0000] {logging_mixin.py:137} INFO - [2025-03-23T22:47:47.967+0000] {manager.py:504} INFO - Created Permission View: can delete on DAG:example_branch_dop_operator_v3
[2025-03-23T22:47:47.978+0000] {logging_mixin.py:137} INFO - [2025-03-23T22:47:47.978+0000] {manager.py:504} INFO - Created Permission View: can read on DAG:example_branch_dop_operator_v3
[2025-03-23T22:47:47.978+0000] {logging_mixin.py:137} INFO - [2025-03-23T22:47:47.978+0000] {dag.py:2676} INFO - Sync 1 DAGs
[2025-03-23T22:47:48.000+0000] {logging_mixin.py:137} INFO - [2025-03-23T22:47:48.000+0000] {dag.py:2697} INFO - Creating ORM DAG for example_branch_dop_operator_v3
[2025-03-23T22:47:48.027+0000] {logging_mixin.py:137} INFO - [2025-03-23T22:47:48.027+0000] {dag.py:3427} INFO - Setting next_dagrun for example_branch_dop_operator_v3 to 2025-03-23T22:46:00+00:00, run_after=2025-03-23T22:47:00+00:00
[2025-03-23T22:47:48.059+0000] {processor.py:175} INFO - Processing /home/airflow/.local/lib/python3.7/site-packages/airflow/example_dags/example_branch_python_dop_operator_3.py took 0.302 seconds
[2025-03-23T22:48:19.046+0000] {processor.py:153} INFO - Started process (PID=126) to work on /home/airflow/.local/lib/python3.7/site-packages/airflow/example_dags/example_branch_python_dop_operator_3.py
[2025-03-23T22:48:19.047+0000] {processor.py:743} INFO - Processing file /home/airflow/.local/lib/python3.7/site-packages/airflow/example_dags/example_branch_python_dop_operator_3.py for tasks to queue
[2025-03-23T22:48:19.048+0000] {logging_mixin.py:137} INFO - [2025-03-23T22:48:19.047+0000] {dagbag.py:538} INFO - Filling up the DagBag from /home/airflow/.local/lib/python3.7/site-packages/airflow/example_dags/example_branch_python_dop_operator_3.py
[2025-03-23T22:48:19.080+0000] {processor.py:753} INFO - DAG(s) dict_keys(['example_branch_dop_operator_v3']) retrieved from /home/airflow/.local/lib/python3.7/site-packages/airflow/example_dags/example_branch_python_dop_operator_3.py
[2025-03-23T22:48:19.124+0000] {logging_mixin.py:137} INFO - [2025-03-23T22:48:19.124+0000] {dag.py:2676} INFO - Sync 1 DAGs
[2025-03-23T22:48:19.157+0000] {logging_mixin.py:137} INFO - [2025-03-23T22:48:19.157+0000] {dag.py:3427} INFO - Setting next_dagrun for example_branch_dop_operator_v3 to 2025-03-23T22:47:00+00:00, run_after=2025-03-23T22:48:00+00:00
[2025-03-23T22:48:19.185+0000] {processor.py:175} INFO - Processing /home/airflow/.local/lib/python3.7/site-packages/airflow/example_dags/example_branch_python_dop_operator_3.py took 0.142 seconds
[2025-03-23T22:48:49.417+0000] {processor.py:153} INFO - Started process (PID=205) to work on /home/airflow/.local/lib/python3.7/site-packages/airflow/example_dags/example_branch_python_dop_operator_3.py
[2025-03-23T22:48:49.418+0000] {processor.py:743} INFO - Processing file /home/airflow/.local/lib/python3.7/site-packages/airflow/example_dags/example_branch_python_dop_operator_3.py for tasks to queue
[2025-03-23T22:48:49.419+0000] {logging_mixin.py:137} INFO - [2025-03-23T22:48:49.418+0000] {dagbag.py:538} INFO - Filling up the DagBag from /home/airflow/.local/lib/python3.7/site-packages/airflow/example_dags/example_branch_python_dop_operator_3.py
[2025-03-23T22:48:49.469+0000] {processor.py:753} INFO - DAG(s) dict_keys(['example_branch_dop_operator_v3']) retrieved from /home/airflow/.local/lib/python3.7/site-packages/airflow/example_dags/example_branch_python_dop_operator_3.py
[2025-03-23T22:48:49.521+0000] {logging_mixin.py:137} INFO - [2025-03-23T22:48:49.520+0000] {dag.py:2676} INFO - Sync 1 DAGs
[2025-03-23T22:48:49.571+0000] {logging_mixin.py:137} INFO - [2025-03-23T22:48:49.571+0000] {dag.py:3427} INFO - Setting next_dagrun for example_branch_dop_operator_v3 to 2025-03-23T22:47:00+00:00, run_after=2025-03-23T22:48:00+00:00
[2025-03-23T22:48:49.601+0000] {processor.py:175} INFO - Processing /home/airflow/.local/lib/python3.7/site-packages/airflow/example_dags/example_branch_python_dop_operator_3.py took 0.188 seconds
[2025-03-23T22:49:19.890+0000] {processor.py:153} INFO - Started process (PID=282) to work on /home/airflow/.local/lib/python3.7/site-packages/airflow/example_dags/example_branch_python_dop_operator_3.py
[2025-03-23T22:49:19.891+0000] {processor.py:743} INFO - Processing file /home/airflow/.local/lib/python3.7/site-packages/airflow/example_dags/example_branch_python_dop_operator_3.py for tasks to queue
[2025-03-23T22:49:19.893+0000] {logging_mixin.py:137} INFO - [2025-03-23T22:49:19.892+0000] {dagbag.py:538} INFO - Filling up the DagBag from /home/airflow/.local/lib/python3.7/site-packages/airflow/example_dags/example_branch_python_dop_operator_3.py
[2025-03-23T22:49:19.941+0000] {processor.py:753} INFO - DAG(s) dict_keys(['example_branch_dop_operator_v3']) retrieved from /home/airflow/.local/lib/python3.7/site-packages/airflow/example_dags/example_branch_python_dop_operator_3.py
[2025-03-23T22:49:20.016+0000] {logging_mixin.py:137} INFO - [2025-03-23T22:49:20.016+0000] {dag.py:2676} INFO - Sync 1 DAGs
[2025-03-23T22:49:20.064+0000] {logging_mixin.py:137} INFO - [2025-03-23T22:49:20.064+0000] {dag.py:3427} INFO - Setting next_dagrun for example_branch_dop_operator_v3 to 2025-03-23T22:48:00+00:00, run_after=2025-03-23T22:49:00+00:00
[2025-03-23T22:49:20.096+0000] {processor.py:175} INFO - Processing /home/airflow/.local/lib/python3.7/site-packages/airflow/example_dags/example_branch_python_dop_operator_3.py took 0.210 seconds
[2025-03-23T22:49:50.279+0000] {processor.py:153} INFO - Started process (PID=352) to work on /home/airflow/.local/lib/python3.7/site-packages/airflow/example_dags/example_branch_python_dop_operator_3.py
[2025-03-23T22:49:50.280+0000] {processor.py:743} INFO - Processing file /home/airflow/.local/lib/python3.7/site-packages/airflow/example_dags/example_branch_python_dop_operator_3.py for tasks to queue
[2025-03-23T22:49:50.281+0000] {logging_mixin.py:137} INFO - [2025-03-23T22:49:50.281+0000] {dagbag.py:538} INFO - Filling up the DagBag from /home/airflow/.local/lib/python3.7/site-packages/airflow/example_dags/example_branch_python_dop_operator_3.py
[2025-03-23T22:49:50.319+0000] {processor.py:753} INFO - DAG(s) dict_keys(['example_branch_dop_operator_v3']) retrieved from /home/airflow/.local/lib/python3.7/site-packages/airflow/example_dags/example_branch_python_dop_operator_3.py
[2025-03-23T22:49:50.371+0000] {logging_mixin.py:137} INFO - [2025-03-23T22:49:50.370+0000] {dag.py:2676} INFO - Sync 1 DAGs
[2025-03-23T22:49:50.414+0000] {logging_mixin.py:137} INFO - [2025-03-23T22:49:50.414+0000] {dag.py:3427} INFO - Setting next_dagrun for example_branch_dop_operator_v3 to 2025-03-23T22:48:00+00:00, run_after=2025-03-23T22:49:00+00:00
[2025-03-23T22:49:50.448+0000] {processor.py:175} INFO - Processing /home/airflow/.local/lib/python3.7/site-packages/airflow/example_dags/example_branch_python_dop_operator_3.py took 0.171 seconds
[2025-03-23T22:59:17.611+0000] {processor.py:153} INFO - Started process (PID=56) to work on /home/airflow/.local/lib/python3.7/site-packages/airflow/example_dags/example_branch_python_dop_operator_3.py
[2025-03-23T22:59:17.612+0000] {processor.py:743} INFO - Processing file /home/airflow/.local/lib/python3.7/site-packages/airflow/example_dags/example_branch_python_dop_operator_3.py for tasks to queue
[2025-03-23T22:59:17.613+0000] {logging_mixin.py:137} INFO - [2025-03-23T22:59:17.613+0000] {dagbag.py:538} INFO - Filling up the DagBag from /home/airflow/.local/lib/python3.7/site-packages/airflow/example_dags/example_branch_python_dop_operator_3.py
[2025-03-23T22:59:17.648+0000] {processor.py:753} INFO - DAG(s) dict_keys(['example_branch_dop_operator_v3']) retrieved from /home/airflow/.local/lib/python3.7/site-packages/airflow/example_dags/example_branch_python_dop_operator_3.py
[2025-03-23T22:59:17.818+0000] {logging_mixin.py:137} INFO - [2025-03-23T22:59:17.817+0000] {manager.py:504} INFO - Created Permission View: can read on DAG:example_branch_dop_operator_v3
[2025-03-23T22:59:17.834+0000] {logging_mixin.py:137} INFO - [2025-03-23T22:59:17.834+0000] {manager.py:504} INFO - Created Permission View: can delete on DAG:example_branch_dop_operator_v3
[2025-03-23T22:59:17.849+0000] {logging_mixin.py:137} INFO - [2025-03-23T22:59:17.849+0000] {manager.py:504} INFO - Created Permission View: can edit on DAG:example_branch_dop_operator_v3
[2025-03-23T22:59:17.849+0000] {logging_mixin.py:137} INFO - [2025-03-23T22:59:17.849+0000] {dag.py:2676} INFO - Sync 1 DAGs
[2025-03-23T22:59:17.876+0000] {logging_mixin.py:137} INFO - [2025-03-23T22:59:17.875+0000] {dag.py:2697} INFO - Creating ORM DAG for example_branch_dop_operator_v3
[2025-03-23T22:59:17.911+0000] {logging_mixin.py:137} INFO - [2025-03-23T22:59:17.911+0000] {dag.py:3427} INFO - Setting next_dagrun for example_branch_dop_operator_v3 to 2025-03-23T22:58:00+00:00, run_after=2025-03-23T22:59:00+00:00
[2025-03-23T22:59:17.943+0000] {processor.py:175} INFO - Processing /home/airflow/.local/lib/python3.7/site-packages/airflow/example_dags/example_branch_python_dop_operator_3.py took 0.337 seconds
[2025-03-23T22:59:48.250+0000] {processor.py:153} INFO - Started process (PID=126) to work on /home/airflow/.local/lib/python3.7/site-packages/airflow/example_dags/example_branch_python_dop_operator_3.py
[2025-03-23T22:59:48.251+0000] {processor.py:743} INFO - Processing file /home/airflow/.local/lib/python3.7/site-packages/airflow/example_dags/example_branch_python_dop_operator_3.py for tasks to queue
[2025-03-23T22:59:48.251+0000] {logging_mixin.py:137} INFO - [2025-03-23T22:59:48.251+0000] {dagbag.py:538} INFO - Filling up the DagBag from /home/airflow/.local/lib/python3.7/site-packages/airflow/example_dags/example_branch_python_dop_operator_3.py
[2025-03-23T22:59:48.283+0000] {processor.py:753} INFO - DAG(s) dict_keys(['example_branch_dop_operator_v3']) retrieved from /home/airflow/.local/lib/python3.7/site-packages/airflow/example_dags/example_branch_python_dop_operator_3.py
[2025-03-23T22:59:48.336+0000] {logging_mixin.py:137} INFO - [2025-03-23T22:59:48.336+0000] {dag.py:2676} INFO - Sync 1 DAGs
[2025-03-23T22:59:48.375+0000] {logging_mixin.py:137} INFO - [2025-03-23T22:59:48.375+0000] {dag.py:3427} INFO - Setting next_dagrun for example_branch_dop_operator_v3 to 2025-03-23T22:58:00+00:00, run_after=2025-03-23T22:59:00+00:00
[2025-03-23T22:59:48.420+0000] {processor.py:175} INFO - Processing /home/airflow/.local/lib/python3.7/site-packages/airflow/example_dags/example_branch_python_dop_operator_3.py took 0.173 seconds
[2025-03-23T23:00:19.155+0000] {processor.py:153} INFO - Started process (PID=204) to work on /home/airflow/.local/lib/python3.7/site-packages/airflow/example_dags/example_branch_python_dop_operator_3.py
[2025-03-23T23:00:19.156+0000] {processor.py:743} INFO - Processing file /home/airflow/.local/lib/python3.7/site-packages/airflow/example_dags/example_branch_python_dop_operator_3.py for tasks to queue
[2025-03-23T23:00:19.157+0000] {logging_mixin.py:137} INFO - [2025-03-23T23:00:19.157+0000] {dagbag.py:538} INFO - Filling up the DagBag from /home/airflow/.local/lib/python3.7/site-packages/airflow/example_dags/example_branch_python_dop_operator_3.py
[2025-03-23T23:00:19.186+0000] {processor.py:753} INFO - DAG(s) dict_keys(['example_branch_dop_operator_v3']) retrieved from /home/airflow/.local/lib/python3.7/site-packages/airflow/example_dags/example_branch_python_dop_operator_3.py
[2025-03-23T23:00:19.243+0000] {logging_mixin.py:137} INFO - [2025-03-23T23:00:19.243+0000] {dag.py:2676} INFO - Sync 1 DAGs
[2025-03-23T23:00:19.299+0000] {logging_mixin.py:137} INFO - [2025-03-23T23:00:19.299+0000] {dag.py:3427} INFO - Setting next_dagrun for example_branch_dop_operator_v3 to 2025-03-23T22:59:00+00:00, run_after=2025-03-23T23:00:00+00:00
[2025-03-23T23:00:19.341+0000] {processor.py:175} INFO - Processing /home/airflow/.local/lib/python3.7/site-packages/airflow/example_dags/example_branch_python_dop_operator_3.py took 0.192 seconds
[2025-03-23T23:00:49.685+0000] {processor.py:153} INFO - Started process (PID=283) to work on /home/airflow/.local/lib/python3.7/site-packages/airflow/example_dags/example_branch_python_dop_operator_3.py
[2025-03-23T23:00:49.686+0000] {processor.py:743} INFO - Processing file /home/airflow/.local/lib/python3.7/site-packages/airflow/example_dags/example_branch_python_dop_operator_3.py for tasks to queue
[2025-03-23T23:00:49.688+0000] {logging_mixin.py:137} INFO - [2025-03-23T23:00:49.688+0000] {dagbag.py:538} INFO - Filling up the DagBag from /home/airflow/.local/lib/python3.7/site-packages/airflow/example_dags/example_branch_python_dop_operator_3.py
[2025-03-23T23:00:49.730+0000] {processor.py:753} INFO - DAG(s) dict_keys(['example_branch_dop_operator_v3']) retrieved from /home/airflow/.local/lib/python3.7/site-packages/airflow/example_dags/example_branch_python_dop_operator_3.py
[2025-03-23T23:00:49.787+0000] {logging_mixin.py:137} INFO - [2025-03-23T23:00:49.786+0000] {dag.py:2676} INFO - Sync 1 DAGs
[2025-03-23T23:00:49.871+0000] {logging_mixin.py:137} INFO - [2025-03-23T23:00:49.870+0000] {dag.py:3427} INFO - Setting next_dagrun for example_branch_dop_operator_v3 to 2025-03-23T22:59:00+00:00, run_after=2025-03-23T23:00:00+00:00
[2025-03-23T23:00:49.894+0000] {processor.py:175} INFO - Processing /home/airflow/.local/lib/python3.7/site-packages/airflow/example_dags/example_branch_python_dop_operator_3.py took 0.213 seconds
