[2025-03-23T22:47:51.632+0000] {processor.py:153} INFO - Started process (PID=74) to work on /home/airflow/.local/lib/python3.7/site-packages/airflow/example_dags/example_branch_operator.py
[2025-03-23T22:47:51.633+0000] {processor.py:743} INFO - Processing file /home/airflow/.local/lib/python3.7/site-packages/airflow/example_dags/example_branch_operator.py for tasks to queue
[2025-03-23T22:47:51.634+0000] {logging_mixin.py:137} INFO - [2025-03-23T22:47:51.634+0000] {dagbag.py:538} INFO - Filling up the DagBag from /home/airflow/.local/lib/python3.7/site-packages/airflow/example_dags/example_branch_operator.py
[2025-03-23T22:47:51.656+0000] {processor.py:753} INFO - DAG(s) dict_keys(['example_branch_operator']) retrieved from /home/airflow/.local/lib/python3.7/site-packages/airflow/example_dags/example_branch_operator.py
[2025-03-23T22:47:51.849+0000] {logging_mixin.py:137} INFO - [2025-03-23T22:47:51.849+0000] {manager.py:504} INFO - Created Permission View: can edit on DAG:example_branch_operator
[2025-03-23T22:47:51.866+0000] {logging_mixin.py:137} INFO - [2025-03-23T22:47:51.866+0000] {manager.py:504} INFO - Created Permission View: can delete on DAG:example_branch_operator
[2025-03-23T22:47:51.879+0000] {logging_mixin.py:137} INFO - [2025-03-23T22:47:51.879+0000] {manager.py:504} INFO - Created Permission View: can read on DAG:example_branch_operator
[2025-03-23T22:47:51.880+0000] {logging_mixin.py:137} INFO - [2025-03-23T22:47:51.880+0000] {dag.py:2676} INFO - Sync 1 DAGs
[2025-03-23T22:47:51.897+0000] {logging_mixin.py:137} INFO - [2025-03-23T22:47:51.896+0000] {dag.py:2697} INFO - Creating ORM DAG for example_branch_operator
[2025-03-23T22:47:51.916+0000] {logging_mixin.py:137} INFO - [2025-03-23T22:47:51.916+0000] {dag.py:3427} INFO - Setting next_dagrun for example_branch_operator to 2025-03-22T00:00:00+00:00, run_after=2025-03-23T00:00:00+00:00
[2025-03-23T22:47:51.959+0000] {processor.py:175} INFO - Processing /home/airflow/.local/lib/python3.7/site-packages/airflow/example_dags/example_branch_operator.py took 0.332 seconds
[2025-03-23T22:48:22.986+0000] {processor.py:153} INFO - Started process (PID=151) to work on /home/airflow/.local/lib/python3.7/site-packages/airflow/example_dags/example_branch_operator.py
[2025-03-23T22:48:22.987+0000] {processor.py:743} INFO - Processing file /home/airflow/.local/lib/python3.7/site-packages/airflow/example_dags/example_branch_operator.py for tasks to queue
[2025-03-23T22:48:22.988+0000] {logging_mixin.py:137} INFO - [2025-03-23T22:48:22.988+0000] {dagbag.py:538} INFO - Filling up the DagBag from /home/airflow/.local/lib/python3.7/site-packages/airflow/example_dags/example_branch_operator.py
[2025-03-23T22:48:23.022+0000] {processor.py:753} INFO - DAG(s) dict_keys(['example_branch_operator']) retrieved from /home/airflow/.local/lib/python3.7/site-packages/airflow/example_dags/example_branch_operator.py
[2025-03-23T22:48:23.077+0000] {logging_mixin.py:137} INFO - [2025-03-23T22:48:23.077+0000] {dag.py:2676} INFO - Sync 1 DAGs
[2025-03-23T22:48:23.127+0000] {logging_mixin.py:137} INFO - [2025-03-23T22:48:23.127+0000] {dag.py:3427} INFO - Setting next_dagrun for example_branch_operator to 2025-03-22T00:00:00+00:00, run_after=2025-03-23T00:00:00+00:00
[2025-03-23T22:48:23.161+0000] {processor.py:175} INFO - Processing /home/airflow/.local/lib/python3.7/site-packages/airflow/example_dags/example_branch_operator.py took 0.180 seconds
[2025-03-23T22:48:53.620+0000] {processor.py:153} INFO - Started process (PID=230) to work on /home/airflow/.local/lib/python3.7/site-packages/airflow/example_dags/example_branch_operator.py
[2025-03-23T22:48:53.622+0000] {processor.py:743} INFO - Processing file /home/airflow/.local/lib/python3.7/site-packages/airflow/example_dags/example_branch_operator.py for tasks to queue
[2025-03-23T22:48:53.623+0000] {logging_mixin.py:137} INFO - [2025-03-23T22:48:53.623+0000] {dagbag.py:538} INFO - Filling up the DagBag from /home/airflow/.local/lib/python3.7/site-packages/airflow/example_dags/example_branch_operator.py
[2025-03-23T22:48:53.674+0000] {processor.py:753} INFO - DAG(s) dict_keys(['example_branch_operator']) retrieved from /home/airflow/.local/lib/python3.7/site-packages/airflow/example_dags/example_branch_operator.py
[2025-03-23T22:48:53.756+0000] {logging_mixin.py:137} INFO - [2025-03-23T22:48:53.756+0000] {dag.py:2676} INFO - Sync 1 DAGs
[2025-03-23T22:48:53.792+0000] {logging_mixin.py:137} INFO - [2025-03-23T22:48:53.792+0000] {dag.py:3427} INFO - Setting next_dagrun for example_branch_operator to 2025-03-22T00:00:00+00:00, run_after=2025-03-23T00:00:00+00:00
[2025-03-23T22:48:53.836+0000] {processor.py:175} INFO - Processing /home/airflow/.local/lib/python3.7/site-packages/airflow/example_dags/example_branch_operator.py took 0.222 seconds
[2025-03-23T22:49:24.022+0000] {processor.py:153} INFO - Started process (PID=300) to work on /home/airflow/.local/lib/python3.7/site-packages/airflow/example_dags/example_branch_operator.py
[2025-03-23T22:49:24.032+0000] {processor.py:743} INFO - Processing file /home/airflow/.local/lib/python3.7/site-packages/airflow/example_dags/example_branch_operator.py for tasks to queue
[2025-03-23T22:49:24.033+0000] {logging_mixin.py:137} INFO - [2025-03-23T22:49:24.033+0000] {dagbag.py:538} INFO - Filling up the DagBag from /home/airflow/.local/lib/python3.7/site-packages/airflow/example_dags/example_branch_operator.py
[2025-03-23T22:49:24.064+0000] {processor.py:753} INFO - DAG(s) dict_keys(['example_branch_operator']) retrieved from /home/airflow/.local/lib/python3.7/site-packages/airflow/example_dags/example_branch_operator.py
[2025-03-23T22:49:24.103+0000] {logging_mixin.py:137} INFO - [2025-03-23T22:49:24.103+0000] {dag.py:2676} INFO - Sync 1 DAGs
[2025-03-23T22:49:24.136+0000] {logging_mixin.py:137} INFO - [2025-03-23T22:49:24.136+0000] {dag.py:3427} INFO - Setting next_dagrun for example_branch_operator to 2025-03-22T00:00:00+00:00, run_after=2025-03-23T00:00:00+00:00
[2025-03-23T22:49:24.163+0000] {processor.py:175} INFO - Processing /home/airflow/.local/lib/python3.7/site-packages/airflow/example_dags/example_branch_operator.py took 0.148 seconds
[2025-03-23T22:49:54.349+0000] {processor.py:153} INFO - Started process (PID=386) to work on /home/airflow/.local/lib/python3.7/site-packages/airflow/example_dags/example_branch_operator.py
[2025-03-23T22:49:54.351+0000] {processor.py:743} INFO - Processing file /home/airflow/.local/lib/python3.7/site-packages/airflow/example_dags/example_branch_operator.py for tasks to queue
[2025-03-23T22:49:54.352+0000] {logging_mixin.py:137} INFO - [2025-03-23T22:49:54.352+0000] {dagbag.py:538} INFO - Filling up the DagBag from /home/airflow/.local/lib/python3.7/site-packages/airflow/example_dags/example_branch_operator.py
[2025-03-23T22:49:54.373+0000] {processor.py:753} INFO - DAG(s) dict_keys(['example_branch_operator']) retrieved from /home/airflow/.local/lib/python3.7/site-packages/airflow/example_dags/example_branch_operator.py
[2025-03-23T22:49:54.419+0000] {logging_mixin.py:137} INFO - [2025-03-23T22:49:54.419+0000] {dag.py:2676} INFO - Sync 1 DAGs
[2025-03-23T22:49:54.449+0000] {logging_mixin.py:137} INFO - [2025-03-23T22:49:54.448+0000] {dag.py:3427} INFO - Setting next_dagrun for example_branch_operator to 2025-03-22T00:00:00+00:00, run_after=2025-03-23T00:00:00+00:00
[2025-03-23T22:49:54.470+0000] {processor.py:175} INFO - Processing /home/airflow/.local/lib/python3.7/site-packages/airflow/example_dags/example_branch_operator.py took 0.125 seconds
[2025-03-23T22:59:21.038+0000] {processor.py:153} INFO - Started process (PID=74) to work on /home/airflow/.local/lib/python3.7/site-packages/airflow/example_dags/example_branch_operator.py
[2025-03-23T22:59:21.039+0000] {processor.py:743} INFO - Processing file /home/airflow/.local/lib/python3.7/site-packages/airflow/example_dags/example_branch_operator.py for tasks to queue
[2025-03-23T22:59:21.040+0000] {logging_mixin.py:137} INFO - [2025-03-23T22:59:21.040+0000] {dagbag.py:538} INFO - Filling up the DagBag from /home/airflow/.local/lib/python3.7/site-packages/airflow/example_dags/example_branch_operator.py
[2025-03-23T22:59:21.069+0000] {processor.py:753} INFO - DAG(s) dict_keys(['example_branch_operator']) retrieved from /home/airflow/.local/lib/python3.7/site-packages/airflow/example_dags/example_branch_operator.py
[2025-03-23T22:59:21.268+0000] {logging_mixin.py:137} INFO - [2025-03-23T22:59:21.267+0000] {manager.py:504} INFO - Created Permission View: can read on DAG:example_branch_operator
[2025-03-23T22:59:21.282+0000] {logging_mixin.py:137} INFO - [2025-03-23T22:59:21.281+0000] {manager.py:504} INFO - Created Permission View: can delete on DAG:example_branch_operator
[2025-03-23T22:59:21.297+0000] {logging_mixin.py:137} INFO - [2025-03-23T22:59:21.296+0000] {manager.py:504} INFO - Created Permission View: can edit on DAG:example_branch_operator
[2025-03-23T22:59:21.297+0000] {logging_mixin.py:137} INFO - [2025-03-23T22:59:21.297+0000] {dag.py:2676} INFO - Sync 1 DAGs
[2025-03-23T22:59:21.315+0000] {logging_mixin.py:137} INFO - [2025-03-23T22:59:21.315+0000] {dag.py:2697} INFO - Creating ORM DAG for example_branch_operator
[2025-03-23T22:59:21.333+0000] {logging_mixin.py:137} INFO - [2025-03-23T22:59:21.333+0000] {dag.py:3427} INFO - Setting next_dagrun for example_branch_operator to 2025-03-22T00:00:00+00:00, run_after=2025-03-23T00:00:00+00:00
[2025-03-23T22:59:21.362+0000] {processor.py:175} INFO - Processing /home/airflow/.local/lib/python3.7/site-packages/airflow/example_dags/example_branch_operator.py took 0.329 seconds
[2025-03-23T22:59:51.483+0000] {processor.py:153} INFO - Started process (PID=144) to work on /home/airflow/.local/lib/python3.7/site-packages/airflow/example_dags/example_branch_operator.py
[2025-03-23T22:59:51.483+0000] {processor.py:743} INFO - Processing file /home/airflow/.local/lib/python3.7/site-packages/airflow/example_dags/example_branch_operator.py for tasks to queue
[2025-03-23T22:59:51.484+0000] {logging_mixin.py:137} INFO - [2025-03-23T22:59:51.484+0000] {dagbag.py:538} INFO - Filling up the DagBag from /home/airflow/.local/lib/python3.7/site-packages/airflow/example_dags/example_branch_operator.py
[2025-03-23T22:59:51.505+0000] {processor.py:753} INFO - DAG(s) dict_keys(['example_branch_operator']) retrieved from /home/airflow/.local/lib/python3.7/site-packages/airflow/example_dags/example_branch_operator.py
[2025-03-23T22:59:51.557+0000] {logging_mixin.py:137} INFO - [2025-03-23T22:59:51.556+0000] {dag.py:2676} INFO - Sync 1 DAGs
[2025-03-23T22:59:51.595+0000] {logging_mixin.py:137} INFO - [2025-03-23T22:59:51.595+0000] {dag.py:3427} INFO - Setting next_dagrun for example_branch_operator to 2025-03-22T00:00:00+00:00, run_after=2025-03-23T00:00:00+00:00
[2025-03-23T22:59:51.618+0000] {processor.py:175} INFO - Processing /home/airflow/.local/lib/python3.7/site-packages/airflow/example_dags/example_branch_operator.py took 0.138 seconds
[2025-03-23T23:00:21.956+0000] {processor.py:153} INFO - Started process (PID=231) to work on /home/airflow/.local/lib/python3.7/site-packages/airflow/example_dags/example_branch_operator.py
[2025-03-23T23:00:21.958+0000] {processor.py:743} INFO - Processing file /home/airflow/.local/lib/python3.7/site-packages/airflow/example_dags/example_branch_operator.py for tasks to queue
[2025-03-23T23:00:21.959+0000] {logging_mixin.py:137} INFO - [2025-03-23T23:00:21.959+0000] {dagbag.py:538} INFO - Filling up the DagBag from /home/airflow/.local/lib/python3.7/site-packages/airflow/example_dags/example_branch_operator.py
[2025-03-23T23:00:21.982+0000] {processor.py:753} INFO - DAG(s) dict_keys(['example_branch_operator']) retrieved from /home/airflow/.local/lib/python3.7/site-packages/airflow/example_dags/example_branch_operator.py
[2025-03-23T23:00:22.022+0000] {logging_mixin.py:137} INFO - [2025-03-23T23:00:22.022+0000] {dag.py:2676} INFO - Sync 1 DAGs
[2025-03-23T23:00:22.053+0000] {logging_mixin.py:137} INFO - [2025-03-23T23:00:22.052+0000] {dag.py:3427} INFO - Setting next_dagrun for example_branch_operator to 2025-03-22T00:00:00+00:00, run_after=2025-03-23T00:00:00+00:00
[2025-03-23T23:00:22.078+0000] {processor.py:175} INFO - Processing /home/airflow/.local/lib/python3.7/site-packages/airflow/example_dags/example_branch_operator.py took 0.126 seconds
[2025-03-23T23:00:52.575+0000] {processor.py:153} INFO - Started process (PID=301) to work on /home/airflow/.local/lib/python3.7/site-packages/airflow/example_dags/example_branch_operator.py
[2025-03-23T23:00:52.576+0000] {processor.py:743} INFO - Processing file /home/airflow/.local/lib/python3.7/site-packages/airflow/example_dags/example_branch_operator.py for tasks to queue
[2025-03-23T23:00:52.577+0000] {logging_mixin.py:137} INFO - [2025-03-23T23:00:52.576+0000] {dagbag.py:538} INFO - Filling up the DagBag from /home/airflow/.local/lib/python3.7/site-packages/airflow/example_dags/example_branch_operator.py
[2025-03-23T23:00:52.602+0000] {processor.py:753} INFO - DAG(s) dict_keys(['example_branch_operator']) retrieved from /home/airflow/.local/lib/python3.7/site-packages/airflow/example_dags/example_branch_operator.py
[2025-03-23T23:00:52.663+0000] {logging_mixin.py:137} INFO - [2025-03-23T23:00:52.663+0000] {dag.py:2676} INFO - Sync 1 DAGs
[2025-03-23T23:00:52.704+0000] {logging_mixin.py:137} INFO - [2025-03-23T23:00:52.703+0000] {dag.py:3427} INFO - Setting next_dagrun for example_branch_operator to 2025-03-22T00:00:00+00:00, run_after=2025-03-23T00:00:00+00:00
[2025-03-23T23:00:52.746+0000] {processor.py:175} INFO - Processing /home/airflow/.local/lib/python3.7/site-packages/airflow/example_dags/example_branch_operator.py took 0.173 seconds
