[2025-03-23T22:47:48.557+0000] {processor.py:153} INFO - Started process (PID=60) to work on /home/airflow/.local/lib/python3.7/site-packages/airflow/example_dags/example_external_task_marker_dag.py
[2025-03-23T22:47:48.557+0000] {processor.py:743} INFO - Processing file /home/airflow/.local/lib/python3.7/site-packages/airflow/example_dags/example_external_task_marker_dag.py for tasks to queue
[2025-03-23T22:47:48.558+0000] {logging_mixin.py:137} INFO - [2025-03-23T22:47:48.558+0000] {dagbag.py:538} INFO - Filling up the DagBag from /home/airflow/.local/lib/python3.7/site-packages/airflow/example_dags/example_external_task_marker_dag.py
[2025-03-23T22:47:48.580+0000] {processor.py:753} INFO - DAG(s) dict_keys(['example_external_task_marker_child', 'example_external_task_marker_parent']) retrieved from /home/airflow/.local/lib/python3.7/site-packages/airflow/example_dags/example_external_task_marker_dag.py
[2025-03-23T22:47:48.774+0000] {logging_mixin.py:137} INFO - [2025-03-23T22:47:48.774+0000] {manager.py:504} INFO - Created Permission View: can edit on DAG:example_external_task_marker_child
[2025-03-23T22:47:48.791+0000] {logging_mixin.py:137} INFO - [2025-03-23T22:47:48.791+0000] {manager.py:504} INFO - Created Permission View: can delete on DAG:example_external_task_marker_child
[2025-03-23T22:47:48.806+0000] {logging_mixin.py:137} INFO - [2025-03-23T22:47:48.805+0000] {manager.py:504} INFO - Created Permission View: can read on DAG:example_external_task_marker_child
[2025-03-23T22:47:48.825+0000] {logging_mixin.py:137} INFO - [2025-03-23T22:47:48.825+0000] {manager.py:504} INFO - Created Permission View: can edit on DAG:example_external_task_marker_parent
[2025-03-23T22:47:48.839+0000] {logging_mixin.py:137} INFO - [2025-03-23T22:47:48.838+0000] {manager.py:504} INFO - Created Permission View: can delete on DAG:example_external_task_marker_parent
[2025-03-23T22:47:48.850+0000] {logging_mixin.py:137} INFO - [2025-03-23T22:47:48.850+0000] {manager.py:504} INFO - Created Permission View: can read on DAG:example_external_task_marker_parent
[2025-03-23T22:47:48.851+0000] {logging_mixin.py:137} INFO - [2025-03-23T22:47:48.851+0000] {dag.py:2676} INFO - Sync 2 DAGs
[2025-03-23T22:47:48.874+0000] {logging_mixin.py:137} INFO - [2025-03-23T22:47:48.873+0000] {dag.py:2697} INFO - Creating ORM DAG for example_external_task_marker_parent
[2025-03-23T22:47:48.874+0000] {logging_mixin.py:137} INFO - [2025-03-23T22:47:48.874+0000] {dag.py:2697} INFO - Creating ORM DAG for example_external_task_marker_child
[2025-03-23T22:47:48.891+0000] {logging_mixin.py:137} INFO - [2025-03-23T22:47:48.891+0000] {dag.py:3427} INFO - Setting next_dagrun for example_external_task_marker_child to None, run_after=None
[2025-03-23T22:47:48.892+0000] {logging_mixin.py:137} INFO - [2025-03-23T22:47:48.892+0000] {dag.py:3427} INFO - Setting next_dagrun for example_external_task_marker_parent to None, run_after=None
[2025-03-23T22:47:48.927+0000] {processor.py:175} INFO - Processing /home/airflow/.local/lib/python3.7/site-packages/airflow/example_dags/example_external_task_marker_dag.py took 0.374 seconds
[2025-03-23T22:48:19.404+0000] {processor.py:153} INFO - Started process (PID=130) to work on /home/airflow/.local/lib/python3.7/site-packages/airflow/example_dags/example_external_task_marker_dag.py
[2025-03-23T22:48:19.405+0000] {processor.py:743} INFO - Processing file /home/airflow/.local/lib/python3.7/site-packages/airflow/example_dags/example_external_task_marker_dag.py for tasks to queue
[2025-03-23T22:48:19.406+0000] {logging_mixin.py:137} INFO - [2025-03-23T22:48:19.405+0000] {dagbag.py:538} INFO - Filling up the DagBag from /home/airflow/.local/lib/python3.7/site-packages/airflow/example_dags/example_external_task_marker_dag.py
[2025-03-23T22:48:19.419+0000] {processor.py:753} INFO - DAG(s) dict_keys(['example_external_task_marker_child', 'example_external_task_marker_parent']) retrieved from /home/airflow/.local/lib/python3.7/site-packages/airflow/example_dags/example_external_task_marker_dag.py
[2025-03-23T22:48:19.458+0000] {logging_mixin.py:137} INFO - [2025-03-23T22:48:19.458+0000] {dag.py:2676} INFO - Sync 2 DAGs
[2025-03-23T22:48:19.485+0000] {logging_mixin.py:137} INFO - [2025-03-23T22:48:19.485+0000] {dag.py:3427} INFO - Setting next_dagrun for example_external_task_marker_child to None, run_after=None
[2025-03-23T22:48:19.489+0000] {logging_mixin.py:137} INFO - [2025-03-23T22:48:19.489+0000] {dag.py:3427} INFO - Setting next_dagrun for example_external_task_marker_parent to None, run_after=None
[2025-03-23T22:48:19.512+0000] {processor.py:175} INFO - Processing /home/airflow/.local/lib/python3.7/site-packages/airflow/example_dags/example_external_task_marker_dag.py took 0.114 seconds
[2025-03-23T22:48:49.815+0000] {processor.py:153} INFO - Started process (PID=209) to work on /home/airflow/.local/lib/python3.7/site-packages/airflow/example_dags/example_external_task_marker_dag.py
[2025-03-23T22:48:49.816+0000] {processor.py:743} INFO - Processing file /home/airflow/.local/lib/python3.7/site-packages/airflow/example_dags/example_external_task_marker_dag.py for tasks to queue
[2025-03-23T22:48:49.817+0000] {logging_mixin.py:137} INFO - [2025-03-23T22:48:49.817+0000] {dagbag.py:538} INFO - Filling up the DagBag from /home/airflow/.local/lib/python3.7/site-packages/airflow/example_dags/example_external_task_marker_dag.py
[2025-03-23T22:48:49.842+0000] {processor.py:753} INFO - DAG(s) dict_keys(['example_external_task_marker_parent', 'example_external_task_marker_child']) retrieved from /home/airflow/.local/lib/python3.7/site-packages/airflow/example_dags/example_external_task_marker_dag.py
[2025-03-23T22:48:49.977+0000] {logging_mixin.py:137} INFO - [2025-03-23T22:48:49.977+0000] {dag.py:2676} INFO - Sync 2 DAGs
[2025-03-23T22:48:50.007+0000] {logging_mixin.py:137} INFO - [2025-03-23T22:48:50.006+0000] {dag.py:3427} INFO - Setting next_dagrun for example_external_task_marker_child to None, run_after=None
[2025-03-23T22:48:50.012+0000] {logging_mixin.py:137} INFO - [2025-03-23T22:48:50.012+0000] {dag.py:3427} INFO - Setting next_dagrun for example_external_task_marker_parent to None, run_after=None
[2025-03-23T22:48:50.043+0000] {processor.py:175} INFO - Processing /home/airflow/.local/lib/python3.7/site-packages/airflow/example_dags/example_external_task_marker_dag.py took 0.232 seconds
[2025-03-23T22:49:20.271+0000] {processor.py:153} INFO - Started process (PID=286) to work on /home/airflow/.local/lib/python3.7/site-packages/airflow/example_dags/example_external_task_marker_dag.py
[2025-03-23T22:49:20.271+0000] {processor.py:743} INFO - Processing file /home/airflow/.local/lib/python3.7/site-packages/airflow/example_dags/example_external_task_marker_dag.py for tasks to queue
[2025-03-23T22:49:20.272+0000] {logging_mixin.py:137} INFO - [2025-03-23T22:49:20.272+0000] {dagbag.py:538} INFO - Filling up the DagBag from /home/airflow/.local/lib/python3.7/site-packages/airflow/example_dags/example_external_task_marker_dag.py
[2025-03-23T22:49:20.285+0000] {processor.py:753} INFO - DAG(s) dict_keys(['example_external_task_marker_parent', 'example_external_task_marker_child']) retrieved from /home/airflow/.local/lib/python3.7/site-packages/airflow/example_dags/example_external_task_marker_dag.py
[2025-03-23T22:49:20.330+0000] {logging_mixin.py:137} INFO - [2025-03-23T22:49:20.330+0000] {dag.py:2676} INFO - Sync 2 DAGs
[2025-03-23T22:49:20.362+0000] {logging_mixin.py:137} INFO - [2025-03-23T22:49:20.361+0000] {dag.py:3427} INFO - Setting next_dagrun for example_external_task_marker_child to None, run_after=None
[2025-03-23T22:49:20.368+0000] {logging_mixin.py:137} INFO - [2025-03-23T22:49:20.368+0000] {dag.py:3427} INFO - Setting next_dagrun for example_external_task_marker_parent to None, run_after=None
[2025-03-23T22:49:20.402+0000] {processor.py:175} INFO - Processing /home/airflow/.local/lib/python3.7/site-packages/airflow/example_dags/example_external_task_marker_dag.py took 0.133 seconds
[2025-03-23T22:49:50.702+0000] {processor.py:153} INFO - Started process (PID=356) to work on /home/airflow/.local/lib/python3.7/site-packages/airflow/example_dags/example_external_task_marker_dag.py
[2025-03-23T22:49:50.703+0000] {processor.py:743} INFO - Processing file /home/airflow/.local/lib/python3.7/site-packages/airflow/example_dags/example_external_task_marker_dag.py for tasks to queue
[2025-03-23T22:49:50.705+0000] {logging_mixin.py:137} INFO - [2025-03-23T22:49:50.705+0000] {dagbag.py:538} INFO - Filling up the DagBag from /home/airflow/.local/lib/python3.7/site-packages/airflow/example_dags/example_external_task_marker_dag.py
[2025-03-23T22:49:50.734+0000] {processor.py:753} INFO - DAG(s) dict_keys(['example_external_task_marker_parent', 'example_external_task_marker_child']) retrieved from /home/airflow/.local/lib/python3.7/site-packages/airflow/example_dags/example_external_task_marker_dag.py
[2025-03-23T22:49:50.829+0000] {logging_mixin.py:137} INFO - [2025-03-23T22:49:50.829+0000] {dag.py:2676} INFO - Sync 2 DAGs
[2025-03-23T22:49:50.881+0000] {logging_mixin.py:137} INFO - [2025-03-23T22:49:50.880+0000] {dag.py:3427} INFO - Setting next_dagrun for example_external_task_marker_child to None, run_after=None
[2025-03-23T22:49:50.888+0000] {logging_mixin.py:137} INFO - [2025-03-23T22:49:50.888+0000] {dag.py:3427} INFO - Setting next_dagrun for example_external_task_marker_parent to None, run_after=None
[2025-03-23T22:49:50.920+0000] {processor.py:175} INFO - Processing /home/airflow/.local/lib/python3.7/site-packages/airflow/example_dags/example_external_task_marker_dag.py took 0.223 seconds
[2025-03-23T22:59:18.434+0000] {processor.py:153} INFO - Started process (PID=60) to work on /home/airflow/.local/lib/python3.7/site-packages/airflow/example_dags/example_external_task_marker_dag.py
[2025-03-23T22:59:18.435+0000] {processor.py:743} INFO - Processing file /home/airflow/.local/lib/python3.7/site-packages/airflow/example_dags/example_external_task_marker_dag.py for tasks to queue
[2025-03-23T22:59:18.435+0000] {logging_mixin.py:137} INFO - [2025-03-23T22:59:18.435+0000] {dagbag.py:538} INFO - Filling up the DagBag from /home/airflow/.local/lib/python3.7/site-packages/airflow/example_dags/example_external_task_marker_dag.py
[2025-03-23T22:59:18.462+0000] {processor.py:753} INFO - DAG(s) dict_keys(['example_external_task_marker_parent', 'example_external_task_marker_child']) retrieved from /home/airflow/.local/lib/python3.7/site-packages/airflow/example_dags/example_external_task_marker_dag.py
[2025-03-23T22:59:18.671+0000] {logging_mixin.py:137} INFO - [2025-03-23T22:59:18.671+0000] {manager.py:504} INFO - Created Permission View: can read on DAG:example_external_task_marker_parent
[2025-03-23T22:59:18.684+0000] {logging_mixin.py:137} INFO - [2025-03-23T22:59:18.684+0000] {manager.py:504} INFO - Created Permission View: can delete on DAG:example_external_task_marker_parent
[2025-03-23T22:59:18.693+0000] {logging_mixin.py:137} INFO - [2025-03-23T22:59:18.692+0000] {manager.py:504} INFO - Created Permission View: can edit on DAG:example_external_task_marker_parent
[2025-03-23T22:59:18.711+0000] {logging_mixin.py:137} INFO - [2025-03-23T22:59:18.710+0000] {manager.py:504} INFO - Created Permission View: can read on DAG:example_external_task_marker_child
[2025-03-23T22:59:18.720+0000] {logging_mixin.py:137} INFO - [2025-03-23T22:59:18.720+0000] {manager.py:504} INFO - Created Permission View: can delete on DAG:example_external_task_marker_child
[2025-03-23T22:59:18.732+0000] {logging_mixin.py:137} INFO - [2025-03-23T22:59:18.732+0000] {manager.py:504} INFO - Created Permission View: can edit on DAG:example_external_task_marker_child
[2025-03-23T22:59:18.733+0000] {logging_mixin.py:137} INFO - [2025-03-23T22:59:18.732+0000] {dag.py:2676} INFO - Sync 2 DAGs
[2025-03-23T22:59:18.749+0000] {logging_mixin.py:137} INFO - [2025-03-23T22:59:18.749+0000] {dag.py:2697} INFO - Creating ORM DAG for example_external_task_marker_child
[2025-03-23T22:59:18.749+0000] {logging_mixin.py:137} INFO - [2025-03-23T22:59:18.749+0000] {dag.py:2697} INFO - Creating ORM DAG for example_external_task_marker_parent
[2025-03-23T22:59:18.766+0000] {logging_mixin.py:137} INFO - [2025-03-23T22:59:18.766+0000] {dag.py:3427} INFO - Setting next_dagrun for example_external_task_marker_child to None, run_after=None
[2025-03-23T22:59:18.767+0000] {logging_mixin.py:137} INFO - [2025-03-23T22:59:18.767+0000] {dag.py:3427} INFO - Setting next_dagrun for example_external_task_marker_parent to None, run_after=None
[2025-03-23T22:59:18.797+0000] {processor.py:175} INFO - Processing /home/airflow/.local/lib/python3.7/site-packages/airflow/example_dags/example_external_task_marker_dag.py took 0.366 seconds
[2025-03-23T22:59:49.690+0000] {processor.py:153} INFO - Started process (PID=130) to work on /home/airflow/.local/lib/python3.7/site-packages/airflow/example_dags/example_external_task_marker_dag.py
[2025-03-23T22:59:49.699+0000] {processor.py:743} INFO - Processing file /home/airflow/.local/lib/python3.7/site-packages/airflow/example_dags/example_external_task_marker_dag.py for tasks to queue
[2025-03-23T22:59:49.701+0000] {logging_mixin.py:137} INFO - [2025-03-23T22:59:49.700+0000] {dagbag.py:538} INFO - Filling up the DagBag from /home/airflow/.local/lib/python3.7/site-packages/airflow/example_dags/example_external_task_marker_dag.py
[2025-03-23T22:59:49.733+0000] {processor.py:753} INFO - DAG(s) dict_keys(['example_external_task_marker_child', 'example_external_task_marker_parent']) retrieved from /home/airflow/.local/lib/python3.7/site-packages/airflow/example_dags/example_external_task_marker_dag.py
[2025-03-23T22:59:49.784+0000] {logging_mixin.py:137} INFO - [2025-03-23T22:59:49.784+0000] {dag.py:2676} INFO - Sync 2 DAGs
[2025-03-23T22:59:49.810+0000] {logging_mixin.py:137} INFO - [2025-03-23T22:59:49.809+0000] {dag.py:3427} INFO - Setting next_dagrun for example_external_task_marker_child to None, run_after=None
[2025-03-23T22:59:49.814+0000] {logging_mixin.py:137} INFO - [2025-03-23T22:59:49.814+0000] {dag.py:3427} INFO - Setting next_dagrun for example_external_task_marker_parent to None, run_after=None
[2025-03-23T22:59:49.841+0000] {processor.py:175} INFO - Processing /home/airflow/.local/lib/python3.7/site-packages/airflow/example_dags/example_external_task_marker_dag.py took 0.155 seconds
[2025-03-23T23:00:20.568+0000] {processor.py:153} INFO - Started process (PID=217) to work on /home/airflow/.local/lib/python3.7/site-packages/airflow/example_dags/example_external_task_marker_dag.py
[2025-03-23T23:00:20.577+0000] {processor.py:743} INFO - Processing file /home/airflow/.local/lib/python3.7/site-packages/airflow/example_dags/example_external_task_marker_dag.py for tasks to queue
[2025-03-23T23:00:20.578+0000] {logging_mixin.py:137} INFO - [2025-03-23T23:00:20.577+0000] {dagbag.py:538} INFO - Filling up the DagBag from /home/airflow/.local/lib/python3.7/site-packages/airflow/example_dags/example_external_task_marker_dag.py
[2025-03-23T23:00:20.601+0000] {processor.py:753} INFO - DAG(s) dict_keys(['example_external_task_marker_child', 'example_external_task_marker_parent']) retrieved from /home/airflow/.local/lib/python3.7/site-packages/airflow/example_dags/example_external_task_marker_dag.py
[2025-03-23T23:00:20.665+0000] {logging_mixin.py:137} INFO - [2025-03-23T23:00:20.664+0000] {dag.py:2676} INFO - Sync 2 DAGs
[2025-03-23T23:00:20.710+0000] {logging_mixin.py:137} INFO - [2025-03-23T23:00:20.710+0000] {dag.py:3427} INFO - Setting next_dagrun for example_external_task_marker_child to None, run_after=None
[2025-03-23T23:00:20.721+0000] {logging_mixin.py:137} INFO - [2025-03-23T23:00:20.720+0000] {dag.py:3427} INFO - Setting next_dagrun for example_external_task_marker_parent to None, run_after=None
[2025-03-23T23:00:20.769+0000] {processor.py:175} INFO - Processing /home/airflow/.local/lib/python3.7/site-packages/airflow/example_dags/example_external_task_marker_dag.py took 0.206 seconds
[2025-03-23T23:00:51.125+0000] {processor.py:153} INFO - Started process (PID=287) to work on /home/airflow/.local/lib/python3.7/site-packages/airflow/example_dags/example_external_task_marker_dag.py
[2025-03-23T23:00:51.127+0000] {processor.py:743} INFO - Processing file /home/airflow/.local/lib/python3.7/site-packages/airflow/example_dags/example_external_task_marker_dag.py for tasks to queue
[2025-03-23T23:00:51.128+0000] {logging_mixin.py:137} INFO - [2025-03-23T23:00:51.128+0000] {dagbag.py:538} INFO - Filling up the DagBag from /home/airflow/.local/lib/python3.7/site-packages/airflow/example_dags/example_external_task_marker_dag.py
[2025-03-23T23:00:51.159+0000] {processor.py:753} INFO - DAG(s) dict_keys(['example_external_task_marker_parent', 'example_external_task_marker_child']) retrieved from /home/airflow/.local/lib/python3.7/site-packages/airflow/example_dags/example_external_task_marker_dag.py
[2025-03-23T23:00:51.217+0000] {logging_mixin.py:137} INFO - [2025-03-23T23:00:51.217+0000] {dag.py:2676} INFO - Sync 2 DAGs
[2025-03-23T23:00:51.273+0000] {logging_mixin.py:137} INFO - [2025-03-23T23:00:51.273+0000] {dag.py:3427} INFO - Setting next_dagrun for example_external_task_marker_child to None, run_after=None
[2025-03-23T23:00:51.279+0000] {logging_mixin.py:137} INFO - [2025-03-23T23:00:51.279+0000] {dag.py:3427} INFO - Setting next_dagrun for example_external_task_marker_parent to None, run_after=None
[2025-03-23T23:00:51.325+0000] {processor.py:175} INFO - Processing /home/airflow/.local/lib/python3.7/site-packages/airflow/example_dags/example_external_task_marker_dag.py took 0.208 seconds
