[2025-03-23T22:47:50.256+0000] {processor.py:153} INFO - Started process (PID=68) to work on /home/airflow/.local/lib/python3.7/site-packages/airflow/example_dags/example_bash_operator.py
[2025-03-23T22:47:50.257+0000] {processor.py:743} INFO - Processing file /home/airflow/.local/lib/python3.7/site-packages/airflow/example_dags/example_bash_operator.py for tasks to queue
[2025-03-23T22:47:50.258+0000] {logging_mixin.py:137} INFO - [2025-03-23T22:47:50.258+0000] {dagbag.py:538} INFO - Filling up the DagBag from /home/airflow/.local/lib/python3.7/site-packages/airflow/example_dags/example_bash_operator.py
[2025-03-23T22:47:50.293+0000] {processor.py:753} INFO - DAG(s) dict_keys(['example_bash_operator']) retrieved from /home/airflow/.local/lib/python3.7/site-packages/airflow/example_dags/example_bash_operator.py
[2025-03-23T22:47:50.505+0000] {logging_mixin.py:137} INFO - [2025-03-23T22:47:50.505+0000] {manager.py:504} INFO - Created Permission View: can edit on DAG:example_bash_operator
[2025-03-23T22:47:50.519+0000] {logging_mixin.py:137} INFO - [2025-03-23T22:47:50.518+0000] {manager.py:504} INFO - Created Permission View: can delete on DAG:example_bash_operator
[2025-03-23T22:47:50.530+0000] {logging_mixin.py:137} INFO - [2025-03-23T22:47:50.530+0000] {manager.py:504} INFO - Created Permission View: can read on DAG:example_bash_operator
[2025-03-23T22:47:50.531+0000] {logging_mixin.py:137} INFO - [2025-03-23T22:47:50.531+0000] {dag.py:2676} INFO - Sync 1 DAGs
[2025-03-23T22:47:50.547+0000] {logging_mixin.py:137} INFO - [2025-03-23T22:47:50.546+0000] {dag.py:2697} INFO - Creating ORM DAG for example_bash_operator
[2025-03-23T22:47:50.567+0000] {logging_mixin.py:137} INFO - [2025-03-23T22:47:50.567+0000] {dag.py:3427} INFO - Setting next_dagrun for example_bash_operator to 2025-03-22T00:00:00+00:00, run_after=2025-03-23T00:00:00+00:00
[2025-03-23T22:47:50.595+0000] {processor.py:175} INFO - Processing /home/airflow/.local/lib/python3.7/site-packages/airflow/example_dags/example_bash_operator.py took 0.342 seconds
[2025-03-23T22:48:21.216+0000] {processor.py:153} INFO - Started process (PID=138) to work on /home/airflow/.local/lib/python3.7/site-packages/airflow/example_dags/example_bash_operator.py
[2025-03-23T22:48:21.217+0000] {processor.py:743} INFO - Processing file /home/airflow/.local/lib/python3.7/site-packages/airflow/example_dags/example_bash_operator.py for tasks to queue
[2025-03-23T22:48:21.218+0000] {logging_mixin.py:137} INFO - [2025-03-23T22:48:21.218+0000] {dagbag.py:538} INFO - Filling up the DagBag from /home/airflow/.local/lib/python3.7/site-packages/airflow/example_dags/example_bash_operator.py
[2025-03-23T22:48:21.248+0000] {processor.py:753} INFO - DAG(s) dict_keys(['example_bash_operator']) retrieved from /home/airflow/.local/lib/python3.7/site-packages/airflow/example_dags/example_bash_operator.py
[2025-03-23T22:48:21.310+0000] {logging_mixin.py:137} INFO - [2025-03-23T22:48:21.309+0000] {dag.py:2676} INFO - Sync 1 DAGs
[2025-03-23T22:48:21.347+0000] {logging_mixin.py:137} INFO - [2025-03-23T22:48:21.347+0000] {dag.py:3427} INFO - Setting next_dagrun for example_bash_operator to 2025-03-22T00:00:00+00:00, run_after=2025-03-23T00:00:00+00:00
[2025-03-23T22:48:21.377+0000] {processor.py:175} INFO - Processing /home/airflow/.local/lib/python3.7/site-packages/airflow/example_dags/example_bash_operator.py took 0.164 seconds
[2025-03-23T22:48:51.945+0000] {processor.py:153} INFO - Started process (PID=224) to work on /home/airflow/.local/lib/python3.7/site-packages/airflow/example_dags/example_bash_operator.py
[2025-03-23T22:48:51.946+0000] {processor.py:743} INFO - Processing file /home/airflow/.local/lib/python3.7/site-packages/airflow/example_dags/example_bash_operator.py for tasks to queue
[2025-03-23T22:48:51.946+0000] {logging_mixin.py:137} INFO - [2025-03-23T22:48:51.946+0000] {dagbag.py:538} INFO - Filling up the DagBag from /home/airflow/.local/lib/python3.7/site-packages/airflow/example_dags/example_bash_operator.py
[2025-03-23T22:48:51.989+0000] {processor.py:753} INFO - DAG(s) dict_keys(['example_bash_operator']) retrieved from /home/airflow/.local/lib/python3.7/site-packages/airflow/example_dags/example_bash_operator.py
[2025-03-23T22:48:52.062+0000] {logging_mixin.py:137} INFO - [2025-03-23T22:48:52.061+0000] {dag.py:2676} INFO - Sync 1 DAGs
[2025-03-23T22:48:52.095+0000] {logging_mixin.py:137} INFO - [2025-03-23T22:48:52.094+0000] {dag.py:3427} INFO - Setting next_dagrun for example_bash_operator to 2025-03-22T00:00:00+00:00, run_after=2025-03-23T00:00:00+00:00
[2025-03-23T22:48:52.125+0000] {processor.py:175} INFO - Processing /home/airflow/.local/lib/python3.7/site-packages/airflow/example_dags/example_bash_operator.py took 0.184 seconds
[2025-03-23T22:49:22.211+0000] {processor.py:153} INFO - Started process (PID=294) to work on /home/airflow/.local/lib/python3.7/site-packages/airflow/example_dags/example_bash_operator.py
[2025-03-23T22:49:22.212+0000] {processor.py:743} INFO - Processing file /home/airflow/.local/lib/python3.7/site-packages/airflow/example_dags/example_bash_operator.py for tasks to queue
[2025-03-23T22:49:22.213+0000] {logging_mixin.py:137} INFO - [2025-03-23T22:49:22.213+0000] {dagbag.py:538} INFO - Filling up the DagBag from /home/airflow/.local/lib/python3.7/site-packages/airflow/example_dags/example_bash_operator.py
[2025-03-23T22:49:22.256+0000] {processor.py:753} INFO - DAG(s) dict_keys(['example_bash_operator']) retrieved from /home/airflow/.local/lib/python3.7/site-packages/airflow/example_dags/example_bash_operator.py
[2025-03-23T22:49:22.372+0000] {logging_mixin.py:137} INFO - [2025-03-23T22:49:22.372+0000] {dag.py:2676} INFO - Sync 1 DAGs
[2025-03-23T22:49:22.421+0000] {logging_mixin.py:137} INFO - [2025-03-23T22:49:22.421+0000] {dag.py:3427} INFO - Setting next_dagrun for example_bash_operator to 2025-03-22T00:00:00+00:00, run_after=2025-03-23T00:00:00+00:00
[2025-03-23T22:49:22.469+0000] {processor.py:175} INFO - Processing /home/airflow/.local/lib/python3.7/site-packages/airflow/example_dags/example_bash_operator.py took 0.263 seconds
[2025-03-23T22:49:52.663+0000] {processor.py:153} INFO - Started process (PID=371) to work on /home/airflow/.local/lib/python3.7/site-packages/airflow/example_dags/example_bash_operator.py
[2025-03-23T22:49:52.664+0000] {processor.py:743} INFO - Processing file /home/airflow/.local/lib/python3.7/site-packages/airflow/example_dags/example_bash_operator.py for tasks to queue
[2025-03-23T22:49:52.665+0000] {logging_mixin.py:137} INFO - [2025-03-23T22:49:52.665+0000] {dagbag.py:538} INFO - Filling up the DagBag from /home/airflow/.local/lib/python3.7/site-packages/airflow/example_dags/example_bash_operator.py
[2025-03-23T22:49:52.691+0000] {processor.py:753} INFO - DAG(s) dict_keys(['example_bash_operator']) retrieved from /home/airflow/.local/lib/python3.7/site-packages/airflow/example_dags/example_bash_operator.py
[2025-03-23T22:49:52.774+0000] {logging_mixin.py:137} INFO - [2025-03-23T22:49:52.774+0000] {dag.py:2676} INFO - Sync 1 DAGs
[2025-03-23T22:49:52.829+0000] {logging_mixin.py:137} INFO - [2025-03-23T22:49:52.828+0000] {dag.py:3427} INFO - Setting next_dagrun for example_bash_operator to 2025-03-22T00:00:00+00:00, run_after=2025-03-23T00:00:00+00:00
[2025-03-23T22:49:52.858+0000] {processor.py:175} INFO - Processing /home/airflow/.local/lib/python3.7/site-packages/airflow/example_dags/example_bash_operator.py took 0.198 seconds
[2025-03-23T22:59:19.808+0000] {processor.py:153} INFO - Started process (PID=68) to work on /home/airflow/.local/lib/python3.7/site-packages/airflow/example_dags/example_bash_operator.py
[2025-03-23T22:59:19.809+0000] {processor.py:743} INFO - Processing file /home/airflow/.local/lib/python3.7/site-packages/airflow/example_dags/example_bash_operator.py for tasks to queue
[2025-03-23T22:59:19.810+0000] {logging_mixin.py:137} INFO - [2025-03-23T22:59:19.810+0000] {dagbag.py:538} INFO - Filling up the DagBag from /home/airflow/.local/lib/python3.7/site-packages/airflow/example_dags/example_bash_operator.py
[2025-03-23T22:59:19.841+0000] {processor.py:753} INFO - DAG(s) dict_keys(['example_bash_operator']) retrieved from /home/airflow/.local/lib/python3.7/site-packages/airflow/example_dags/example_bash_operator.py
[2025-03-23T22:59:20.012+0000] {logging_mixin.py:137} INFO - [2025-03-23T22:59:20.011+0000] {manager.py:504} INFO - Created Permission View: can read on DAG:example_bash_operator
[2025-03-23T22:59:20.024+0000] {logging_mixin.py:137} INFO - [2025-03-23T22:59:20.023+0000] {manager.py:504} INFO - Created Permission View: can delete on DAG:example_bash_operator
[2025-03-23T22:59:20.036+0000] {logging_mixin.py:137} INFO - [2025-03-23T22:59:20.036+0000] {manager.py:504} INFO - Created Permission View: can edit on DAG:example_bash_operator
[2025-03-23T22:59:20.036+0000] {logging_mixin.py:137} INFO - [2025-03-23T22:59:20.036+0000] {dag.py:2676} INFO - Sync 1 DAGs
[2025-03-23T22:59:20.063+0000] {logging_mixin.py:137} INFO - [2025-03-23T22:59:20.063+0000] {dag.py:2697} INFO - Creating ORM DAG for example_bash_operator
[2025-03-23T22:59:20.082+0000] {logging_mixin.py:137} INFO - [2025-03-23T22:59:20.082+0000] {dag.py:3427} INFO - Setting next_dagrun for example_bash_operator to 2025-03-22T00:00:00+00:00, run_after=2025-03-23T00:00:00+00:00
[2025-03-23T22:59:20.113+0000] {processor.py:175} INFO - Processing /home/airflow/.local/lib/python3.7/site-packages/airflow/example_dags/example_bash_operator.py took 0.309 seconds
[2025-03-23T22:59:50.740+0000] {processor.py:153} INFO - Started process (PID=138) to work on /home/airflow/.local/lib/python3.7/site-packages/airflow/example_dags/example_bash_operator.py
[2025-03-23T22:59:50.742+0000] {processor.py:743} INFO - Processing file /home/airflow/.local/lib/python3.7/site-packages/airflow/example_dags/example_bash_operator.py for tasks to queue
[2025-03-23T22:59:50.743+0000] {logging_mixin.py:137} INFO - [2025-03-23T22:59:50.743+0000] {dagbag.py:538} INFO - Filling up the DagBag from /home/airflow/.local/lib/python3.7/site-packages/airflow/example_dags/example_bash_operator.py
[2025-03-23T22:59:50.795+0000] {processor.py:753} INFO - DAG(s) dict_keys(['example_bash_operator']) retrieved from /home/airflow/.local/lib/python3.7/site-packages/airflow/example_dags/example_bash_operator.py
[2025-03-23T22:59:50.883+0000] {logging_mixin.py:137} INFO - [2025-03-23T22:59:50.882+0000] {dag.py:2676} INFO - Sync 1 DAGs
[2025-03-23T22:59:50.933+0000] {logging_mixin.py:137} INFO - [2025-03-23T22:59:50.933+0000] {dag.py:3427} INFO - Setting next_dagrun for example_bash_operator to 2025-03-22T00:00:00+00:00, run_after=2025-03-23T00:00:00+00:00
[2025-03-23T22:59:50.964+0000] {processor.py:175} INFO - Processing /home/airflow/.local/lib/python3.7/site-packages/airflow/example_dags/example_bash_operator.py took 0.233 seconds
[2025-03-23T23:00:21.363+0000] {processor.py:153} INFO - Started process (PID=225) to work on /home/airflow/.local/lib/python3.7/site-packages/airflow/example_dags/example_bash_operator.py
[2025-03-23T23:00:21.364+0000] {processor.py:743} INFO - Processing file /home/airflow/.local/lib/python3.7/site-packages/airflow/example_dags/example_bash_operator.py for tasks to queue
[2025-03-23T23:00:21.365+0000] {logging_mixin.py:137} INFO - [2025-03-23T23:00:21.364+0000] {dagbag.py:538} INFO - Filling up the DagBag from /home/airflow/.local/lib/python3.7/site-packages/airflow/example_dags/example_bash_operator.py
[2025-03-23T23:00:21.390+0000] {processor.py:753} INFO - DAG(s) dict_keys(['example_bash_operator']) retrieved from /home/airflow/.local/lib/python3.7/site-packages/airflow/example_dags/example_bash_operator.py
[2025-03-23T23:00:21.457+0000] {logging_mixin.py:137} INFO - [2025-03-23T23:00:21.456+0000] {dag.py:2676} INFO - Sync 1 DAGs
[2025-03-23T23:00:21.488+0000] {logging_mixin.py:137} INFO - [2025-03-23T23:00:21.488+0000] {dag.py:3427} INFO - Setting next_dagrun for example_bash_operator to 2025-03-22T00:00:00+00:00, run_after=2025-03-23T00:00:00+00:00
[2025-03-23T23:00:21.508+0000] {processor.py:175} INFO - Processing /home/airflow/.local/lib/python3.7/site-packages/airflow/example_dags/example_bash_operator.py took 0.149 seconds
[2025-03-23T23:00:51.988+0000] {processor.py:153} INFO - Started process (PID=295) to work on /home/airflow/.local/lib/python3.7/site-packages/airflow/example_dags/example_bash_operator.py
[2025-03-23T23:00:51.989+0000] {processor.py:743} INFO - Processing file /home/airflow/.local/lib/python3.7/site-packages/airflow/example_dags/example_bash_operator.py for tasks to queue
[2025-03-23T23:00:51.989+0000] {logging_mixin.py:137} INFO - [2025-03-23T23:00:51.989+0000] {dagbag.py:538} INFO - Filling up the DagBag from /home/airflow/.local/lib/python3.7/site-packages/airflow/example_dags/example_bash_operator.py
[2025-03-23T23:00:52.026+0000] {processor.py:753} INFO - DAG(s) dict_keys(['example_bash_operator']) retrieved from /home/airflow/.local/lib/python3.7/site-packages/airflow/example_dags/example_bash_operator.py
[2025-03-23T23:00:52.089+0000] {logging_mixin.py:137} INFO - [2025-03-23T23:00:52.089+0000] {dag.py:2676} INFO - Sync 1 DAGs
[2025-03-23T23:00:52.126+0000] {logging_mixin.py:137} INFO - [2025-03-23T23:00:52.125+0000] {dag.py:3427} INFO - Setting next_dagrun for example_bash_operator to 2025-03-22T00:00:00+00:00, run_after=2025-03-23T00:00:00+00:00
[2025-03-23T23:00:52.152+0000] {processor.py:175} INFO - Processing /home/airflow/.local/lib/python3.7/site-packages/airflow/example_dags/example_bash_operator.py took 0.168 seconds
