[2025-03-23T22:47:48.054+0000] {processor.py:153} INFO - Started process (PID=57) to work on /home/airflow/.local/lib/python3.7/site-packages/airflow/example_dags/example_kubernetes_executor.py
[2025-03-23T22:47:48.055+0000] {processor.py:743} INFO - Processing file /home/airflow/.local/lib/python3.7/site-packages/airflow/example_dags/example_kubernetes_executor.py for tasks to queue
[2025-03-23T22:47:48.056+0000] {logging_mixin.py:137} INFO - [2025-03-23T22:47:48.056+0000] {dagbag.py:538} INFO - Filling up the DagBag from /home/airflow/.local/lib/python3.7/site-packages/airflow/example_dags/example_kubernetes_executor.py
[2025-03-23T22:47:48.126+0000] {processor.py:753} INFO - DAG(s) dict_keys(['example_kubernetes_executor']) retrieved from /home/airflow/.local/lib/python3.7/site-packages/airflow/example_dags/example_kubernetes_executor.py
[2025-03-23T22:47:48.377+0000] {logging_mixin.py:137} INFO - [2025-03-23T22:47:48.377+0000] {manager.py:504} INFO - Created Permission View: can edit on DAG:example_kubernetes_executor
[2025-03-23T22:47:48.400+0000] {logging_mixin.py:137} INFO - [2025-03-23T22:47:48.400+0000] {manager.py:504} INFO - Created Permission View: can delete on DAG:example_kubernetes_executor
[2025-03-23T22:47:48.420+0000] {logging_mixin.py:137} INFO - [2025-03-23T22:47:48.419+0000] {manager.py:504} INFO - Created Permission View: can read on DAG:example_kubernetes_executor
[2025-03-23T22:47:48.420+0000] {logging_mixin.py:137} INFO - [2025-03-23T22:47:48.420+0000] {dag.py:2676} INFO - Sync 1 DAGs
[2025-03-23T22:47:48.442+0000] {logging_mixin.py:137} INFO - [2025-03-23T22:47:48.442+0000] {dag.py:2697} INFO - Creating ORM DAG for example_kubernetes_executor
[2025-03-23T22:47:48.466+0000] {logging_mixin.py:137} INFO - [2025-03-23T22:47:48.465+0000] {dag.py:3427} INFO - Setting next_dagrun for example_kubernetes_executor to None, run_after=None
[2025-03-23T22:47:48.508+0000] {processor.py:175} INFO - Processing /home/airflow/.local/lib/python3.7/site-packages/airflow/example_dags/example_kubernetes_executor.py took 0.460 seconds
[2025-03-23T22:48:19.054+0000] {processor.py:153} INFO - Started process (PID=127) to work on /home/airflow/.local/lib/python3.7/site-packages/airflow/example_dags/example_kubernetes_executor.py
[2025-03-23T22:48:19.055+0000] {processor.py:743} INFO - Processing file /home/airflow/.local/lib/python3.7/site-packages/airflow/example_dags/example_kubernetes_executor.py for tasks to queue
[2025-03-23T22:48:19.055+0000] {logging_mixin.py:137} INFO - [2025-03-23T22:48:19.055+0000] {dagbag.py:538} INFO - Filling up the DagBag from /home/airflow/.local/lib/python3.7/site-packages/airflow/example_dags/example_kubernetes_executor.py
[2025-03-23T22:48:19.087+0000] {processor.py:753} INFO - DAG(s) dict_keys(['example_kubernetes_executor']) retrieved from /home/airflow/.local/lib/python3.7/site-packages/airflow/example_dags/example_kubernetes_executor.py
[2025-03-23T22:48:19.134+0000] {logging_mixin.py:137} INFO - [2025-03-23T22:48:19.133+0000] {dag.py:2676} INFO - Sync 1 DAGs
[2025-03-23T22:48:19.162+0000] {logging_mixin.py:137} INFO - [2025-03-23T22:48:19.162+0000] {dag.py:3427} INFO - Setting next_dagrun for example_kubernetes_executor to None, run_after=None
[2025-03-23T22:48:19.186+0000] {processor.py:175} INFO - Processing /home/airflow/.local/lib/python3.7/site-packages/airflow/example_dags/example_kubernetes_executor.py took 0.137 seconds
[2025-03-23T22:48:49.430+0000] {processor.py:153} INFO - Started process (PID=206) to work on /home/airflow/.local/lib/python3.7/site-packages/airflow/example_dags/example_kubernetes_executor.py
[2025-03-23T22:48:49.431+0000] {processor.py:743} INFO - Processing file /home/airflow/.local/lib/python3.7/site-packages/airflow/example_dags/example_kubernetes_executor.py for tasks to queue
[2025-03-23T22:48:49.432+0000] {logging_mixin.py:137} INFO - [2025-03-23T22:48:49.432+0000] {dagbag.py:538} INFO - Filling up the DagBag from /home/airflow/.local/lib/python3.7/site-packages/airflow/example_dags/example_kubernetes_executor.py
[2025-03-23T22:48:49.481+0000] {processor.py:753} INFO - DAG(s) dict_keys(['example_kubernetes_executor']) retrieved from /home/airflow/.local/lib/python3.7/site-packages/airflow/example_dags/example_kubernetes_executor.py
[2025-03-23T22:48:49.534+0000] {logging_mixin.py:137} INFO - [2025-03-23T22:48:49.534+0000] {dag.py:2676} INFO - Sync 1 DAGs
[2025-03-23T22:48:49.567+0000] {logging_mixin.py:137} INFO - [2025-03-23T22:48:49.566+0000] {dag.py:3427} INFO - Setting next_dagrun for example_kubernetes_executor to None, run_after=None
[2025-03-23T22:48:49.602+0000] {processor.py:175} INFO - Processing /home/airflow/.local/lib/python3.7/site-packages/airflow/example_dags/example_kubernetes_executor.py took 0.178 seconds
[2025-03-23T22:49:19.899+0000] {processor.py:153} INFO - Started process (PID=283) to work on /home/airflow/.local/lib/python3.7/site-packages/airflow/example_dags/example_kubernetes_executor.py
[2025-03-23T22:49:19.900+0000] {processor.py:743} INFO - Processing file /home/airflow/.local/lib/python3.7/site-packages/airflow/example_dags/example_kubernetes_executor.py for tasks to queue
[2025-03-23T22:49:19.901+0000] {logging_mixin.py:137} INFO - [2025-03-23T22:49:19.901+0000] {dagbag.py:538} INFO - Filling up the DagBag from /home/airflow/.local/lib/python3.7/site-packages/airflow/example_dags/example_kubernetes_executor.py
[2025-03-23T22:49:19.964+0000] {processor.py:753} INFO - DAG(s) dict_keys(['example_kubernetes_executor']) retrieved from /home/airflow/.local/lib/python3.7/site-packages/airflow/example_dags/example_kubernetes_executor.py
[2025-03-23T22:49:20.041+0000] {logging_mixin.py:137} INFO - [2025-03-23T22:49:20.040+0000] {dag.py:2676} INFO - Sync 1 DAGs
[2025-03-23T22:49:20.071+0000] {logging_mixin.py:137} INFO - [2025-03-23T22:49:20.071+0000] {dag.py:3427} INFO - Setting next_dagrun for example_kubernetes_executor to None, run_after=None
[2025-03-23T22:49:20.095+0000] {processor.py:175} INFO - Processing /home/airflow/.local/lib/python3.7/site-packages/airflow/example_dags/example_kubernetes_executor.py took 0.199 seconds
[2025-03-23T22:49:50.288+0000] {processor.py:153} INFO - Started process (PID=353) to work on /home/airflow/.local/lib/python3.7/site-packages/airflow/example_dags/example_kubernetes_executor.py
[2025-03-23T22:49:50.289+0000] {processor.py:743} INFO - Processing file /home/airflow/.local/lib/python3.7/site-packages/airflow/example_dags/example_kubernetes_executor.py for tasks to queue
[2025-03-23T22:49:50.289+0000] {logging_mixin.py:137} INFO - [2025-03-23T22:49:50.289+0000] {dagbag.py:538} INFO - Filling up the DagBag from /home/airflow/.local/lib/python3.7/site-packages/airflow/example_dags/example_kubernetes_executor.py
[2025-03-23T22:49:50.326+0000] {processor.py:753} INFO - DAG(s) dict_keys(['example_kubernetes_executor']) retrieved from /home/airflow/.local/lib/python3.7/site-packages/airflow/example_dags/example_kubernetes_executor.py
[2025-03-23T22:49:50.385+0000] {logging_mixin.py:137} INFO - [2025-03-23T22:49:50.385+0000] {dag.py:2676} INFO - Sync 1 DAGs
[2025-03-23T22:49:50.421+0000] {logging_mixin.py:137} INFO - [2025-03-23T22:49:50.421+0000] {dag.py:3427} INFO - Setting next_dagrun for example_kubernetes_executor to None, run_after=None
[2025-03-23T22:49:50.452+0000] {processor.py:175} INFO - Processing /home/airflow/.local/lib/python3.7/site-packages/airflow/example_dags/example_kubernetes_executor.py took 0.167 seconds
[2025-03-23T22:59:17.621+0000] {processor.py:153} INFO - Started process (PID=57) to work on /home/airflow/.local/lib/python3.7/site-packages/airflow/example_dags/example_kubernetes_executor.py
[2025-03-23T22:59:17.622+0000] {processor.py:743} INFO - Processing file /home/airflow/.local/lib/python3.7/site-packages/airflow/example_dags/example_kubernetes_executor.py for tasks to queue
[2025-03-23T22:59:17.624+0000] {logging_mixin.py:137} INFO - [2025-03-23T22:59:17.623+0000] {dagbag.py:538} INFO - Filling up the DagBag from /home/airflow/.local/lib/python3.7/site-packages/airflow/example_dags/example_kubernetes_executor.py
[2025-03-23T22:59:17.677+0000] {processor.py:753} INFO - DAG(s) dict_keys(['example_kubernetes_executor']) retrieved from /home/airflow/.local/lib/python3.7/site-packages/airflow/example_dags/example_kubernetes_executor.py
[2025-03-23T22:59:17.860+0000] {logging_mixin.py:137} INFO - [2025-03-23T22:59:17.860+0000] {manager.py:504} INFO - Created Permission View: can read on DAG:example_kubernetes_executor
[2025-03-23T22:59:17.880+0000] {logging_mixin.py:137} INFO - [2025-03-23T22:59:17.880+0000] {manager.py:504} INFO - Created Permission View: can delete on DAG:example_kubernetes_executor
[2025-03-23T22:59:17.898+0000] {logging_mixin.py:137} INFO - [2025-03-23T22:59:17.897+0000] {manager.py:504} INFO - Created Permission View: can edit on DAG:example_kubernetes_executor
[2025-03-23T22:59:17.898+0000] {logging_mixin.py:137} INFO - [2025-03-23T22:59:17.898+0000] {dag.py:2676} INFO - Sync 1 DAGs
[2025-03-23T22:59:17.927+0000] {logging_mixin.py:137} INFO - [2025-03-23T22:59:17.927+0000] {dag.py:2697} INFO - Creating ORM DAG for example_kubernetes_executor
[2025-03-23T22:59:17.955+0000] {logging_mixin.py:137} INFO - [2025-03-23T22:59:17.954+0000] {dag.py:3427} INFO - Setting next_dagrun for example_kubernetes_executor to None, run_after=None
[2025-03-23T22:59:18.004+0000] {processor.py:175} INFO - Processing /home/airflow/.local/lib/python3.7/site-packages/airflow/example_dags/example_kubernetes_executor.py took 0.387 seconds
[2025-03-23T22:59:48.256+0000] {processor.py:153} INFO - Started process (PID=127) to work on /home/airflow/.local/lib/python3.7/site-packages/airflow/example_dags/example_kubernetes_executor.py
[2025-03-23T22:59:48.257+0000] {processor.py:743} INFO - Processing file /home/airflow/.local/lib/python3.7/site-packages/airflow/example_dags/example_kubernetes_executor.py for tasks to queue
[2025-03-23T22:59:48.258+0000] {logging_mixin.py:137} INFO - [2025-03-23T22:59:48.258+0000] {dagbag.py:538} INFO - Filling up the DagBag from /home/airflow/.local/lib/python3.7/site-packages/airflow/example_dags/example_kubernetes_executor.py
[2025-03-23T22:59:48.300+0000] {processor.py:753} INFO - DAG(s) dict_keys(['example_kubernetes_executor']) retrieved from /home/airflow/.local/lib/python3.7/site-packages/airflow/example_dags/example_kubernetes_executor.py
[2025-03-23T22:59:48.357+0000] {logging_mixin.py:137} INFO - [2025-03-23T22:59:48.357+0000] {dag.py:2676} INFO - Sync 1 DAGs
[2025-03-23T22:59:48.402+0000] {logging_mixin.py:137} INFO - [2025-03-23T22:59:48.402+0000] {dag.py:3427} INFO - Setting next_dagrun for example_kubernetes_executor to None, run_after=None
[2025-03-23T22:59:48.440+0000] {processor.py:175} INFO - Processing /home/airflow/.local/lib/python3.7/site-packages/airflow/example_dags/example_kubernetes_executor.py took 0.187 seconds
[2025-03-23T23:00:19.165+0000] {processor.py:153} INFO - Started process (PID=205) to work on /home/airflow/.local/lib/python3.7/site-packages/airflow/example_dags/example_kubernetes_executor.py
[2025-03-23T23:00:19.166+0000] {processor.py:743} INFO - Processing file /home/airflow/.local/lib/python3.7/site-packages/airflow/example_dags/example_kubernetes_executor.py for tasks to queue
[2025-03-23T23:00:19.167+0000] {logging_mixin.py:137} INFO - [2025-03-23T23:00:19.167+0000] {dagbag.py:538} INFO - Filling up the DagBag from /home/airflow/.local/lib/python3.7/site-packages/airflow/example_dags/example_kubernetes_executor.py
[2025-03-23T23:00:19.205+0000] {processor.py:753} INFO - DAG(s) dict_keys(['example_kubernetes_executor']) retrieved from /home/airflow/.local/lib/python3.7/site-packages/airflow/example_dags/example_kubernetes_executor.py
[2025-03-23T23:00:19.263+0000] {logging_mixin.py:137} INFO - [2025-03-23T23:00:19.263+0000] {dag.py:2676} INFO - Sync 1 DAGs
[2025-03-23T23:00:19.304+0000] {logging_mixin.py:137} INFO - [2025-03-23T23:00:19.304+0000] {dag.py:3427} INFO - Setting next_dagrun for example_kubernetes_executor to None, run_after=None
[2025-03-23T23:00:19.342+0000] {processor.py:175} INFO - Processing /home/airflow/.local/lib/python3.7/site-packages/airflow/example_dags/example_kubernetes_executor.py took 0.181 seconds
[2025-03-23T23:00:49.695+0000] {processor.py:153} INFO - Started process (PID=284) to work on /home/airflow/.local/lib/python3.7/site-packages/airflow/example_dags/example_kubernetes_executor.py
[2025-03-23T23:00:49.696+0000] {processor.py:743} INFO - Processing file /home/airflow/.local/lib/python3.7/site-packages/airflow/example_dags/example_kubernetes_executor.py for tasks to queue
[2025-03-23T23:00:49.697+0000] {logging_mixin.py:137} INFO - [2025-03-23T23:00:49.697+0000] {dagbag.py:538} INFO - Filling up the DagBag from /home/airflow/.local/lib/python3.7/site-packages/airflow/example_dags/example_kubernetes_executor.py
[2025-03-23T23:00:49.744+0000] {processor.py:753} INFO - DAG(s) dict_keys(['example_kubernetes_executor']) retrieved from /home/airflow/.local/lib/python3.7/site-packages/airflow/example_dags/example_kubernetes_executor.py
[2025-03-23T23:00:49.848+0000] {logging_mixin.py:137} INFO - [2025-03-23T23:00:49.848+0000] {dag.py:2676} INFO - Sync 1 DAGs
[2025-03-23T23:00:49.891+0000] {logging_mixin.py:137} INFO - [2025-03-23T23:00:49.891+0000] {dag.py:3427} INFO - Setting next_dagrun for example_kubernetes_executor to None, run_after=None
[2025-03-23T23:00:49.914+0000] {processor.py:175} INFO - Processing /home/airflow/.local/lib/python3.7/site-packages/airflow/example_dags/example_kubernetes_executor.py took 0.223 seconds
