[2025-03-23T22:47:49.543+0000] {processor.py:153} INFO - Started process (PID=64) to work on /home/airflow/.local/lib/python3.7/site-packages/airflow/example_dags/tutorial_taskflow_api.py
[2025-03-23T22:47:49.544+0000] {processor.py:743} INFO - Processing file /home/airflow/.local/lib/python3.7/site-packages/airflow/example_dags/tutorial_taskflow_api.py for tasks to queue
[2025-03-23T22:47:49.545+0000] {logging_mixin.py:137} INFO - [2025-03-23T22:47:49.545+0000] {dagbag.py:538} INFO - Filling up the DagBag from /home/airflow/.local/lib/python3.7/site-packages/airflow/example_dags/tutorial_taskflow_api.py
[2025-03-23T22:47:49.575+0000] {processor.py:753} INFO - DAG(s) dict_keys(['tutorial_taskflow_api']) retrieved from /home/airflow/.local/lib/python3.7/site-packages/airflow/example_dags/tutorial_taskflow_api.py
[2025-03-23T22:47:49.749+0000] {logging_mixin.py:137} INFO - [2025-03-23T22:47:49.749+0000] {manager.py:504} INFO - Created Permission View: can edit on DAG:tutorial_taskflow_api
[2025-03-23T22:47:49.759+0000] {logging_mixin.py:137} INFO - [2025-03-23T22:47:49.759+0000] {manager.py:504} INFO - Created Permission View: can delete on DAG:tutorial_taskflow_api
[2025-03-23T22:47:49.772+0000] {logging_mixin.py:137} INFO - [2025-03-23T22:47:49.771+0000] {manager.py:504} INFO - Created Permission View: can read on DAG:tutorial_taskflow_api
[2025-03-23T22:47:49.772+0000] {logging_mixin.py:137} INFO - [2025-03-23T22:47:49.772+0000] {dag.py:2676} INFO - Sync 1 DAGs
[2025-03-23T22:47:49.791+0000] {logging_mixin.py:137} INFO - [2025-03-23T22:47:49.791+0000] {dag.py:2697} INFO - Creating ORM DAG for tutorial_taskflow_api
[2025-03-23T22:47:49.814+0000] {logging_mixin.py:137} INFO - [2025-03-23T22:47:49.814+0000] {dag.py:3427} INFO - Setting next_dagrun for tutorial_taskflow_api to None, run_after=None
[2025-03-23T22:47:49.848+0000] {processor.py:175} INFO - Processing /home/airflow/.local/lib/python3.7/site-packages/airflow/example_dags/tutorial_taskflow_api.py took 0.307 seconds
[2025-03-23T22:48:20.748+0000] {processor.py:153} INFO - Started process (PID=134) to work on /home/airflow/.local/lib/python3.7/site-packages/airflow/example_dags/tutorial_taskflow_api.py
[2025-03-23T22:48:20.749+0000] {processor.py:743} INFO - Processing file /home/airflow/.local/lib/python3.7/site-packages/airflow/example_dags/tutorial_taskflow_api.py for tasks to queue
[2025-03-23T22:48:20.750+0000] {logging_mixin.py:137} INFO - [2025-03-23T22:48:20.750+0000] {dagbag.py:538} INFO - Filling up the DagBag from /home/airflow/.local/lib/python3.7/site-packages/airflow/example_dags/tutorial_taskflow_api.py
[2025-03-23T22:48:20.784+0000] {processor.py:753} INFO - DAG(s) dict_keys(['tutorial_taskflow_api']) retrieved from /home/airflow/.local/lib/python3.7/site-packages/airflow/example_dags/tutorial_taskflow_api.py
[2025-03-23T22:48:20.825+0000] {logging_mixin.py:137} INFO - [2025-03-23T22:48:20.825+0000] {dag.py:2676} INFO - Sync 1 DAGs
[2025-03-23T22:48:20.852+0000] {logging_mixin.py:137} INFO - [2025-03-23T22:48:20.852+0000] {dag.py:3427} INFO - Setting next_dagrun for tutorial_taskflow_api to None, run_after=None
[2025-03-23T22:48:20.875+0000] {processor.py:175} INFO - Processing /home/airflow/.local/lib/python3.7/site-packages/airflow/example_dags/tutorial_taskflow_api.py took 0.131 seconds
[2025-03-23T22:48:51.295+0000] {processor.py:153} INFO - Started process (PID=220) to work on /home/airflow/.local/lib/python3.7/site-packages/airflow/example_dags/tutorial_taskflow_api.py
[2025-03-23T22:48:51.296+0000] {processor.py:743} INFO - Processing file /home/airflow/.local/lib/python3.7/site-packages/airflow/example_dags/tutorial_taskflow_api.py for tasks to queue
[2025-03-23T22:48:51.297+0000] {logging_mixin.py:137} INFO - [2025-03-23T22:48:51.297+0000] {dagbag.py:538} INFO - Filling up the DagBag from /home/airflow/.local/lib/python3.7/site-packages/airflow/example_dags/tutorial_taskflow_api.py
[2025-03-23T22:48:51.331+0000] {processor.py:753} INFO - DAG(s) dict_keys(['tutorial_taskflow_api']) retrieved from /home/airflow/.local/lib/python3.7/site-packages/airflow/example_dags/tutorial_taskflow_api.py
[2025-03-23T22:48:51.382+0000] {logging_mixin.py:137} INFO - [2025-03-23T22:48:51.381+0000] {dag.py:2676} INFO - Sync 1 DAGs
[2025-03-23T22:48:51.421+0000] {logging_mixin.py:137} INFO - [2025-03-23T22:48:51.421+0000] {dag.py:3427} INFO - Setting next_dagrun for tutorial_taskflow_api to None, run_after=None
[2025-03-23T22:48:51.466+0000] {processor.py:175} INFO - Processing /home/airflow/.local/lib/python3.7/site-packages/airflow/example_dags/tutorial_taskflow_api.py took 0.177 seconds
[2025-03-23T22:49:21.672+0000] {processor.py:153} INFO - Started process (PID=290) to work on /home/airflow/.local/lib/python3.7/site-packages/airflow/example_dags/tutorial_taskflow_api.py
[2025-03-23T22:49:21.674+0000] {processor.py:743} INFO - Processing file /home/airflow/.local/lib/python3.7/site-packages/airflow/example_dags/tutorial_taskflow_api.py for tasks to queue
[2025-03-23T22:49:21.676+0000] {logging_mixin.py:137} INFO - [2025-03-23T22:49:21.675+0000] {dagbag.py:538} INFO - Filling up the DagBag from /home/airflow/.local/lib/python3.7/site-packages/airflow/example_dags/tutorial_taskflow_api.py
[2025-03-23T22:49:21.733+0000] {processor.py:753} INFO - DAG(s) dict_keys(['tutorial_taskflow_api']) retrieved from /home/airflow/.local/lib/python3.7/site-packages/airflow/example_dags/tutorial_taskflow_api.py
[2025-03-23T22:49:21.797+0000] {logging_mixin.py:137} INFO - [2025-03-23T22:49:21.797+0000] {dag.py:2676} INFO - Sync 1 DAGs
[2025-03-23T22:49:21.824+0000] {logging_mixin.py:137} INFO - [2025-03-23T22:49:21.823+0000] {dag.py:3427} INFO - Setting next_dagrun for tutorial_taskflow_api to None, run_after=None
[2025-03-23T22:49:21.856+0000] {processor.py:175} INFO - Processing /home/airflow/.local/lib/python3.7/site-packages/airflow/example_dags/tutorial_taskflow_api.py took 0.191 seconds
[2025-03-23T22:49:52.167+0000] {processor.py:153} INFO - Started process (PID=360) to work on /home/airflow/.local/lib/python3.7/site-packages/airflow/example_dags/tutorial_taskflow_api.py
[2025-03-23T22:49:52.168+0000] {processor.py:743} INFO - Processing file /home/airflow/.local/lib/python3.7/site-packages/airflow/example_dags/tutorial_taskflow_api.py for tasks to queue
[2025-03-23T22:49:52.169+0000] {logging_mixin.py:137} INFO - [2025-03-23T22:49:52.169+0000] {dagbag.py:538} INFO - Filling up the DagBag from /home/airflow/.local/lib/python3.7/site-packages/airflow/example_dags/tutorial_taskflow_api.py
[2025-03-23T22:49:52.201+0000] {processor.py:753} INFO - DAG(s) dict_keys(['tutorial_taskflow_api']) retrieved from /home/airflow/.local/lib/python3.7/site-packages/airflow/example_dags/tutorial_taskflow_api.py
[2025-03-23T22:49:52.244+0000] {logging_mixin.py:137} INFO - [2025-03-23T22:49:52.243+0000] {dag.py:2676} INFO - Sync 1 DAGs
[2025-03-23T22:49:52.279+0000] {logging_mixin.py:137} INFO - [2025-03-23T22:49:52.278+0000] {dag.py:3427} INFO - Setting next_dagrun for tutorial_taskflow_api to None, run_after=None
[2025-03-23T22:49:52.304+0000] {processor.py:175} INFO - Processing /home/airflow/.local/lib/python3.7/site-packages/airflow/example_dags/tutorial_taskflow_api.py took 0.139 seconds
[2025-03-23T22:59:19.113+0000] {processor.py:153} INFO - Started process (PID=64) to work on /home/airflow/.local/lib/python3.7/site-packages/airflow/example_dags/tutorial_taskflow_api.py
[2025-03-23T22:59:19.114+0000] {processor.py:743} INFO - Processing file /home/airflow/.local/lib/python3.7/site-packages/airflow/example_dags/tutorial_taskflow_api.py for tasks to queue
[2025-03-23T22:59:19.115+0000] {logging_mixin.py:137} INFO - [2025-03-23T22:59:19.115+0000] {dagbag.py:538} INFO - Filling up the DagBag from /home/airflow/.local/lib/python3.7/site-packages/airflow/example_dags/tutorial_taskflow_api.py
[2025-03-23T22:59:19.150+0000] {processor.py:753} INFO - DAG(s) dict_keys(['tutorial_taskflow_api']) retrieved from /home/airflow/.local/lib/python3.7/site-packages/airflow/example_dags/tutorial_taskflow_api.py
[2025-03-23T22:59:19.333+0000] {logging_mixin.py:137} INFO - [2025-03-23T22:59:19.333+0000] {manager.py:504} INFO - Created Permission View: can read on DAG:tutorial_taskflow_api
[2025-03-23T22:59:19.350+0000] {logging_mixin.py:137} INFO - [2025-03-23T22:59:19.349+0000] {manager.py:504} INFO - Created Permission View: can delete on DAG:tutorial_taskflow_api
[2025-03-23T22:59:19.363+0000] {logging_mixin.py:137} INFO - [2025-03-23T22:59:19.363+0000] {manager.py:504} INFO - Created Permission View: can edit on DAG:tutorial_taskflow_api
[2025-03-23T22:59:19.364+0000] {logging_mixin.py:137} INFO - [2025-03-23T22:59:19.364+0000] {dag.py:2676} INFO - Sync 1 DAGs
[2025-03-23T22:59:19.396+0000] {logging_mixin.py:137} INFO - [2025-03-23T22:59:19.396+0000] {dag.py:2697} INFO - Creating ORM DAG for tutorial_taskflow_api
[2025-03-23T22:59:19.416+0000] {logging_mixin.py:137} INFO - [2025-03-23T22:59:19.416+0000] {dag.py:3427} INFO - Setting next_dagrun for tutorial_taskflow_api to None, run_after=None
[2025-03-23T22:59:19.445+0000] {processor.py:175} INFO - Processing /home/airflow/.local/lib/python3.7/site-packages/airflow/example_dags/tutorial_taskflow_api.py took 0.336 seconds
[2025-03-23T22:59:50.058+0000] {processor.py:153} INFO - Started process (PID=134) to work on /home/airflow/.local/lib/python3.7/site-packages/airflow/example_dags/tutorial_taskflow_api.py
[2025-03-23T22:59:50.060+0000] {processor.py:743} INFO - Processing file /home/airflow/.local/lib/python3.7/site-packages/airflow/example_dags/tutorial_taskflow_api.py for tasks to queue
[2025-03-23T22:59:50.061+0000] {logging_mixin.py:137} INFO - [2025-03-23T22:59:50.061+0000] {dagbag.py:538} INFO - Filling up the DagBag from /home/airflow/.local/lib/python3.7/site-packages/airflow/example_dags/tutorial_taskflow_api.py
[2025-03-23T22:59:50.105+0000] {processor.py:753} INFO - DAG(s) dict_keys(['tutorial_taskflow_api']) retrieved from /home/airflow/.local/lib/python3.7/site-packages/airflow/example_dags/tutorial_taskflow_api.py
[2025-03-23T22:59:50.167+0000] {logging_mixin.py:137} INFO - [2025-03-23T22:59:50.166+0000] {dag.py:2676} INFO - Sync 1 DAGs
[2025-03-23T22:59:50.199+0000] {logging_mixin.py:137} INFO - [2025-03-23T22:59:50.199+0000] {dag.py:3427} INFO - Setting next_dagrun for tutorial_taskflow_api to None, run_after=None
[2025-03-23T22:59:50.237+0000] {processor.py:175} INFO - Processing /home/airflow/.local/lib/python3.7/site-packages/airflow/example_dags/tutorial_taskflow_api.py took 0.185 seconds
[2025-03-23T23:00:21.029+0000] {processor.py:153} INFO - Started process (PID=221) to work on /home/airflow/.local/lib/python3.7/site-packages/airflow/example_dags/tutorial_taskflow_api.py
[2025-03-23T23:00:21.030+0000] {processor.py:743} INFO - Processing file /home/airflow/.local/lib/python3.7/site-packages/airflow/example_dags/tutorial_taskflow_api.py for tasks to queue
[2025-03-23T23:00:21.031+0000] {logging_mixin.py:137} INFO - [2025-03-23T23:00:21.031+0000] {dagbag.py:538} INFO - Filling up the DagBag from /home/airflow/.local/lib/python3.7/site-packages/airflow/example_dags/tutorial_taskflow_api.py
[2025-03-23T23:00:21.060+0000] {processor.py:753} INFO - DAG(s) dict_keys(['tutorial_taskflow_api']) retrieved from /home/airflow/.local/lib/python3.7/site-packages/airflow/example_dags/tutorial_taskflow_api.py
[2025-03-23T23:00:21.110+0000] {logging_mixin.py:137} INFO - [2025-03-23T23:00:21.110+0000] {dag.py:2676} INFO - Sync 1 DAGs
[2025-03-23T23:00:21.146+0000] {logging_mixin.py:137} INFO - [2025-03-23T23:00:21.146+0000] {dag.py:3427} INFO - Setting next_dagrun for tutorial_taskflow_api to None, run_after=None
[2025-03-23T23:00:21.172+0000] {processor.py:175} INFO - Processing /home/airflow/.local/lib/python3.7/site-packages/airflow/example_dags/tutorial_taskflow_api.py took 0.145 seconds
[2025-03-23T23:00:51.577+0000] {processor.py:153} INFO - Started process (PID=291) to work on /home/airflow/.local/lib/python3.7/site-packages/airflow/example_dags/tutorial_taskflow_api.py
[2025-03-23T23:00:51.578+0000] {processor.py:743} INFO - Processing file /home/airflow/.local/lib/python3.7/site-packages/airflow/example_dags/tutorial_taskflow_api.py for tasks to queue
[2025-03-23T23:00:51.579+0000] {logging_mixin.py:137} INFO - [2025-03-23T23:00:51.579+0000] {dagbag.py:538} INFO - Filling up the DagBag from /home/airflow/.local/lib/python3.7/site-packages/airflow/example_dags/tutorial_taskflow_api.py
[2025-03-23T23:00:51.606+0000] {processor.py:753} INFO - DAG(s) dict_keys(['tutorial_taskflow_api']) retrieved from /home/airflow/.local/lib/python3.7/site-packages/airflow/example_dags/tutorial_taskflow_api.py
[2025-03-23T23:00:51.652+0000] {logging_mixin.py:137} INFO - [2025-03-23T23:00:51.651+0000] {dag.py:2676} INFO - Sync 1 DAGs
[2025-03-23T23:00:51.693+0000] {logging_mixin.py:137} INFO - [2025-03-23T23:00:51.692+0000] {dag.py:3427} INFO - Setting next_dagrun for tutorial_taskflow_api to None, run_after=None
[2025-03-23T23:00:51.734+0000] {processor.py:175} INFO - Processing /home/airflow/.local/lib/python3.7/site-packages/airflow/example_dags/tutorial_taskflow_api.py took 0.164 seconds
