[2025-03-23T22:47:54.077+0000] {processor.py:153} INFO - Started process (PID=87) to work on /home/airflow/.local/lib/python3.7/site-packages/airflow/example_dags/tutorial.py
[2025-03-23T22:47:54.078+0000] {processor.py:743} INFO - Processing file /home/airflow/.local/lib/python3.7/site-packages/airflow/example_dags/tutorial.py for tasks to queue
[2025-03-23T22:47:54.079+0000] {logging_mixin.py:137} INFO - [2025-03-23T22:47:54.079+0000] {dagbag.py:538} INFO - Filling up the DagBag from /home/airflow/.local/lib/python3.7/site-packages/airflow/example_dags/tutorial.py
[2025-03-23T22:47:54.097+0000] {processor.py:753} INFO - DAG(s) dict_keys(['tutorial']) retrieved from /home/airflow/.local/lib/python3.7/site-packages/airflow/example_dags/tutorial.py
[2025-03-23T22:47:54.262+0000] {logging_mixin.py:137} INFO - [2025-03-23T22:47:54.262+0000] {manager.py:504} INFO - Created Permission View: can edit on DAG:tutorial
[2025-03-23T22:47:54.274+0000] {logging_mixin.py:137} INFO - [2025-03-23T22:47:54.273+0000] {manager.py:504} INFO - Created Permission View: can delete on DAG:tutorial
[2025-03-23T22:47:54.283+0000] {logging_mixin.py:137} INFO - [2025-03-23T22:47:54.283+0000] {manager.py:504} INFO - Created Permission View: can read on DAG:tutorial
[2025-03-23T22:47:54.283+0000] {logging_mixin.py:137} INFO - [2025-03-23T22:47:54.283+0000] {dag.py:2676} INFO - Sync 1 DAGs
[2025-03-23T22:47:54.303+0000] {logging_mixin.py:137} INFO - [2025-03-23T22:47:54.303+0000] {dag.py:2697} INFO - Creating ORM DAG for tutorial
[2025-03-23T22:47:54.320+0000] {logging_mixin.py:137} INFO - [2025-03-23T22:47:54.320+0000] {dag.py:3427} INFO - Setting next_dagrun for tutorial to 2025-03-22T22:47:54.320197+00:00, run_after=2025-03-23T22:47:54.320197+00:00
[2025-03-23T22:47:54.351+0000] {processor.py:175} INFO - Processing /home/airflow/.local/lib/python3.7/site-packages/airflow/example_dags/tutorial.py took 0.279 seconds
[2025-03-23T22:48:24.437+0000] {processor.py:153} INFO - Started process (PID=173) to work on /home/airflow/.local/lib/python3.7/site-packages/airflow/example_dags/tutorial.py
[2025-03-23T22:48:24.439+0000] {processor.py:743} INFO - Processing file /home/airflow/.local/lib/python3.7/site-packages/airflow/example_dags/tutorial.py for tasks to queue
[2025-03-23T22:48:24.440+0000] {logging_mixin.py:137} INFO - [2025-03-23T22:48:24.440+0000] {dagbag.py:538} INFO - Filling up the DagBag from /home/airflow/.local/lib/python3.7/site-packages/airflow/example_dags/tutorial.py
[2025-03-23T22:48:24.470+0000] {processor.py:753} INFO - DAG(s) dict_keys(['tutorial']) retrieved from /home/airflow/.local/lib/python3.7/site-packages/airflow/example_dags/tutorial.py
[2025-03-23T22:48:24.541+0000] {logging_mixin.py:137} INFO - [2025-03-23T22:48:24.541+0000] {dag.py:2676} INFO - Sync 1 DAGs
[2025-03-23T22:48:24.592+0000] {logging_mixin.py:137} INFO - [2025-03-23T22:48:24.592+0000] {dag.py:3427} INFO - Setting next_dagrun for tutorial to 2025-03-22T22:48:24.592211+00:00, run_after=2025-03-23T22:48:24.592211+00:00
[2025-03-23T22:48:24.635+0000] {processor.py:175} INFO - Processing /home/airflow/.local/lib/python3.7/site-packages/airflow/example_dags/tutorial.py took 0.207 seconds
[2025-03-23T22:48:54.991+0000] {processor.py:153} INFO - Started process (PID=243) to work on /home/airflow/.local/lib/python3.7/site-packages/airflow/example_dags/tutorial.py
[2025-03-23T22:48:54.992+0000] {processor.py:743} INFO - Processing file /home/airflow/.local/lib/python3.7/site-packages/airflow/example_dags/tutorial.py for tasks to queue
[2025-03-23T22:48:54.993+0000] {logging_mixin.py:137} INFO - [2025-03-23T22:48:54.993+0000] {dagbag.py:538} INFO - Filling up the DagBag from /home/airflow/.local/lib/python3.7/site-packages/airflow/example_dags/tutorial.py
[2025-03-23T22:48:55.016+0000] {processor.py:753} INFO - DAG(s) dict_keys(['tutorial']) retrieved from /home/airflow/.local/lib/python3.7/site-packages/airflow/example_dags/tutorial.py
[2025-03-23T22:48:55.055+0000] {logging_mixin.py:137} INFO - [2025-03-23T22:48:55.055+0000] {dag.py:2676} INFO - Sync 1 DAGs
[2025-03-23T22:48:55.083+0000] {logging_mixin.py:137} INFO - [2025-03-23T22:48:55.083+0000] {dag.py:3427} INFO - Setting next_dagrun for tutorial to 2025-03-22T22:48:55.082842+00:00, run_after=2025-03-23T22:48:55.082842+00:00
[2025-03-23T22:48:55.105+0000] {processor.py:175} INFO - Processing /home/airflow/.local/lib/python3.7/site-packages/airflow/example_dags/tutorial.py took 0.117 seconds
[2025-03-23T22:49:25.554+0000] {processor.py:153} INFO - Started process (PID=313) to work on /home/airflow/.local/lib/python3.7/site-packages/airflow/example_dags/tutorial.py
[2025-03-23T22:49:25.555+0000] {processor.py:743} INFO - Processing file /home/airflow/.local/lib/python3.7/site-packages/airflow/example_dags/tutorial.py for tasks to queue
[2025-03-23T22:49:25.556+0000] {logging_mixin.py:137} INFO - [2025-03-23T22:49:25.556+0000] {dagbag.py:538} INFO - Filling up the DagBag from /home/airflow/.local/lib/python3.7/site-packages/airflow/example_dags/tutorial.py
[2025-03-23T22:49:25.573+0000] {processor.py:753} INFO - DAG(s) dict_keys(['tutorial']) retrieved from /home/airflow/.local/lib/python3.7/site-packages/airflow/example_dags/tutorial.py
[2025-03-23T22:49:25.618+0000] {logging_mixin.py:137} INFO - [2025-03-23T22:49:25.618+0000] {dag.py:2676} INFO - Sync 1 DAGs
[2025-03-23T22:49:25.649+0000] {logging_mixin.py:137} INFO - [2025-03-23T22:49:25.649+0000] {dag.py:3427} INFO - Setting next_dagrun for tutorial to 2025-03-22T22:49:25.649421+00:00, run_after=2025-03-23T22:49:25.649421+00:00
[2025-03-23T22:49:25.680+0000] {processor.py:175} INFO - Processing /home/airflow/.local/lib/python3.7/site-packages/airflow/example_dags/tutorial.py took 0.128 seconds
[2025-03-23T22:49:56.798+0000] {processor.py:153} INFO - Started process (PID=399) to work on /home/airflow/.local/lib/python3.7/site-packages/airflow/example_dags/tutorial.py
[2025-03-23T22:49:56.799+0000] {processor.py:743} INFO - Processing file /home/airflow/.local/lib/python3.7/site-packages/airflow/example_dags/tutorial.py for tasks to queue
[2025-03-23T22:49:56.800+0000] {logging_mixin.py:137} INFO - [2025-03-23T22:49:56.800+0000] {dagbag.py:538} INFO - Filling up the DagBag from /home/airflow/.local/lib/python3.7/site-packages/airflow/example_dags/tutorial.py
[2025-03-23T22:49:56.825+0000] {processor.py:753} INFO - DAG(s) dict_keys(['tutorial']) retrieved from /home/airflow/.local/lib/python3.7/site-packages/airflow/example_dags/tutorial.py
[2025-03-23T22:49:56.887+0000] {logging_mixin.py:137} INFO - [2025-03-23T22:49:56.887+0000] {dag.py:2676} INFO - Sync 1 DAGs
[2025-03-23T22:49:56.927+0000] {logging_mixin.py:137} INFO - [2025-03-23T22:49:56.927+0000] {dag.py:3427} INFO - Setting next_dagrun for tutorial to 2025-03-22T22:49:56.927140+00:00, run_after=2025-03-23T22:49:56.927140+00:00
[2025-03-23T22:49:56.958+0000] {processor.py:175} INFO - Processing /home/airflow/.local/lib/python3.7/site-packages/airflow/example_dags/tutorial.py took 0.165 seconds
[2025-03-23T22:59:23.382+0000] {processor.py:153} INFO - Started process (PID=87) to work on /home/airflow/.local/lib/python3.7/site-packages/airflow/example_dags/tutorial.py
[2025-03-23T22:59:23.384+0000] {processor.py:743} INFO - Processing file /home/airflow/.local/lib/python3.7/site-packages/airflow/example_dags/tutorial.py for tasks to queue
[2025-03-23T22:59:23.385+0000] {logging_mixin.py:137} INFO - [2025-03-23T22:59:23.385+0000] {dagbag.py:538} INFO - Filling up the DagBag from /home/airflow/.local/lib/python3.7/site-packages/airflow/example_dags/tutorial.py
[2025-03-23T22:59:23.403+0000] {processor.py:753} INFO - DAG(s) dict_keys(['tutorial']) retrieved from /home/airflow/.local/lib/python3.7/site-packages/airflow/example_dags/tutorial.py
[2025-03-23T22:59:23.574+0000] {logging_mixin.py:137} INFO - [2025-03-23T22:59:23.574+0000] {manager.py:504} INFO - Created Permission View: can read on DAG:tutorial
[2025-03-23T22:59:23.585+0000] {logging_mixin.py:137} INFO - [2025-03-23T22:59:23.584+0000] {manager.py:504} INFO - Created Permission View: can delete on DAG:tutorial
[2025-03-23T22:59:23.595+0000] {logging_mixin.py:137} INFO - [2025-03-23T22:59:23.595+0000] {manager.py:504} INFO - Created Permission View: can edit on DAG:tutorial
[2025-03-23T22:59:23.595+0000] {logging_mixin.py:137} INFO - [2025-03-23T22:59:23.595+0000] {dag.py:2676} INFO - Sync 1 DAGs
[2025-03-23T22:59:23.614+0000] {logging_mixin.py:137} INFO - [2025-03-23T22:59:23.614+0000] {dag.py:2697} INFO - Creating ORM DAG for tutorial
[2025-03-23T22:59:23.633+0000] {logging_mixin.py:137} INFO - [2025-03-23T22:59:23.633+0000] {dag.py:3427} INFO - Setting next_dagrun for tutorial to 2025-03-22T22:59:23.633262+00:00, run_after=2025-03-23T22:59:23.633262+00:00
[2025-03-23T22:59:23.658+0000] {processor.py:175} INFO - Processing /home/airflow/.local/lib/python3.7/site-packages/airflow/example_dags/tutorial.py took 0.279 seconds
[2025-03-23T22:59:54.178+0000] {processor.py:153} INFO - Started process (PID=174) to work on /home/airflow/.local/lib/python3.7/site-packages/airflow/example_dags/tutorial.py
[2025-03-23T22:59:54.179+0000] {processor.py:743} INFO - Processing file /home/airflow/.local/lib/python3.7/site-packages/airflow/example_dags/tutorial.py for tasks to queue
[2025-03-23T22:59:54.181+0000] {logging_mixin.py:137} INFO - [2025-03-23T22:59:54.180+0000] {dagbag.py:538} INFO - Filling up the DagBag from /home/airflow/.local/lib/python3.7/site-packages/airflow/example_dags/tutorial.py
[2025-03-23T22:59:54.220+0000] {processor.py:753} INFO - DAG(s) dict_keys(['tutorial']) retrieved from /home/airflow/.local/lib/python3.7/site-packages/airflow/example_dags/tutorial.py
[2025-03-23T22:59:54.286+0000] {logging_mixin.py:137} INFO - [2025-03-23T22:59:54.285+0000] {dag.py:2676} INFO - Sync 1 DAGs
[2025-03-23T22:59:54.337+0000] {logging_mixin.py:137} INFO - [2025-03-23T22:59:54.337+0000] {dag.py:3427} INFO - Setting next_dagrun for tutorial to 2025-03-22T22:59:54.336977+00:00, run_after=2025-03-23T22:59:54.336977+00:00
[2025-03-23T22:59:54.370+0000] {processor.py:175} INFO - Processing /home/airflow/.local/lib/python3.7/site-packages/airflow/example_dags/tutorial.py took 0.199 seconds
[2025-03-23T23:00:24.765+0000] {processor.py:153} INFO - Started process (PID=244) to work on /home/airflow/.local/lib/python3.7/site-packages/airflow/example_dags/tutorial.py
[2025-03-23T23:00:24.767+0000] {processor.py:743} INFO - Processing file /home/airflow/.local/lib/python3.7/site-packages/airflow/example_dags/tutorial.py for tasks to queue
[2025-03-23T23:00:24.771+0000] {logging_mixin.py:137} INFO - [2025-03-23T23:00:24.770+0000] {dagbag.py:538} INFO - Filling up the DagBag from /home/airflow/.local/lib/python3.7/site-packages/airflow/example_dags/tutorial.py
[2025-03-23T23:00:24.816+0000] {processor.py:753} INFO - DAG(s) dict_keys(['tutorial']) retrieved from /home/airflow/.local/lib/python3.7/site-packages/airflow/example_dags/tutorial.py
[2025-03-23T23:00:24.889+0000] {logging_mixin.py:137} INFO - [2025-03-23T23:00:24.889+0000] {dag.py:2676} INFO - Sync 1 DAGs
[2025-03-23T23:00:24.931+0000] {logging_mixin.py:137} INFO - [2025-03-23T23:00:24.931+0000] {dag.py:3427} INFO - Setting next_dagrun for tutorial to 2025-03-22T23:00:24.931464+00:00, run_after=2025-03-23T23:00:24.931464+00:00
[2025-03-23T23:00:24.950+0000] {processor.py:175} INFO - Processing /home/airflow/.local/lib/python3.7/site-packages/airflow/example_dags/tutorial.py took 0.196 seconds
[2025-03-23T23:00:55.216+0000] {processor.py:153} INFO - Started process (PID=314) to work on /home/airflow/.local/lib/python3.7/site-packages/airflow/example_dags/tutorial.py
[2025-03-23T23:00:55.217+0000] {processor.py:743} INFO - Processing file /home/airflow/.local/lib/python3.7/site-packages/airflow/example_dags/tutorial.py for tasks to queue
[2025-03-23T23:00:55.218+0000] {logging_mixin.py:137} INFO - [2025-03-23T23:00:55.218+0000] {dagbag.py:538} INFO - Filling up the DagBag from /home/airflow/.local/lib/python3.7/site-packages/airflow/example_dags/tutorial.py
[2025-03-23T23:00:55.232+0000] {processor.py:753} INFO - DAG(s) dict_keys(['tutorial']) retrieved from /home/airflow/.local/lib/python3.7/site-packages/airflow/example_dags/tutorial.py
[2025-03-23T23:00:55.274+0000] {logging_mixin.py:137} INFO - [2025-03-23T23:00:55.274+0000] {dag.py:2676} INFO - Sync 1 DAGs
[2025-03-23T23:00:55.308+0000] {logging_mixin.py:137} INFO - [2025-03-23T23:00:55.308+0000] {dag.py:3427} INFO - Setting next_dagrun for tutorial to 2025-03-22T23:00:55.307745+00:00, run_after=2025-03-23T23:00:55.307745+00:00
[2025-03-23T23:00:55.338+0000] {processor.py:175} INFO - Processing /home/airflow/.local/lib/python3.7/site-packages/airflow/example_dags/tutorial.py took 0.126 seconds
