[2025-03-23T22:47:52.036+0000] {processor.py:153} INFO - Started process (PID=77) to work on /home/airflow/.local/lib/python3.7/site-packages/airflow/example_dags/tutorial_dag.py
[2025-03-23T22:47:52.036+0000] {processor.py:743} INFO - Processing file /home/airflow/.local/lib/python3.7/site-packages/airflow/example_dags/tutorial_dag.py for tasks to queue
[2025-03-23T22:47:52.037+0000] {logging_mixin.py:137} INFO - [2025-03-23T22:47:52.037+0000] {dagbag.py:538} INFO - Filling up the DagBag from /home/airflow/.local/lib/python3.7/site-packages/airflow/example_dags/tutorial_dag.py
[2025-03-23T22:47:52.053+0000] {processor.py:753} INFO - DAG(s) dict_keys(['tutorial_dag']) retrieved from /home/airflow/.local/lib/python3.7/site-packages/airflow/example_dags/tutorial_dag.py
[2025-03-23T22:47:52.256+0000] {logging_mixin.py:137} INFO - [2025-03-23T22:47:52.256+0000] {manager.py:504} INFO - Created Permission View: can edit on DAG:tutorial_dag
[2025-03-23T22:47:52.271+0000] {logging_mixin.py:137} INFO - [2025-03-23T22:47:52.271+0000] {manager.py:504} INFO - Created Permission View: can delete on DAG:tutorial_dag
[2025-03-23T22:47:52.282+0000] {logging_mixin.py:137} INFO - [2025-03-23T22:47:52.281+0000] {manager.py:504} INFO - Created Permission View: can read on DAG:tutorial_dag
[2025-03-23T22:47:52.282+0000] {logging_mixin.py:137} INFO - [2025-03-23T22:47:52.282+0000] {dag.py:2676} INFO - Sync 1 DAGs
[2025-03-23T22:47:52.304+0000] {logging_mixin.py:137} INFO - [2025-03-23T22:47:52.304+0000] {dag.py:2697} INFO - Creating ORM DAG for tutorial_dag
[2025-03-23T22:47:52.321+0000] {logging_mixin.py:137} INFO - [2025-03-23T22:47:52.321+0000] {dag.py:3427} INFO - Setting next_dagrun for tutorial_dag to None, run_after=None
[2025-03-23T22:47:52.350+0000] {processor.py:175} INFO - Processing /home/airflow/.local/lib/python3.7/site-packages/airflow/example_dags/tutorial_dag.py took 0.317 seconds
[2025-03-23T22:48:23.212+0000] {processor.py:153} INFO - Started process (PID=156) to work on /home/airflow/.local/lib/python3.7/site-packages/airflow/example_dags/tutorial_dag.py
[2025-03-23T22:48:23.213+0000] {processor.py:743} INFO - Processing file /home/airflow/.local/lib/python3.7/site-packages/airflow/example_dags/tutorial_dag.py for tasks to queue
[2025-03-23T22:48:23.213+0000] {logging_mixin.py:137} INFO - [2025-03-23T22:48:23.213+0000] {dagbag.py:538} INFO - Filling up the DagBag from /home/airflow/.local/lib/python3.7/site-packages/airflow/example_dags/tutorial_dag.py
[2025-03-23T22:48:23.227+0000] {processor.py:753} INFO - DAG(s) dict_keys(['tutorial_dag']) retrieved from /home/airflow/.local/lib/python3.7/site-packages/airflow/example_dags/tutorial_dag.py
[2025-03-23T22:48:23.285+0000] {logging_mixin.py:137} INFO - [2025-03-23T22:48:23.285+0000] {dag.py:2676} INFO - Sync 1 DAGs
[2025-03-23T22:48:23.322+0000] {logging_mixin.py:137} INFO - [2025-03-23T22:48:23.322+0000] {dag.py:3427} INFO - Setting next_dagrun for tutorial_dag to None, run_after=None
[2025-03-23T22:48:23.347+0000] {processor.py:175} INFO - Processing /home/airflow/.local/lib/python3.7/site-packages/airflow/example_dags/tutorial_dag.py took 0.138 seconds
[2025-03-23T22:48:54.031+0000] {processor.py:153} INFO - Started process (PID=233) to work on /home/airflow/.local/lib/python3.7/site-packages/airflow/example_dags/tutorial_dag.py
[2025-03-23T22:48:54.032+0000] {processor.py:743} INFO - Processing file /home/airflow/.local/lib/python3.7/site-packages/airflow/example_dags/tutorial_dag.py for tasks to queue
[2025-03-23T22:48:54.033+0000] {logging_mixin.py:137} INFO - [2025-03-23T22:48:54.032+0000] {dagbag.py:538} INFO - Filling up the DagBag from /home/airflow/.local/lib/python3.7/site-packages/airflow/example_dags/tutorial_dag.py
[2025-03-23T22:48:54.048+0000] {processor.py:753} INFO - DAG(s) dict_keys(['tutorial_dag']) retrieved from /home/airflow/.local/lib/python3.7/site-packages/airflow/example_dags/tutorial_dag.py
[2025-03-23T22:48:54.088+0000] {logging_mixin.py:137} INFO - [2025-03-23T22:48:54.087+0000] {dag.py:2676} INFO - Sync 1 DAGs
[2025-03-23T22:48:54.135+0000] {logging_mixin.py:137} INFO - [2025-03-23T22:48:54.134+0000] {dag.py:3427} INFO - Setting next_dagrun for tutorial_dag to None, run_after=None
[2025-03-23T22:48:54.187+0000] {processor.py:175} INFO - Processing /home/airflow/.local/lib/python3.7/site-packages/airflow/example_dags/tutorial_dag.py took 0.158 seconds
[2025-03-23T22:49:24.355+0000] {processor.py:153} INFO - Started process (PID=303) to work on /home/airflow/.local/lib/python3.7/site-packages/airflow/example_dags/tutorial_dag.py
[2025-03-23T22:49:24.356+0000] {processor.py:743} INFO - Processing file /home/airflow/.local/lib/python3.7/site-packages/airflow/example_dags/tutorial_dag.py for tasks to queue
[2025-03-23T22:49:24.357+0000] {logging_mixin.py:137} INFO - [2025-03-23T22:49:24.356+0000] {dagbag.py:538} INFO - Filling up the DagBag from /home/airflow/.local/lib/python3.7/site-packages/airflow/example_dags/tutorial_dag.py
[2025-03-23T22:49:24.379+0000] {processor.py:753} INFO - DAG(s) dict_keys(['tutorial_dag']) retrieved from /home/airflow/.local/lib/python3.7/site-packages/airflow/example_dags/tutorial_dag.py
[2025-03-23T22:49:24.452+0000] {logging_mixin.py:137} INFO - [2025-03-23T22:49:24.452+0000] {dag.py:2676} INFO - Sync 1 DAGs
[2025-03-23T22:49:24.507+0000] {logging_mixin.py:137} INFO - [2025-03-23T22:49:24.506+0000] {dag.py:3427} INFO - Setting next_dagrun for tutorial_dag to None, run_after=None
[2025-03-23T22:49:24.552+0000] {processor.py:175} INFO - Processing /home/airflow/.local/lib/python3.7/site-packages/airflow/example_dags/tutorial_dag.py took 0.200 seconds
[2025-03-23T22:49:54.623+0000] {processor.py:153} INFO - Started process (PID=389) to work on /home/airflow/.local/lib/python3.7/site-packages/airflow/example_dags/tutorial_dag.py
[2025-03-23T22:49:54.624+0000] {processor.py:743} INFO - Processing file /home/airflow/.local/lib/python3.7/site-packages/airflow/example_dags/tutorial_dag.py for tasks to queue
[2025-03-23T22:49:54.625+0000] {logging_mixin.py:137} INFO - [2025-03-23T22:49:54.625+0000] {dagbag.py:538} INFO - Filling up the DagBag from /home/airflow/.local/lib/python3.7/site-packages/airflow/example_dags/tutorial_dag.py
[2025-03-23T22:49:54.648+0000] {processor.py:753} INFO - DAG(s) dict_keys(['tutorial_dag']) retrieved from /home/airflow/.local/lib/python3.7/site-packages/airflow/example_dags/tutorial_dag.py
[2025-03-23T22:49:54.700+0000] {logging_mixin.py:137} INFO - [2025-03-23T22:49:54.700+0000] {dag.py:2676} INFO - Sync 1 DAGs
[2025-03-23T22:49:54.728+0000] {logging_mixin.py:137} INFO - [2025-03-23T22:49:54.728+0000] {dag.py:3427} INFO - Setting next_dagrun for tutorial_dag to None, run_after=None
[2025-03-23T22:49:54.755+0000] {processor.py:175} INFO - Processing /home/airflow/.local/lib/python3.7/site-packages/airflow/example_dags/tutorial_dag.py took 0.135 seconds
[2025-03-23T22:59:21.729+0000] {processor.py:153} INFO - Started process (PID=77) to work on /home/airflow/.local/lib/python3.7/site-packages/airflow/example_dags/tutorial_dag.py
[2025-03-23T22:59:21.730+0000] {processor.py:743} INFO - Processing file /home/airflow/.local/lib/python3.7/site-packages/airflow/example_dags/tutorial_dag.py for tasks to queue
[2025-03-23T22:59:21.731+0000] {logging_mixin.py:137} INFO - [2025-03-23T22:59:21.731+0000] {dagbag.py:538} INFO - Filling up the DagBag from /home/airflow/.local/lib/python3.7/site-packages/airflow/example_dags/tutorial_dag.py
[2025-03-23T22:59:21.757+0000] {processor.py:753} INFO - DAG(s) dict_keys(['tutorial_dag']) retrieved from /home/airflow/.local/lib/python3.7/site-packages/airflow/example_dags/tutorial_dag.py
[2025-03-23T22:59:21.946+0000] {logging_mixin.py:137} INFO - [2025-03-23T22:59:21.945+0000] {manager.py:504} INFO - Created Permission View: can read on DAG:tutorial_dag
[2025-03-23T22:59:21.965+0000] {logging_mixin.py:137} INFO - [2025-03-23T22:59:21.965+0000] {manager.py:504} INFO - Created Permission View: can delete on DAG:tutorial_dag
[2025-03-23T22:59:21.977+0000] {logging_mixin.py:137} INFO - [2025-03-23T22:59:21.977+0000] {manager.py:504} INFO - Created Permission View: can edit on DAG:tutorial_dag
[2025-03-23T22:59:21.977+0000] {logging_mixin.py:137} INFO - [2025-03-23T22:59:21.977+0000] {dag.py:2676} INFO - Sync 1 DAGs
[2025-03-23T22:59:21.996+0000] {logging_mixin.py:137} INFO - [2025-03-23T22:59:21.995+0000] {dag.py:2697} INFO - Creating ORM DAG for tutorial_dag
[2025-03-23T22:59:22.011+0000] {logging_mixin.py:137} INFO - [2025-03-23T22:59:22.011+0000] {dag.py:3427} INFO - Setting next_dagrun for tutorial_dag to None, run_after=None
[2025-03-23T22:59:22.046+0000] {processor.py:175} INFO - Processing /home/airflow/.local/lib/python3.7/site-packages/airflow/example_dags/tutorial_dag.py took 0.321 seconds
[2025-03-23T22:59:52.669+0000] {processor.py:153} INFO - Started process (PID=157) to work on /home/airflow/.local/lib/python3.7/site-packages/airflow/example_dags/tutorial_dag.py
[2025-03-23T22:59:52.670+0000] {processor.py:743} INFO - Processing file /home/airflow/.local/lib/python3.7/site-packages/airflow/example_dags/tutorial_dag.py for tasks to queue
[2025-03-23T22:59:52.671+0000] {logging_mixin.py:137} INFO - [2025-03-23T22:59:52.671+0000] {dagbag.py:538} INFO - Filling up the DagBag from /home/airflow/.local/lib/python3.7/site-packages/airflow/example_dags/tutorial_dag.py
[2025-03-23T22:59:52.701+0000] {processor.py:753} INFO - DAG(s) dict_keys(['tutorial_dag']) retrieved from /home/airflow/.local/lib/python3.7/site-packages/airflow/example_dags/tutorial_dag.py
[2025-03-23T22:59:52.769+0000] {logging_mixin.py:137} INFO - [2025-03-23T22:59:52.768+0000] {dag.py:2676} INFO - Sync 1 DAGs
[2025-03-23T22:59:52.822+0000] {logging_mixin.py:137} INFO - [2025-03-23T22:59:52.822+0000] {dag.py:3427} INFO - Setting next_dagrun for tutorial_dag to None, run_after=None
[2025-03-23T22:59:52.864+0000] {processor.py:175} INFO - Processing /home/airflow/.local/lib/python3.7/site-packages/airflow/example_dags/tutorial_dag.py took 0.201 seconds
[2025-03-23T23:00:23.143+0000] {processor.py:153} INFO - Started process (PID=234) to work on /home/airflow/.local/lib/python3.7/site-packages/airflow/example_dags/tutorial_dag.py
[2025-03-23T23:00:23.146+0000] {processor.py:743} INFO - Processing file /home/airflow/.local/lib/python3.7/site-packages/airflow/example_dags/tutorial_dag.py for tasks to queue
[2025-03-23T23:00:23.148+0000] {logging_mixin.py:137} INFO - [2025-03-23T23:00:23.147+0000] {dagbag.py:538} INFO - Filling up the DagBag from /home/airflow/.local/lib/python3.7/site-packages/airflow/example_dags/tutorial_dag.py
[2025-03-23T23:00:23.183+0000] {processor.py:753} INFO - DAG(s) dict_keys(['tutorial_dag']) retrieved from /home/airflow/.local/lib/python3.7/site-packages/airflow/example_dags/tutorial_dag.py
[2025-03-23T23:00:23.279+0000] {logging_mixin.py:137} INFO - [2025-03-23T23:00:23.279+0000] {dag.py:2676} INFO - Sync 1 DAGs
[2025-03-23T23:00:23.347+0000] {logging_mixin.py:137} INFO - [2025-03-23T23:00:23.346+0000] {dag.py:3427} INFO - Setting next_dagrun for tutorial_dag to None, run_after=None
[2025-03-23T23:00:23.397+0000] {processor.py:175} INFO - Processing /home/airflow/.local/lib/python3.7/site-packages/airflow/example_dags/tutorial_dag.py took 0.260 seconds
[2025-03-23T23:00:53.814+0000] {processor.py:153} INFO - Started process (PID=304) to work on /home/airflow/.local/lib/python3.7/site-packages/airflow/example_dags/tutorial_dag.py
[2025-03-23T23:00:53.818+0000] {processor.py:743} INFO - Processing file /home/airflow/.local/lib/python3.7/site-packages/airflow/example_dags/tutorial_dag.py for tasks to queue
[2025-03-23T23:00:53.819+0000] {logging_mixin.py:137} INFO - [2025-03-23T23:00:53.819+0000] {dagbag.py:538} INFO - Filling up the DagBag from /home/airflow/.local/lib/python3.7/site-packages/airflow/example_dags/tutorial_dag.py
[2025-03-23T23:00:53.851+0000] {processor.py:753} INFO - DAG(s) dict_keys(['tutorial_dag']) retrieved from /home/airflow/.local/lib/python3.7/site-packages/airflow/example_dags/tutorial_dag.py
[2025-03-23T23:00:53.943+0000] {logging_mixin.py:137} INFO - [2025-03-23T23:00:53.943+0000] {dag.py:2676} INFO - Sync 1 DAGs
[2025-03-23T23:00:53.991+0000] {logging_mixin.py:137} INFO - [2025-03-23T23:00:53.991+0000] {dag.py:3427} INFO - Setting next_dagrun for tutorial_dag to None, run_after=None
[2025-03-23T23:00:54.028+0000] {processor.py:175} INFO - Processing /home/airflow/.local/lib/python3.7/site-packages/airflow/example_dags/tutorial_dag.py took 0.220 seconds
